CRITICAL - 2023-05-26 11:26:18 --> Unknown column 'tbl_pendaftaran.nama_peserta' in 'where clause'
#0 D:\Xampp\htdocs\diskominfosan\vendor\codeigniter4\framework\system\Database\MySQLi\Connection.php(331): mysqli->query()
#1 D:\Xampp\htdocs\diskominfosan\vendor\codeigniter4\framework\system\Database\BaseConnection.php(741): CodeIgniter\Database\MySQLi\Connection->execute()
#2 D:\Xampp\htdocs\diskominfosan\vendor\codeigniter4\framework\system\Database\BaseConnection.php(669): CodeIgniter\Database\BaseConnection->simpleQuery()
#3 D:\Xampp\htdocs\diskominfosan\vendor\codeigniter4\framework\system\Database\BaseBuilder.php(1952): CodeIgniter\Database\BaseConnection->query()
#4 D:\Xampp\htdocs\diskominfosan\app\Models\NilaiModel.php(65): CodeIgniter\Database\BaseBuilder->countAllResults()
#5 D:\Xampp\htdocs\diskominfosan\app\Controllers\DataNilai.php(135): App\Models\NilaiModel->count_filtered()
#6 D:\Xampp\htdocs\diskominfosan\vendor\codeigniter4\framework\system\CodeIgniter.php(918): App\Controllers\DataNilai->ajaxDataNilai()
#7 D:\Xampp\htdocs\diskominfosan\vendor\codeigniter4\framework\system\CodeIgniter.php(404): CodeIgniter\CodeIgniter->runController()
#8 D:\Xampp\htdocs\diskominfosan\vendor\codeigniter4\framework\system\CodeIgniter.php(312): CodeIgniter\CodeIgniter->handleRequest()
#9 D:\Xampp\htdocs\diskominfosan\public\index.php(45): CodeIgniter\CodeIgniter->run()
#10 D:\Xampp\htdocs\diskominfosan\vendor\codeigniter4\framework\system\Commands\Server\rewrite.php(34): require_once('D:\\Xampp\\htdocs...')
#11 {main}
CRITICAL - 2023-05-26 11:26:23 --> Unknown column 'tbl_pendaftaran.nama_peserta' in 'where clause'
#0 D:\Xampp\htdocs\diskominfosan\vendor\codeigniter4\framework\system\Database\MySQLi\Connection.php(331): mysqli->query()
#1 D:\Xampp\htdocs\diskominfosan\vendor\codeigniter4\framework\system\Database\BaseConnection.php(741): CodeIgniter\Database\MySQLi\Connection->execute()
#2 D:\Xampp\htdocs\diskominfosan\vendor\codeigniter4\framework\system\Database\BaseConnection.php(669): CodeIgniter\Database\BaseConnection->simpleQuery()
#3 D:\Xampp\htdocs\diskominfosan\vendor\codeigniter4\framework\system\Database\BaseBuilder.php(1952): CodeIgniter\Database\BaseConnection->query()
#4 D:\Xampp\htdocs\diskominfosan\app\Models\NilaiModel.php(65): CodeIgniter\Database\BaseBuilder->countAllResults()
#5 D:\Xampp\htdocs\diskominfosan\app\Controllers\DataNilai.php(135): App\Models\NilaiModel->count_filtered()
#6 D:\Xampp\htdocs\diskominfosan\vendor\codeigniter4\framework\system\CodeIgniter.php(918): App\Controllers\DataNilai->ajaxDataNilai()
#7 D:\Xampp\htdocs\diskominfosan\vendor\codeigniter4\framework\system\CodeIgniter.php(404): CodeIgniter\CodeIgniter->runController()
#8 D:\Xampp\htdocs\diskominfosan\vendor\codeigniter4\framework\system\CodeIgniter.php(312): CodeIgniter\CodeIgniter->handleRequest()
#9 D:\Xampp\htdocs\diskominfosan\public\index.php(45): CodeIgniter\CodeIgniter->run()
#10 D:\Xampp\htdocs\diskominfosan\vendor\codeigniter4\framework\system\Commands\Server\rewrite.php(34): require_once('D:\\Xampp\\htdocs...')
#11 {main}
CRITICAL - 2023-05-26 11:26:57 --> Unknown column 'nama_peserta' in 'where clause'
#0 D:\Xampp\htdocs\diskominfosan\vendor\codeigniter4\framework\system\Database\MySQLi\Connection.php(331): mysqli->query()
#1 D:\Xampp\htdocs\diskominfosan\vendor\codeigniter4\framework\system\Database\BaseConnection.php(741): CodeIgniter\Database\MySQLi\Connection->execute()
#2 D:\Xampp\htdocs\diskominfosan\vendor\codeigniter4\framework\system\Database\BaseConnection.php(669): CodeIgniter\Database\BaseConnection->simpleQuery()
#3 D:\Xampp\htdocs\diskominfosan\vendor\codeigniter4\framework\system\Database\BaseBuilder.php(1952): CodeIgniter\Database\BaseConnection->query()
#4 D:\Xampp\htdocs\diskominfosan\app\Models\NilaiModel.php(65): CodeIgniter\Database\BaseBuilder->countAllResults()
#5 D:\Xampp\htdocs\diskominfosan\app\Controllers\DataNilai.php(135): App\Models\NilaiModel->count_filtered()
#6 D:\Xampp\htdocs\diskominfosan\vendor\codeigniter4\framework\system\CodeIgniter.php(918): App\Controllers\DataNilai->ajaxDataNilai()
#7 D:\Xampp\htdocs\diskominfosan\vendor\codeigniter4\framework\system\CodeIgniter.php(404): CodeIgniter\CodeIgniter->runController()
#8 D:\Xampp\htdocs\diskominfosan\vendor\codeigniter4\framework\system\CodeIgniter.php(312): CodeIgniter\CodeIgniter->handleRequest()
#9 D:\Xampp\htdocs\diskominfosan\public\index.php(45): CodeIgniter\CodeIgniter->run()
#10 D:\Xampp\htdocs\diskominfosan\vendor\codeigniter4\framework\system\Commands\Server\rewrite.php(34): require_once('D:\\Xampp\\htdocs...')
#11 {main}
CRITICAL - 2023-05-26 11:29:24 --> Unknown column 'nama_kampus' in 'where clause'
#0 D:\Xampp\htdocs\diskominfosan\vendor\codeigniter4\framework\system\Database\MySQLi\Connection.php(331): mysqli->query()
#1 D:\Xampp\htdocs\diskominfosan\vendor\codeigniter4\framework\system\Database\BaseConnection.php(741): CodeIgniter\Database\MySQLi\Connection->execute()
#2 D:\Xampp\htdocs\diskominfosan\vendor\codeigniter4\framework\system\Database\BaseConnection.php(669): CodeIgniter\Database\BaseConnection->simpleQuery()
#3 D:\Xampp\htdocs\diskominfosan\vendor\codeigniter4\framework\system\Database\BaseBuilder.php(1952): CodeIgniter\Database\BaseConnection->query()
#4 D:\Xampp\htdocs\diskominfosan\app\Models\NilaiModel.php(65): CodeIgniter\Database\BaseBuilder->countAllResults()
#5 D:\Xampp\htdocs\diskominfosan\app\Controllers\DataNilai.php(135): App\Models\NilaiModel->count_filtered()
#6 D:\Xampp\htdocs\diskominfosan\vendor\codeigniter4\framework\system\CodeIgniter.php(918): App\Controllers\DataNilai->ajaxDataNilai()
#7 D:\Xampp\htdocs\diskominfosan\vendor\codeigniter4\framework\system\CodeIgniter.php(404): CodeIgniter\CodeIgniter->runController()
#8 D:\Xampp\htdocs\diskominfosan\vendor\codeigniter4\framework\system\CodeIgniter.php(312): CodeIgniter\CodeIgniter->handleRequest()
#9 D:\Xampp\htdocs\diskominfosan\public\index.php(45): CodeIgniter\CodeIgniter->run()
#10 D:\Xampp\htdocs\diskominfosan\vendor\codeigniter4\framework\system\Commands\Server\rewrite.php(34): require_once('D:\\Xampp\\htdocs...')
#11 {main}
CRITICAL - 2023-05-26 11:29:50 --> Column 'id' in where clause is ambiguous
#0 D:\Xampp\htdocs\diskominfosan\vendor\codeigniter4\framework\system\Database\MySQLi\Connection.php(331): mysqli->query()
#1 D:\Xampp\htdocs\diskominfosan\vendor\codeigniter4\framework\system\Database\BaseConnection.php(741): CodeIgniter\Database\MySQLi\Connection->execute()
#2 D:\Xampp\htdocs\diskominfosan\vendor\codeigniter4\framework\system\Database\BaseConnection.php(669): CodeIgniter\Database\BaseConnection->simpleQuery()
#3 D:\Xampp\htdocs\diskominfosan\vendor\codeigniter4\framework\system\Database\BaseBuilder.php(1860): CodeIgniter\Database\BaseConnection->query()
#4 D:\Xampp\htdocs\diskominfosan\app\Models\NilaiModel.php(33): CodeIgniter\Database\BaseBuilder->get()
#5 D:\Xampp\htdocs\diskominfosan\app\Controllers\DataNilai.php(113): App\Models\NilaiModel->get_datatables()
#6 D:\Xampp\htdocs\diskominfosan\vendor\codeigniter4\framework\system\CodeIgniter.php(918): App\Controllers\DataNilai->ajaxDataNilai()
#7 D:\Xampp\htdocs\diskominfosan\vendor\codeigniter4\framework\system\CodeIgniter.php(404): CodeIgniter\CodeIgniter->runController()
#8 D:\Xampp\htdocs\diskominfosan\vendor\codeigniter4\framework\system\CodeIgniter.php(312): CodeIgniter\CodeIgniter->handleRequest()
#9 D:\Xampp\htdocs\diskominfosan\public\index.php(45): CodeIgniter\CodeIgniter->run()
#10 D:\Xampp\htdocs\diskominfosan\vendor\codeigniter4\framework\system\Commands\Server\rewrite.php(34): require_once('D:\\Xampp\\htdocs...')
#11 {main}
CRITICAL - 2023-05-26 00:00:25 --> Unknown column 'status_permohonan' in 'where clause'
#0 D:\Xampp\htdocs\diskominfosan\vendor\codeigniter4\framework\system\Database\MySQLi\Connection.php(331): mysqli->query()
#1 D:\Xampp\htdocs\diskominfosan\vendor\codeigniter4\framework\system\Database\BaseConnection.php(741): CodeIgniter\Database\MySQLi\Connection->execute()
#2 D:\Xampp\htdocs\diskominfosan\vendor\codeigniter4\framework\system\Database\BaseConnection.php(669): CodeIgniter\Database\BaseConnection->simpleQuery()
#3 D:\Xampp\htdocs\diskominfosan\vendor\codeigniter4\framework\system\Database\BaseBuilder.php(1952): CodeIgniter\Database\BaseConnection->query()
#4 D:\Xampp\htdocs\diskominfosan\app\Models\MentorLaporanModel.php(82): CodeIgniter\Database\BaseBuilder->countAllResults()
#5 D:\Xampp\htdocs\diskominfosan\app\Controllers\MentorLaporan.php(159): App\Models\MentorLaporanModel->count_filtered()
#6 D:\Xampp\htdocs\diskominfosan\vendor\codeigniter4\framework\system\CodeIgniter.php(918): App\Controllers\MentorLaporan->ajaxDataLaporan()
#7 D:\Xampp\htdocs\diskominfosan\vendor\codeigniter4\framework\system\CodeIgniter.php(404): CodeIgniter\CodeIgniter->runController()
#8 D:\Xampp\htdocs\diskominfosan\vendor\codeigniter4\framework\system\CodeIgniter.php(312): CodeIgniter\CodeIgniter->handleRequest()
#9 D:\Xampp\htdocs\diskominfosan\public\index.php(45): CodeIgniter\CodeIgniter->run()
#10 D:\Xampp\htdocs\diskominfosan\vendor\codeigniter4\framework\system\Commands\Server\rewrite.php(34): require_once('D:\\Xampp\\htdocs...')
#11 {main}
CRITICAL - 2023-05-26 00:51:08 --> Trying to access array offset on value of type null
#0 D:\Xampp\htdocs\diskominfosan\app\Controllers\Login.php(56): CodeIgniter\Debug\Exceptions->errorHandler()
#1 D:\Xampp\htdocs\diskominfosan\vendor\codeigniter4\framework\system\CodeIgniter.php(918): App\Controllers\Login->cekUser()
#2 D:\Xampp\htdocs\diskominfosan\vendor\codeigniter4\framework\system\CodeIgniter.php(404): CodeIgniter\CodeIgniter->runController()
#3 D:\Xampp\htdocs\diskominfosan\vendor\codeigniter4\framework\system\CodeIgniter.php(312): CodeIgniter\CodeIgniter->handleRequest()
#4 D:\Xampp\htdocs\diskominfosan\public\index.php(45): CodeIgniter\CodeIgniter->run()
#5 D:\Xampp\htdocs\diskominfosan\vendor\codeigniter4\framework\system\Commands\Server\rewrite.php(34): require_once('D:\\Xampp\\htdocs...')
#6 {main}
CRITICAL - 2023-05-26 00:51:20 --> Trying to access array offset on value of type null
#0 D:\Xampp\htdocs\diskominfosan\app\Controllers\Login.php(56): CodeIgniter\Debug\Exceptions->errorHandler()
#1 D:\Xampp\htdocs\diskominfosan\vendor\codeigniter4\framework\system\CodeIgniter.php(918): App\Controllers\Login->cekUser()
#2 D:\Xampp\htdocs\diskominfosan\vendor\codeigniter4\framework\system\CodeIgniter.php(404): CodeIgniter\CodeIgniter->runController()
#3 D:\Xampp\htdocs\diskominfosan\vendor\codeigniter4\framework\system\CodeIgniter.php(312): CodeIgniter\CodeIgniter->handleRequest()
#4 D:\Xampp\htdocs\diskominfosan\public\index.php(45): CodeIgniter\CodeIgniter->run()
#5 D:\Xampp\htdocs\diskominfosan\vendor\codeigniter4\framework\system\Commands\Server\rewrite.php(34): require_once('D:\\Xampp\\htdocs...')
#6 {main}
CRITICAL - 2023-05-26 06:33:55 --> Call to a member function table() on null
#0 D:\Xampp\htdocs\diskominfosan\vendor\codeigniter4\framework\system\CodeIgniter.php(890): App\Controllers\DataPendaftaran->__construct()
#1 D:\Xampp\htdocs\diskominfosan\vendor\codeigniter4\framework\system\CodeIgniter.php(399): CodeIgniter\CodeIgniter->createController()
#2 D:\Xampp\htdocs\diskominfosan\vendor\codeigniter4\framework\system\CodeIgniter.php(312): CodeIgniter\CodeIgniter->handleRequest()
#3 D:\Xampp\htdocs\diskominfosan\public\index.php(45): CodeIgniter\CodeIgniter->run()
#4 D:\Xampp\htdocs\diskominfosan\vendor\codeigniter4\framework\system\Commands\Server\rewrite.php(34): require_once('D:\\Xampp\\htdocs...')
#5 {main}
