CRITICAL - 2023-05-15 11:41:52 --> Argument 1 passed to CodeIgniter\Model::doProtectFields() must be of the type array, string given, called in D:\Xampp\htdocs\diskominfosan\vendor\codeigniter4\framework\system\Model.php on line 870
#0 D:\Xampp\htdocs\diskominfosan\vendor\codeigniter4\framework\system\Model.php(870): CodeIgniter\Model->doProtectFields()
#1 D:\Xampp\htdocs\diskominfosan\app\Controllers\Nilai.php(179): CodeIgniter\Model->update()
#2 D:\Xampp\htdocs\diskominfosan\vendor\codeigniter4\framework\system\CodeIgniter.php(918): App\Controllers\Nilai->add()
#3 D:\Xampp\htdocs\diskominfosan\vendor\codeigniter4\framework\system\CodeIgniter.php(404): CodeIgniter\CodeIgniter->runController()
#4 D:\Xampp\htdocs\diskominfosan\vendor\codeigniter4\framework\system\CodeIgniter.php(312): CodeIgniter\CodeIgniter->handleRequest()
#5 D:\Xampp\htdocs\diskominfosan\public\index.php(45): CodeIgniter\CodeIgniter->run()
#6 D:\Xampp\htdocs\diskominfosan\vendor\codeigniter4\framework\system\Commands\Server\rewrite.php(34): require_once('D:\\Xampp\\htdocs...')
#7 {main}
CRITICAL - 2023-05-15 11:42:16 --> Argument 1 passed to CodeIgniter\Model::doProtectFields() must be of the type array, string given, called in D:\Xampp\htdocs\diskominfosan\vendor\codeigniter4\framework\system\Model.php on line 870
#0 D:\Xampp\htdocs\diskominfosan\vendor\codeigniter4\framework\system\Model.php(870): CodeIgniter\Model->doProtectFields()
#1 D:\Xampp\htdocs\diskominfosan\app\Controllers\Nilai.php(179): CodeIgniter\Model->update()
#2 D:\Xampp\htdocs\diskominfosan\vendor\codeigniter4\framework\system\CodeIgniter.php(918): App\Controllers\Nilai->add()
#3 D:\Xampp\htdocs\diskominfosan\vendor\codeigniter4\framework\system\CodeIgniter.php(404): CodeIgniter\CodeIgniter->runController()
#4 D:\Xampp\htdocs\diskominfosan\vendor\codeigniter4\framework\system\CodeIgniter.php(312): CodeIgniter\CodeIgniter->handleRequest()
#5 D:\Xampp\htdocs\diskominfosan\public\index.php(45): CodeIgniter\CodeIgniter->run()
#6 D:\Xampp\htdocs\diskominfosan\vendor\codeigniter4\framework\system\Commands\Server\rewrite.php(34): require_once('D:\\Xampp\\htdocs...')
#7 {main}
CRITICAL - 2023-05-15 11:43:43 --> There is no data to update.
#0 D:\Xampp\htdocs\diskominfosan\vendor\codeigniter4\framework\system\Model.php(834): CodeIgniter\Database\Exceptions\DataException::forEmptyDataset()
#1 D:\Xampp\htdocs\diskominfosan\app\Controllers\Nilai.php(179): CodeIgniter\Model->update()
#2 D:\Xampp\htdocs\diskominfosan\vendor\codeigniter4\framework\system\CodeIgniter.php(918): App\Controllers\Nilai->add()
#3 D:\Xampp\htdocs\diskominfosan\vendor\codeigniter4\framework\system\CodeIgniter.php(404): CodeIgniter\CodeIgniter->runController()
#4 D:\Xampp\htdocs\diskominfosan\vendor\codeigniter4\framework\system\CodeIgniter.php(312): CodeIgniter\CodeIgniter->handleRequest()
#5 D:\Xampp\htdocs\diskominfosan\public\index.php(45): CodeIgniter\CodeIgniter->run()
#6 D:\Xampp\htdocs\diskominfosan\vendor\codeigniter4\framework\system\Commands\Server\rewrite.php(34): require_once('D:\\Xampp\\htdocs...')
#7 {main}
CRITICAL - 2023-05-15 11:43:47 --> There is no data to update.
#0 D:\Xampp\htdocs\diskominfosan\vendor\codeigniter4\framework\system\Model.php(834): CodeIgniter\Database\Exceptions\DataException::forEmptyDataset()
#1 D:\Xampp\htdocs\diskominfosan\app\Controllers\Nilai.php(179): CodeIgniter\Model->update()
#2 D:\Xampp\htdocs\diskominfosan\vendor\codeigniter4\framework\system\CodeIgniter.php(918): App\Controllers\Nilai->add()
#3 D:\Xampp\htdocs\diskominfosan\vendor\codeigniter4\framework\system\CodeIgniter.php(404): CodeIgniter\CodeIgniter->runController()
#4 D:\Xampp\htdocs\diskominfosan\vendor\codeigniter4\framework\system\CodeIgniter.php(312): CodeIgniter\CodeIgniter->handleRequest()
#5 D:\Xampp\htdocs\diskominfosan\public\index.php(45): CodeIgniter\CodeIgniter->run()
#6 D:\Xampp\htdocs\diskominfosan\vendor\codeigniter4\framework\system\Commands\Server\rewrite.php(34): require_once('D:\\Xampp\\htdocs...')
#7 {main}
CRITICAL - 2023-05-15 11:49:58 --> Undefined property: stdClass::$nama_peserta
#0 D:\Xampp\htdocs\diskominfosan\app\Controllers\Nilai.php(172): CodeIgniter\Debug\Exceptions->errorHandler()
#1 D:\Xampp\htdocs\diskominfosan\vendor\codeigniter4\framework\system\CodeIgniter.php(918): App\Controllers\Nilai->add()
#2 D:\Xampp\htdocs\diskominfosan\vendor\codeigniter4\framework\system\CodeIgniter.php(404): CodeIgniter\CodeIgniter->runController()
#3 D:\Xampp\htdocs\diskominfosan\vendor\codeigniter4\framework\system\CodeIgniter.php(312): CodeIgniter\CodeIgniter->handleRequest()
#4 D:\Xampp\htdocs\diskominfosan\public\index.php(45): CodeIgniter\CodeIgniter->run()
#5 D:\Xampp\htdocs\diskominfosan\vendor\codeigniter4\framework\system\Commands\Server\rewrite.php(34): require_once('D:\\Xampp\\htdocs...')
#6 {main}
CRITICAL - 2023-05-15 11:50:25 --> Undefined property: stdClass::$nama_peserta
#0 D:\Xampp\htdocs\diskominfosan\app\Controllers\Nilai.php(172): CodeIgniter\Debug\Exceptions->errorHandler()
#1 D:\Xampp\htdocs\diskominfosan\vendor\codeigniter4\framework\system\CodeIgniter.php(918): App\Controllers\Nilai->add()
#2 D:\Xampp\htdocs\diskominfosan\vendor\codeigniter4\framework\system\CodeIgniter.php(404): CodeIgniter\CodeIgniter->runController()
#3 D:\Xampp\htdocs\diskominfosan\vendor\codeigniter4\framework\system\CodeIgniter.php(312): CodeIgniter\CodeIgniter->handleRequest()
#4 D:\Xampp\htdocs\diskominfosan\public\index.php(45): CodeIgniter\CodeIgniter->run()
#5 D:\Xampp\htdocs\diskominfosan\vendor\codeigniter4\framework\system\Commands\Server\rewrite.php(34): require_once('D:\\Xampp\\htdocs...')
#6 {main}
CRITICAL - 2023-05-15 11:52:15 --> Undefined property: stdClass::$nama_peserta
#0 D:\Xampp\htdocs\diskominfosan\app\Controllers\Nilai.php(132): CodeIgniter\Debug\Exceptions->errorHandler()
#1 D:\Xampp\htdocs\diskominfosan\vendor\codeigniter4\framework\system\CodeIgniter.php(918): App\Controllers\Nilai->add()
#2 D:\Xampp\htdocs\diskominfosan\vendor\codeigniter4\framework\system\CodeIgniter.php(404): CodeIgniter\CodeIgniter->runController()
#3 D:\Xampp\htdocs\diskominfosan\vendor\codeigniter4\framework\system\CodeIgniter.php(312): CodeIgniter\CodeIgniter->handleRequest()
#4 D:\Xampp\htdocs\diskominfosan\public\index.php(45): CodeIgniter\CodeIgniter->run()
#5 D:\Xampp\htdocs\diskominfosan\vendor\codeigniter4\framework\system\Commands\Server\rewrite.php(34): require_once('D:\\Xampp\\htdocs...')
#6 {main}
CRITICAL - 2023-05-15 11:52:20 --> Undefined property: stdClass::$nama_peserta
#0 D:\Xampp\htdocs\diskominfosan\app\Controllers\Nilai.php(132): CodeIgniter\Debug\Exceptions->errorHandler()
#1 D:\Xampp\htdocs\diskominfosan\vendor\codeigniter4\framework\system\CodeIgniter.php(918): App\Controllers\Nilai->add()
#2 D:\Xampp\htdocs\diskominfosan\vendor\codeigniter4\framework\system\CodeIgniter.php(404): CodeIgniter\CodeIgniter->runController()
#3 D:\Xampp\htdocs\diskominfosan\vendor\codeigniter4\framework\system\CodeIgniter.php(312): CodeIgniter\CodeIgniter->handleRequest()
#4 D:\Xampp\htdocs\diskominfosan\public\index.php(45): CodeIgniter\CodeIgniter->run()
#5 D:\Xampp\htdocs\diskominfosan\vendor\codeigniter4\framework\system\Commands\Server\rewrite.php(34): require_once('D:\\Xampp\\htdocs...')
#6 {main}
CRITICAL - 2023-05-15 11:52:54 --> Undefined property: stdClass::$nama_peserta
#0 D:\Xampp\htdocs\diskominfosan\app\Controllers\Nilai.php(132): CodeIgniter\Debug\Exceptions->errorHandler()
#1 D:\Xampp\htdocs\diskominfosan\vendor\codeigniter4\framework\system\CodeIgniter.php(918): App\Controllers\Nilai->add()
#2 D:\Xampp\htdocs\diskominfosan\vendor\codeigniter4\framework\system\CodeIgniter.php(404): CodeIgniter\CodeIgniter->runController()
#3 D:\Xampp\htdocs\diskominfosan\vendor\codeigniter4\framework\system\CodeIgniter.php(312): CodeIgniter\CodeIgniter->handleRequest()
#4 D:\Xampp\htdocs\diskominfosan\public\index.php(45): CodeIgniter\CodeIgniter->run()
#5 D:\Xampp\htdocs\diskominfosan\vendor\codeigniter4\framework\system\Commands\Server\rewrite.php(34): require_once('D:\\Xampp\\htdocs...')
#6 {main}
CRITICAL - 2023-05-15 00:18:57 --> Trying to access array offset on value of type null
#0 D:\Xampp\htdocs\diskominfosan\app\Models\PendaftaranModel.php(38): CodeIgniter\Debug\Exceptions->errorHandler()
#1 D:\Xampp\htdocs\diskominfosan\app\Models\PendaftaranModel.php(66): App\Models\PendaftaranModel->_get_datatables_query()
#2 D:\Xampp\htdocs\diskominfosan\app\Controllers\DataPendaftaran.php(408): App\Models\PendaftaranModel->get_datatables()
#3 D:\Xampp\htdocs\diskominfosan\vendor\codeigniter4\framework\system\CodeIgniter.php(918): App\Controllers\DataPendaftaran->filterData()
#4 D:\Xampp\htdocs\diskominfosan\vendor\codeigniter4\framework\system\CodeIgniter.php(404): CodeIgniter\CodeIgniter->runController()
#5 D:\Xampp\htdocs\diskominfosan\vendor\codeigniter4\framework\system\CodeIgniter.php(312): CodeIgniter\CodeIgniter->handleRequest()
#6 D:\Xampp\htdocs\diskominfosan\public\index.php(45): CodeIgniter\CodeIgniter->run()
#7 D:\Xampp\htdocs\diskominfosan\vendor\codeigniter4\framework\system\Commands\Server\rewrite.php(34): require_once('D:\\Xampp\\htdocs...')
#8 {main}
CRITICAL - 2023-05-15 00:19:50 --> Trying to access array offset on value of type null
#0 D:\Xampp\htdocs\diskominfosan\app\Models\PendaftaranModel.php(38): CodeIgniter\Debug\Exceptions->errorHandler()
#1 D:\Xampp\htdocs\diskominfosan\app\Models\PendaftaranModel.php(66): App\Models\PendaftaranModel->_get_datatables_query()
#2 D:\Xampp\htdocs\diskominfosan\app\Controllers\DataPendaftaran.php(408): App\Models\PendaftaranModel->get_datatables()
#3 D:\Xampp\htdocs\diskominfosan\vendor\codeigniter4\framework\system\CodeIgniter.php(918): App\Controllers\DataPendaftaran->filterData()
#4 D:\Xampp\htdocs\diskominfosan\vendor\codeigniter4\framework\system\CodeIgniter.php(404): CodeIgniter\CodeIgniter->runController()
#5 D:\Xampp\htdocs\diskominfosan\vendor\codeigniter4\framework\system\CodeIgniter.php(312): CodeIgniter\CodeIgniter->handleRequest()
#6 D:\Xampp\htdocs\diskominfosan\public\index.php(45): CodeIgniter\CodeIgniter->run()
#7 D:\Xampp\htdocs\diskominfosan\vendor\codeigniter4\framework\system\Commands\Server\rewrite.php(34): require_once('D:\\Xampp\\htdocs...')
#8 {main}
CRITICAL - 2023-05-15 00:20:44 --> Trying to get property 'foto' of non-object
#0 D:\Xampp\htdocs\diskominfosan\app\Controllers\DataPendaftaran.php(415): CodeIgniter\Debug\Exceptions->errorHandler()
#1 D:\Xampp\htdocs\diskominfosan\vendor\codeigniter4\framework\system\CodeIgniter.php(918): App\Controllers\DataPendaftaran->filterData()
#2 D:\Xampp\htdocs\diskominfosan\vendor\codeigniter4\framework\system\CodeIgniter.php(404): CodeIgniter\CodeIgniter->runController()
#3 D:\Xampp\htdocs\diskominfosan\vendor\codeigniter4\framework\system\CodeIgniter.php(312): CodeIgniter\CodeIgniter->handleRequest()
#4 D:\Xampp\htdocs\diskominfosan\public\index.php(45): CodeIgniter\CodeIgniter->run()
#5 D:\Xampp\htdocs\diskominfosan\vendor\codeigniter4\framework\system\Commands\Server\rewrite.php(34): require_once('D:\\Xampp\\htdocs...')
#6 {main}
CRITICAL - 2023-05-15 00:21:08 --> Trying to get property 'nomor_pendaftaran' of non-object
#0 D:\Xampp\htdocs\diskominfosan\app\Controllers\DataPendaftaran.php(415): CodeIgniter\Debug\Exceptions->errorHandler()
#1 D:\Xampp\htdocs\diskominfosan\vendor\codeigniter4\framework\system\CodeIgniter.php(918): App\Controllers\DataPendaftaran->filterData()
#2 D:\Xampp\htdocs\diskominfosan\vendor\codeigniter4\framework\system\CodeIgniter.php(404): CodeIgniter\CodeIgniter->runController()
#3 D:\Xampp\htdocs\diskominfosan\vendor\codeigniter4\framework\system\CodeIgniter.php(312): CodeIgniter\CodeIgniter->handleRequest()
#4 D:\Xampp\htdocs\diskominfosan\public\index.php(45): CodeIgniter\CodeIgniter->run()
#5 D:\Xampp\htdocs\diskominfosan\vendor\codeigniter4\framework\system\Commands\Server\rewrite.php(34): require_once('D:\\Xampp\\htdocs...')
#6 {main}
CRITICAL - 2023-05-15 00:21:24 --> Trying to access array offset on value of type null
#0 D:\Xampp\htdocs\diskominfosan\app\Models\PendaftaranModel.php(38): CodeIgniter\Debug\Exceptions->errorHandler()
#1 D:\Xampp\htdocs\diskominfosan\app\Models\PendaftaranModel.php(66): App\Models\PendaftaranModel->_get_datatables_query()
#2 D:\Xampp\htdocs\diskominfosan\app\Controllers\DataPendaftaran.php(407): App\Models\PendaftaranModel->get_datatables()
#3 D:\Xampp\htdocs\diskominfosan\vendor\codeigniter4\framework\system\CodeIgniter.php(918): App\Controllers\DataPendaftaran->filterData()
#4 D:\Xampp\htdocs\diskominfosan\vendor\codeigniter4\framework\system\CodeIgniter.php(404): CodeIgniter\CodeIgniter->runController()
#5 D:\Xampp\htdocs\diskominfosan\vendor\codeigniter4\framework\system\CodeIgniter.php(312): CodeIgniter\CodeIgniter->handleRequest()
#6 D:\Xampp\htdocs\diskominfosan\public\index.php(45): CodeIgniter\CodeIgniter->run()
#7 D:\Xampp\htdocs\diskominfosan\vendor\codeigniter4\framework\system\Commands\Server\rewrite.php(34): require_once('D:\\Xampp\\htdocs...')
#8 {main}
CRITICAL - 2023-05-15 00:22:09 --> Trying to get property 'foto' of non-object
#0 D:\Xampp\htdocs\diskominfosan\app\Controllers\DataPendaftaran.php(414): CodeIgniter\Debug\Exceptions->errorHandler()
#1 D:\Xampp\htdocs\diskominfosan\vendor\codeigniter4\framework\system\CodeIgniter.php(918): App\Controllers\DataPendaftaran->filterData()
#2 D:\Xampp\htdocs\diskominfosan\vendor\codeigniter4\framework\system\CodeIgniter.php(404): CodeIgniter\CodeIgniter->runController()
#3 D:\Xampp\htdocs\diskominfosan\vendor\codeigniter4\framework\system\CodeIgniter.php(312): CodeIgniter\CodeIgniter->handleRequest()
#4 D:\Xampp\htdocs\diskominfosan\public\index.php(45): CodeIgniter\CodeIgniter->run()
#5 D:\Xampp\htdocs\diskominfosan\vendor\codeigniter4\framework\system\Commands\Server\rewrite.php(34): require_once('D:\\Xampp\\htdocs...')
#6 {main}
CRITICAL - 2023-05-15 00:25:16 --> Undefined index: nama_kategori
#0 D:\Xampp\htdocs\diskominfosan\app\Controllers\DataPendaftaran.php(412): CodeIgniter\Debug\Exceptions->errorHandler()
#1 D:\Xampp\htdocs\diskominfosan\vendor\codeigniter4\framework\system\CodeIgniter.php(918): App\Controllers\DataPendaftaran->filterData()
#2 D:\Xampp\htdocs\diskominfosan\vendor\codeigniter4\framework\system\CodeIgniter.php(404): CodeIgniter\CodeIgniter->runController()
#3 D:\Xampp\htdocs\diskominfosan\vendor\codeigniter4\framework\system\CodeIgniter.php(312): CodeIgniter\CodeIgniter->handleRequest()
#4 D:\Xampp\htdocs\diskominfosan\public\index.php(45): CodeIgniter\CodeIgniter->run()
#5 D:\Xampp\htdocs\diskominfosan\vendor\codeigniter4\framework\system\Commands\Server\rewrite.php(34): require_once('D:\\Xampp\\htdocs...')
#6 {main}
CRITICAL - 2023-05-15 00:25:35 --> Undefined index: id_pendaftaran
#0 D:\Xampp\htdocs\diskominfosan\app\Controllers\DataPendaftaran.php(415): CodeIgniter\Debug\Exceptions->errorHandler()
#1 D:\Xampp\htdocs\diskominfosan\vendor\codeigniter4\framework\system\CodeIgniter.php(918): App\Controllers\DataPendaftaran->filterData()
#2 D:\Xampp\htdocs\diskominfosan\vendor\codeigniter4\framework\system\CodeIgniter.php(404): CodeIgniter\CodeIgniter->runController()
#3 D:\Xampp\htdocs\diskominfosan\vendor\codeigniter4\framework\system\CodeIgniter.php(312): CodeIgniter\CodeIgniter->handleRequest()
#4 D:\Xampp\htdocs\diskominfosan\public\index.php(45): CodeIgniter\CodeIgniter->run()
#5 D:\Xampp\htdocs\diskominfosan\vendor\codeigniter4\framework\system\Commands\Server\rewrite.php(34): require_once('D:\\Xampp\\htdocs...')
#6 {main}
CRITICAL - 2023-05-15 00:54:34 --> Undefined variable: title
#0 D:\Xampp\htdocs\diskominfosan\app\Views\layouts_admin\template_admin.php(7): CodeIgniter\Debug\Exceptions->errorHandler()
#1 D:\Xampp\htdocs\diskominfosan\vendor\codeigniter4\framework\system\View\View.php(246): include('D:\\Xampp\\htdocs...')
#2 D:\Xampp\htdocs\diskominfosan\vendor\codeigniter4\framework\system\View\View.php(257): CodeIgniter\View\View->render()
#3 D:\Xampp\htdocs\diskominfosan\vendor\codeigniter4\framework\system\Common.php(1119): CodeIgniter\View\View->render()
#4 D:\Xampp\htdocs\diskominfosan\app\Controllers\DataPendaftaran.php(118): view()
#5 D:\Xampp\htdocs\diskominfosan\vendor\codeigniter4\framework\system\CodeIgniter.php(918): App\Controllers\DataPendaftaran->index()
#6 D:\Xampp\htdocs\diskominfosan\vendor\codeigniter4\framework\system\CodeIgniter.php(404): CodeIgniter\CodeIgniter->runController()
#7 D:\Xampp\htdocs\diskominfosan\vendor\codeigniter4\framework\system\CodeIgniter.php(312): CodeIgniter\CodeIgniter->handleRequest()
#8 D:\Xampp\htdocs\diskominfosan\public\index.php(45): CodeIgniter\CodeIgniter->run()
#9 D:\Xampp\htdocs\diskominfosan\vendor\codeigniter4\framework\system\Commands\Server\rewrite.php(34): require_once('D:\\Xampp\\htdocs...')
#10 {main}
CRITICAL - 2023-05-15 00:59:21 --> Undefined variable: title
#0 D:\Xampp\htdocs\diskominfosan\app\Views\layouts_admin\template_admin.php(7): CodeIgniter\Debug\Exceptions->errorHandler()
#1 D:\Xampp\htdocs\diskominfosan\vendor\codeigniter4\framework\system\View\View.php(246): include('D:\\Xampp\\htdocs...')
#2 D:\Xampp\htdocs\diskominfosan\vendor\codeigniter4\framework\system\View\View.php(257): CodeIgniter\View\View->render()
#3 D:\Xampp\htdocs\diskominfosan\vendor\codeigniter4\framework\system\Common.php(1119): CodeIgniter\View\View->render()
#4 D:\Xampp\htdocs\diskominfosan\app\Controllers\DataPendaftaran.php(125): view()
#5 D:\Xampp\htdocs\diskominfosan\vendor\codeigniter4\framework\system\CodeIgniter.php(918): App\Controllers\DataPendaftaran->index()
#6 D:\Xampp\htdocs\diskominfosan\vendor\codeigniter4\framework\system\CodeIgniter.php(404): CodeIgniter\CodeIgniter->runController()
#7 D:\Xampp\htdocs\diskominfosan\vendor\codeigniter4\framework\system\CodeIgniter.php(312): CodeIgniter\CodeIgniter->handleRequest()
#8 D:\Xampp\htdocs\diskominfosan\public\index.php(45): CodeIgniter\CodeIgniter->run()
#9 D:\Xampp\htdocs\diskominfosan\vendor\codeigniter4\framework\system\Commands\Server\rewrite.php(34): require_once('D:\\Xampp\\htdocs...')
#10 {main}
CRITICAL - 2023-05-15 01:20:27 --> Undefined index: nama_kategori
#0 D:\Xampp\htdocs\diskominfosan\app\Controllers\DataPendaftaran.php(419): CodeIgniter\Debug\Exceptions->errorHandler()
#1 D:\Xampp\htdocs\diskominfosan\vendor\codeigniter4\framework\system\CodeIgniter.php(918): App\Controllers\DataPendaftaran->filterData()
#2 D:\Xampp\htdocs\diskominfosan\vendor\codeigniter4\framework\system\CodeIgniter.php(404): CodeIgniter\CodeIgniter->runController()
#3 D:\Xampp\htdocs\diskominfosan\vendor\codeigniter4\framework\system\CodeIgniter.php(312): CodeIgniter\CodeIgniter->handleRequest()
#4 D:\Xampp\htdocs\diskominfosan\public\index.php(45): CodeIgniter\CodeIgniter->run()
#5 D:\Xampp\htdocs\diskominfosan\vendor\codeigniter4\framework\system\Commands\Server\rewrite.php(34): require_once('D:\\Xampp\\htdocs...')
#6 {main}
CRITICAL - 2023-05-15 01:20:33 --> Undefined index: nama_kategori
#0 D:\Xampp\htdocs\diskominfosan\app\Controllers\DataPendaftaran.php(419): CodeIgniter\Debug\Exceptions->errorHandler()
#1 D:\Xampp\htdocs\diskominfosan\vendor\codeigniter4\framework\system\CodeIgniter.php(918): App\Controllers\DataPendaftaran->filterData()
#2 D:\Xampp\htdocs\diskominfosan\vendor\codeigniter4\framework\system\CodeIgniter.php(404): CodeIgniter\CodeIgniter->runController()
#3 D:\Xampp\htdocs\diskominfosan\vendor\codeigniter4\framework\system\CodeIgniter.php(312): CodeIgniter\CodeIgniter->handleRequest()
#4 D:\Xampp\htdocs\diskominfosan\public\index.php(45): CodeIgniter\CodeIgniter->run()
#5 D:\Xampp\htdocs\diskominfosan\vendor\codeigniter4\framework\system\Commands\Server\rewrite.php(34): require_once('D:\\Xampp\\htdocs...')
#6 {main}
CRITICAL - 2023-05-15 02:13:03 --> Call to a member function get() on array
#0 D:\Xampp\htdocs\diskominfosan\vendor\codeigniter4\framework\system\CodeIgniter.php(918): App\Controllers\DataPendaftaran->filterData()
#1 D:\Xampp\htdocs\diskominfosan\vendor\codeigniter4\framework\system\CodeIgniter.php(404): CodeIgniter\CodeIgniter->runController()
#2 D:\Xampp\htdocs\diskominfosan\vendor\codeigniter4\framework\system\CodeIgniter.php(312): CodeIgniter\CodeIgniter->handleRequest()
#3 D:\Xampp\htdocs\diskominfosan\public\index.php(45): CodeIgniter\CodeIgniter->run()
#4 D:\Xampp\htdocs\diskominfosan\vendor\codeigniter4\framework\system\Commands\Server\rewrite.php(34): require_once('D:\\Xampp\\htdocs...')
#5 {main}
CRITICAL - 2023-05-15 02:15:35 --> Call to a member function get() on array
#0 D:\Xampp\htdocs\diskominfosan\vendor\codeigniter4\framework\system\CodeIgniter.php(918): App\Controllers\DataPendaftaran->filterData()
#1 D:\Xampp\htdocs\diskominfosan\vendor\codeigniter4\framework\system\CodeIgniter.php(404): CodeIgniter\CodeIgniter->runController()
#2 D:\Xampp\htdocs\diskominfosan\vendor\codeigniter4\framework\system\CodeIgniter.php(312): CodeIgniter\CodeIgniter->handleRequest()
#3 D:\Xampp\htdocs\diskominfosan\public\index.php(45): CodeIgniter\CodeIgniter->run()
#4 D:\Xampp\htdocs\diskominfosan\vendor\codeigniter4\framework\system\Commands\Server\rewrite.php(34): require_once('D:\\Xampp\\htdocs...')
#5 {main}
CRITICAL - 2023-05-15 02:19:22 --> Trying to access array offset on value of type null
#0 D:\Xampp\htdocs\diskominfosan\app\Controllers\DataPendaftaran.php(138): CodeIgniter\Debug\Exceptions->errorHandler()
#1 D:\Xampp\htdocs\diskominfosan\vendor\codeigniter4\framework\system\CodeIgniter.php(918): App\Controllers\DataPendaftaran->view()
#2 D:\Xampp\htdocs\diskominfosan\vendor\codeigniter4\framework\system\CodeIgniter.php(404): CodeIgniter\CodeIgniter->runController()
#3 D:\Xampp\htdocs\diskominfosan\vendor\codeigniter4\framework\system\CodeIgniter.php(312): CodeIgniter\CodeIgniter->handleRequest()
#4 D:\Xampp\htdocs\diskominfosan\public\index.php(45): CodeIgniter\CodeIgniter->run()
#5 D:\Xampp\htdocs\diskominfosan\vendor\codeigniter4\framework\system\Commands\Server\rewrite.php(34): require_once('D:\\Xampp\\htdocs...')
#6 {main}
CRITICAL - 2023-05-15 02:19:49 --> Trying to access array offset on value of type null
#0 D:\Xampp\htdocs\diskominfosan\app\Controllers\DataPendaftaran.php(138): CodeIgniter\Debug\Exceptions->errorHandler()
#1 D:\Xampp\htdocs\diskominfosan\vendor\codeigniter4\framework\system\CodeIgniter.php(918): App\Controllers\DataPendaftaran->view()
#2 D:\Xampp\htdocs\diskominfosan\vendor\codeigniter4\framework\system\CodeIgniter.php(404): CodeIgniter\CodeIgniter->runController()
#3 D:\Xampp\htdocs\diskominfosan\vendor\codeigniter4\framework\system\CodeIgniter.php(312): CodeIgniter\CodeIgniter->handleRequest()
#4 D:\Xampp\htdocs\diskominfosan\public\index.php(45): CodeIgniter\CodeIgniter->run()
#5 D:\Xampp\htdocs\diskominfosan\vendor\codeigniter4\framework\system\Commands\Server\rewrite.php(34): require_once('D:\\Xampp\\htdocs...')
#6 {main}
CRITICAL - 2023-05-15 02:28:29 --> Table 'diskominfosan.nama_tabel' doesn't exist
#0 D:\Xampp\htdocs\diskominfosan\vendor\codeigniter4\framework\system\Database\MySQLi\Connection.php(331): mysqli->query()
#1 D:\Xampp\htdocs\diskominfosan\vendor\codeigniter4\framework\system\Database\BaseConnection.php(741): CodeIgniter\Database\MySQLi\Connection->execute()
#2 D:\Xampp\htdocs\diskominfosan\vendor\codeigniter4\framework\system\Database\BaseConnection.php(669): CodeIgniter\Database\BaseConnection->simpleQuery()
#3 D:\Xampp\htdocs\diskominfosan\vendor\codeigniter4\framework\system\Database\BaseBuilder.php(1860): CodeIgniter\Database\BaseConnection->query()
#4 D:\Xampp\htdocs\diskominfosan\app\Controllers\DataPendaftaran.php(382): CodeIgniter\Database\BaseBuilder->get()
#5 D:\Xampp\htdocs\diskominfosan\vendor\codeigniter4\framework\system\CodeIgniter.php(918): App\Controllers\DataPendaftaran->filterData()
#6 D:\Xampp\htdocs\diskominfosan\vendor\codeigniter4\framework\system\CodeIgniter.php(404): CodeIgniter\CodeIgniter->runController()
#7 D:\Xampp\htdocs\diskominfosan\vendor\codeigniter4\framework\system\CodeIgniter.php(312): CodeIgniter\CodeIgniter->handleRequest()
#8 D:\Xampp\htdocs\diskominfosan\public\index.php(45): CodeIgniter\CodeIgniter->run()
#9 D:\Xampp\htdocs\diskominfosan\vendor\codeigniter4\framework\system\Commands\Server\rewrite.php(34): require_once('D:\\Xampp\\htdocs...')
#10 {main}
CRITICAL - 2023-05-15 02:31:26 --> Cannot use object of type CodeIgniter\HTTP\Response as array
#0 D:\Xampp\htdocs\diskominfosan\vendor\codeigniter4\framework\system\CodeIgniter.php(918): App\Controllers\DataPendaftaran->ajaxDataPendaftaran()
#1 D:\Xampp\htdocs\diskominfosan\vendor\codeigniter4\framework\system\CodeIgniter.php(404): CodeIgniter\CodeIgniter->runController()
#2 D:\Xampp\htdocs\diskominfosan\vendor\codeigniter4\framework\system\CodeIgniter.php(312): CodeIgniter\CodeIgniter->handleRequest()
#3 D:\Xampp\htdocs\diskominfosan\public\index.php(45): CodeIgniter\CodeIgniter->run()
#4 D:\Xampp\htdocs\diskominfosan\vendor\codeigniter4\framework\system\Commands\Server\rewrite.php(34): require_once('D:\\Xampp\\htdocs...')
#5 {main}
CRITICAL - 2023-05-15 02:38:26 --> Trying to access array offset on value of type null
#0 D:\Xampp\htdocs\diskominfosan\app\Models\PendaftaranModel.php(38): CodeIgniter\Debug\Exceptions->errorHandler()
#1 D:\Xampp\htdocs\diskominfosan\app\Models\PendaftaranModel.php(66): App\Models\PendaftaranModel->_get_datatables_query()
#2 D:\Xampp\htdocs\diskominfosan\app\Controllers\DataPendaftaran.php(391): App\Models\PendaftaranModel->get_datatables()
#3 D:\Xampp\htdocs\diskominfosan\vendor\codeigniter4\framework\system\CodeIgniter.php(918): App\Controllers\DataPendaftaran->filterData()
#4 D:\Xampp\htdocs\diskominfosan\vendor\codeigniter4\framework\system\CodeIgniter.php(404): CodeIgniter\CodeIgniter->runController()
#5 D:\Xampp\htdocs\diskominfosan\vendor\codeigniter4\framework\system\CodeIgniter.php(312): CodeIgniter\CodeIgniter->handleRequest()
#6 D:\Xampp\htdocs\diskominfosan\public\index.php(45): CodeIgniter\CodeIgniter->run()
#7 D:\Xampp\htdocs\diskominfosan\vendor\codeigniter4\framework\system\Commands\Server\rewrite.php(34): require_once('D:\\Xampp\\htdocs...')
#8 {main}
CRITICAL - 2023-05-15 02:38:51 --> Trying to access array offset on value of type null
#0 D:\Xampp\htdocs\diskominfosan\app\Models\PendaftaranModel.php(38): CodeIgniter\Debug\Exceptions->errorHandler()
#1 D:\Xampp\htdocs\diskominfosan\app\Models\PendaftaranModel.php(66): App\Models\PendaftaranModel->_get_datatables_query()
#2 D:\Xampp\htdocs\diskominfosan\app\Controllers\DataPendaftaran.php(391): App\Models\PendaftaranModel->get_datatables()
#3 D:\Xampp\htdocs\diskominfosan\vendor\codeigniter4\framework\system\CodeIgniter.php(918): App\Controllers\DataPendaftaran->filterData()
#4 D:\Xampp\htdocs\diskominfosan\vendor\codeigniter4\framework\system\CodeIgniter.php(404): CodeIgniter\CodeIgniter->runController()
#5 D:\Xampp\htdocs\diskominfosan\vendor\codeigniter4\framework\system\CodeIgniter.php(312): CodeIgniter\CodeIgniter->handleRequest()
#6 D:\Xampp\htdocs\diskominfosan\public\index.php(45): CodeIgniter\CodeIgniter->run()
#7 D:\Xampp\htdocs\diskominfosan\vendor\codeigniter4\framework\system\Commands\Server\rewrite.php(34): require_once('D:\\Xampp\\htdocs...')
#8 {main}
CRITICAL - 2023-05-15 02:40:13 --> Trying to access array offset on value of type null
#0 D:\Xampp\htdocs\diskominfosan\app\Models\PendaftaranModel.php(38): CodeIgniter\Debug\Exceptions->errorHandler()
#1 D:\Xampp\htdocs\diskominfosan\app\Models\PendaftaranModel.php(66): App\Models\PendaftaranModel->_get_datatables_query()
#2 D:\Xampp\htdocs\diskominfosan\app\Controllers\DataPendaftaran.php(391): App\Models\PendaftaranModel->get_datatables()
#3 D:\Xampp\htdocs\diskominfosan\vendor\codeigniter4\framework\system\CodeIgniter.php(918): App\Controllers\DataPendaftaran->filterData()
#4 D:\Xampp\htdocs\diskominfosan\vendor\codeigniter4\framework\system\CodeIgniter.php(404): CodeIgniter\CodeIgniter->runController()
#5 D:\Xampp\htdocs\diskominfosan\vendor\codeigniter4\framework\system\CodeIgniter.php(312): CodeIgniter\CodeIgniter->handleRequest()
#6 D:\Xampp\htdocs\diskominfosan\public\index.php(45): CodeIgniter\CodeIgniter->run()
#7 D:\Xampp\htdocs\diskominfosan\vendor\codeigniter4\framework\system\Commands\Server\rewrite.php(34): require_once('D:\\Xampp\\htdocs...')
#8 {main}
CRITICAL - 2023-05-15 02:40:46 --> Trying to access array offset on value of type null
#0 D:\Xampp\htdocs\diskominfosan\app\Models\PendaftaranModel.php(38): CodeIgniter\Debug\Exceptions->errorHandler()
#1 D:\Xampp\htdocs\diskominfosan\app\Models\PendaftaranModel.php(66): App\Models\PendaftaranModel->_get_datatables_query()
#2 D:\Xampp\htdocs\diskominfosan\app\Controllers\DataPendaftaran.php(391): App\Models\PendaftaranModel->get_datatables()
#3 D:\Xampp\htdocs\diskominfosan\vendor\codeigniter4\framework\system\CodeIgniter.php(918): App\Controllers\DataPendaftaran->filterData()
#4 D:\Xampp\htdocs\diskominfosan\vendor\codeigniter4\framework\system\CodeIgniter.php(404): CodeIgniter\CodeIgniter->runController()
#5 D:\Xampp\htdocs\diskominfosan\vendor\codeigniter4\framework\system\CodeIgniter.php(312): CodeIgniter\CodeIgniter->handleRequest()
#6 D:\Xampp\htdocs\diskominfosan\public\index.php(45): CodeIgniter\CodeIgniter->run()
#7 D:\Xampp\htdocs\diskominfosan\vendor\codeigniter4\framework\system\Commands\Server\rewrite.php(34): require_once('D:\\Xampp\\htdocs...')
#8 {main}
CRITICAL - 2023-05-15 02:42:38 --> Trying to access array offset on value of type null
#0 D:\Xampp\htdocs\diskominfosan\app\Models\PendaftaranModel.php(38): CodeIgniter\Debug\Exceptions->errorHandler()
#1 D:\Xampp\htdocs\diskominfosan\app\Models\PendaftaranModel.php(66): App\Models\PendaftaranModel->_get_datatables_query()
#2 D:\Xampp\htdocs\diskominfosan\app\Controllers\DataPendaftaran.php(391): App\Models\PendaftaranModel->get_datatables()
#3 D:\Xampp\htdocs\diskominfosan\vendor\codeigniter4\framework\system\CodeIgniter.php(918): App\Controllers\DataPendaftaran->filterData()
#4 D:\Xampp\htdocs\diskominfosan\vendor\codeigniter4\framework\system\CodeIgniter.php(404): CodeIgniter\CodeIgniter->runController()
#5 D:\Xampp\htdocs\diskominfosan\vendor\codeigniter4\framework\system\CodeIgniter.php(312): CodeIgniter\CodeIgniter->handleRequest()
#6 D:\Xampp\htdocs\diskominfosan\public\index.php(45): CodeIgniter\CodeIgniter->run()
#7 D:\Xampp\htdocs\diskominfosan\vendor\codeigniter4\framework\system\Commands\Server\rewrite.php(34): require_once('D:\\Xampp\\htdocs...')
#8 {main}
CRITICAL - 2023-05-15 10:04:06 --> Trying to access array offset on value of type null
#0 D:\Xampp\htdocs\diskominfosan\app\Models\PendaftaranModel.php(38): CodeIgniter\Debug\Exceptions->errorHandler()
#1 D:\Xampp\htdocs\diskominfosan\app\Models\PendaftaranModel.php(66): App\Models\PendaftaranModel->_get_datatables_query()
#2 D:\Xampp\htdocs\diskominfosan\app\Controllers\DataPendaftaran.php(391): App\Models\PendaftaranModel->get_datatables()
#3 D:\Xampp\htdocs\diskominfosan\vendor\codeigniter4\framework\system\CodeIgniter.php(918): App\Controllers\DataPendaftaran->filterData()
#4 D:\Xampp\htdocs\diskominfosan\vendor\codeigniter4\framework\system\CodeIgniter.php(404): CodeIgniter\CodeIgniter->runController()
#5 D:\Xampp\htdocs\diskominfosan\vendor\codeigniter4\framework\system\CodeIgniter.php(312): CodeIgniter\CodeIgniter->handleRequest()
#6 D:\Xampp\htdocs\diskominfosan\public\index.php(45): CodeIgniter\CodeIgniter->run()
#7 D:\Xampp\htdocs\diskominfosan\vendor\codeigniter4\framework\system\Commands\Server\rewrite.php(34): require_once('D:\\Xampp\\htdocs...')
#8 {main}
CRITICAL - 2023-05-15 10:08:21 --> Trying to access array offset on value of type null
#0 D:\Xampp\htdocs\diskominfosan\app\Models\PendaftaranModel.php(38): CodeIgniter\Debug\Exceptions->errorHandler()
#1 D:\Xampp\htdocs\diskominfosan\app\Models\PendaftaranModel.php(66): App\Models\PendaftaranModel->_get_datatables_query()
#2 D:\Xampp\htdocs\diskominfosan\app\Controllers\DataPendaftaran.php(391): App\Models\PendaftaranModel->get_datatables()
#3 D:\Xampp\htdocs\diskominfosan\vendor\codeigniter4\framework\system\CodeIgniter.php(918): App\Controllers\DataPendaftaran->filterData()
#4 D:\Xampp\htdocs\diskominfosan\vendor\codeigniter4\framework\system\CodeIgniter.php(404): CodeIgniter\CodeIgniter->runController()
#5 D:\Xampp\htdocs\diskominfosan\vendor\codeigniter4\framework\system\CodeIgniter.php(312): CodeIgniter\CodeIgniter->handleRequest()
#6 D:\Xampp\htdocs\diskominfosan\public\index.php(45): CodeIgniter\CodeIgniter->run()
#7 D:\Xampp\htdocs\diskominfosan\vendor\codeigniter4\framework\system\Commands\Server\rewrite.php(34): require_once('D:\\Xampp\\htdocs...')
#8 {main}
CRITICAL - 2023-05-15 10:09:41 --> Trying to access array offset on value of type null
#0 D:\Xampp\htdocs\diskominfosan\app\Models\PendaftaranModel.php(38): CodeIgniter\Debug\Exceptions->errorHandler()
#1 D:\Xampp\htdocs\diskominfosan\app\Models\PendaftaranModel.php(66): App\Models\PendaftaranModel->_get_datatables_query()
#2 D:\Xampp\htdocs\diskominfosan\app\Controllers\DataPendaftaran.php(391): App\Models\PendaftaranModel->get_datatables()
#3 D:\Xampp\htdocs\diskominfosan\vendor\codeigniter4\framework\system\CodeIgniter.php(918): App\Controllers\DataPendaftaran->filterData()
#4 D:\Xampp\htdocs\diskominfosan\vendor\codeigniter4\framework\system\CodeIgniter.php(404): CodeIgniter\CodeIgniter->runController()
#5 D:\Xampp\htdocs\diskominfosan\vendor\codeigniter4\framework\system\CodeIgniter.php(312): CodeIgniter\CodeIgniter->handleRequest()
#6 D:\Xampp\htdocs\diskominfosan\public\index.php(45): CodeIgniter\CodeIgniter->run()
#7 D:\Xampp\htdocs\diskominfosan\vendor\codeigniter4\framework\system\Commands\Server\rewrite.php(34): require_once('D:\\Xampp\\htdocs...')
#8 {main}
CRITICAL - 2023-05-15 10:10:55 --> Trying to access array offset on value of type null
#0 D:\Xampp\htdocs\diskominfosan\app\Models\PendaftaranModel.php(38): CodeIgniter\Debug\Exceptions->errorHandler()
#1 D:\Xampp\htdocs\diskominfosan\app\Models\PendaftaranModel.php(66): App\Models\PendaftaranModel->_get_datatables_query()
#2 D:\Xampp\htdocs\diskominfosan\app\Controllers\DataPendaftaran.php(391): App\Models\PendaftaranModel->get_datatables()
#3 D:\Xampp\htdocs\diskominfosan\vendor\codeigniter4\framework\system\CodeIgniter.php(918): App\Controllers\DataPendaftaran->filterData()
#4 D:\Xampp\htdocs\diskominfosan\vendor\codeigniter4\framework\system\CodeIgniter.php(404): CodeIgniter\CodeIgniter->runController()
#5 D:\Xampp\htdocs\diskominfosan\vendor\codeigniter4\framework\system\CodeIgniter.php(312): CodeIgniter\CodeIgniter->handleRequest()
#6 D:\Xampp\htdocs\diskominfosan\public\index.php(45): CodeIgniter\CodeIgniter->run()
#7 D:\Xampp\htdocs\diskominfosan\vendor\codeigniter4\framework\system\Commands\Server\rewrite.php(34): require_once('D:\\Xampp\\htdocs...')
#8 {main}
CRITICAL - 2023-05-15 10:12:01 --> Trying to access array offset on value of type null
#0 D:\Xampp\htdocs\diskominfosan\app\Models\PendaftaranModel.php(38): CodeIgniter\Debug\Exceptions->errorHandler()
#1 D:\Xampp\htdocs\diskominfosan\app\Models\PendaftaranModel.php(66): App\Models\PendaftaranModel->_get_datatables_query()
#2 D:\Xampp\htdocs\diskominfosan\app\Controllers\DataPendaftaran.php(391): App\Models\PendaftaranModel->get_datatables()
#3 D:\Xampp\htdocs\diskominfosan\vendor\codeigniter4\framework\system\CodeIgniter.php(918): App\Controllers\DataPendaftaran->filterData()
#4 D:\Xampp\htdocs\diskominfosan\vendor\codeigniter4\framework\system\CodeIgniter.php(404): CodeIgniter\CodeIgniter->runController()
#5 D:\Xampp\htdocs\diskominfosan\vendor\codeigniter4\framework\system\CodeIgniter.php(312): CodeIgniter\CodeIgniter->handleRequest()
#6 D:\Xampp\htdocs\diskominfosan\public\index.php(45): CodeIgniter\CodeIgniter->run()
#7 D:\Xampp\htdocs\diskominfosan\vendor\codeigniter4\framework\system\Commands\Server\rewrite.php(34): require_once('D:\\Xampp\\htdocs...')
#8 {main}
CRITICAL - 2023-05-15 10:13:57 --> Trying to access array offset on value of type null
#0 D:\Xampp\htdocs\diskominfosan\app\Models\PendaftaranModel.php(38): CodeIgniter\Debug\Exceptions->errorHandler()
#1 D:\Xampp\htdocs\diskominfosan\app\Models\PendaftaranModel.php(83): App\Models\PendaftaranModel->_get_datatables_query()
#2 D:\Xampp\htdocs\diskominfosan\app\Controllers\DataPendaftaran.php(423): App\Models\PendaftaranModel->count_filtered()
#3 D:\Xampp\htdocs\diskominfosan\vendor\codeigniter4\framework\system\CodeIgniter.php(918): App\Controllers\DataPendaftaran->filterData()
#4 D:\Xampp\htdocs\diskominfosan\vendor\codeigniter4\framework\system\CodeIgniter.php(404): CodeIgniter\CodeIgniter->runController()
#5 D:\Xampp\htdocs\diskominfosan\vendor\codeigniter4\framework\system\CodeIgniter.php(312): CodeIgniter\CodeIgniter->handleRequest()
#6 D:\Xampp\htdocs\diskominfosan\public\index.php(45): CodeIgniter\CodeIgniter->run()
#7 D:\Xampp\htdocs\diskominfosan\vendor\codeigniter4\framework\system\Commands\Server\rewrite.php(34): require_once('D:\\Xampp\\htdocs...')
#8 {main}
CRITICAL - 2023-05-15 10:14:13 --> Trying to access array offset on value of type null
#0 D:\Xampp\htdocs\diskominfosan\app\Models\PendaftaranModel.php(38): CodeIgniter\Debug\Exceptions->errorHandler()
#1 D:\Xampp\htdocs\diskominfosan\app\Models\PendaftaranModel.php(83): App\Models\PendaftaranModel->_get_datatables_query()
#2 D:\Xampp\htdocs\diskominfosan\app\Controllers\DataPendaftaran.php(423): App\Models\PendaftaranModel->count_filtered()
#3 D:\Xampp\htdocs\diskominfosan\vendor\codeigniter4\framework\system\CodeIgniter.php(918): App\Controllers\DataPendaftaran->filterData()
#4 D:\Xampp\htdocs\diskominfosan\vendor\codeigniter4\framework\system\CodeIgniter.php(404): CodeIgniter\CodeIgniter->runController()
#5 D:\Xampp\htdocs\diskominfosan\vendor\codeigniter4\framework\system\CodeIgniter.php(312): CodeIgniter\CodeIgniter->handleRequest()
#6 D:\Xampp\htdocs\diskominfosan\public\index.php(45): CodeIgniter\CodeIgniter->run()
#7 D:\Xampp\htdocs\diskominfosan\vendor\codeigniter4\framework\system\Commands\Server\rewrite.php(34): require_once('D:\\Xampp\\htdocs...')
#8 {main}
CRITICAL - 2023-05-15 10:15:58 --> Unknown column 'nama_kategori' in 'field list'
#0 D:\Xampp\htdocs\diskominfosan\vendor\codeigniter4\framework\system\Database\MySQLi\Connection.php(331): mysqli->query()
#1 D:\Xampp\htdocs\diskominfosan\vendor\codeigniter4\framework\system\Database\BaseConnection.php(741): CodeIgniter\Database\MySQLi\Connection->execute()
#2 D:\Xampp\htdocs\diskominfosan\vendor\codeigniter4\framework\system\Database\BaseConnection.php(669): CodeIgniter\Database\BaseConnection->simpleQuery()
#3 D:\Xampp\htdocs\diskominfosan\vendor\codeigniter4\framework\system\Database\BaseBuilder.php(1860): CodeIgniter\Database\BaseConnection->query()
#4 D:\Xampp\htdocs\diskominfosan\app\Models\PendaftaranModel.php(71): CodeIgniter\Database\BaseBuilder->get()
#5 D:\Xampp\htdocs\diskominfosan\app\Controllers\DataPendaftaran.php(391): App\Models\PendaftaranModel->get_datatables()
#6 D:\Xampp\htdocs\diskominfosan\vendor\codeigniter4\framework\system\CodeIgniter.php(918): App\Controllers\DataPendaftaran->filterData()
#7 D:\Xampp\htdocs\diskominfosan\vendor\codeigniter4\framework\system\CodeIgniter.php(404): CodeIgniter\CodeIgniter->runController()
#8 D:\Xampp\htdocs\diskominfosan\vendor\codeigniter4\framework\system\CodeIgniter.php(312): CodeIgniter\CodeIgniter->handleRequest()
#9 D:\Xampp\htdocs\diskominfosan\public\index.php(45): CodeIgniter\CodeIgniter->run()
#10 D:\Xampp\htdocs\diskominfosan\vendor\codeigniter4\framework\system\Commands\Server\rewrite.php(34): require_once('D:\\Xampp\\htdocs...')
#11 {main}
CRITICAL - 2023-05-15 10:18:15 --> Trying to access array offset on value of type null
#0 D:\Xampp\htdocs\diskominfosan\app\Models\PendaftaranModel.php(38): CodeIgniter\Debug\Exceptions->errorHandler()
#1 D:\Xampp\htdocs\diskominfosan\app\Models\PendaftaranModel.php(64): App\Models\PendaftaranModel->_get_datatables_query()
#2 D:\Xampp\htdocs\diskominfosan\app\Controllers\DataPendaftaran.php(391): App\Models\PendaftaranModel->get_datatables()
#3 D:\Xampp\htdocs\diskominfosan\vendor\codeigniter4\framework\system\CodeIgniter.php(918): App\Controllers\DataPendaftaran->filterData()
#4 D:\Xampp\htdocs\diskominfosan\vendor\codeigniter4\framework\system\CodeIgniter.php(404): CodeIgniter\CodeIgniter->runController()
#5 D:\Xampp\htdocs\diskominfosan\vendor\codeigniter4\framework\system\CodeIgniter.php(312): CodeIgniter\CodeIgniter->handleRequest()
#6 D:\Xampp\htdocs\diskominfosan\public\index.php(45): CodeIgniter\CodeIgniter->run()
#7 D:\Xampp\htdocs\diskominfosan\vendor\codeigniter4\framework\system\Commands\Server\rewrite.php(34): require_once('D:\\Xampp\\htdocs...')
#8 {main}
CRITICAL - 2023-05-15 10:23:04 --> Trying to access array offset on value of type null
#0 D:\Xampp\htdocs\diskominfosan\app\Models\PendaftaranModel.php(38): CodeIgniter\Debug\Exceptions->errorHandler()
#1 D:\Xampp\htdocs\diskominfosan\app\Models\PendaftaranModel.php(64): App\Models\PendaftaranModel->_get_datatables_query()
#2 D:\Xampp\htdocs\diskominfosan\app\Controllers\DataPendaftaran.php(391): App\Models\PendaftaranModel->get_datatables()
#3 D:\Xampp\htdocs\diskominfosan\vendor\codeigniter4\framework\system\CodeIgniter.php(918): App\Controllers\DataPendaftaran->filterData()
#4 D:\Xampp\htdocs\diskominfosan\vendor\codeigniter4\framework\system\CodeIgniter.php(404): CodeIgniter\CodeIgniter->runController()
#5 D:\Xampp\htdocs\diskominfosan\vendor\codeigniter4\framework\system\CodeIgniter.php(312): CodeIgniter\CodeIgniter->handleRequest()
#6 D:\Xampp\htdocs\diskominfosan\public\index.php(45): CodeIgniter\CodeIgniter->run()
#7 D:\Xampp\htdocs\diskominfosan\vendor\codeigniter4\framework\system\Commands\Server\rewrite.php(34): require_once('D:\\Xampp\\htdocs...')
#8 {main}
CRITICAL - 2023-05-15 10:25:08 --> Trying to access array offset on value of type null
#0 D:\Xampp\htdocs\diskominfosan\app\Models\PendaftaranModel.php(38): CodeIgniter\Debug\Exceptions->errorHandler()
#1 D:\Xampp\htdocs\diskominfosan\app\Models\PendaftaranModel.php(64): App\Models\PendaftaranModel->_get_datatables_query()
#2 D:\Xampp\htdocs\diskominfosan\app\Controllers\DataPendaftaran.php(391): App\Models\PendaftaranModel->get_datatables()
#3 D:\Xampp\htdocs\diskominfosan\vendor\codeigniter4\framework\system\CodeIgniter.php(918): App\Controllers\DataPendaftaran->filterData()
#4 D:\Xampp\htdocs\diskominfosan\vendor\codeigniter4\framework\system\CodeIgniter.php(404): CodeIgniter\CodeIgniter->runController()
#5 D:\Xampp\htdocs\diskominfosan\vendor\codeigniter4\framework\system\CodeIgniter.php(312): CodeIgniter\CodeIgniter->handleRequest()
#6 D:\Xampp\htdocs\diskominfosan\public\index.php(45): CodeIgniter\CodeIgniter->run()
#7 D:\Xampp\htdocs\diskominfosan\vendor\codeigniter4\framework\system\Commands\Server\rewrite.php(34): require_once('D:\\Xampp\\htdocs...')
#8 {main}
CRITICAL - 2023-05-15 10:25:23 --> Trying to access array offset on value of type null
#0 D:\Xampp\htdocs\diskominfosan\app\Models\PendaftaranModel.php(38): CodeIgniter\Debug\Exceptions->errorHandler()
#1 D:\Xampp\htdocs\diskominfosan\app\Models\PendaftaranModel.php(64): App\Models\PendaftaranModel->_get_datatables_query()
#2 D:\Xampp\htdocs\diskominfosan\app\Controllers\DataPendaftaran.php(391): App\Models\PendaftaranModel->get_datatables()
#3 D:\Xampp\htdocs\diskominfosan\vendor\codeigniter4\framework\system\CodeIgniter.php(918): App\Controllers\DataPendaftaran->filterData()
#4 D:\Xampp\htdocs\diskominfosan\vendor\codeigniter4\framework\system\CodeIgniter.php(404): CodeIgniter\CodeIgniter->runController()
#5 D:\Xampp\htdocs\diskominfosan\vendor\codeigniter4\framework\system\CodeIgniter.php(312): CodeIgniter\CodeIgniter->handleRequest()
#6 D:\Xampp\htdocs\diskominfosan\public\index.php(45): CodeIgniter\CodeIgniter->run()
#7 D:\Xampp\htdocs\diskominfosan\vendor\codeigniter4\framework\system\Commands\Server\rewrite.php(34): require_once('D:\\Xampp\\htdocs...')
#8 {main}
CRITICAL - 2023-05-15 10:31:49 --> Invalid file: filter_result.php
#0 D:\Xampp\htdocs\diskominfosan\vendor\codeigniter4\framework\system\View\View.php(228): CodeIgniter\Exceptions\FrameworkException::forInvalidFile()
#1 D:\Xampp\htdocs\diskominfosan\vendor\codeigniter4\framework\system\Common.php(1119): CodeIgniter\View\View->render()
#2 D:\Xampp\htdocs\diskominfosan\app\Controllers\DataPendaftaran.php(417): view()
#3 D:\Xampp\htdocs\diskominfosan\vendor\codeigniter4\framework\system\CodeIgniter.php(918): App\Controllers\DataPendaftaran->filterData()
#4 D:\Xampp\htdocs\diskominfosan\vendor\codeigniter4\framework\system\CodeIgniter.php(404): CodeIgniter\CodeIgniter->runController()
#5 D:\Xampp\htdocs\diskominfosan\vendor\codeigniter4\framework\system\CodeIgniter.php(312): CodeIgniter\CodeIgniter->handleRequest()
#6 D:\Xampp\htdocs\diskominfosan\public\index.php(45): CodeIgniter\CodeIgniter->run()
#7 D:\Xampp\htdocs\diskominfosan\vendor\codeigniter4\framework\system\Commands\Server\rewrite.php(34): require_once('D:\\Xampp\\htdocs...')
#8 {main}
CRITICAL - 2023-05-15 10:32:35 --> Undefined variable: title
#0 D:\Xampp\htdocs\diskominfosan\app\Views\layouts_admin\template_admin.php(7): CodeIgniter\Debug\Exceptions->errorHandler()
#1 D:\Xampp\htdocs\diskominfosan\vendor\codeigniter4\framework\system\View\View.php(246): include('D:\\Xampp\\htdocs...')
#2 D:\Xampp\htdocs\diskominfosan\vendor\codeigniter4\framework\system\View\View.php(257): CodeIgniter\View\View->render()
#3 D:\Xampp\htdocs\diskominfosan\vendor\codeigniter4\framework\system\Common.php(1119): CodeIgniter\View\View->render()
#4 D:\Xampp\htdocs\diskominfosan\app\Controllers\DataPendaftaran.php(417): view()
#5 D:\Xampp\htdocs\diskominfosan\vendor\codeigniter4\framework\system\CodeIgniter.php(918): App\Controllers\DataPendaftaran->filterData()
#6 D:\Xampp\htdocs\diskominfosan\vendor\codeigniter4\framework\system\CodeIgniter.php(404): CodeIgniter\CodeIgniter->runController()
#7 D:\Xampp\htdocs\diskominfosan\vendor\codeigniter4\framework\system\CodeIgniter.php(312): CodeIgniter\CodeIgniter->handleRequest()
#8 D:\Xampp\htdocs\diskominfosan\public\index.php(45): CodeIgniter\CodeIgniter->run()
#9 D:\Xampp\htdocs\diskominfosan\vendor\codeigniter4\framework\system\Commands\Server\rewrite.php(34): require_once('D:\\Xampp\\htdocs...')
#10 {main}
CRITICAL - 2023-05-15 10:33:23 --> Undefined variable: title
#0 D:\Xampp\htdocs\diskominfosan\app\Views\layouts_admin\template_admin.php(7): CodeIgniter\Debug\Exceptions->errorHandler()
#1 D:\Xampp\htdocs\diskominfosan\vendor\codeigniter4\framework\system\View\View.php(246): include('D:\\Xampp\\htdocs...')
#2 D:\Xampp\htdocs\diskominfosan\vendor\codeigniter4\framework\system\View\View.php(257): CodeIgniter\View\View->render()
#3 D:\Xampp\htdocs\diskominfosan\vendor\codeigniter4\framework\system\Common.php(1119): CodeIgniter\View\View->render()
#4 D:\Xampp\htdocs\diskominfosan\app\Controllers\DataPendaftaran.php(434): view()
#5 D:\Xampp\htdocs\diskominfosan\vendor\codeigniter4\framework\system\CodeIgniter.php(918): App\Controllers\DataPendaftaran->filterData()
#6 D:\Xampp\htdocs\diskominfosan\vendor\codeigniter4\framework\system\CodeIgniter.php(404): CodeIgniter\CodeIgniter->runController()
#7 D:\Xampp\htdocs\diskominfosan\vendor\codeigniter4\framework\system\CodeIgniter.php(312): CodeIgniter\CodeIgniter->handleRequest()
#8 D:\Xampp\htdocs\diskominfosan\public\index.php(45): CodeIgniter\CodeIgniter->run()
#9 D:\Xampp\htdocs\diskominfosan\vendor\codeigniter4\framework\system\Commands\Server\rewrite.php(34): require_once('D:\\Xampp\\htdocs...')
#10 {main}
CRITICAL - 2023-05-15 10:34:09 --> Undefined variable: title
#0 D:\Xampp\htdocs\diskominfosan\app\Views\layouts_admin\template_admin.php(7): CodeIgniter\Debug\Exceptions->errorHandler()
#1 D:\Xampp\htdocs\diskominfosan\vendor\codeigniter4\framework\system\View\View.php(246): include('D:\\Xampp\\htdocs...')
#2 D:\Xampp\htdocs\diskominfosan\vendor\codeigniter4\framework\system\View\View.php(257): CodeIgniter\View\View->render()
#3 D:\Xampp\htdocs\diskominfosan\vendor\codeigniter4\framework\system\Common.php(1119): CodeIgniter\View\View->render()
#4 D:\Xampp\htdocs\diskominfosan\app\Controllers\DataPendaftaran.php(434): view()
#5 D:\Xampp\htdocs\diskominfosan\vendor\codeigniter4\framework\system\CodeIgniter.php(918): App\Controllers\DataPendaftaran->filterData()
#6 D:\Xampp\htdocs\diskominfosan\vendor\codeigniter4\framework\system\CodeIgniter.php(404): CodeIgniter\CodeIgniter->runController()
#7 D:\Xampp\htdocs\diskominfosan\vendor\codeigniter4\framework\system\CodeIgniter.php(312): CodeIgniter\CodeIgniter->handleRequest()
#8 D:\Xampp\htdocs\diskominfosan\public\index.php(45): CodeIgniter\CodeIgniter->run()
#9 D:\Xampp\htdocs\diskominfosan\vendor\codeigniter4\framework\system\Commands\Server\rewrite.php(34): require_once('D:\\Xampp\\htdocs...')
#10 {main}
CRITICAL - 2023-05-15 10:37:27 --> Undefined variable: events
#0 D:\Xampp\htdocs\diskominfosan\app\Views\layouts_admin\template_admin.php(46): CodeIgniter\Debug\Exceptions->errorHandler()
#1 D:\Xampp\htdocs\diskominfosan\vendor\codeigniter4\framework\system\View\View.php(246): include('D:\\Xampp\\htdocs...')
#2 D:\Xampp\htdocs\diskominfosan\vendor\codeigniter4\framework\system\View\View.php(257): CodeIgniter\View\View->render()
#3 D:\Xampp\htdocs\diskominfosan\vendor\codeigniter4\framework\system\Common.php(1119): CodeIgniter\View\View->render()
#4 D:\Xampp\htdocs\diskominfosan\app\Controllers\DataPendaftaran.php(435): view()
#5 D:\Xampp\htdocs\diskominfosan\vendor\codeigniter4\framework\system\CodeIgniter.php(918): App\Controllers\DataPendaftaran->filterData()
#6 D:\Xampp\htdocs\diskominfosan\vendor\codeigniter4\framework\system\CodeIgniter.php(404): CodeIgniter\CodeIgniter->runController()
#7 D:\Xampp\htdocs\diskominfosan\vendor\codeigniter4\framework\system\CodeIgniter.php(312): CodeIgniter\CodeIgniter->handleRequest()
#8 D:\Xampp\htdocs\diskominfosan\public\index.php(45): CodeIgniter\CodeIgniter->run()
#9 D:\Xampp\htdocs\diskominfosan\vendor\codeigniter4\framework\system\Commands\Server\rewrite.php(34): require_once('D:\\Xampp\\htdocs...')
#10 {main}
CRITICAL - 2023-05-15 10:38:29 --> Object of class stdClass could not be converted to string
#0 D:\Xampp\htdocs\diskominfosan\vendor\codeigniter4\framework\system\View\View.php(246): include()
#1 D:\Xampp\htdocs\diskominfosan\vendor\codeigniter4\framework\system\Common.php(1119): CodeIgniter\View\View->render()
#2 D:\Xampp\htdocs\diskominfosan\app\Controllers\DataPendaftaran.php(436): view()
#3 D:\Xampp\htdocs\diskominfosan\vendor\codeigniter4\framework\system\CodeIgniter.php(918): App\Controllers\DataPendaftaran->filterData()
#4 D:\Xampp\htdocs\diskominfosan\vendor\codeigniter4\framework\system\CodeIgniter.php(404): CodeIgniter\CodeIgniter->runController()
#5 D:\Xampp\htdocs\diskominfosan\vendor\codeigniter4\framework\system\CodeIgniter.php(312): CodeIgniter\CodeIgniter->handleRequest()
#6 D:\Xampp\htdocs\diskominfosan\public\index.php(45): CodeIgniter\CodeIgniter->run()
#7 D:\Xampp\htdocs\diskominfosan\vendor\codeigniter4\framework\system\Commands\Server\rewrite.php(34): require_once('D:\\Xampp\\htdocs...')
#8 {main}
CRITICAL - 2023-05-15 10:39:11 --> Undefined index: nama_peserta
#0 D:\Xampp\htdocs\diskominfosan\app\Views\v_dataPendaftaran\filter.php(66): CodeIgniter\Debug\Exceptions->errorHandler()
#1 D:\Xampp\htdocs\diskominfosan\vendor\codeigniter4\framework\system\View\View.php(246): include('D:\\Xampp\\htdocs...')
#2 D:\Xampp\htdocs\diskominfosan\vendor\codeigniter4\framework\system\Common.php(1119): CodeIgniter\View\View->render()
#3 D:\Xampp\htdocs\diskominfosan\app\Controllers\DataPendaftaran.php(436): view()
#4 D:\Xampp\htdocs\diskominfosan\vendor\codeigniter4\framework\system\CodeIgniter.php(918): App\Controllers\DataPendaftaran->filterData()
#5 D:\Xampp\htdocs\diskominfosan\vendor\codeigniter4\framework\system\CodeIgniter.php(404): CodeIgniter\CodeIgniter->runController()
#6 D:\Xampp\htdocs\diskominfosan\vendor\codeigniter4\framework\system\CodeIgniter.php(312): CodeIgniter\CodeIgniter->handleRequest()
#7 D:\Xampp\htdocs\diskominfosan\public\index.php(45): CodeIgniter\CodeIgniter->run()
#8 D:\Xampp\htdocs\diskominfosan\vendor\codeigniter4\framework\system\Commands\Server\rewrite.php(34): require_once('D:\\Xampp\\htdocs...')
#9 {main}
CRITICAL - 2023-05-15 10:39:40 --> Object of class stdClass could not be converted to string
#0 D:\Xampp\htdocs\diskominfosan\vendor\codeigniter4\framework\system\View\View.php(246): include()
#1 D:\Xampp\htdocs\diskominfosan\vendor\codeigniter4\framework\system\Common.php(1119): CodeIgniter\View\View->render()
#2 D:\Xampp\htdocs\diskominfosan\app\Controllers\DataPendaftaran.php(436): view()
#3 D:\Xampp\htdocs\diskominfosan\vendor\codeigniter4\framework\system\CodeIgniter.php(918): App\Controllers\DataPendaftaran->filterData()
#4 D:\Xampp\htdocs\diskominfosan\vendor\codeigniter4\framework\system\CodeIgniter.php(404): CodeIgniter\CodeIgniter->runController()
#5 D:\Xampp\htdocs\diskominfosan\vendor\codeigniter4\framework\system\CodeIgniter.php(312): CodeIgniter\CodeIgniter->handleRequest()
#6 D:\Xampp\htdocs\diskominfosan\public\index.php(45): CodeIgniter\CodeIgniter->run()
#7 D:\Xampp\htdocs\diskominfosan\vendor\codeigniter4\framework\system\Commands\Server\rewrite.php(34): require_once('D:\\Xampp\\htdocs...')
#8 {main}
CRITICAL - 2023-05-15 10:41:05 --> Trying to get property 'nama_peserta' of non-object
#0 D:\Xampp\htdocs\diskominfosan\app\Views\v_dataPendaftaran\filter.php(66): CodeIgniter\Debug\Exceptions->errorHandler()
#1 D:\Xampp\htdocs\diskominfosan\vendor\codeigniter4\framework\system\View\View.php(246): include('D:\\Xampp\\htdocs...')
#2 D:\Xampp\htdocs\diskominfosan\vendor\codeigniter4\framework\system\Common.php(1119): CodeIgniter\View\View->render()
#3 D:\Xampp\htdocs\diskominfosan\app\Controllers\DataPendaftaran.php(436): view()
#4 D:\Xampp\htdocs\diskominfosan\vendor\codeigniter4\framework\system\CodeIgniter.php(918): App\Controllers\DataPendaftaran->filterData()
#5 D:\Xampp\htdocs\diskominfosan\vendor\codeigniter4\framework\system\CodeIgniter.php(404): CodeIgniter\CodeIgniter->runController()
#6 D:\Xampp\htdocs\diskominfosan\vendor\codeigniter4\framework\system\CodeIgniter.php(312): CodeIgniter\CodeIgniter->handleRequest()
#7 D:\Xampp\htdocs\diskominfosan\public\index.php(45): CodeIgniter\CodeIgniter->run()
#8 D:\Xampp\htdocs\diskominfosan\vendor\codeigniter4\framework\system\Commands\Server\rewrite.php(34): require_once('D:\\Xampp\\htdocs...')
#9 {main}
CRITICAL - 2023-05-15 10:42:22 --> Undefined index: nama_peserta
#0 D:\Xampp\htdocs\diskominfosan\app\Views\v_dataPendaftaran\filter.php(66): CodeIgniter\Debug\Exceptions->errorHandler()
#1 D:\Xampp\htdocs\diskominfosan\vendor\codeigniter4\framework\system\View\View.php(246): include('D:\\Xampp\\htdocs...')
#2 D:\Xampp\htdocs\diskominfosan\vendor\codeigniter4\framework\system\Common.php(1119): CodeIgniter\View\View->render()
#3 D:\Xampp\htdocs\diskominfosan\app\Controllers\DataPendaftaran.php(436): view()
#4 D:\Xampp\htdocs\diskominfosan\vendor\codeigniter4\framework\system\CodeIgniter.php(918): App\Controllers\DataPendaftaran->filterData()
#5 D:\Xampp\htdocs\diskominfosan\vendor\codeigniter4\framework\system\CodeIgniter.php(404): CodeIgniter\CodeIgniter->runController()
#6 D:\Xampp\htdocs\diskominfosan\vendor\codeigniter4\framework\system\CodeIgniter.php(312): CodeIgniter\CodeIgniter->handleRequest()
#7 D:\Xampp\htdocs\diskominfosan\public\index.php(45): CodeIgniter\CodeIgniter->run()
#8 D:\Xampp\htdocs\diskominfosan\vendor\codeigniter4\framework\system\Commands\Server\rewrite.php(34): require_once('D:\\Xampp\\htdocs...')
#9 {main}
CRITICAL - 2023-05-15 11:06:09 --> Undefined variable: events
#0 D:\Xampp\htdocs\diskominfosan\app\Views\layouts_admin\template_admin.php(46): CodeIgniter\Debug\Exceptions->errorHandler()
#1 D:\Xampp\htdocs\diskominfosan\vendor\codeigniter4\framework\system\View\View.php(246): include('D:\\Xampp\\htdocs...')
#2 D:\Xampp\htdocs\diskominfosan\vendor\codeigniter4\framework\system\View\View.php(257): CodeIgniter\View\View->render()
#3 D:\Xampp\htdocs\diskominfosan\vendor\codeigniter4\framework\system\Common.php(1119): CodeIgniter\View\View->render()
#4 D:\Xampp\htdocs\diskominfosan\app\Controllers\DataPendaftaran.php(427): view()
#5 D:\Xampp\htdocs\diskominfosan\vendor\codeigniter4\framework\system\CodeIgniter.php(918): App\Controllers\DataPendaftaran->filterData()
#6 D:\Xampp\htdocs\diskominfosan\vendor\codeigniter4\framework\system\CodeIgniter.php(404): CodeIgniter\CodeIgniter->runController()
#7 D:\Xampp\htdocs\diskominfosan\vendor\codeigniter4\framework\system\CodeIgniter.php(312): CodeIgniter\CodeIgniter->handleRequest()
#8 D:\Xampp\htdocs\diskominfosan\public\index.php(45): CodeIgniter\CodeIgniter->run()
#9 D:\Xampp\htdocs\diskominfosan\vendor\codeigniter4\framework\system\Commands\Server\rewrite.php(34): require_once('D:\\Xampp\\htdocs...')
#10 {main}
CRITICAL - 2023-05-15 11:11:31 --> Undefined index: nama_kategori
#0 D:\Xampp\htdocs\diskominfosan\app\Views\v_dataPendaftaran\filter.php(68): CodeIgniter\Debug\Exceptions->errorHandler()
#1 D:\Xampp\htdocs\diskominfosan\vendor\codeigniter4\framework\system\View\View.php(246): include('D:\\Xampp\\htdocs...')
#2 D:\Xampp\htdocs\diskominfosan\vendor\codeigniter4\framework\system\Common.php(1119): CodeIgniter\View\View->render()
#3 D:\Xampp\htdocs\diskominfosan\app\Controllers\DataPendaftaran.php(427): view()
#4 D:\Xampp\htdocs\diskominfosan\vendor\codeigniter4\framework\system\CodeIgniter.php(918): App\Controllers\DataPendaftaran->filterData()
#5 D:\Xampp\htdocs\diskominfosan\vendor\codeigniter4\framework\system\CodeIgniter.php(404): CodeIgniter\CodeIgniter->runController()
#6 D:\Xampp\htdocs\diskominfosan\vendor\codeigniter4\framework\system\CodeIgniter.php(312): CodeIgniter\CodeIgniter->handleRequest()
#7 D:\Xampp\htdocs\diskominfosan\public\index.php(45): CodeIgniter\CodeIgniter->run()
#8 D:\Xampp\htdocs\diskominfosan\vendor\codeigniter4\framework\system\Commands\Server\rewrite.php(34): require_once('D:\\Xampp\\htdocs...')
#9 {main}
CRITICAL - 2023-05-15 11:26:53 --> Trying to get property 'foto' of non-object
#0 D:\Xampp\htdocs\diskominfosan\app\Views\v_dataPendaftaran\filter.php(71): CodeIgniter\Debug\Exceptions->errorHandler()
#1 D:\Xampp\htdocs\diskominfosan\vendor\codeigniter4\framework\system\View\View.php(246): include('D:\\Xampp\\htdocs...')
#2 D:\Xampp\htdocs\diskominfosan\vendor\codeigniter4\framework\system\Common.php(1119): CodeIgniter\View\View->render()
#3 D:\Xampp\htdocs\diskominfosan\app\Controllers\DataPendaftaran.php(428): view()
#4 D:\Xampp\htdocs\diskominfosan\vendor\codeigniter4\framework\system\CodeIgniter.php(918): App\Controllers\DataPendaftaran->filterData()
#5 D:\Xampp\htdocs\diskominfosan\vendor\codeigniter4\framework\system\CodeIgniter.php(404): CodeIgniter\CodeIgniter->runController()
#6 D:\Xampp\htdocs\diskominfosan\vendor\codeigniter4\framework\system\CodeIgniter.php(312): CodeIgniter\CodeIgniter->handleRequest()
#7 D:\Xampp\htdocs\diskominfosan\public\index.php(45): CodeIgniter\CodeIgniter->run()
#8 D:\Xampp\htdocs\diskominfosan\vendor\codeigniter4\framework\system\Commands\Server\rewrite.php(34): require_once('D:\\Xampp\\htdocs...')
#9 {main}
CRITICAL - 2023-05-15 11:38:18 --> Call to undefined method CodeIgniter\View\View::_action()
#0 D:\Xampp\htdocs\diskominfosan\vendor\codeigniter4\framework\system\View\View.php(246): include()
#1 D:\Xampp\htdocs\diskominfosan\vendor\codeigniter4\framework\system\Common.php(1119): CodeIgniter\View\View->render()
#2 D:\Xampp\htdocs\diskominfosan\app\Controllers\DataPendaftaran.php(428): view()
#3 D:\Xampp\htdocs\diskominfosan\vendor\codeigniter4\framework\system\CodeIgniter.php(918): App\Controllers\DataPendaftaran->filterData()
#4 D:\Xampp\htdocs\diskominfosan\vendor\codeigniter4\framework\system\CodeIgniter.php(404): CodeIgniter\CodeIgniter->runController()
#5 D:\Xampp\htdocs\diskominfosan\vendor\codeigniter4\framework\system\CodeIgniter.php(312): CodeIgniter\CodeIgniter->handleRequest()
#6 D:\Xampp\htdocs\diskominfosan\public\index.php(45): CodeIgniter\CodeIgniter->run()
#7 D:\Xampp\htdocs\diskominfosan\vendor\codeigniter4\framework\system\Commands\Server\rewrite.php(34): require_once('D:\\Xampp\\htdocs...')
#8 {main}
CRITICAL - 2023-05-15 11:44:07 --> Undefined variable: status_verifikasi
#0 D:\Xampp\htdocs\diskominfosan\app\Views\v_dataPendaftaran\filter.php(64): CodeIgniter\Debug\Exceptions->errorHandler()
#1 D:\Xampp\htdocs\diskominfosan\vendor\codeigniter4\framework\system\View\View.php(246): include('D:\\Xampp\\htdocs...')
#2 D:\Xampp\htdocs\diskominfosan\vendor\codeigniter4\framework\system\Common.php(1119): CodeIgniter\View\View->render()
#3 D:\Xampp\htdocs\diskominfosan\app\Controllers\DataPendaftaran.php(428): view()
#4 D:\Xampp\htdocs\diskominfosan\vendor\codeigniter4\framework\system\CodeIgniter.php(918): App\Controllers\DataPendaftaran->filterData()
#5 D:\Xampp\htdocs\diskominfosan\vendor\codeigniter4\framework\system\CodeIgniter.php(404): CodeIgniter\CodeIgniter->runController()
#6 D:\Xampp\htdocs\diskominfosan\vendor\codeigniter4\framework\system\CodeIgniter.php(312): CodeIgniter\CodeIgniter->handleRequest()
#7 D:\Xampp\htdocs\diskominfosan\public\index.php(45): CodeIgniter\CodeIgniter->run()
#8 D:\Xampp\htdocs\diskominfosan\vendor\codeigniter4\framework\system\Commands\Server\rewrite.php(34): require_once('D:\\Xampp\\htdocs...')
#9 {main}
CRITICAL - 2023-05-15 11:46:45 --> Undefined variable: row
#0 D:\Xampp\htdocs\diskominfosan\app\Views\v_dataPendaftaran\filter.php(64): CodeIgniter\Debug\Exceptions->errorHandler()
#1 D:\Xampp\htdocs\diskominfosan\vendor\codeigniter4\framework\system\View\View.php(246): include('D:\\Xampp\\htdocs...')
#2 D:\Xampp\htdocs\diskominfosan\vendor\codeigniter4\framework\system\Common.php(1119): CodeIgniter\View\View->render()
#3 D:\Xampp\htdocs\diskominfosan\app\Controllers\DataPendaftaran.php(428): view()
#4 D:\Xampp\htdocs\diskominfosan\vendor\codeigniter4\framework\system\CodeIgniter.php(918): App\Controllers\DataPendaftaran->filterData()
#5 D:\Xampp\htdocs\diskominfosan\vendor\codeigniter4\framework\system\CodeIgniter.php(404): CodeIgniter\CodeIgniter->runController()
#6 D:\Xampp\htdocs\diskominfosan\vendor\codeigniter4\framework\system\CodeIgniter.php(312): CodeIgniter\CodeIgniter->handleRequest()
#7 D:\Xampp\htdocs\diskominfosan\public\index.php(45): CodeIgniter\CodeIgniter->run()
#8 D:\Xampp\htdocs\diskominfosan\vendor\codeigniter4\framework\system\Commands\Server\rewrite.php(34): require_once('D:\\Xampp\\htdocs...')
#9 {main}
CRITICAL - 2023-05-15 11:48:59 --> Undefined variable: row
#0 D:\Xampp\htdocs\diskominfosan\app\Views\v_dataPendaftaran\filter.php(64): CodeIgniter\Debug\Exceptions->errorHandler()
#1 D:\Xampp\htdocs\diskominfosan\vendor\codeigniter4\framework\system\View\View.php(246): include('D:\\Xampp\\htdocs...')
#2 D:\Xampp\htdocs\diskominfosan\vendor\codeigniter4\framework\system\Common.php(1119): CodeIgniter\View\View->render()
#3 D:\Xampp\htdocs\diskominfosan\app\Controllers\DataPendaftaran.php(428): view()
#4 D:\Xampp\htdocs\diskominfosan\vendor\codeigniter4\framework\system\CodeIgniter.php(918): App\Controllers\DataPendaftaran->filterData()
#5 D:\Xampp\htdocs\diskominfosan\vendor\codeigniter4\framework\system\CodeIgniter.php(404): CodeIgniter\CodeIgniter->runController()
#6 D:\Xampp\htdocs\diskominfosan\vendor\codeigniter4\framework\system\CodeIgniter.php(312): CodeIgniter\CodeIgniter->handleRequest()
#7 D:\Xampp\htdocs\diskominfosan\public\index.php(45): CodeIgniter\CodeIgniter->run()
#8 D:\Xampp\htdocs\diskominfosan\vendor\codeigniter4\framework\system\Commands\Server\rewrite.php(34): require_once('D:\\Xampp\\htdocs...')
#9 {main}
CRITICAL - 2023-05-15 11:49:46 --> Undefined variable: data
#0 D:\Xampp\htdocs\diskominfosan\app\Views\v_dataPendaftaran\filter.php(64): CodeIgniter\Debug\Exceptions->errorHandler()
#1 D:\Xampp\htdocs\diskominfosan\vendor\codeigniter4\framework\system\View\View.php(246): include('D:\\Xampp\\htdocs...')
#2 D:\Xampp\htdocs\diskominfosan\vendor\codeigniter4\framework\system\Common.php(1119): CodeIgniter\View\View->render()
#3 D:\Xampp\htdocs\diskominfosan\app\Controllers\DataPendaftaran.php(428): view()
#4 D:\Xampp\htdocs\diskominfosan\vendor\codeigniter4\framework\system\CodeIgniter.php(918): App\Controllers\DataPendaftaran->filterData()
#5 D:\Xampp\htdocs\diskominfosan\vendor\codeigniter4\framework\system\CodeIgniter.php(404): CodeIgniter\CodeIgniter->runController()
#6 D:\Xampp\htdocs\diskominfosan\vendor\codeigniter4\framework\system\CodeIgniter.php(312): CodeIgniter\CodeIgniter->handleRequest()
#7 D:\Xampp\htdocs\diskominfosan\public\index.php(45): CodeIgniter\CodeIgniter->run()
#8 D:\Xampp\htdocs\diskominfosan\vendor\codeigniter4\framework\system\Commands\Server\rewrite.php(34): require_once('D:\\Xampp\\htdocs...')
#9 {main}
CRITICAL - 2023-05-15 11:50:47 --> Undefined variable: row
#0 D:\Xampp\htdocs\diskominfosan\app\Views\v_dataPendaftaran\filter.php(54): CodeIgniter\Debug\Exceptions->errorHandler()
#1 D:\Xampp\htdocs\diskominfosan\vendor\codeigniter4\framework\system\View\View.php(246): include('D:\\Xampp\\htdocs...')
#2 D:\Xampp\htdocs\diskominfosan\vendor\codeigniter4\framework\system\Common.php(1119): CodeIgniter\View\View->render()
#3 D:\Xampp\htdocs\diskominfosan\app\Controllers\DataPendaftaran.php(428): view()
#4 D:\Xampp\htdocs\diskominfosan\vendor\codeigniter4\framework\system\CodeIgniter.php(918): App\Controllers\DataPendaftaran->filterData()
#5 D:\Xampp\htdocs\diskominfosan\vendor\codeigniter4\framework\system\CodeIgniter.php(404): CodeIgniter\CodeIgniter->runController()
#6 D:\Xampp\htdocs\diskominfosan\vendor\codeigniter4\framework\system\CodeIgniter.php(312): CodeIgniter\CodeIgniter->handleRequest()
#7 D:\Xampp\htdocs\diskominfosan\public\index.php(45): CodeIgniter\CodeIgniter->run()
#8 D:\Xampp\htdocs\diskominfosan\vendor\codeigniter4\framework\system\Commands\Server\rewrite.php(34): require_once('D:\\Xampp\\htdocs...')
#9 {main}
CRITICAL - 2023-05-15 11:55:31 --> Undefined variable: row
#0 D:\Xampp\htdocs\diskominfosan\app\Views\v_dataPendaftaran\filter.php(64): CodeIgniter\Debug\Exceptions->errorHandler()
#1 D:\Xampp\htdocs\diskominfosan\vendor\codeigniter4\framework\system\View\View.php(246): include('D:\\Xampp\\htdocs...')
#2 D:\Xampp\htdocs\diskominfosan\vendor\codeigniter4\framework\system\Common.php(1119): CodeIgniter\View\View->render()
#3 D:\Xampp\htdocs\diskominfosan\app\Controllers\DataPendaftaran.php(428): view()
#4 D:\Xampp\htdocs\diskominfosan\vendor\codeigniter4\framework\system\CodeIgniter.php(918): App\Controllers\DataPendaftaran->filterData()
#5 D:\Xampp\htdocs\diskominfosan\vendor\codeigniter4\framework\system\CodeIgniter.php(404): CodeIgniter\CodeIgniter->runController()
#6 D:\Xampp\htdocs\diskominfosan\vendor\codeigniter4\framework\system\CodeIgniter.php(312): CodeIgniter\CodeIgniter->handleRequest()
#7 D:\Xampp\htdocs\diskominfosan\public\index.php(45): CodeIgniter\CodeIgniter->run()
#8 D:\Xampp\htdocs\diskominfosan\vendor\codeigniter4\framework\system\Commands\Server\rewrite.php(34): require_once('D:\\Xampp\\htdocs...')
#9 {main}
CRITICAL - 2023-05-15 11:55:59 --> Undefined variable: row
#0 D:\Xampp\htdocs\diskominfosan\app\Views\v_dataPendaftaran\filter.php(64): CodeIgniter\Debug\Exceptions->errorHandler()
#1 D:\Xampp\htdocs\diskominfosan\vendor\codeigniter4\framework\system\View\View.php(246): include('D:\\Xampp\\htdocs...')
#2 D:\Xampp\htdocs\diskominfosan\vendor\codeigniter4\framework\system\Common.php(1119): CodeIgniter\View\View->render()
#3 D:\Xampp\htdocs\diskominfosan\app\Controllers\DataPendaftaran.php(428): view()
#4 D:\Xampp\htdocs\diskominfosan\vendor\codeigniter4\framework\system\CodeIgniter.php(918): App\Controllers\DataPendaftaran->filterData()
#5 D:\Xampp\htdocs\diskominfosan\vendor\codeigniter4\framework\system\CodeIgniter.php(404): CodeIgniter\CodeIgniter->runController()
#6 D:\Xampp\htdocs\diskominfosan\vendor\codeigniter4\framework\system\CodeIgniter.php(312): CodeIgniter\CodeIgniter->handleRequest()
#7 D:\Xampp\htdocs\diskominfosan\public\index.php(45): CodeIgniter\CodeIgniter->run()
#8 D:\Xampp\htdocs\diskominfosan\vendor\codeigniter4\framework\system\Commands\Server\rewrite.php(34): require_once('D:\\Xampp\\htdocs...')
#9 {main}
CRITICAL - 2023-05-15 14:33:04 --> Undefined property: stdClass::$nama_kampus
#0 D:\Xampp\htdocs\diskominfosan\app\Controllers\DataPendaftaran.php(446): CodeIgniter\Debug\Exceptions->errorHandler()
#1 D:\Xampp\htdocs\diskominfosan\vendor\codeigniter4\framework\system\CodeIgniter.php(918): App\Controllers\DataPendaftaran->ajaxDataPendaftaran()
#2 D:\Xampp\htdocs\diskominfosan\vendor\codeigniter4\framework\system\CodeIgniter.php(404): CodeIgniter\CodeIgniter->runController()
#3 D:\Xampp\htdocs\diskominfosan\vendor\codeigniter4\framework\system\CodeIgniter.php(312): CodeIgniter\CodeIgniter->handleRequest()
#4 D:\Xampp\htdocs\diskominfosan\public\index.php(45): CodeIgniter\CodeIgniter->run()
#5 D:\Xampp\htdocs\diskominfosan\vendor\codeigniter4\framework\system\Commands\Server\rewrite.php(34): require_once('D:\\Xampp\\htdocs...')
#6 {main}
