CRITICAL - 2023-05-07 00:53:19 --> There is no data to update.
#0 D:\Xampp\htdocs\diskominfosan\vendor\codeigniter4\framework\system\Model.php(834): CodeIgniter\Database\Exceptions\DataException::forEmptyDataset()
#1 D:\Xampp\htdocs\diskominfosan\app\Controllers\Nilai.php(161): CodeIgniter\Model->update()
#2 D:\Xampp\htdocs\diskominfosan\vendor\codeigniter4\framework\system\CodeIgniter.php(918): App\Controllers\Nilai->add()
#3 D:\Xampp\htdocs\diskominfosan\vendor\codeigniter4\framework\system\CodeIgniter.php(404): CodeIgniter\CodeIgniter->runController()
#4 D:\Xampp\htdocs\diskominfosan\vendor\codeigniter4\framework\system\CodeIgniter.php(312): CodeIgniter\CodeIgniter->handleRequest()
#5 D:\Xampp\htdocs\diskominfosan\public\index.php(45): CodeIgniter\CodeIgniter->run()
#6 D:\Xampp\htdocs\diskominfosan\vendor\codeigniter4\framework\system\Commands\Server\rewrite.php(34): require_once('D:\\Xampp\\htdocs...')
#7 {main}
CRITICAL - 2023-05-07 00:53:23 --> There is no data to update.
#0 D:\Xampp\htdocs\diskominfosan\vendor\codeigniter4\framework\system\Model.php(834): CodeIgniter\Database\Exceptions\DataException::forEmptyDataset()
#1 D:\Xampp\htdocs\diskominfosan\app\Controllers\Nilai.php(161): CodeIgniter\Model->update()
#2 D:\Xampp\htdocs\diskominfosan\vendor\codeigniter4\framework\system\CodeIgniter.php(918): App\Controllers\Nilai->add()
#3 D:\Xampp\htdocs\diskominfosan\vendor\codeigniter4\framework\system\CodeIgniter.php(404): CodeIgniter\CodeIgniter->runController()
#4 D:\Xampp\htdocs\diskominfosan\vendor\codeigniter4\framework\system\CodeIgniter.php(312): CodeIgniter\CodeIgniter->handleRequest()
#5 D:\Xampp\htdocs\diskominfosan\public\index.php(45): CodeIgniter\CodeIgniter->run()
#6 D:\Xampp\htdocs\diskominfosan\vendor\codeigniter4\framework\system\Commands\Server\rewrite.php(34): require_once('D:\\Xampp\\htdocs...')
#7 {main}
CRITICAL - 2023-05-07 00:53:24 --> There is no data to update.
#0 D:\Xampp\htdocs\diskominfosan\vendor\codeigniter4\framework\system\Model.php(834): CodeIgniter\Database\Exceptions\DataException::forEmptyDataset()
#1 D:\Xampp\htdocs\diskominfosan\app\Controllers\Nilai.php(161): CodeIgniter\Model->update()
#2 D:\Xampp\htdocs\diskominfosan\vendor\codeigniter4\framework\system\CodeIgniter.php(918): App\Controllers\Nilai->add()
#3 D:\Xampp\htdocs\diskominfosan\vendor\codeigniter4\framework\system\CodeIgniter.php(404): CodeIgniter\CodeIgniter->runController()
#4 D:\Xampp\htdocs\diskominfosan\vendor\codeigniter4\framework\system\CodeIgniter.php(312): CodeIgniter\CodeIgniter->handleRequest()
#5 D:\Xampp\htdocs\diskominfosan\public\index.php(45): CodeIgniter\CodeIgniter->run()
#6 D:\Xampp\htdocs\diskominfosan\vendor\codeigniter4\framework\system\Commands\Server\rewrite.php(34): require_once('D:\\Xampp\\htdocs...')
#7 {main}
CRITICAL - 2023-05-07 00:53:24 --> There is no data to update.
#0 D:\Xampp\htdocs\diskominfosan\vendor\codeigniter4\framework\system\Model.php(834): CodeIgniter\Database\Exceptions\DataException::forEmptyDataset()
#1 D:\Xampp\htdocs\diskominfosan\app\Controllers\Nilai.php(161): CodeIgniter\Model->update()
#2 D:\Xampp\htdocs\diskominfosan\vendor\codeigniter4\framework\system\CodeIgniter.php(918): App\Controllers\Nilai->add()
#3 D:\Xampp\htdocs\diskominfosan\vendor\codeigniter4\framework\system\CodeIgniter.php(404): CodeIgniter\CodeIgniter->runController()
#4 D:\Xampp\htdocs\diskominfosan\vendor\codeigniter4\framework\system\CodeIgniter.php(312): CodeIgniter\CodeIgniter->handleRequest()
#5 D:\Xampp\htdocs\diskominfosan\public\index.php(45): CodeIgniter\CodeIgniter->run()
#6 D:\Xampp\htdocs\diskominfosan\vendor\codeigniter4\framework\system\Commands\Server\rewrite.php(34): require_once('D:\\Xampp\\htdocs...')
#7 {main}
CRITICAL - 2023-05-07 00:53:24 --> There is no data to update.
#0 D:\Xampp\htdocs\diskominfosan\vendor\codeigniter4\framework\system\Model.php(834): CodeIgniter\Database\Exceptions\DataException::forEmptyDataset()
#1 D:\Xampp\htdocs\diskominfosan\app\Controllers\Nilai.php(161): CodeIgniter\Model->update()
#2 D:\Xampp\htdocs\diskominfosan\vendor\codeigniter4\framework\system\CodeIgniter.php(918): App\Controllers\Nilai->add()
#3 D:\Xampp\htdocs\diskominfosan\vendor\codeigniter4\framework\system\CodeIgniter.php(404): CodeIgniter\CodeIgniter->runController()
#4 D:\Xampp\htdocs\diskominfosan\vendor\codeigniter4\framework\system\CodeIgniter.php(312): CodeIgniter\CodeIgniter->handleRequest()
#5 D:\Xampp\htdocs\diskominfosan\public\index.php(45): CodeIgniter\CodeIgniter->run()
#6 D:\Xampp\htdocs\diskominfosan\vendor\codeigniter4\framework\system\Commands\Server\rewrite.php(34): require_once('D:\\Xampp\\htdocs...')
#7 {main}
CRITICAL - 2023-05-07 00:53:25 --> There is no data to update.
#0 D:\Xampp\htdocs\diskominfosan\vendor\codeigniter4\framework\system\Model.php(834): CodeIgniter\Database\Exceptions\DataException::forEmptyDataset()
#1 D:\Xampp\htdocs\diskominfosan\app\Controllers\Nilai.php(161): CodeIgniter\Model->update()
#2 D:\Xampp\htdocs\diskominfosan\vendor\codeigniter4\framework\system\CodeIgniter.php(918): App\Controllers\Nilai->add()
#3 D:\Xampp\htdocs\diskominfosan\vendor\codeigniter4\framework\system\CodeIgniter.php(404): CodeIgniter\CodeIgniter->runController()
#4 D:\Xampp\htdocs\diskominfosan\vendor\codeigniter4\framework\system\CodeIgniter.php(312): CodeIgniter\CodeIgniter->handleRequest()
#5 D:\Xampp\htdocs\diskominfosan\public\index.php(45): CodeIgniter\CodeIgniter->run()
#6 D:\Xampp\htdocs\diskominfosan\vendor\codeigniter4\framework\system\Commands\Server\rewrite.php(34): require_once('D:\\Xampp\\htdocs...')
#7 {main}
CRITICAL - 2023-05-07 00:53:25 --> There is no data to update.
#0 D:\Xampp\htdocs\diskominfosan\vendor\codeigniter4\framework\system\Model.php(834): CodeIgniter\Database\Exceptions\DataException::forEmptyDataset()
#1 D:\Xampp\htdocs\diskominfosan\app\Controllers\Nilai.php(161): CodeIgniter\Model->update()
#2 D:\Xampp\htdocs\diskominfosan\vendor\codeigniter4\framework\system\CodeIgniter.php(918): App\Controllers\Nilai->add()
#3 D:\Xampp\htdocs\diskominfosan\vendor\codeigniter4\framework\system\CodeIgniter.php(404): CodeIgniter\CodeIgniter->runController()
#4 D:\Xampp\htdocs\diskominfosan\vendor\codeigniter4\framework\system\CodeIgniter.php(312): CodeIgniter\CodeIgniter->handleRequest()
#5 D:\Xampp\htdocs\diskominfosan\public\index.php(45): CodeIgniter\CodeIgniter->run()
#6 D:\Xampp\htdocs\diskominfosan\vendor\codeigniter4\framework\system\Commands\Server\rewrite.php(34): require_once('D:\\Xampp\\htdocs...')
#7 {main}
CRITICAL - 2023-05-07 00:57:10 --> Unknown column 'keterangan_laporan' in 'where clause'
#0 D:\Xampp\htdocs\diskominfosan\vendor\codeigniter4\framework\system\Database\MySQLi\Connection.php(331): mysqli->query()
#1 D:\Xampp\htdocs\diskominfosan\vendor\codeigniter4\framework\system\Database\BaseConnection.php(741): CodeIgniter\Database\MySQLi\Connection->execute()
#2 D:\Xampp\htdocs\diskominfosan\vendor\codeigniter4\framework\system\Database\BaseConnection.php(669): CodeIgniter\Database\BaseConnection->simpleQuery()
#3 D:\Xampp\htdocs\diskominfosan\vendor\codeigniter4\framework\system\Database\BaseBuilder.php(1860): CodeIgniter\Database\BaseConnection->query()
#4 D:\Xampp\htdocs\diskominfosan\vendor\codeigniter4\framework\system\Model.php(462): CodeIgniter\Database\BaseBuilder->get()
#5 D:\Xampp\htdocs\diskominfosan\app\Controllers\Nilai.php(69): CodeIgniter\Model->findAll()
#6 D:\Xampp\htdocs\diskominfosan\vendor\codeigniter4\framework\system\CodeIgniter.php(918): App\Controllers\Nilai->index()
#7 D:\Xampp\htdocs\diskominfosan\vendor\codeigniter4\framework\system\CodeIgniter.php(404): CodeIgniter\CodeIgniter->runController()
#8 D:\Xampp\htdocs\diskominfosan\vendor\codeigniter4\framework\system\CodeIgniter.php(312): CodeIgniter\CodeIgniter->handleRequest()
#9 D:\Xampp\htdocs\diskominfosan\public\index.php(45): CodeIgniter\CodeIgniter->run()
#10 D:\Xampp\htdocs\diskominfosan\vendor\codeigniter4\framework\system\Commands\Server\rewrite.php(34): require_once('D:\\Xampp\\htdocs...')
#11 {main}
CRITICAL - 2023-05-07 23:14:18 --> Unknown column 'tbl_pendaftaran.nilai_id' in 'on clause'
#0 D:\Xampp\htdocs\diskominfosan\vendor\codeigniter4\framework\system\Database\MySQLi\Connection.php(331): mysqli->query()
#1 D:\Xampp\htdocs\diskominfosan\vendor\codeigniter4\framework\system\Database\BaseConnection.php(741): CodeIgniter\Database\MySQLi\Connection->execute()
#2 D:\Xampp\htdocs\diskominfosan\vendor\codeigniter4\framework\system\Database\BaseConnection.php(669): CodeIgniter\Database\BaseConnection->simpleQuery()
#3 D:\Xampp\htdocs\diskominfosan\vendor\codeigniter4\framework\system\Database\BaseBuilder.php(1860): CodeIgniter\Database\BaseConnection->query()
#4 D:\Xampp\htdocs\diskominfosan\app\Models\PendaftaranModel.php(71): CodeIgniter\Database\BaseBuilder->get()
#5 D:\Xampp\htdocs\diskominfosan\app\Controllers\DataPendaftaran.php(392): App\Models\PendaftaranModel->get_datatables()
#6 D:\Xampp\htdocs\diskominfosan\vendor\codeigniter4\framework\system\CodeIgniter.php(918): App\Controllers\DataPendaftaran->ajaxDataPendaftaran()
#7 D:\Xampp\htdocs\diskominfosan\vendor\codeigniter4\framework\system\CodeIgniter.php(404): CodeIgniter\CodeIgniter->runController()
#8 D:\Xampp\htdocs\diskominfosan\vendor\codeigniter4\framework\system\CodeIgniter.php(312): CodeIgniter\CodeIgniter->handleRequest()
#9 D:\Xampp\htdocs\diskominfosan\public\index.php(45): CodeIgniter\CodeIgniter->run()
#10 D:\Xampp\htdocs\diskominfosan\vendor\codeigniter4\framework\system\Commands\Server\rewrite.php(34): require_once('D:\\Xampp\\htdocs...')
#11 {main}
CRITICAL - 2023-05-07 23:15:27 --> Unknown column 'tbl_pendaftaran.nilai_id' in 'on clause'
#0 D:\Xampp\htdocs\diskominfosan\vendor\codeigniter4\framework\system\Database\MySQLi\Connection.php(331): mysqli->query()
#1 D:\Xampp\htdocs\diskominfosan\vendor\codeigniter4\framework\system\Database\BaseConnection.php(741): CodeIgniter\Database\MySQLi\Connection->execute()
#2 D:\Xampp\htdocs\diskominfosan\vendor\codeigniter4\framework\system\Database\BaseConnection.php(669): CodeIgniter\Database\BaseConnection->simpleQuery()
#3 D:\Xampp\htdocs\diskominfosan\vendor\codeigniter4\framework\system\Database\BaseBuilder.php(1860): CodeIgniter\Database\BaseConnection->query()
#4 D:\Xampp\htdocs\diskominfosan\app\Models\PendaftaranModel.php(71): CodeIgniter\Database\BaseBuilder->get()
#5 D:\Xampp\htdocs\diskominfosan\app\Controllers\DataPendaftaran.php(392): App\Models\PendaftaranModel->get_datatables()
#6 D:\Xampp\htdocs\diskominfosan\vendor\codeigniter4\framework\system\CodeIgniter.php(918): App\Controllers\DataPendaftaran->ajaxDataPendaftaran()
#7 D:\Xampp\htdocs\diskominfosan\vendor\codeigniter4\framework\system\CodeIgniter.php(404): CodeIgniter\CodeIgniter->runController()
#8 D:\Xampp\htdocs\diskominfosan\vendor\codeigniter4\framework\system\CodeIgniter.php(312): CodeIgniter\CodeIgniter->handleRequest()
#9 D:\Xampp\htdocs\diskominfosan\public\index.php(45): CodeIgniter\CodeIgniter->run()
#10 D:\Xampp\htdocs\diskominfosan\vendor\codeigniter4\framework\system\Commands\Server\rewrite.php(34): require_once('D:\\Xampp\\htdocs...')
#11 {main}
