CRITICAL - 2020-08-23 21:18:07 --> Class 'App\Controllers\CI_Controller' not found
#0 C:\xampp\htdocs\app-pmb\vendor\codeigniter4\framework\system\Router\Router.php(583): include_once()
#1 C:\xampp\htdocs\app-pmb\vendor\codeigniter4\framework\system\Router\Router.php(195): CodeIgniter\Router\Router->autoRoute('datafakultas')
#2 C:\xampp\htdocs\app-pmb\vendor\codeigniter4\framework\system\CodeIgniter.php(793): CodeIgniter\Router\Router->handle('datafakultas')
#3 C:\xampp\htdocs\app-pmb\vendor\codeigniter4\framework\system\CodeIgniter.php(364): CodeIgniter\CodeIgniter->tryToRouteIt(Object(CodeIgniter\Router\RouteCollection))
#4 C:\xampp\htdocs\app-pmb\vendor\codeigniter4\framework\system\CodeIgniter.php(312): CodeIgniter\CodeIgniter->handleRequest(NULL, Object(Config\Cache), false)
#5 C:\xampp\htdocs\app-pmb\public\index.php(45): CodeIgniter\CodeIgniter->run()
#6 C:\xampp\htdocs\app-pmb\vendor\codeigniter4\framework\system\Commands\Server\rewrite.php(34): require_once('C:\\xampp\\htdocs...')
#7 {main}
CRITICAL - 2020-08-23 21:18:36 --> Class 'App\Controllers\CI_Controller' not found
#0 C:\xampp\htdocs\app-pmb\vendor\codeigniter4\framework\system\Router\Router.php(583): include_once()
#1 C:\xampp\htdocs\app-pmb\vendor\codeigniter4\framework\system\Router\Router.php(195): CodeIgniter\Router\Router->autoRoute('datafakultas')
#2 C:\xampp\htdocs\app-pmb\vendor\codeigniter4\framework\system\CodeIgniter.php(793): CodeIgniter\Router\Router->handle('datafakultas')
#3 C:\xampp\htdocs\app-pmb\vendor\codeigniter4\framework\system\CodeIgniter.php(364): CodeIgniter\CodeIgniter->tryToRouteIt(Object(CodeIgniter\Router\RouteCollection))
#4 C:\xampp\htdocs\app-pmb\vendor\codeigniter4\framework\system\CodeIgniter.php(312): CodeIgniter\CodeIgniter->handleRequest(NULL, Object(Config\Cache), false)
#5 C:\xampp\htdocs\app-pmb\public\index.php(45): CodeIgniter\CodeIgniter->run()
#6 C:\xampp\htdocs\app-pmb\vendor\codeigniter4\framework\system\Commands\Server\rewrite.php(34): require_once('C:\\xampp\\htdocs...')
#7 {main}
CRITICAL - 2020-08-23 21:18:51 --> Class 'App\Controllers\CI_Controller' not found
#0 C:\xampp\htdocs\app-pmb\vendor\codeigniter4\framework\system\Router\Router.php(583): include_once()
#1 C:\xampp\htdocs\app-pmb\vendor\codeigniter4\framework\system\Router\Router.php(195): CodeIgniter\Router\Router->autoRoute('DataFakultas')
#2 C:\xampp\htdocs\app-pmb\vendor\codeigniter4\framework\system\CodeIgniter.php(793): CodeIgniter\Router\Router->handle('DataFakultas')
#3 C:\xampp\htdocs\app-pmb\vendor\codeigniter4\framework\system\CodeIgniter.php(364): CodeIgniter\CodeIgniter->tryToRouteIt(Object(CodeIgniter\Router\RouteCollection))
#4 C:\xampp\htdocs\app-pmb\vendor\codeigniter4\framework\system\CodeIgniter.php(312): CodeIgniter\CodeIgniter->handleRequest(NULL, Object(Config\Cache), false)
#5 C:\xampp\htdocs\app-pmb\public\index.php(45): CodeIgniter\CodeIgniter->run()
#6 C:\xampp\htdocs\app-pmb\vendor\codeigniter4\framework\system\Commands\Server\rewrite.php(34): require_once('C:\\xampp\\htdocs...')
#7 {main}
CRITICAL - 2020-08-23 21:45:58 --> Cannot call constructor
#0 C:\xampp\htdocs\app-pmb\vendor\codeigniter4\framework\system\CodeIgniter.php(890): App\Controllers\Informasi->__construct()
#1 C:\xampp\htdocs\app-pmb\vendor\codeigniter4\framework\system\CodeIgniter.php(399): CodeIgniter\CodeIgniter->createController()
#2 C:\xampp\htdocs\app-pmb\vendor\codeigniter4\framework\system\CodeIgniter.php(312): CodeIgniter\CodeIgniter->handleRequest(NULL, Object(Config\Cache), false)
#3 C:\xampp\htdocs\app-pmb\public\index.php(45): CodeIgniter\CodeIgniter->run()
#4 C:\xampp\htdocs\app-pmb\vendor\codeigniter4\framework\system\Commands\Server\rewrite.php(34): require_once('C:\\xampp\\htdocs...')
#5 {main}
