CRITICAL - 2023-04-04 03:51:19 -->  route cannot be found while reverse-routing.
#0 D:\Xampp\htdocs\diskominfosan\vendor\codeigniter4\framework\system\HTTP\RedirectResponse.php(92): CodeIgniter\HTTP\Exceptions\HTTPException::forInvalidRedirectRoute()
#1 D:\Xampp\htdocs\diskominfosan\vendor\codeigniter4\framework\system\Common.php(845): CodeIgniter\HTTP\RedirectResponse->route()
#2 D:\Xampp\htdocs\diskominfosan\app\Controllers\DataMentor.php(150): redirect()
#3 D:\Xampp\htdocs\diskominfosan\vendor\codeigniter4\framework\system\CodeIgniter.php(918): App\Controllers\DataMentor->tambah_mentor()
#4 D:\Xampp\htdocs\diskominfosan\vendor\codeigniter4\framework\system\CodeIgniter.php(404): CodeIgniter\CodeIgniter->runController()
#5 D:\Xampp\htdocs\diskominfosan\vendor\codeigniter4\framework\system\CodeIgniter.php(312): CodeIgniter\CodeIgniter->handleRequest()
#6 D:\Xampp\htdocs\diskominfosan\public\index.php(45): CodeIgniter\CodeIgniter->run()
#7 D:\Xampp\htdocs\diskominfosan\vendor\codeigniter4\framework\system\Commands\Server\rewrite.php(34): require_once('D:\\Xampp\\htdocs...')
#8 {main}
CRITICAL - 2023-04-04 12:48:20 --> Undefined offset: 6
#0 D:\Xampp\htdocs\diskominfosan\app\Models\UserModel.php(58): CodeIgniter\Debug\Exceptions->errorHandler()
#1 D:\Xampp\htdocs\diskominfosan\app\Models\UserModel.php(82): App\Models\UserModel->_get_datatables_query()
#2 D:\Xampp\htdocs\diskominfosan\app\Controllers\DataMentor.php(54): App\Models\UserModel->get_datatables()
#3 D:\Xampp\htdocs\diskominfosan\vendor\codeigniter4\framework\system\CodeIgniter.php(918): App\Controllers\DataMentor->ajaxDataMentor()
#4 D:\Xampp\htdocs\diskominfosan\vendor\codeigniter4\framework\system\CodeIgniter.php(404): CodeIgniter\CodeIgniter->runController()
#5 D:\Xampp\htdocs\diskominfosan\vendor\codeigniter4\framework\system\CodeIgniter.php(312): CodeIgniter\CodeIgniter->handleRequest()
#6 D:\Xampp\htdocs\diskominfosan\public\index.php(45): CodeIgniter\CodeIgniter->run()
#7 D:\Xampp\htdocs\diskominfosan\vendor\codeigniter4\framework\system\Commands\Server\rewrite.php(34): require_once('D:\\Xampp\\htdocs...')
#8 {main}
CRITICAL - 2023-04-04 12:48:42 --> Unknown column 'tbl_user.kategori_id' in 'on clause'
#0 D:\Xampp\htdocs\diskominfosan\vendor\codeigniter4\framework\system\Database\MySQLi\Connection.php(331): mysqli->query()
#1 D:\Xampp\htdocs\diskominfosan\vendor\codeigniter4\framework\system\Database\BaseConnection.php(741): CodeIgniter\Database\MySQLi\Connection->execute()
#2 D:\Xampp\htdocs\diskominfosan\vendor\codeigniter4\framework\system\Database\BaseConnection.php(669): CodeIgniter\Database\BaseConnection->simpleQuery()
#3 D:\Xampp\htdocs\diskominfosan\vendor\codeigniter4\framework\system\Database\BaseBuilder.php(1860): CodeIgniter\Database\BaseConnection->query()
#4 D:\Xampp\htdocs\diskominfosan\app\Models\UserModel.php(80): CodeIgniter\Database\BaseBuilder->get()
#5 D:\Xampp\htdocs\diskominfosan\app\Controllers\DataMentor.php(54): App\Models\UserModel->get_datatables()
#6 D:\Xampp\htdocs\diskominfosan\vendor\codeigniter4\framework\system\CodeIgniter.php(918): App\Controllers\DataMentor->ajaxDataMentor()
#7 D:\Xampp\htdocs\diskominfosan\vendor\codeigniter4\framework\system\CodeIgniter.php(404): CodeIgniter\CodeIgniter->runController()
#8 D:\Xampp\htdocs\diskominfosan\vendor\codeigniter4\framework\system\CodeIgniter.php(312): CodeIgniter\CodeIgniter->handleRequest()
#9 D:\Xampp\htdocs\diskominfosan\public\index.php(45): CodeIgniter\CodeIgniter->run()
#10 D:\Xampp\htdocs\diskominfosan\vendor\codeigniter4\framework\system\Commands\Server\rewrite.php(34): require_once('D:\\Xampp\\htdocs...')
#11 {main}
CRITICAL - 2023-04-04 13:18:25 --> Too few arguments to function App\Models\UserModel::_get_datatables_query(), 0 passed in D:\Xampp\htdocs\diskominfosan\app\Models\UserModel.php on line 78 and exactly 1 expected
#0 D:\Xampp\htdocs\diskominfosan\app\Models\UserModel.php(78): App\Models\UserModel->_get_datatables_query()
#1 D:\Xampp\htdocs\diskominfosan\app\Controllers\DataMentor.php(54): App\Models\UserModel->get_datatables()
#2 D:\Xampp\htdocs\diskominfosan\vendor\codeigniter4\framework\system\CodeIgniter.php(918): App\Controllers\DataMentor->ajaxDataMentor()
#3 D:\Xampp\htdocs\diskominfosan\vendor\codeigniter4\framework\system\CodeIgniter.php(404): CodeIgniter\CodeIgniter->runController()
#4 D:\Xampp\htdocs\diskominfosan\vendor\codeigniter4\framework\system\CodeIgniter.php(312): CodeIgniter\CodeIgniter->handleRequest()
#5 D:\Xampp\htdocs\diskominfosan\public\index.php(45): CodeIgniter\CodeIgniter->run()
#6 D:\Xampp\htdocs\diskominfosan\vendor\codeigniter4\framework\system\Commands\Server\rewrite.php(34): require_once('D:\\Xampp\\htdocs...')
#7 {main}
CRITICAL - 2023-04-04 13:22:28 --> Too few arguments to function App\Models\UserModel::_get_datatables_query(), 0 passed in D:\Xampp\htdocs\diskominfosan\app\Models\UserModel.php on line 78 and exactly 1 expected
#0 D:\Xampp\htdocs\diskominfosan\app\Models\UserModel.php(78): App\Models\UserModel->_get_datatables_query()
#1 D:\Xampp\htdocs\diskominfosan\app\Controllers\DataMentor.php(57): App\Models\UserModel->get_datatables()
#2 D:\Xampp\htdocs\diskominfosan\vendor\codeigniter4\framework\system\CodeIgniter.php(918): App\Controllers\DataMentor->ajaxDataMentor()
#3 D:\Xampp\htdocs\diskominfosan\vendor\codeigniter4\framework\system\CodeIgniter.php(404): CodeIgniter\CodeIgniter->runController()
#4 D:\Xampp\htdocs\diskominfosan\vendor\codeigniter4\framework\system\CodeIgniter.php(312): CodeIgniter\CodeIgniter->handleRequest()
#5 D:\Xampp\htdocs\diskominfosan\public\index.php(45): CodeIgniter\CodeIgniter->run()
#6 D:\Xampp\htdocs\diskominfosan\vendor\codeigniter4\framework\system\Commands\Server\rewrite.php(34): require_once('D:\\Xampp\\htdocs...')
#7 {main}
CRITICAL - 2023-04-04 13:23:57 --> Undefined property: stdClass::$nama_kategori
#0 D:\Xampp\htdocs\diskominfosan\app\Controllers\DataMentor.php(67): CodeIgniter\Debug\Exceptions->errorHandler()
#1 D:\Xampp\htdocs\diskominfosan\vendor\codeigniter4\framework\system\CodeIgniter.php(918): App\Controllers\DataMentor->ajaxDataMentor()
#2 D:\Xampp\htdocs\diskominfosan\vendor\codeigniter4\framework\system\CodeIgniter.php(404): CodeIgniter\CodeIgniter->runController()
#3 D:\Xampp\htdocs\diskominfosan\vendor\codeigniter4\framework\system\CodeIgniter.php(312): CodeIgniter\CodeIgniter->handleRequest()
#4 D:\Xampp\htdocs\diskominfosan\public\index.php(45): CodeIgniter\CodeIgniter->run()
#5 D:\Xampp\htdocs\diskominfosan\vendor\codeigniter4\framework\system\Commands\Server\rewrite.php(34): require_once('D:\\Xampp\\htdocs...')
#6 {main}
CRITICAL - 2023-04-04 13:51:31 --> Undefined property: stdClass::$nama_kategori
#0 D:\Xampp\htdocs\diskominfosan\app\Controllers\DataMentor.php(67): CodeIgniter\Debug\Exceptions->errorHandler()
#1 D:\Xampp\htdocs\diskominfosan\vendor\codeigniter4\framework\system\CodeIgniter.php(918): App\Controllers\DataMentor->ajaxDataMentor()
#2 D:\Xampp\htdocs\diskominfosan\vendor\codeigniter4\framework\system\CodeIgniter.php(404): CodeIgniter\CodeIgniter->runController()
#3 D:\Xampp\htdocs\diskominfosan\vendor\codeigniter4\framework\system\CodeIgniter.php(312): CodeIgniter\CodeIgniter->handleRequest()
#4 D:\Xampp\htdocs\diskominfosan\public\index.php(45): CodeIgniter\CodeIgniter->run()
#5 D:\Xampp\htdocs\diskominfosan\vendor\codeigniter4\framework\system\Commands\Server\rewrite.php(34): require_once('D:\\Xampp\\htdocs...')
#6 {main}
CRITICAL - 2023-04-04 13:52:03 --> Undefined property: stdClass::$nama_kategori
#0 D:\Xampp\htdocs\diskominfosan\app\Controllers\DataMentor.php(67): CodeIgniter\Debug\Exceptions->errorHandler()
#1 D:\Xampp\htdocs\diskominfosan\vendor\codeigniter4\framework\system\CodeIgniter.php(918): App\Controllers\DataMentor->ajaxDataMentor()
#2 D:\Xampp\htdocs\diskominfosan\vendor\codeigniter4\framework\system\CodeIgniter.php(404): CodeIgniter\CodeIgniter->runController()
#3 D:\Xampp\htdocs\diskominfosan\vendor\codeigniter4\framework\system\CodeIgniter.php(312): CodeIgniter\CodeIgniter->handleRequest()
#4 D:\Xampp\htdocs\diskominfosan\public\index.php(45): CodeIgniter\CodeIgniter->run()
#5 D:\Xampp\htdocs\diskominfosan\vendor\codeigniter4\framework\system\Commands\Server\rewrite.php(34): require_once('D:\\Xampp\\htdocs...')
#6 {main}
CRITICAL - 2023-04-04 13:52:16 --> Undefined property: stdClass::$nama_kategori
#0 D:\Xampp\htdocs\diskominfosan\app\Controllers\DataMentor.php(67): CodeIgniter\Debug\Exceptions->errorHandler()
#1 D:\Xampp\htdocs\diskominfosan\vendor\codeigniter4\framework\system\CodeIgniter.php(918): App\Controllers\DataMentor->ajaxDataMentor()
#2 D:\Xampp\htdocs\diskominfosan\vendor\codeigniter4\framework\system\CodeIgniter.php(404): CodeIgniter\CodeIgniter->runController()
#3 D:\Xampp\htdocs\diskominfosan\vendor\codeigniter4\framework\system\CodeIgniter.php(312): CodeIgniter\CodeIgniter->handleRequest()
#4 D:\Xampp\htdocs\diskominfosan\public\index.php(45): CodeIgniter\CodeIgniter->run()
#5 D:\Xampp\htdocs\diskominfosan\vendor\codeigniter4\framework\system\Commands\Server\rewrite.php(34): require_once('D:\\Xampp\\htdocs...')
#6 {main}
CRITICAL - 2023-04-04 22:58:48 --> Argument 1 passed to App\Models\BidangModel::__construct() must implement interface CodeIgniter\HTTP\RequestInterface, null given, called in D:\Xampp\htdocs\diskominfosan\app\Controllers\DataMentor.php on line 28
#0 D:\Xampp\htdocs\diskominfosan\app\Controllers\DataMentor.php(28): App\Models\BidangModel->__construct()
#1 D:\Xampp\htdocs\diskominfosan\vendor\codeigniter4\framework\system\CodeIgniter.php(890): App\Controllers\DataMentor->__construct()
#2 D:\Xampp\htdocs\diskominfosan\vendor\codeigniter4\framework\system\CodeIgniter.php(399): CodeIgniter\CodeIgniter->createController()
#3 D:\Xampp\htdocs\diskominfosan\vendor\codeigniter4\framework\system\CodeIgniter.php(312): CodeIgniter\CodeIgniter->handleRequest()
#4 D:\Xampp\htdocs\diskominfosan\public\index.php(45): CodeIgniter\CodeIgniter->run()
#5 D:\Xampp\htdocs\diskominfosan\vendor\codeigniter4\framework\system\Commands\Server\rewrite.php(34): require_once('D:\\Xampp\\htdocs...')
#6 {main}
CRITICAL - 2023-04-04 23:09:46 --> Unknown column 'role' in 'field list'
#0 D:\Xampp\htdocs\diskominfosan\vendor\codeigniter4\framework\system\Database\MySQLi\Connection.php(331): mysqli->query()
#1 D:\Xampp\htdocs\diskominfosan\vendor\codeigniter4\framework\system\Database\BaseConnection.php(741): CodeIgniter\Database\MySQLi\Connection->execute()
#2 D:\Xampp\htdocs\diskominfosan\vendor\codeigniter4\framework\system\Database\BaseConnection.php(669): CodeIgniter\Database\BaseConnection->simpleQuery()
#3 D:\Xampp\htdocs\diskominfosan\vendor\codeigniter4\framework\system\Database\BaseBuilder.php(2456): CodeIgniter\Database\BaseConnection->query()
#4 D:\Xampp\htdocs\diskominfosan\vendor\codeigniter4\framework\system\Model.php(889): CodeIgniter\Database\BaseBuilder->update()
#5 D:\Xampp\htdocs\diskominfosan\app\Controllers\DataMentor.php(125): CodeIgniter\Model->update()
#6 D:\Xampp\htdocs\diskominfosan\vendor\codeigniter4\framework\system\CodeIgniter.php(918): App\Controllers\DataMentor->update()
#7 D:\Xampp\htdocs\diskominfosan\vendor\codeigniter4\framework\system\CodeIgniter.php(404): CodeIgniter\CodeIgniter->runController()
#8 D:\Xampp\htdocs\diskominfosan\vendor\codeigniter4\framework\system\CodeIgniter.php(312): CodeIgniter\CodeIgniter->handleRequest()
#9 D:\Xampp\htdocs\diskominfosan\public\index.php(45): CodeIgniter\CodeIgniter->run()
#10 D:\Xampp\htdocs\diskominfosan\vendor\codeigniter4\framework\system\Commands\Server\rewrite.php(34): require_once('D:\\Xampp\\htdocs...')
#11 {main}
CRITICAL - 2023-04-04 23:09:47 --> Unknown column 'role' in 'field list'
#0 D:\Xampp\htdocs\diskominfosan\vendor\codeigniter4\framework\system\Database\MySQLi\Connection.php(331): mysqli->query()
#1 D:\Xampp\htdocs\diskominfosan\vendor\codeigniter4\framework\system\Database\BaseConnection.php(741): CodeIgniter\Database\MySQLi\Connection->execute()
#2 D:\Xampp\htdocs\diskominfosan\vendor\codeigniter4\framework\system\Database\BaseConnection.php(669): CodeIgniter\Database\BaseConnection->simpleQuery()
#3 D:\Xampp\htdocs\diskominfosan\vendor\codeigniter4\framework\system\Database\BaseBuilder.php(2456): CodeIgniter\Database\BaseConnection->query()
#4 D:\Xampp\htdocs\diskominfosan\vendor\codeigniter4\framework\system\Model.php(889): CodeIgniter\Database\BaseBuilder->update()
#5 D:\Xampp\htdocs\diskominfosan\app\Controllers\DataMentor.php(125): CodeIgniter\Model->update()
#6 D:\Xampp\htdocs\diskominfosan\vendor\codeigniter4\framework\system\CodeIgniter.php(918): App\Controllers\DataMentor->update()
#7 D:\Xampp\htdocs\diskominfosan\vendor\codeigniter4\framework\system\CodeIgniter.php(404): CodeIgniter\CodeIgniter->runController()
#8 D:\Xampp\htdocs\diskominfosan\vendor\codeigniter4\framework\system\CodeIgniter.php(312): CodeIgniter\CodeIgniter->handleRequest()
#9 D:\Xampp\htdocs\diskominfosan\public\index.php(45): CodeIgniter\CodeIgniter->run()
#10 D:\Xampp\htdocs\diskominfosan\vendor\codeigniter4\framework\system\Commands\Server\rewrite.php(34): require_once('D:\\Xampp\\htdocs...')
#11 {main}
CRITICAL - 2023-04-04 23:09:47 --> Unknown column 'role' in 'field list'
#0 D:\Xampp\htdocs\diskominfosan\vendor\codeigniter4\framework\system\Database\MySQLi\Connection.php(331): mysqli->query()
#1 D:\Xampp\htdocs\diskominfosan\vendor\codeigniter4\framework\system\Database\BaseConnection.php(741): CodeIgniter\Database\MySQLi\Connection->execute()
#2 D:\Xampp\htdocs\diskominfosan\vendor\codeigniter4\framework\system\Database\BaseConnection.php(669): CodeIgniter\Database\BaseConnection->simpleQuery()
#3 D:\Xampp\htdocs\diskominfosan\vendor\codeigniter4\framework\system\Database\BaseBuilder.php(2456): CodeIgniter\Database\BaseConnection->query()
#4 D:\Xampp\htdocs\diskominfosan\vendor\codeigniter4\framework\system\Model.php(889): CodeIgniter\Database\BaseBuilder->update()
#5 D:\Xampp\htdocs\diskominfosan\app\Controllers\DataMentor.php(125): CodeIgniter\Model->update()
#6 D:\Xampp\htdocs\diskominfosan\vendor\codeigniter4\framework\system\CodeIgniter.php(918): App\Controllers\DataMentor->update()
#7 D:\Xampp\htdocs\diskominfosan\vendor\codeigniter4\framework\system\CodeIgniter.php(404): CodeIgniter\CodeIgniter->runController()
#8 D:\Xampp\htdocs\diskominfosan\vendor\codeigniter4\framework\system\CodeIgniter.php(312): CodeIgniter\CodeIgniter->handleRequest()
#9 D:\Xampp\htdocs\diskominfosan\public\index.php(45): CodeIgniter\CodeIgniter->run()
#10 D:\Xampp\htdocs\diskominfosan\vendor\codeigniter4\framework\system\Commands\Server\rewrite.php(34): require_once('D:\\Xampp\\htdocs...')
#11 {main}
CRITICAL - 2023-04-04 23:10:36 --> Unknown column 'role' in 'field list'
#0 D:\Xampp\htdocs\diskominfosan\vendor\codeigniter4\framework\system\Database\MySQLi\Connection.php(331): mysqli->query()
#1 D:\Xampp\htdocs\diskominfosan\vendor\codeigniter4\framework\system\Database\BaseConnection.php(741): CodeIgniter\Database\MySQLi\Connection->execute()
#2 D:\Xampp\htdocs\diskominfosan\vendor\codeigniter4\framework\system\Database\BaseConnection.php(669): CodeIgniter\Database\BaseConnection->simpleQuery()
#3 D:\Xampp\htdocs\diskominfosan\vendor\codeigniter4\framework\system\Database\BaseBuilder.php(2456): CodeIgniter\Database\BaseConnection->query()
#4 D:\Xampp\htdocs\diskominfosan\vendor\codeigniter4\framework\system\Model.php(889): CodeIgniter\Database\BaseBuilder->update()
#5 D:\Xampp\htdocs\diskominfosan\app\Controllers\DataMentor.php(125): CodeIgniter\Model->update()
#6 D:\Xampp\htdocs\diskominfosan\vendor\codeigniter4\framework\system\CodeIgniter.php(918): App\Controllers\DataMentor->update()
#7 D:\Xampp\htdocs\diskominfosan\vendor\codeigniter4\framework\system\CodeIgniter.php(404): CodeIgniter\CodeIgniter->runController()
#8 D:\Xampp\htdocs\diskominfosan\vendor\codeigniter4\framework\system\CodeIgniter.php(312): CodeIgniter\CodeIgniter->handleRequest()
#9 D:\Xampp\htdocs\diskominfosan\public\index.php(45): CodeIgniter\CodeIgniter->run()
#10 D:\Xampp\htdocs\diskominfosan\vendor\codeigniter4\framework\system\Commands\Server\rewrite.php(34): require_once('D:\\Xampp\\htdocs...')
#11 {main}
CRITICAL - 2023-04-04 23:10:38 --> Unknown column 'role' in 'field list'
#0 D:\Xampp\htdocs\diskominfosan\vendor\codeigniter4\framework\system\Database\MySQLi\Connection.php(331): mysqli->query()
#1 D:\Xampp\htdocs\diskominfosan\vendor\codeigniter4\framework\system\Database\BaseConnection.php(741): CodeIgniter\Database\MySQLi\Connection->execute()
#2 D:\Xampp\htdocs\diskominfosan\vendor\codeigniter4\framework\system\Database\BaseConnection.php(669): CodeIgniter\Database\BaseConnection->simpleQuery()
#3 D:\Xampp\htdocs\diskominfosan\vendor\codeigniter4\framework\system\Database\BaseBuilder.php(2456): CodeIgniter\Database\BaseConnection->query()
#4 D:\Xampp\htdocs\diskominfosan\vendor\codeigniter4\framework\system\Model.php(889): CodeIgniter\Database\BaseBuilder->update()
#5 D:\Xampp\htdocs\diskominfosan\app\Controllers\DataMentor.php(125): CodeIgniter\Model->update()
#6 D:\Xampp\htdocs\diskominfosan\vendor\codeigniter4\framework\system\CodeIgniter.php(918): App\Controllers\DataMentor->update()
#7 D:\Xampp\htdocs\diskominfosan\vendor\codeigniter4\framework\system\CodeIgniter.php(404): CodeIgniter\CodeIgniter->runController()
#8 D:\Xampp\htdocs\diskominfosan\vendor\codeigniter4\framework\system\CodeIgniter.php(312): CodeIgniter\CodeIgniter->handleRequest()
#9 D:\Xampp\htdocs\diskominfosan\public\index.php(45): CodeIgniter\CodeIgniter->run()
#10 D:\Xampp\htdocs\diskominfosan\vendor\codeigniter4\framework\system\Commands\Server\rewrite.php(34): require_once('D:\\Xampp\\htdocs...')
#11 {main}
CRITICAL - 2023-04-04 23:10:38 --> Unknown column 'role' in 'field list'
#0 D:\Xampp\htdocs\diskominfosan\vendor\codeigniter4\framework\system\Database\MySQLi\Connection.php(331): mysqli->query()
#1 D:\Xampp\htdocs\diskominfosan\vendor\codeigniter4\framework\system\Database\BaseConnection.php(741): CodeIgniter\Database\MySQLi\Connection->execute()
#2 D:\Xampp\htdocs\diskominfosan\vendor\codeigniter4\framework\system\Database\BaseConnection.php(669): CodeIgniter\Database\BaseConnection->simpleQuery()
#3 D:\Xampp\htdocs\diskominfosan\vendor\codeigniter4\framework\system\Database\BaseBuilder.php(2456): CodeIgniter\Database\BaseConnection->query()
#4 D:\Xampp\htdocs\diskominfosan\vendor\codeigniter4\framework\system\Model.php(889): CodeIgniter\Database\BaseBuilder->update()
#5 D:\Xampp\htdocs\diskominfosan\app\Controllers\DataMentor.php(125): CodeIgniter\Model->update()
#6 D:\Xampp\htdocs\diskominfosan\vendor\codeigniter4\framework\system\CodeIgniter.php(918): App\Controllers\DataMentor->update()
#7 D:\Xampp\htdocs\diskominfosan\vendor\codeigniter4\framework\system\CodeIgniter.php(404): CodeIgniter\CodeIgniter->runController()
#8 D:\Xampp\htdocs\diskominfosan\vendor\codeigniter4\framework\system\CodeIgniter.php(312): CodeIgniter\CodeIgniter->handleRequest()
#9 D:\Xampp\htdocs\diskominfosan\public\index.php(45): CodeIgniter\CodeIgniter->run()
#10 D:\Xampp\htdocs\diskominfosan\vendor\codeigniter4\framework\system\Commands\Server\rewrite.php(34): require_once('D:\\Xampp\\htdocs...')
#11 {main}
CRITICAL - 2023-04-04 23:10:40 --> Unknown column 'role' in 'field list'
#0 D:\Xampp\htdocs\diskominfosan\vendor\codeigniter4\framework\system\Database\MySQLi\Connection.php(331): mysqli->query()
#1 D:\Xampp\htdocs\diskominfosan\vendor\codeigniter4\framework\system\Database\BaseConnection.php(741): CodeIgniter\Database\MySQLi\Connection->execute()
#2 D:\Xampp\htdocs\diskominfosan\vendor\codeigniter4\framework\system\Database\BaseConnection.php(669): CodeIgniter\Database\BaseConnection->simpleQuery()
#3 D:\Xampp\htdocs\diskominfosan\vendor\codeigniter4\framework\system\Database\BaseBuilder.php(2456): CodeIgniter\Database\BaseConnection->query()
#4 D:\Xampp\htdocs\diskominfosan\vendor\codeigniter4\framework\system\Model.php(889): CodeIgniter\Database\BaseBuilder->update()
#5 D:\Xampp\htdocs\diskominfosan\app\Controllers\DataMentor.php(125): CodeIgniter\Model->update()
#6 D:\Xampp\htdocs\diskominfosan\vendor\codeigniter4\framework\system\CodeIgniter.php(918): App\Controllers\DataMentor->update()
#7 D:\Xampp\htdocs\diskominfosan\vendor\codeigniter4\framework\system\CodeIgniter.php(404): CodeIgniter\CodeIgniter->runController()
#8 D:\Xampp\htdocs\diskominfosan\vendor\codeigniter4\framework\system\CodeIgniter.php(312): CodeIgniter\CodeIgniter->handleRequest()
#9 D:\Xampp\htdocs\diskominfosan\public\index.php(45): CodeIgniter\CodeIgniter->run()
#10 D:\Xampp\htdocs\diskominfosan\vendor\codeigniter4\framework\system\Commands\Server\rewrite.php(34): require_once('D:\\Xampp\\htdocs...')
#11 {main}
CRITICAL - 2023-04-04 23:10:40 --> Unknown column 'role' in 'field list'
#0 D:\Xampp\htdocs\diskominfosan\vendor\codeigniter4\framework\system\Database\MySQLi\Connection.php(331): mysqli->query()
#1 D:\Xampp\htdocs\diskominfosan\vendor\codeigniter4\framework\system\Database\BaseConnection.php(741): CodeIgniter\Database\MySQLi\Connection->execute()
#2 D:\Xampp\htdocs\diskominfosan\vendor\codeigniter4\framework\system\Database\BaseConnection.php(669): CodeIgniter\Database\BaseConnection->simpleQuery()
#3 D:\Xampp\htdocs\diskominfosan\vendor\codeigniter4\framework\system\Database\BaseBuilder.php(2456): CodeIgniter\Database\BaseConnection->query()
#4 D:\Xampp\htdocs\diskominfosan\vendor\codeigniter4\framework\system\Model.php(889): CodeIgniter\Database\BaseBuilder->update()
#5 D:\Xampp\htdocs\diskominfosan\app\Controllers\DataMentor.php(125): CodeIgniter\Model->update()
#6 D:\Xampp\htdocs\diskominfosan\vendor\codeigniter4\framework\system\CodeIgniter.php(918): App\Controllers\DataMentor->update()
#7 D:\Xampp\htdocs\diskominfosan\vendor\codeigniter4\framework\system\CodeIgniter.php(404): CodeIgniter\CodeIgniter->runController()
#8 D:\Xampp\htdocs\diskominfosan\vendor\codeigniter4\framework\system\CodeIgniter.php(312): CodeIgniter\CodeIgniter->handleRequest()
#9 D:\Xampp\htdocs\diskominfosan\public\index.php(45): CodeIgniter\CodeIgniter->run()
#10 D:\Xampp\htdocs\diskominfosan\vendor\codeigniter4\framework\system\Commands\Server\rewrite.php(34): require_once('D:\\Xampp\\htdocs...')
#11 {main}
CRITICAL - 2023-04-04 23:10:40 --> Unknown column 'role' in 'field list'
#0 D:\Xampp\htdocs\diskominfosan\vendor\codeigniter4\framework\system\Database\MySQLi\Connection.php(331): mysqli->query()
#1 D:\Xampp\htdocs\diskominfosan\vendor\codeigniter4\framework\system\Database\BaseConnection.php(741): CodeIgniter\Database\MySQLi\Connection->execute()
#2 D:\Xampp\htdocs\diskominfosan\vendor\codeigniter4\framework\system\Database\BaseConnection.php(669): CodeIgniter\Database\BaseConnection->simpleQuery()
#3 D:\Xampp\htdocs\diskominfosan\vendor\codeigniter4\framework\system\Database\BaseBuilder.php(2456): CodeIgniter\Database\BaseConnection->query()
#4 D:\Xampp\htdocs\diskominfosan\vendor\codeigniter4\framework\system\Model.php(889): CodeIgniter\Database\BaseBuilder->update()
#5 D:\Xampp\htdocs\diskominfosan\app\Controllers\DataMentor.php(125): CodeIgniter\Model->update()
#6 D:\Xampp\htdocs\diskominfosan\vendor\codeigniter4\framework\system\CodeIgniter.php(918): App\Controllers\DataMentor->update()
#7 D:\Xampp\htdocs\diskominfosan\vendor\codeigniter4\framework\system\CodeIgniter.php(404): CodeIgniter\CodeIgniter->runController()
#8 D:\Xampp\htdocs\diskominfosan\vendor\codeigniter4\framework\system\CodeIgniter.php(312): CodeIgniter\CodeIgniter->handleRequest()
#9 D:\Xampp\htdocs\diskominfosan\public\index.php(45): CodeIgniter\CodeIgniter->run()
#10 D:\Xampp\htdocs\diskominfosan\vendor\codeigniter4\framework\system\Commands\Server\rewrite.php(34): require_once('D:\\Xampp\\htdocs...')
#11 {main}
CRITICAL - 2023-04-04 23:10:41 --> Unknown column 'role' in 'field list'
#0 D:\Xampp\htdocs\diskominfosan\vendor\codeigniter4\framework\system\Database\MySQLi\Connection.php(331): mysqli->query()
#1 D:\Xampp\htdocs\diskominfosan\vendor\codeigniter4\framework\system\Database\BaseConnection.php(741): CodeIgniter\Database\MySQLi\Connection->execute()
#2 D:\Xampp\htdocs\diskominfosan\vendor\codeigniter4\framework\system\Database\BaseConnection.php(669): CodeIgniter\Database\BaseConnection->simpleQuery()
#3 D:\Xampp\htdocs\diskominfosan\vendor\codeigniter4\framework\system\Database\BaseBuilder.php(2456): CodeIgniter\Database\BaseConnection->query()
#4 D:\Xampp\htdocs\diskominfosan\vendor\codeigniter4\framework\system\Model.php(889): CodeIgniter\Database\BaseBuilder->update()
#5 D:\Xampp\htdocs\diskominfosan\app\Controllers\DataMentor.php(125): CodeIgniter\Model->update()
#6 D:\Xampp\htdocs\diskominfosan\vendor\codeigniter4\framework\system\CodeIgniter.php(918): App\Controllers\DataMentor->update()
#7 D:\Xampp\htdocs\diskominfosan\vendor\codeigniter4\framework\system\CodeIgniter.php(404): CodeIgniter\CodeIgniter->runController()
#8 D:\Xampp\htdocs\diskominfosan\vendor\codeigniter4\framework\system\CodeIgniter.php(312): CodeIgniter\CodeIgniter->handleRequest()
#9 D:\Xampp\htdocs\diskominfosan\public\index.php(45): CodeIgniter\CodeIgniter->run()
#10 D:\Xampp\htdocs\diskominfosan\vendor\codeigniter4\framework\system\Commands\Server\rewrite.php(34): require_once('D:\\Xampp\\htdocs...')
#11 {main}
CRITICAL - 2023-04-04 23:12:10 --> Unknown column 'role' in 'field list'
#0 D:\Xampp\htdocs\diskominfosan\vendor\codeigniter4\framework\system\Database\MySQLi\Connection.php(331): mysqli->query()
#1 D:\Xampp\htdocs\diskominfosan\vendor\codeigniter4\framework\system\Database\BaseConnection.php(741): CodeIgniter\Database\MySQLi\Connection->execute()
#2 D:\Xampp\htdocs\diskominfosan\vendor\codeigniter4\framework\system\Database\BaseConnection.php(669): CodeIgniter\Database\BaseConnection->simpleQuery()
#3 D:\Xampp\htdocs\diskominfosan\vendor\codeigniter4\framework\system\Database\BaseBuilder.php(2456): CodeIgniter\Database\BaseConnection->query()
#4 D:\Xampp\htdocs\diskominfosan\vendor\codeigniter4\framework\system\Model.php(889): CodeIgniter\Database\BaseBuilder->update()
#5 D:\Xampp\htdocs\diskominfosan\app\Controllers\DataMentor.php(125): CodeIgniter\Model->update()
#6 D:\Xampp\htdocs\diskominfosan\vendor\codeigniter4\framework\system\CodeIgniter.php(918): App\Controllers\DataMentor->update()
#7 D:\Xampp\htdocs\diskominfosan\vendor\codeigniter4\framework\system\CodeIgniter.php(404): CodeIgniter\CodeIgniter->runController()
#8 D:\Xampp\htdocs\diskominfosan\vendor\codeigniter4\framework\system\CodeIgniter.php(312): CodeIgniter\CodeIgniter->handleRequest()
#9 D:\Xampp\htdocs\diskominfosan\public\index.php(45): CodeIgniter\CodeIgniter->run()
#10 D:\Xampp\htdocs\diskominfosan\vendor\codeigniter4\framework\system\Commands\Server\rewrite.php(34): require_once('D:\\Xampp\\htdocs...')
#11 {main}
CRITICAL - 2023-04-04 23:12:10 --> Unknown column 'role' in 'field list'
#0 D:\Xampp\htdocs\diskominfosan\vendor\codeigniter4\framework\system\Database\MySQLi\Connection.php(331): mysqli->query()
#1 D:\Xampp\htdocs\diskominfosan\vendor\codeigniter4\framework\system\Database\BaseConnection.php(741): CodeIgniter\Database\MySQLi\Connection->execute()
#2 D:\Xampp\htdocs\diskominfosan\vendor\codeigniter4\framework\system\Database\BaseConnection.php(669): CodeIgniter\Database\BaseConnection->simpleQuery()
#3 D:\Xampp\htdocs\diskominfosan\vendor\codeigniter4\framework\system\Database\BaseBuilder.php(2456): CodeIgniter\Database\BaseConnection->query()
#4 D:\Xampp\htdocs\diskominfosan\vendor\codeigniter4\framework\system\Model.php(889): CodeIgniter\Database\BaseBuilder->update()
#5 D:\Xampp\htdocs\diskominfosan\app\Controllers\DataMentor.php(125): CodeIgniter\Model->update()
#6 D:\Xampp\htdocs\diskominfosan\vendor\codeigniter4\framework\system\CodeIgniter.php(918): App\Controllers\DataMentor->update()
#7 D:\Xampp\htdocs\diskominfosan\vendor\codeigniter4\framework\system\CodeIgniter.php(404): CodeIgniter\CodeIgniter->runController()
#8 D:\Xampp\htdocs\diskominfosan\vendor\codeigniter4\framework\system\CodeIgniter.php(312): CodeIgniter\CodeIgniter->handleRequest()
#9 D:\Xampp\htdocs\diskominfosan\public\index.php(45): CodeIgniter\CodeIgniter->run()
#10 D:\Xampp\htdocs\diskominfosan\vendor\codeigniter4\framework\system\Commands\Server\rewrite.php(34): require_once('D:\\Xampp\\htdocs...')
#11 {main}
CRITICAL - 2023-04-04 23:12:10 --> Unknown column 'role' in 'field list'
#0 D:\Xampp\htdocs\diskominfosan\vendor\codeigniter4\framework\system\Database\MySQLi\Connection.php(331): mysqli->query()
#1 D:\Xampp\htdocs\diskominfosan\vendor\codeigniter4\framework\system\Database\BaseConnection.php(741): CodeIgniter\Database\MySQLi\Connection->execute()
#2 D:\Xampp\htdocs\diskominfosan\vendor\codeigniter4\framework\system\Database\BaseConnection.php(669): CodeIgniter\Database\BaseConnection->simpleQuery()
#3 D:\Xampp\htdocs\diskominfosan\vendor\codeigniter4\framework\system\Database\BaseBuilder.php(2456): CodeIgniter\Database\BaseConnection->query()
#4 D:\Xampp\htdocs\diskominfosan\vendor\codeigniter4\framework\system\Model.php(889): CodeIgniter\Database\BaseBuilder->update()
#5 D:\Xampp\htdocs\diskominfosan\app\Controllers\DataMentor.php(125): CodeIgniter\Model->update()
#6 D:\Xampp\htdocs\diskominfosan\vendor\codeigniter4\framework\system\CodeIgniter.php(918): App\Controllers\DataMentor->update()
#7 D:\Xampp\htdocs\diskominfosan\vendor\codeigniter4\framework\system\CodeIgniter.php(404): CodeIgniter\CodeIgniter->runController()
#8 D:\Xampp\htdocs\diskominfosan\vendor\codeigniter4\framework\system\CodeIgniter.php(312): CodeIgniter\CodeIgniter->handleRequest()
#9 D:\Xampp\htdocs\diskominfosan\public\index.php(45): CodeIgniter\CodeIgniter->run()
#10 D:\Xampp\htdocs\diskominfosan\vendor\codeigniter4\framework\system\Commands\Server\rewrite.php(34): require_once('D:\\Xampp\\htdocs...')
#11 {main}
CRITICAL - 2023-04-04 23:23:14 --> Undefined variable: IdBidang
#0 D:\Xampp\htdocs\diskominfosan\app\Views\v_dataMentor\add.php(61): CodeIgniter\Debug\Exceptions->errorHandler()
#1 D:\Xampp\htdocs\diskominfosan\vendor\codeigniter4\framework\system\View\View.php(246): include('D:\\Xampp\\htdocs...')
#2 D:\Xampp\htdocs\diskominfosan\vendor\codeigniter4\framework\system\Common.php(1119): CodeIgniter\View\View->render()
#3 D:\Xampp\htdocs\diskominfosan\app\Controllers\DataMentor.php(150): view()
#4 D:\Xampp\htdocs\diskominfosan\vendor\codeigniter4\framework\system\CodeIgniter.php(918): App\Controllers\DataMentor->add()
#5 D:\Xampp\htdocs\diskominfosan\vendor\codeigniter4\framework\system\CodeIgniter.php(404): CodeIgniter\CodeIgniter->runController()
#6 D:\Xampp\htdocs\diskominfosan\vendor\codeigniter4\framework\system\CodeIgniter.php(312): CodeIgniter\CodeIgniter->handleRequest()
#7 D:\Xampp\htdocs\diskominfosan\public\index.php(45): CodeIgniter\CodeIgniter->run()
#8 D:\Xampp\htdocs\diskominfosan\vendor\codeigniter4\framework\system\Commands\Server\rewrite.php(34): require_once('D:\\Xampp\\htdocs...')
#9 {main}
CRITICAL - 2023-04-04 23:28:00 --> Undefined variable: id
#0 D:\Xampp\htdocs\diskominfosan\app\Controllers\DataMentor.php(152): CodeIgniter\Debug\Exceptions->errorHandler()
#1 D:\Xampp\htdocs\diskominfosan\vendor\codeigniter4\framework\system\CodeIgniter.php(918): App\Controllers\DataMentor->add()
#2 D:\Xampp\htdocs\diskominfosan\vendor\codeigniter4\framework\system\CodeIgniter.php(404): CodeIgniter\CodeIgniter->runController()
#3 D:\Xampp\htdocs\diskominfosan\vendor\codeigniter4\framework\system\CodeIgniter.php(312): CodeIgniter\CodeIgniter->handleRequest()
#4 D:\Xampp\htdocs\diskominfosan\public\index.php(45): CodeIgniter\CodeIgniter->run()
#5 D:\Xampp\htdocs\diskominfosan\vendor\codeigniter4\framework\system\Commands\Server\rewrite.php(34): require_once('D:\\Xampp\\htdocs...')
#6 {main}
CRITICAL - 2023-04-04 23:29:26 --> Too few arguments to function App\Controllers\DataMentor::add(), 0 passed in D:\Xampp\htdocs\diskominfosan\vendor\codeigniter4\framework\system\CodeIgniter.php on line 918 and exactly 1 expected
#0 D:\Xampp\htdocs\diskominfosan\vendor\codeigniter4\framework\system\CodeIgniter.php(918): App\Controllers\DataMentor->add()
#1 D:\Xampp\htdocs\diskominfosan\vendor\codeigniter4\framework\system\CodeIgniter.php(404): CodeIgniter\CodeIgniter->runController()
#2 D:\Xampp\htdocs\diskominfosan\vendor\codeigniter4\framework\system\CodeIgniter.php(312): CodeIgniter\CodeIgniter->handleRequest()
#3 D:\Xampp\htdocs\diskominfosan\public\index.php(45): CodeIgniter\CodeIgniter->run()
#4 D:\Xampp\htdocs\diskominfosan\vendor\codeigniter4\framework\system\Commands\Server\rewrite.php(34): require_once('D:\\Xampp\\htdocs...')
#5 {main}
CRITICAL - 2023-04-04 23:30:29 --> Undefined index: bidang_id
#0 D:\Xampp\htdocs\diskominfosan\app\Controllers\DataMentor.php(153): CodeIgniter\Debug\Exceptions->errorHandler()
#1 D:\Xampp\htdocs\diskominfosan\vendor\codeigniter4\framework\system\CodeIgniter.php(918): App\Controllers\DataMentor->add()
#2 D:\Xampp\htdocs\diskominfosan\vendor\codeigniter4\framework\system\CodeIgniter.php(404): CodeIgniter\CodeIgniter->runController()
#3 D:\Xampp\htdocs\diskominfosan\vendor\codeigniter4\framework\system\CodeIgniter.php(312): CodeIgniter\CodeIgniter->handleRequest()
#4 D:\Xampp\htdocs\diskominfosan\public\index.php(45): CodeIgniter\CodeIgniter->run()
#5 D:\Xampp\htdocs\diskominfosan\vendor\codeigniter4\framework\system\Commands\Server\rewrite.php(34): require_once('D:\\Xampp\\htdocs...')
#6 {main}
CRITICAL - 2023-04-04 23:31:11 --> Undefined variable: IdBidang
#0 D:\Xampp\htdocs\diskominfosan\app\Views\v_dataMentor\add.php(61): CodeIgniter\Debug\Exceptions->errorHandler()
#1 D:\Xampp\htdocs\diskominfosan\vendor\codeigniter4\framework\system\View\View.php(246): include('D:\\Xampp\\htdocs...')
#2 D:\Xampp\htdocs\diskominfosan\vendor\codeigniter4\framework\system\Common.php(1119): CodeIgniter\View\View->render()
#3 D:\Xampp\htdocs\diskominfosan\app\Controllers\DataMentor.php(152): view()
#4 D:\Xampp\htdocs\diskominfosan\vendor\codeigniter4\framework\system\CodeIgniter.php(918): App\Controllers\DataMentor->add()
#5 D:\Xampp\htdocs\diskominfosan\vendor\codeigniter4\framework\system\CodeIgniter.php(404): CodeIgniter\CodeIgniter->runController()
#6 D:\Xampp\htdocs\diskominfosan\vendor\codeigniter4\framework\system\CodeIgniter.php(312): CodeIgniter\CodeIgniter->handleRequest()
#7 D:\Xampp\htdocs\diskominfosan\public\index.php(45): CodeIgniter\CodeIgniter->run()
#8 D:\Xampp\htdocs\diskominfosan\vendor\codeigniter4\framework\system\Commands\Server\rewrite.php(34): require_once('D:\\Xampp\\htdocs...')
#9 {main}
CRITICAL - 2023-04-04 23:34:34 --> Undefined variable: IdBidang
#0 D:\Xampp\htdocs\diskominfosan\app\Views\v_dataMentor\add.php(61): CodeIgniter\Debug\Exceptions->errorHandler()
#1 D:\Xampp\htdocs\diskominfosan\vendor\codeigniter4\framework\system\View\View.php(246): include('D:\\Xampp\\htdocs...')
#2 D:\Xampp\htdocs\diskominfosan\vendor\codeigniter4\framework\system\Common.php(1119): CodeIgniter\View\View->render()
#3 D:\Xampp\htdocs\diskominfosan\app\Controllers\DataMentor.php(151): view()
#4 D:\Xampp\htdocs\diskominfosan\vendor\codeigniter4\framework\system\CodeIgniter.php(918): App\Controllers\DataMentor->add()
#5 D:\Xampp\htdocs\diskominfosan\vendor\codeigniter4\framework\system\CodeIgniter.php(404): CodeIgniter\CodeIgniter->runController()
#6 D:\Xampp\htdocs\diskominfosan\vendor\codeigniter4\framework\system\CodeIgniter.php(312): CodeIgniter\CodeIgniter->handleRequest()
#7 D:\Xampp\htdocs\diskominfosan\public\index.php(45): CodeIgniter\CodeIgniter->run()
#8 D:\Xampp\htdocs\diskominfosan\vendor\codeigniter4\framework\system\Commands\Server\rewrite.php(34): require_once('D:\\Xampp\\htdocs...')
#9 {main}
