CRITICAL - 2020-09-08 08:12:26 --> Undefined variable: idPendaftaran
#0 C:\xampp\htdocs\app-pmb\app\Views\v_pendaftaran\tahap_4.php(52): CodeIgniter\Debug\Exceptions->errorHandler(8, 'Undefined varia...', 'C:\\xampp\\htdocs...', 52, Array)
#1 C:\xampp\htdocs\app-pmb\vendor\codeigniter4\framework\system\View\View.php(246): include('C:\\xampp\\htdocs...')
#2 C:\xampp\htdocs\app-pmb\vendor\codeigniter4\framework\system\Common.php(1119): CodeIgniter\View\View->render('v_pendaftaran/t...', Array, true)
#3 C:\xampp\htdocs\app-pmb\app\Controllers\Pendaftaran.php(408): view('v_pendaftaran/t...', Array)
#4 C:\xampp\htdocs\app-pmb\vendor\codeigniter4\framework\system\CodeIgniter.php(918): App\Controllers\Pendaftaran->tahapEmpat()
#5 C:\xampp\htdocs\app-pmb\vendor\codeigniter4\framework\system\CodeIgniter.php(404): CodeIgniter\CodeIgniter->runController(Object(App\Controllers\Pendaftaran))
#6 C:\xampp\htdocs\app-pmb\vendor\codeigniter4\framework\system\CodeIgniter.php(312): CodeIgniter\CodeIgniter->handleRequest(NULL, Object(Config\Cache), false)
#7 C:\xampp\htdocs\app-pmb\public\index.php(45): CodeIgniter\CodeIgniter->run()
#8 C:\xampp\htdocs\app-pmb\vendor\codeigniter4\framework\system\Commands\Server\rewrite.php(34): require_once('C:\\xampp\\htdocs...')
#9 {main}
CRITICAL - 2020-09-08 11:08:27 --> filesize(): stat failed for /file_peserta/Lelah Mishquen.pdf
#0 [internal function]: CodeIgniter\Debug\Exceptions->errorHandler(2, 'filesize(): sta...', 'C:\\xampp\\htdocs...', 440, Array)
#1 C:\xampp\htdocs\app-pmb\app\Controllers\Pendaftaran.php(440): filesize('/file_peserta/L...')
#2 C:\xampp\htdocs\app-pmb\vendor\codeigniter4\framework\system\CodeIgniter.php(918): App\Controllers\Pendaftaran->previewBerkas()
#3 C:\xampp\htdocs\app-pmb\vendor\codeigniter4\framework\system\CodeIgniter.php(404): CodeIgniter\CodeIgniter->runController(Object(App\Controllers\Pendaftaran))
#4 C:\xampp\htdocs\app-pmb\vendor\codeigniter4\framework\system\CodeIgniter.php(312): CodeIgniter\CodeIgniter->handleRequest(NULL, Object(Config\Cache), false)
#5 C:\xampp\htdocs\app-pmb\public\index.php(45): CodeIgniter\CodeIgniter->run()
#6 C:\xampp\htdocs\app-pmb\vendor\codeigniter4\framework\system\Commands\Server\rewrite.php(34): require_once('C:\\xampp\\htdocs...')
#7 {main}
CRITICAL - 2020-09-08 11:10:17 --> readfile(/file_peserta/Lelah Mishquen.pdf): failed to open stream: No such file or directory
#0 [internal function]: CodeIgniter\Debug\Exceptions->errorHandler(2, 'readfile(/file_...', 'C:\\xampp\\htdocs...', 450, Array)
#1 C:\xampp\htdocs\app-pmb\app\Controllers\Pendaftaran.php(450): readfile('/file_peserta/L...')
#2 C:\xampp\htdocs\app-pmb\vendor\codeigniter4\framework\system\CodeIgniter.php(918): App\Controllers\Pendaftaran->previewBerkas()
#3 C:\xampp\htdocs\app-pmb\vendor\codeigniter4\framework\system\CodeIgniter.php(404): CodeIgniter\CodeIgniter->runController(Object(App\Controllers\Pendaftaran))
#4 C:\xampp\htdocs\app-pmb\vendor\codeigniter4\framework\system\CodeIgniter.php(312): CodeIgniter\CodeIgniter->handleRequest(NULL, Object(Config\Cache), false)
#5 C:\xampp\htdocs\app-pmb\public\index.php(45): CodeIgniter\CodeIgniter->run()
#6 C:\xampp\htdocs\app-pmb\vendor\codeigniter4\framework\system\Commands\Server\rewrite.php(34): require_once('C:\\xampp\\htdocs...')
#7 {main}
CRITICAL - 2020-09-08 11:10:28 --> readfile(/file_peserta/): failed to open stream: No such file or directory
#0 [internal function]: CodeIgniter\Debug\Exceptions->errorHandler(2, 'readfile(/file_...', 'C:\\xampp\\htdocs...', 450, Array)
#1 C:\xampp\htdocs\app-pmb\app\Controllers\Pendaftaran.php(450): readfile('/file_peserta/')
#2 C:\xampp\htdocs\app-pmb\vendor\codeigniter4\framework\system\CodeIgniter.php(918): App\Controllers\Pendaftaran->previewBerkas()
#3 C:\xampp\htdocs\app-pmb\vendor\codeigniter4\framework\system\CodeIgniter.php(404): CodeIgniter\CodeIgniter->runController(Object(App\Controllers\Pendaftaran))
#4 C:\xampp\htdocs\app-pmb\vendor\codeigniter4\framework\system\CodeIgniter.php(312): CodeIgniter\CodeIgniter->handleRequest(NULL, Object(Config\Cache), false)
#5 C:\xampp\htdocs\app-pmb\public\index.php(45): CodeIgniter\CodeIgniter->run()
#6 C:\xampp\htdocs\app-pmb\vendor\codeigniter4\framework\system\Commands\Server\rewrite.php(34): require_once('C:\\xampp\\htdocs...')
#7 {main}
CRITICAL - 2020-09-08 11:12:18 --> readfile(/file_peserta/coba.pdf): failed to open stream: No such file or directory
#0 [internal function]: CodeIgniter\Debug\Exceptions->errorHandler(2, 'readfile(/file_...', 'C:\\xampp\\htdocs...', 450, Array)
#1 C:\xampp\htdocs\app-pmb\app\Controllers\Pendaftaran.php(450): readfile('/file_peserta/c...')
#2 C:\xampp\htdocs\app-pmb\vendor\codeigniter4\framework\system\CodeIgniter.php(918): App\Controllers\Pendaftaran->previewBerkas()
#3 C:\xampp\htdocs\app-pmb\vendor\codeigniter4\framework\system\CodeIgniter.php(404): CodeIgniter\CodeIgniter->runController(Object(App\Controllers\Pendaftaran))
#4 C:\xampp\htdocs\app-pmb\vendor\codeigniter4\framework\system\CodeIgniter.php(312): CodeIgniter\CodeIgniter->handleRequest(NULL, Object(Config\Cache), false)
#5 C:\xampp\htdocs\app-pmb\public\index.php(45): CodeIgniter\CodeIgniter->run()
#6 C:\xampp\htdocs\app-pmb\vendor\codeigniter4\framework\system\Commands\Server\rewrite.php(34): require_once('C:\\xampp\\htdocs...')
#7 {main}
CRITICAL - 2020-09-08 11:12:26 --> readfile(/file_peserta/coba.pdf): failed to open stream: No such file or directory
#0 [internal function]: CodeIgniter\Debug\Exceptions->errorHandler(2, 'readfile(/file_...', 'C:\\xampp\\htdocs...', 450, Array)
#1 C:\xampp\htdocs\app-pmb\app\Controllers\Pendaftaran.php(450): readfile('/file_peserta/c...')
#2 C:\xampp\htdocs\app-pmb\vendor\codeigniter4\framework\system\CodeIgniter.php(918): App\Controllers\Pendaftaran->previewBerkas()
#3 C:\xampp\htdocs\app-pmb\vendor\codeigniter4\framework\system\CodeIgniter.php(404): CodeIgniter\CodeIgniter->runController(Object(App\Controllers\Pendaftaran))
#4 C:\xampp\htdocs\app-pmb\vendor\codeigniter4\framework\system\CodeIgniter.php(312): CodeIgniter\CodeIgniter->handleRequest(NULL, Object(Config\Cache), false)
#5 C:\xampp\htdocs\app-pmb\public\index.php(45): CodeIgniter\CodeIgniter->run()
#6 C:\xampp\htdocs\app-pmb\vendor\codeigniter4\framework\system\Commands\Server\rewrite.php(34): require_once('C:\\xampp\\htdocs...')
#7 {main}
CRITICAL - 2020-09-08 11:14:56 --> filesize(): stat failed for /public/file_peserta/coba.pdf
#0 [internal function]: CodeIgniter\Debug\Exceptions->errorHandler(2, 'filesize(): sta...', 'C:\\xampp\\htdocs...', 440, Array)
#1 C:\xampp\htdocs\app-pmb\app\Controllers\Pendaftaran.php(440): filesize('/public/file_pe...')
#2 C:\xampp\htdocs\app-pmb\vendor\codeigniter4\framework\system\CodeIgniter.php(918): App\Controllers\Pendaftaran->previewBerkas()
#3 C:\xampp\htdocs\app-pmb\vendor\codeigniter4\framework\system\CodeIgniter.php(404): CodeIgniter\CodeIgniter->runController(Object(App\Controllers\Pendaftaran))
#4 C:\xampp\htdocs\app-pmb\vendor\codeigniter4\framework\system\CodeIgniter.php(312): CodeIgniter\CodeIgniter->handleRequest(NULL, Object(Config\Cache), false)
#5 C:\xampp\htdocs\app-pmb\public\index.php(45): CodeIgniter\CodeIgniter->run()
#6 C:\xampp\htdocs\app-pmb\vendor\codeigniter4\framework\system\Commands\Server\rewrite.php(34): require_once('C:\\xampp\\htdocs...')
#7 {main}
CRITICAL - 2020-09-08 11:16:16 --> filesize(): stat failed for public/file_peserta/coba.pdf
#0 [internal function]: CodeIgniter\Debug\Exceptions->errorHandler(2, 'filesize(): sta...', 'C:\\xampp\\htdocs...', 440, Array)
#1 C:\xampp\htdocs\app-pmb\app\Controllers\Pendaftaran.php(440): filesize('public/file_pes...')
#2 C:\xampp\htdocs\app-pmb\vendor\codeigniter4\framework\system\CodeIgniter.php(918): App\Controllers\Pendaftaran->previewBerkas()
#3 C:\xampp\htdocs\app-pmb\vendor\codeigniter4\framework\system\CodeIgniter.php(404): CodeIgniter\CodeIgniter->runController(Object(App\Controllers\Pendaftaran))
#4 C:\xampp\htdocs\app-pmb\vendor\codeigniter4\framework\system\CodeIgniter.php(312): CodeIgniter\CodeIgniter->handleRequest(NULL, Object(Config\Cache), false)
#5 C:\xampp\htdocs\app-pmb\public\index.php(45): CodeIgniter\CodeIgniter->run()
#6 C:\xampp\htdocs\app-pmb\vendor\codeigniter4\framework\system\Commands\Server\rewrite.php(34): require_once('C:\\xampp\\htdocs...')
#7 {main}
CRITICAL - 2020-09-08 11:16:27 --> filesize(): stat failed for public/file_peserta/coba.pdf
#0 [internal function]: CodeIgniter\Debug\Exceptions->errorHandler(2, 'filesize(): sta...', 'C:\\xampp\\htdocs...', 440, Array)
#1 C:\xampp\htdocs\app-pmb\app\Controllers\Pendaftaran.php(440): filesize('public/file_pes...')
#2 C:\xampp\htdocs\app-pmb\vendor\codeigniter4\framework\system\CodeIgniter.php(918): App\Controllers\Pendaftaran->previewBerkas()
#3 C:\xampp\htdocs\app-pmb\vendor\codeigniter4\framework\system\CodeIgniter.php(404): CodeIgniter\CodeIgniter->runController(Object(App\Controllers\Pendaftaran))
#4 C:\xampp\htdocs\app-pmb\vendor\codeigniter4\framework\system\CodeIgniter.php(312): CodeIgniter\CodeIgniter->handleRequest(NULL, Object(Config\Cache), false)
#5 C:\xampp\htdocs\app-pmb\public\index.php(45): CodeIgniter\CodeIgniter->run()
#6 C:\xampp\htdocs\app-pmb\vendor\codeigniter4\framework\system\Commands\Server\rewrite.php(34): require_once('C:\\xampp\\htdocs...')
#7 {main}
CRITICAL - 2020-09-08 11:19:48 --> filesize(): stat failed for public/file_peserta/coba.pdf
#0 [internal function]: CodeIgniter\Debug\Exceptions->errorHandler(2, 'filesize(): sta...', 'C:\\xampp\\htdocs...', 440, Array)
#1 C:\xampp\htdocs\app-pmb\app\Controllers\Pendaftaran.php(440): filesize('public/file_pes...')
#2 C:\xampp\htdocs\app-pmb\vendor\codeigniter4\framework\system\CodeIgniter.php(918): App\Controllers\Pendaftaran->previewBerkas()
#3 C:\xampp\htdocs\app-pmb\vendor\codeigniter4\framework\system\CodeIgniter.php(404): CodeIgniter\CodeIgniter->runController(Object(App\Controllers\Pendaftaran))
#4 C:\xampp\htdocs\app-pmb\vendor\codeigniter4\framework\system\CodeIgniter.php(312): CodeIgniter\CodeIgniter->handleRequest(NULL, Object(Config\Cache), false)
#5 C:\xampp\htdocs\app-pmb\public\index.php(45): CodeIgniter\CodeIgniter->run()
#6 C:\xampp\htdocs\app-pmb\vendor\codeigniter4\framework\system\Commands\Server\rewrite.php(34): require_once('C:\\xampp\\htdocs...')
#7 {main}
CRITICAL - 2020-09-08 11:30:01 --> filesize(): stat failed for /file_peserta/coba.pdf
#0 [internal function]: CodeIgniter\Debug\Exceptions->errorHandler(2, 'filesize(): sta...', 'C:\\xampp\\htdocs...', 456, Array)
#1 C:\xampp\htdocs\app-pmb\app\Controllers\Pendaftaran.php(456): filesize('/file_peserta/c...')
#2 C:\xampp\htdocs\app-pmb\vendor\codeigniter4\framework\system\CodeIgniter.php(918): App\Controllers\Pendaftaran->previewBerkas()
#3 C:\xampp\htdocs\app-pmb\vendor\codeigniter4\framework\system\CodeIgniter.php(404): CodeIgniter\CodeIgniter->runController(Object(App\Controllers\Pendaftaran))
#4 C:\xampp\htdocs\app-pmb\vendor\codeigniter4\framework\system\CodeIgniter.php(312): CodeIgniter\CodeIgniter->handleRequest(NULL, Object(Config\Cache), false)
#5 C:\xampp\htdocs\app-pmb\public\index.php(45): CodeIgniter\CodeIgniter->run()
#6 C:\xampp\htdocs\app-pmb\vendor\codeigniter4\framework\system\Commands\Server\rewrite.php(34): require_once('C:\\xampp\\htdocs...')
#7 {main}
CRITICAL - 2020-09-08 11:30:15 --> filesize(): stat failed for /file_peserta/coba.pdf
#0 [internal function]: CodeIgniter\Debug\Exceptions->errorHandler(2, 'filesize(): sta...', 'C:\\xampp\\htdocs...', 456, Array)
#1 C:\xampp\htdocs\app-pmb\app\Controllers\Pendaftaran.php(456): filesize('/file_peserta/c...')
#2 C:\xampp\htdocs\app-pmb\vendor\codeigniter4\framework\system\CodeIgniter.php(918): App\Controllers\Pendaftaran->previewBerkas()
#3 C:\xampp\htdocs\app-pmb\vendor\codeigniter4\framework\system\CodeIgniter.php(404): CodeIgniter\CodeIgniter->runController(Object(App\Controllers\Pendaftaran))
#4 C:\xampp\htdocs\app-pmb\vendor\codeigniter4\framework\system\CodeIgniter.php(312): CodeIgniter\CodeIgniter->handleRequest(NULL, Object(Config\Cache), false)
#5 C:\xampp\htdocs\app-pmb\public\index.php(45): CodeIgniter\CodeIgniter->run()
#6 C:\xampp\htdocs\app-pmb\vendor\codeigniter4\framework\system\Commands\Server\rewrite.php(34): require_once('C:\\xampp\\htdocs...')
#7 {main}
CRITICAL - 2020-09-08 11:33:46 --> filesize(): stat failed for /file_peserta/coba.pdf
#0 [internal function]: CodeIgniter\Debug\Exceptions->errorHandler(2, 'filesize(): sta...', 'C:\\xampp\\htdocs...', 456, Array)
#1 C:\xampp\htdocs\app-pmb\app\Controllers\Pendaftaran.php(456): filesize('/file_peserta/c...')
#2 C:\xampp\htdocs\app-pmb\vendor\codeigniter4\framework\system\CodeIgniter.php(918): App\Controllers\Pendaftaran->previewBerkas()
#3 C:\xampp\htdocs\app-pmb\vendor\codeigniter4\framework\system\CodeIgniter.php(404): CodeIgniter\CodeIgniter->runController(Object(App\Controllers\Pendaftaran))
#4 C:\xampp\htdocs\app-pmb\vendor\codeigniter4\framework\system\CodeIgniter.php(312): CodeIgniter\CodeIgniter->handleRequest(NULL, Object(Config\Cache), false)
#5 C:\xampp\htdocs\app-pmb\public\index.php(45): CodeIgniter\CodeIgniter->run()
#6 C:\xampp\htdocs\app-pmb\vendor\codeigniter4\framework\system\Commands\Server\rewrite.php(34): require_once('C:\\xampp\\htdocs...')
#7 {main}
CRITICAL - 2020-09-08 13:50:54 --> Undefined offset: 1
#0 C:\xampp\htdocs\app-pmb\app\Helpers\app-pmb_helper.php(25): CodeIgniter\Debug\Exceptions->errorHandler(8, 'Undefined offse...', 'C:\\xampp\\htdocs...', 25, Array)
#1 C:\xampp\htdocs\app-pmb\app\Views\v_pendaftaran\tahap_1.php(57): ubah_tgl2(NULL)
#2 C:\xampp\htdocs\app-pmb\vendor\codeigniter4\framework\system\View\View.php(246): include('C:\\xampp\\htdocs...')
#3 C:\xampp\htdocs\app-pmb\vendor\codeigniter4\framework\system\Common.php(1119): CodeIgniter\View\View->render('v_pendaftaran/t...', Array, true)
#4 C:\xampp\htdocs\app-pmb\app\Controllers\Pendaftaran.php(165): view('v_pendaftaran/t...', Array)
#5 C:\xampp\htdocs\app-pmb\vendor\codeigniter4\framework\system\CodeIgniter.php(918): App\Controllers\Pendaftaran->tahapSatu()
#6 C:\xampp\htdocs\app-pmb\vendor\codeigniter4\framework\system\CodeIgniter.php(404): CodeIgniter\CodeIgniter->runController(Object(App\Controllers\Pendaftaran))
#7 C:\xampp\htdocs\app-pmb\vendor\codeigniter4\framework\system\CodeIgniter.php(312): CodeIgniter\CodeIgniter->handleRequest(NULL, Object(Config\Cache), false)
#8 C:\xampp\htdocs\app-pmb\public\index.php(45): CodeIgniter\CodeIgniter->run()
#9 C:\xampp\htdocs\app-pmb\vendor\codeigniter4\framework\system\Commands\Server\rewrite.php(34): require_once('C:\\xampp\\htdocs...')
#10 {main}
CRITICAL - 2020-09-08 14:35:08 --> Undefined variable: cekTahapDua
#0 C:\xampp\htdocs\app-pmb\app\Views\v_pendaftaran\tahap_2.php(66): CodeIgniter\Debug\Exceptions->errorHandler(8, 'Undefined varia...', 'C:\\xampp\\htdocs...', 66, Array)
#1 C:\xampp\htdocs\app-pmb\vendor\codeigniter4\framework\system\View\View.php(246): include('C:\\xampp\\htdocs...')
#2 C:\xampp\htdocs\app-pmb\vendor\codeigniter4\framework\system\Common.php(1119): CodeIgniter\View\View->render('v_pendaftaran/t...', Array, true)
#3 C:\xampp\htdocs\app-pmb\app\Controllers\Pendaftaran.php(276): view('v_pendaftaran/t...', Array)
#4 C:\xampp\htdocs\app-pmb\vendor\codeigniter4\framework\system\CodeIgniter.php(918): App\Controllers\Pendaftaran->tahapDua()
#5 C:\xampp\htdocs\app-pmb\vendor\codeigniter4\framework\system\CodeIgniter.php(404): CodeIgniter\CodeIgniter->runController(Object(App\Controllers\Pendaftaran))
#6 C:\xampp\htdocs\app-pmb\vendor\codeigniter4\framework\system\CodeIgniter.php(312): CodeIgniter\CodeIgniter->handleRequest(NULL, Object(Config\Cache), false)
#7 C:\xampp\htdocs\app-pmb\public\index.php(45): CodeIgniter\CodeIgniter->run()
#8 C:\xampp\htdocs\app-pmb\vendor\codeigniter4\framework\system\Commands\Server\rewrite.php(34): require_once('C:\\xampp\\htdocs...')
#9 {main}
CRITICAL - 2020-09-08 15:15:33 --> Undefined variable: pendaftaran
#0 C:\xampp\htdocs\app-pmb\app\Views\v_pendaftaran\dashboard.php(45): CodeIgniter\Debug\Exceptions->errorHandler(8, 'Undefined varia...', 'C:\\xampp\\htdocs...', 45, Array)
#1 C:\xampp\htdocs\app-pmb\vendor\codeigniter4\framework\system\View\View.php(246): include('C:\\xampp\\htdocs...')
#2 C:\xampp\htdocs\app-pmb\vendor\codeigniter4\framework\system\Common.php(1119): CodeIgniter\View\View->render('v_pendaftaran/d...', Array, true)
#3 C:\xampp\htdocs\app-pmb\app\Controllers\Pendaftaran.php(473): view('v_pendaftaran/d...', Array)
#4 C:\xampp\htdocs\app-pmb\vendor\codeigniter4\framework\system\CodeIgniter.php(918): App\Controllers\Pendaftaran->dashboard()
#5 C:\xampp\htdocs\app-pmb\vendor\codeigniter4\framework\system\CodeIgniter.php(404): CodeIgniter\CodeIgniter->runController(Object(App\Controllers\Pendaftaran))
#6 C:\xampp\htdocs\app-pmb\vendor\codeigniter4\framework\system\CodeIgniter.php(312): CodeIgniter\CodeIgniter->handleRequest(NULL, Object(Config\Cache), false)
#7 C:\xampp\htdocs\app-pmb\public\index.php(45): CodeIgniter\CodeIgniter->run()
#8 C:\xampp\htdocs\app-pmb\vendor\codeigniter4\framework\system\Commands\Server\rewrite.php(34): require_once('C:\\xampp\\htdocs...')
#9 {main}
CRITICAL - 2020-09-08 15:27:47 --> Undefined index:   tanggal_pendaftaran
#0 C:\xampp\htdocs\app-pmb\app\Views\v_pendaftaran\dashboard.php(33): CodeIgniter\Debug\Exceptions->errorHandler(8, 'Undefined index...', 'C:\\xampp\\htdocs...', 33, Array)
#1 C:\xampp\htdocs\app-pmb\vendor\codeigniter4\framework\system\View\View.php(246): include('C:\\xampp\\htdocs...')
#2 C:\xampp\htdocs\app-pmb\vendor\codeigniter4\framework\system\Common.php(1119): CodeIgniter\View\View->render('v_pendaftaran/d...', Array, true)
#3 C:\xampp\htdocs\app-pmb\app\Controllers\Pendaftaran.php(473): view('v_pendaftaran/d...', Array)
#4 C:\xampp\htdocs\app-pmb\vendor\codeigniter4\framework\system\CodeIgniter.php(918): App\Controllers\Pendaftaran->dashboard()
#5 C:\xampp\htdocs\app-pmb\vendor\codeigniter4\framework\system\CodeIgniter.php(404): CodeIgniter\CodeIgniter->runController(Object(App\Controllers\Pendaftaran))
#6 C:\xampp\htdocs\app-pmb\vendor\codeigniter4\framework\system\CodeIgniter.php(312): CodeIgniter\CodeIgniter->handleRequest(NULL, Object(Config\Cache), false)
#7 C:\xampp\htdocs\app-pmb\public\index.php(45): CodeIgniter\CodeIgniter->run()
#8 C:\xampp\htdocs\app-pmb\vendor\codeigniter4\framework\system\Commands\Server\rewrite.php(34): require_once('C:\\xampp\\htdocs...')
#9 {main}
CRITICAL - 2020-09-08 07:18:56 --> Class 'App\Controllers\PendaftaranModel' not found
#0 C:\xampp\htdocs\app-pmb\vendor\codeigniter4\framework\system\CodeIgniter.php(890): App\Controllers\DataPendaftaran->__construct()
#1 C:\xampp\htdocs\app-pmb\vendor\codeigniter4\framework\system\CodeIgniter.php(399): CodeIgniter\CodeIgniter->createController()
#2 C:\xampp\htdocs\app-pmb\vendor\codeigniter4\framework\system\CodeIgniter.php(312): CodeIgniter\CodeIgniter->handleRequest(NULL, Object(Config\Cache), false)
#3 C:\xampp\htdocs\app-pmb\public\index.php(45): CodeIgniter\CodeIgniter->run()
#4 C:\xampp\htdocs\app-pmb\vendor\codeigniter4\framework\system\Commands\Server\rewrite.php(34): require_once('C:\\xampp\\htdocs...')
#5 {main}
CRITICAL - 2020-09-08 07:28:29 --> Column 'id' in order clause is ambiguous
#0 C:\xampp\htdocs\app-pmb\vendor\codeigniter4\framework\system\Database\MySQLi\Connection.php(331): mysqli->query('SELECT *\nFROM `...')
#1 C:\xampp\htdocs\app-pmb\vendor\codeigniter4\framework\system\Database\BaseConnection.php(741): CodeIgniter\Database\MySQLi\Connection->execute('SELECT *\nFROM `...')
#2 C:\xampp\htdocs\app-pmb\vendor\codeigniter4\framework\system\Database\BaseConnection.php(669): CodeIgniter\Database\BaseConnection->simpleQuery('SELECT *\nFROM `...')
#3 C:\xampp\htdocs\app-pmb\vendor\codeigniter4\framework\system\Database\BaseBuilder.php(1860): CodeIgniter\Database\BaseConnection->query('SELECT *\nFROM `...', Array, false)
#4 C:\xampp\htdocs\app-pmb\app\Models\PendaftaranModel.php(56): CodeIgniter\Database\BaseBuilder->get()
#5 C:\xampp\htdocs\app-pmb\app\Controllers\DataPendaftaran.php(53): App\Models\PendaftaranModel->get_datatables()
#6 C:\xampp\htdocs\app-pmb\vendor\codeigniter4\framework\system\CodeIgniter.php(918): App\Controllers\DataPendaftaran->ajaxDataPendaftaran()
#7 C:\xampp\htdocs\app-pmb\vendor\codeigniter4\framework\system\CodeIgniter.php(404): CodeIgniter\CodeIgniter->runController(Object(App\Controllers\DataPendaftaran))
#8 C:\xampp\htdocs\app-pmb\vendor\codeigniter4\framework\system\CodeIgniter.php(312): CodeIgniter\CodeIgniter->handleRequest(NULL, Object(Config\Cache), false)
#9 C:\xampp\htdocs\app-pmb\public\index.php(45): CodeIgniter\CodeIgniter->run()
#10 C:\xampp\htdocs\app-pmb\vendor\codeigniter4\framework\system\Commands\Server\rewrite.php(34): require_once('C:\\xampp\\htdocs...')
#11 {main}
CRITICAL - 2020-09-08 07:28:50 --> Column 'id' in order clause is ambiguous
#0 C:\xampp\htdocs\app-pmb\vendor\codeigniter4\framework\system\Database\MySQLi\Connection.php(331): mysqli->query('SELECT *\nFROM `...')
#1 C:\xampp\htdocs\app-pmb\vendor\codeigniter4\framework\system\Database\BaseConnection.php(741): CodeIgniter\Database\MySQLi\Connection->execute('SELECT *\nFROM `...')
#2 C:\xampp\htdocs\app-pmb\vendor\codeigniter4\framework\system\Database\BaseConnection.php(669): CodeIgniter\Database\BaseConnection->simpleQuery('SELECT *\nFROM `...')
#3 C:\xampp\htdocs\app-pmb\vendor\codeigniter4\framework\system\Database\BaseBuilder.php(1860): CodeIgniter\Database\BaseConnection->query('SELECT *\nFROM `...', Array, false)
#4 C:\xampp\htdocs\app-pmb\app\Models\PendaftaranModel.php(56): CodeIgniter\Database\BaseBuilder->get()
#5 C:\xampp\htdocs\app-pmb\app\Controllers\DataPendaftaran.php(53): App\Models\PendaftaranModel->get_datatables()
#6 C:\xampp\htdocs\app-pmb\vendor\codeigniter4\framework\system\CodeIgniter.php(918): App\Controllers\DataPendaftaran->ajaxDataPendaftaran()
#7 C:\xampp\htdocs\app-pmb\vendor\codeigniter4\framework\system\CodeIgniter.php(404): CodeIgniter\CodeIgniter->runController(Object(App\Controllers\DataPendaftaran))
#8 C:\xampp\htdocs\app-pmb\vendor\codeigniter4\framework\system\CodeIgniter.php(312): CodeIgniter\CodeIgniter->handleRequest(NULL, Object(Config\Cache), false)
#9 C:\xampp\htdocs\app-pmb\public\index.php(45): CodeIgniter\CodeIgniter->run()
#10 C:\xampp\htdocs\app-pmb\vendor\codeigniter4\framework\system\Commands\Server\rewrite.php(34): require_once('C:\\xampp\\htdocs...')
#11 {main}
CRITICAL - 2020-09-08 07:45:43 --> Column 'id' in field list is ambiguous
#0 C:\xampp\htdocs\app-pmb\vendor\codeigniter4\framework\system\Database\MySQLi\Connection.php(331): mysqli->query('SELECT `id`, `n...')
#1 C:\xampp\htdocs\app-pmb\vendor\codeigniter4\framework\system\Database\BaseConnection.php(741): CodeIgniter\Database\MySQLi\Connection->execute('SELECT `id`, `n...')
#2 C:\xampp\htdocs\app-pmb\vendor\codeigniter4\framework\system\Database\BaseConnection.php(669): CodeIgniter\Database\BaseConnection->simpleQuery('SELECT `id`, `n...')
#3 C:\xampp\htdocs\app-pmb\vendor\codeigniter4\framework\system\Database\BaseBuilder.php(1860): CodeIgniter\Database\BaseConnection->query('SELECT `id`, `n...', Array, false)
#4 C:\xampp\htdocs\app-pmb\app\Models\PendaftaranModel.php(56): CodeIgniter\Database\BaseBuilder->get()
#5 C:\xampp\htdocs\app-pmb\app\Controllers\DataPendaftaran.php(53): App\Models\PendaftaranModel->get_datatables()
#6 C:\xampp\htdocs\app-pmb\vendor\codeigniter4\framework\system\CodeIgniter.php(918): App\Controllers\DataPendaftaran->ajaxDataPendaftaran()
#7 C:\xampp\htdocs\app-pmb\vendor\codeigniter4\framework\system\CodeIgniter.php(404): CodeIgniter\CodeIgniter->runController(Object(App\Controllers\DataPendaftaran))
#8 C:\xampp\htdocs\app-pmb\vendor\codeigniter4\framework\system\CodeIgniter.php(312): CodeIgniter\CodeIgniter->handleRequest(NULL, Object(Config\Cache), false)
#9 C:\xampp\htdocs\app-pmb\public\index.php(45): CodeIgniter\CodeIgniter->run()
#10 C:\xampp\htdocs\app-pmb\vendor\codeigniter4\framework\system\Commands\Server\rewrite.php(34): require_once('C:\\xampp\\htdocs...')
#11 {main}
CRITICAL - 2020-09-08 07:46:16 --> Undefined property: stdClass::$nama_prodi
#0 C:\xampp\htdocs\app-pmb\app\Controllers\DataPendaftaran.php(63): CodeIgniter\Debug\Exceptions->errorHandler(8, 'Undefined prope...', 'C:\\xampp\\htdocs...', 63, Array)
#1 C:\xampp\htdocs\app-pmb\vendor\codeigniter4\framework\system\CodeIgniter.php(918): App\Controllers\DataPendaftaran->ajaxDataPendaftaran()
#2 C:\xampp\htdocs\app-pmb\vendor\codeigniter4\framework\system\CodeIgniter.php(404): CodeIgniter\CodeIgniter->runController(Object(App\Controllers\DataPendaftaran))
#3 C:\xampp\htdocs\app-pmb\vendor\codeigniter4\framework\system\CodeIgniter.php(312): CodeIgniter\CodeIgniter->handleRequest(NULL, Object(Config\Cache), false)
#4 C:\xampp\htdocs\app-pmb\public\index.php(45): CodeIgniter\CodeIgniter->run()
#5 C:\xampp\htdocs\app-pmb\vendor\codeigniter4\framework\system\Commands\Server\rewrite.php(34): require_once('C:\\xampp\\htdocs...')
#6 {main}
CRITICAL - 2020-09-08 19:53:15 --> Too few arguments to function App\Models\PendaftaranModel::__construct(), 0 passed in C:\xampp\htdocs\app-pmb\app\Controllers\Pendaftaran.php on line 28 and exactly 1 expected
#0 C:\xampp\htdocs\app-pmb\app\Controllers\Pendaftaran.php(28): App\Models\PendaftaranModel->__construct()
#1 C:\xampp\htdocs\app-pmb\vendor\codeigniter4\framework\system\CodeIgniter.php(890): App\Controllers\Pendaftaran->__construct()
#2 C:\xampp\htdocs\app-pmb\vendor\codeigniter4\framework\system\CodeIgniter.php(399): CodeIgniter\CodeIgniter->createController()
#3 C:\xampp\htdocs\app-pmb\vendor\codeigniter4\framework\system\CodeIgniter.php(312): CodeIgniter\CodeIgniter->handleRequest(NULL, Object(Config\Cache), false)
#4 C:\xampp\htdocs\app-pmb\public\index.php(45): CodeIgniter\CodeIgniter->run()
#5 C:\xampp\htdocs\app-pmb\vendor\codeigniter4\framework\system\Commands\Server\rewrite.php(34): require_once('C:\\xampp\\htdocs...')
#6 {main}
CRITICAL - 2020-09-08 08:07:26 --> Undefined variable: idFakultas
#0 C:\xampp\htdocs\app-pmb\app\Controllers\DataPendaftaran.php(23): CodeIgniter\Debug\Exceptions->errorHandler(8, 'Undefined varia...', 'C:\\xampp\\htdocs...', 23, Array)
#1 C:\xampp\htdocs\app-pmb\app\Controllers\DataPendaftaran.php(85): App\Controllers\DataPendaftaran->_action('3', 'Belum Verifikas...')
#2 C:\xampp\htdocs\app-pmb\vendor\codeigniter4\framework\system\CodeIgniter.php(918): App\Controllers\DataPendaftaran->ajaxDataPendaftaran()
#3 C:\xampp\htdocs\app-pmb\vendor\codeigniter4\framework\system\CodeIgniter.php(404): CodeIgniter\CodeIgniter->runController(Object(App\Controllers\DataPendaftaran))
#4 C:\xampp\htdocs\app-pmb\vendor\codeigniter4\framework\system\CodeIgniter.php(312): CodeIgniter\CodeIgniter->handleRequest(NULL, Object(Config\Cache), false)
#5 C:\xampp\htdocs\app-pmb\public\index.php(45): CodeIgniter\CodeIgniter->run()
#6 C:\xampp\htdocs\app-pmb\vendor\codeigniter4\framework\system\Commands\Server\rewrite.php(34): require_once('C:\\xampp\\htdocs...')
#7 {main}
CRITICAL - 2020-09-08 08:08:38 --> Undefined variable: idFakultas
#0 C:\xampp\htdocs\app-pmb\app\Controllers\DataPendaftaran.php(23): CodeIgniter\Debug\Exceptions->errorHandler(8, 'Undefined varia...', 'C:\\xampp\\htdocs...', 23, Array)
#1 C:\xampp\htdocs\app-pmb\app\Controllers\DataPendaftaran.php(85): App\Controllers\DataPendaftaran->_action('3', 'Belum Verifikas...')
#2 C:\xampp\htdocs\app-pmb\vendor\codeigniter4\framework\system\CodeIgniter.php(918): App\Controllers\DataPendaftaran->ajaxDataPendaftaran()
#3 C:\xampp\htdocs\app-pmb\vendor\codeigniter4\framework\system\CodeIgniter.php(404): CodeIgniter\CodeIgniter->runController(Object(App\Controllers\DataPendaftaran))
#4 C:\xampp\htdocs\app-pmb\vendor\codeigniter4\framework\system\CodeIgniter.php(312): CodeIgniter\CodeIgniter->handleRequest(NULL, Object(Config\Cache), false)
#5 C:\xampp\htdocs\app-pmb\public\index.php(45): CodeIgniter\CodeIgniter->run()
#6 C:\xampp\htdocs\app-pmb\vendor\codeigniter4\framework\system\Commands\Server\rewrite.php(34): require_once('C:\\xampp\\htdocs...')
#7 {main}
CRITICAL - 2020-09-08 08:28:27 --> include(add.php): failed to open stream: No such file or directory
#0 C:\xampp\htdocs\app-pmb\app\Views\v_dataPendaftaran\view.php(25): CodeIgniter\Debug\Exceptions->errorHandler(2, 'include(add.php...', 'C:\\xampp\\htdocs...', 25, Array)
#1 C:\xampp\htdocs\app-pmb\app\Views\v_dataPendaftaran\view.php(25): include()
#2 C:\xampp\htdocs\app-pmb\vendor\codeigniter4\framework\system\View\View.php(246): include('C:\\xampp\\htdocs...')
#3 C:\xampp\htdocs\app-pmb\vendor\codeigniter4\framework\system\Common.php(1119): CodeIgniter\View\View->render('v_dataPendaftar...', Array, true)
#4 C:\xampp\htdocs\app-pmb\app\Controllers\DataPendaftaran.php(66): view('v_dataPendaftar...', Array)
#5 C:\xampp\htdocs\app-pmb\vendor\codeigniter4\framework\system\CodeIgniter.php(918): App\Controllers\DataPendaftaran->view('3')
#6 C:\xampp\htdocs\app-pmb\vendor\codeigniter4\framework\system\CodeIgniter.php(404): CodeIgniter\CodeIgniter->runController(Object(App\Controllers\DataPendaftaran))
#7 C:\xampp\htdocs\app-pmb\vendor\codeigniter4\framework\system\CodeIgniter.php(312): CodeIgniter\CodeIgniter->handleRequest(NULL, Object(Config\Cache), false)
#8 C:\xampp\htdocs\app-pmb\public\index.php(45): CodeIgniter\CodeIgniter->run()
#9 C:\xampp\htdocs\app-pmb\vendor\codeigniter4\framework\system\Commands\Server\rewrite.php(34): require_once('C:\\xampp\\htdocs...')
#10 {main}
