CRITICAL - 2022-11-21 13:06:33 --> Undefined variable: created_at
#0 D:\Xampp\htdocs\app-pmb2\app\Views\v_profil\index.php(40): CodeIgniter\Debug\Exceptions->errorHandler()
#1 D:\Xampp\htdocs\app-pmb2\vendor\codeigniter4\framework\system\View\View.php(246): include('D:\\Xampp\\htdocs...')
#2 D:\Xampp\htdocs\app-pmb2\vendor\codeigniter4\framework\system\Common.php(1119): CodeIgniter\View\View->render()
#3 D:\Xampp\htdocs\app-pmb2\app\Controllers\Profil.php(30): view()
#4 D:\Xampp\htdocs\app-pmb2\vendor\codeigniter4\framework\system\CodeIgniter.php(918): App\Controllers\Profil->index()
#5 D:\Xampp\htdocs\app-pmb2\vendor\codeigniter4\framework\system\CodeIgniter.php(404): CodeIgniter\CodeIgniter->runController()
#6 D:\Xampp\htdocs\app-pmb2\vendor\codeigniter4\framework\system\CodeIgniter.php(312): CodeIgniter\CodeIgniter->handleRequest()
#7 D:\Xampp\htdocs\app-pmb2\public\index.php(45): CodeIgniter\CodeIgniter->run()
#8 D:\Xampp\htdocs\app-pmb2\vendor\codeigniter4\framework\system\Commands\Server\rewrite.php(34): require_once('D:\\Xampp\\htdocs...')
#9 {main}
CRITICAL - 2022-11-21 13:27:53 --> Undefined variable: role
#0 D:\Xampp\htdocs\app-pmb2\app\Views\layouts_admin\navbar.php(14): CodeIgniter\Debug\Exceptions->errorHandler()
#1 D:\Xampp\htdocs\app-pmb2\vendor\codeigniter4\framework\system\View\View.php(246): include('D:\\Xampp\\htdocs...')
#2 D:\Xampp\htdocs\app-pmb2\vendor\codeigniter4\framework\system\View\View.php(525): CodeIgniter\View\View->render()
#3 D:\Xampp\htdocs\app-pmb2\app\Views\layouts_admin\template_admin.php(34): CodeIgniter\View\View->include()
#4 D:\Xampp\htdocs\app-pmb2\vendor\codeigniter4\framework\system\View\View.php(246): include('D:\\Xampp\\htdocs...')
#5 D:\Xampp\htdocs\app-pmb2\vendor\codeigniter4\framework\system\View\View.php(257): CodeIgniter\View\View->render()
#6 D:\Xampp\htdocs\app-pmb2\vendor\codeigniter4\framework\system\Common.php(1119): CodeIgniter\View\View->render()
#7 D:\Xampp\htdocs\app-pmb2\app\Controllers\Profil.php(30): view()
#8 D:\Xampp\htdocs\app-pmb2\vendor\codeigniter4\framework\system\CodeIgniter.php(918): App\Controllers\Profil->index()
#9 D:\Xampp\htdocs\app-pmb2\vendor\codeigniter4\framework\system\CodeIgniter.php(404): CodeIgniter\CodeIgniter->runController()
#10 D:\Xampp\htdocs\app-pmb2\vendor\codeigniter4\framework\system\CodeIgniter.php(312): CodeIgniter\CodeIgniter->handleRequest()
#11 D:\Xampp\htdocs\app-pmb2\public\index.php(45): CodeIgniter\CodeIgniter->run()
#12 D:\Xampp\htdocs\app-pmb2\vendor\codeigniter4\framework\system\Commands\Server\rewrite.php(34): require_once('D:\\Xampp\\htdocs...')
#13 {main}
CRITICAL - 2022-11-21 00:27:56 --> Undefined variable: role
#0 D:\Xampp\htdocs\app-pmb2\app\Views\layouts_admin\navbar.php(14): CodeIgniter\Debug\Exceptions->errorHandler()
#1 D:\Xampp\htdocs\app-pmb2\vendor\codeigniter4\framework\system\View\View.php(246): include('D:\\Xampp\\htdocs...')
#2 D:\Xampp\htdocs\app-pmb2\vendor\codeigniter4\framework\system\View\View.php(525): CodeIgniter\View\View->render()
#3 D:\Xampp\htdocs\app-pmb2\app\Views\layouts_admin\template_admin.php(34): CodeIgniter\View\View->include()
#4 D:\Xampp\htdocs\app-pmb2\vendor\codeigniter4\framework\system\View\View.php(246): include('D:\\Xampp\\htdocs...')
#5 D:\Xampp\htdocs\app-pmb2\vendor\codeigniter4\framework\system\View\View.php(257): CodeIgniter\View\View->render()
#6 D:\Xampp\htdocs\app-pmb2\vendor\codeigniter4\framework\system\Common.php(1119): CodeIgniter\View\View->render()
#7 D:\Xampp\htdocs\app-pmb2\app\Controllers\Dashboard.php(19): view()
#8 D:\Xampp\htdocs\app-pmb2\vendor\codeigniter4\framework\system\CodeIgniter.php(918): App\Controllers\Dashboard->index()
#9 D:\Xampp\htdocs\app-pmb2\vendor\codeigniter4\framework\system\CodeIgniter.php(404): CodeIgniter\CodeIgniter->runController()
#10 D:\Xampp\htdocs\app-pmb2\vendor\codeigniter4\framework\system\CodeIgniter.php(312): CodeIgniter\CodeIgniter->handleRequest()
#11 D:\Xampp\htdocs\app-pmb2\public\index.php(45): CodeIgniter\CodeIgniter->run()
#12 D:\Xampp\htdocs\app-pmb2\vendor\codeigniter4\framework\system\Commands\Server\rewrite.php(34): require_once('D:\\Xampp\\htdocs...')
#13 {main}
CRITICAL - 2022-11-21 13:56:33 --> Undefined variable: syarat
#0 D:\Xampp\htdocs\app-pmb2\app\Views\v_home\index.php(132): CodeIgniter\Debug\Exceptions->errorHandler()
#1 D:\Xampp\htdocs\app-pmb2\vendor\codeigniter4\framework\system\View\View.php(246): include('D:\\Xampp\\htdocs...')
#2 D:\Xampp\htdocs\app-pmb2\vendor\codeigniter4\framework\system\Common.php(1119): CodeIgniter\View\View->render()
#3 D:\Xampp\htdocs\app-pmb2\app\Controllers\Home.php(23): view()
#4 D:\Xampp\htdocs\app-pmb2\vendor\codeigniter4\framework\system\CodeIgniter.php(918): App\Controllers\Home->index()
#5 D:\Xampp\htdocs\app-pmb2\vendor\codeigniter4\framework\system\CodeIgniter.php(404): CodeIgniter\CodeIgniter->runController()
#6 D:\Xampp\htdocs\app-pmb2\vendor\codeigniter4\framework\system\CodeIgniter.php(312): CodeIgniter\CodeIgniter->handleRequest()
#7 D:\Xampp\htdocs\app-pmb2\public\index.php(45): CodeIgniter\CodeIgniter->run()
#8 D:\Xampp\htdocs\app-pmb2\vendor\codeigniter4\framework\system\Commands\Server\rewrite.php(34): require_once('D:\\Xampp\\htdocs...')
#9 {main}
CRITICAL - 2022-11-21 01:00:07 --> Too few arguments to function App\Models\UserModel::__construct(), 0 passed in D:\Xampp\htdocs\app-pmb2\app\Controllers\Login.php on line 16 and exactly 1 expected
#0 D:\Xampp\htdocs\app-pmb2\app\Controllers\Login.php(16): App\Models\UserModel->__construct()
#1 D:\Xampp\htdocs\app-pmb2\vendor\codeigniter4\framework\system\CodeIgniter.php(890): App\Controllers\Login->__construct()
#2 D:\Xampp\htdocs\app-pmb2\vendor\codeigniter4\framework\system\CodeIgniter.php(399): CodeIgniter\CodeIgniter->createController()
#3 D:\Xampp\htdocs\app-pmb2\vendor\codeigniter4\framework\system\CodeIgniter.php(312): CodeIgniter\CodeIgniter->handleRequest()
#4 D:\Xampp\htdocs\app-pmb2\public\index.php(45): CodeIgniter\CodeIgniter->run()
#5 D:\Xampp\htdocs\app-pmb2\vendor\codeigniter4\framework\system\Commands\Server\rewrite.php(34): require_once('D:\\Xampp\\htdocs...')
#6 {main}
