CRITICAL - 2020-08-26 02:40:35 --> syntax error, unexpected 'getRowArray' (T_STRING)
#0 C:\xampp\htdocs\app-pmb\vendor\codeigniter4\framework\system\Router\Router.php(195): CodeIgniter\Router\Router->autoRoute('datafakultas')
#1 C:\xampp\htdocs\app-pmb\vendor\codeigniter4\framework\system\CodeIgniter.php(793): CodeIgniter\Router\Router->handle('datafakultas')
#2 C:\xampp\htdocs\app-pmb\vendor\codeigniter4\framework\system\CodeIgniter.php(364): CodeIgniter\CodeIgniter->tryToRouteIt(Object(CodeIgniter\Router\RouteCollection))
#3 C:\xampp\htdocs\app-pmb\vendor\codeigniter4\framework\system\CodeIgniter.php(312): CodeIgniter\CodeIgniter->handleRequest(NULL, Object(Config\Cache), false)
#4 C:\xampp\htdocs\app-pmb\public\index.php(45): CodeIgniter\CodeIgniter->run()
#5 C:\xampp\htdocs\app-pmb\vendor\codeigniter4\framework\system\Commands\Server\rewrite.php(34): require_once('C:\\xampp\\htdocs...')
#6 {main}
CRITICAL - 2020-08-26 02:41:42 --> Call to a member function getRowArray() on array
#0 C:\xampp\htdocs\app-pmb\vendor\codeigniter4\framework\system\CodeIgniter.php(918): App\Controllers\DataFakultas->ajaxUpdate('2')
#1 C:\xampp\htdocs\app-pmb\vendor\codeigniter4\framework\system\CodeIgniter.php(404): CodeIgniter\CodeIgniter->runController(Object(App\Controllers\DataFakultas))
#2 C:\xampp\htdocs\app-pmb\vendor\codeigniter4\framework\system\CodeIgniter.php(312): CodeIgniter\CodeIgniter->handleRequest(NULL, Object(Config\Cache), false)
#3 C:\xampp\htdocs\app-pmb\public\index.php(45): CodeIgniter\CodeIgniter->run()
#4 C:\xampp\htdocs\app-pmb\vendor\codeigniter4\framework\system\Commands\Server\rewrite.php(34): require_once('C:\\xampp\\htdocs...')
#5 {main}
CRITICAL - 2020-08-26 02:44:00 --> Call to a member function getRowArray() on array
#0 C:\xampp\htdocs\app-pmb\vendor\codeigniter4\framework\system\CodeIgniter.php(918): App\Controllers\DataFakultas->ajaxUpdate('3')
#1 C:\xampp\htdocs\app-pmb\vendor\codeigniter4\framework\system\CodeIgniter.php(404): CodeIgniter\CodeIgniter->runController(Object(App\Controllers\DataFakultas))
#2 C:\xampp\htdocs\app-pmb\vendor\codeigniter4\framework\system\CodeIgniter.php(312): CodeIgniter\CodeIgniter->handleRequest(NULL, Object(Config\Cache), false)
#3 C:\xampp\htdocs\app-pmb\public\index.php(45): CodeIgniter\CodeIgniter->run()
#4 C:\xampp\htdocs\app-pmb\vendor\codeigniter4\framework\system\Commands\Server\rewrite.php(34): require_once('C:\\xampp\\htdocs...')
#5 {main}
CRITICAL - 2020-08-26 02:44:20 --> Undefined property: App\Controllers\DataFakultas::$M_formasi
#0 C:\xampp\htdocs\app-pmb\app\Controllers\DataFakultas.php(84): CodeIgniter\Debug\Exceptions->errorHandler(8, 'Undefined prope...', 'C:\\xampp\\htdocs...', 84, Array)
#1 C:\xampp\htdocs\app-pmb\vendor\codeigniter4\framework\system\CodeIgniter.php(918): App\Controllers\DataFakultas->ajaxUpdate('3')
#2 C:\xampp\htdocs\app-pmb\vendor\codeigniter4\framework\system\CodeIgniter.php(404): CodeIgniter\CodeIgniter->runController(Object(App\Controllers\DataFakultas))
#3 C:\xampp\htdocs\app-pmb\vendor\codeigniter4\framework\system\CodeIgniter.php(312): CodeIgniter\CodeIgniter->handleRequest(NULL, Object(Config\Cache), false)
#4 C:\xampp\htdocs\app-pmb\public\index.php(45): CodeIgniter\CodeIgniter->run()
#5 C:\xampp\htdocs\app-pmb\vendor\codeigniter4\framework\system\Commands\Server\rewrite.php(34): require_once('C:\\xampp\\htdocs...')
#6 {main}
CRITICAL - 2020-08-26 02:56:17 --> Call to a member function getRowArray() on array
#0 C:\xampp\htdocs\app-pmb\vendor\codeigniter4\framework\system\CodeIgniter.php(918): App\Controllers\DataFakultas->ajaxUpdate('2')
#1 C:\xampp\htdocs\app-pmb\vendor\codeigniter4\framework\system\CodeIgniter.php(404): CodeIgniter\CodeIgniter->runController(Object(App\Controllers\DataFakultas))
#2 C:\xampp\htdocs\app-pmb\vendor\codeigniter4\framework\system\CodeIgniter.php(312): CodeIgniter\CodeIgniter->handleRequest(NULL, Object(Config\Cache), false)
#3 C:\xampp\htdocs\app-pmb\public\index.php(45): CodeIgniter\CodeIgniter->run()
#4 C:\xampp\htdocs\app-pmb\vendor\codeigniter4\framework\system\Commands\Server\rewrite.php(34): require_once('C:\\xampp\\htdocs...')
#5 {main}
CRITICAL - 2020-08-26 05:21:29 --> Unable to connect to the database.
#0 C:\xampp\htdocs\app-pmb\vendor\codeigniter4\framework\system\Database\BaseConnection.php(646): CodeIgniter\Database\BaseConnection->initialize()
#1 C:\xampp\htdocs\app-pmb\app\Views\layouts_admin\sidebar.php(68): CodeIgniter\Database\BaseConnection->query('SELECT * FROM t...')
#2 C:\xampp\htdocs\app-pmb\vendor\codeigniter4\framework\system\View\View.php(246): include('C:\\xampp\\htdocs...')
#3 C:\xampp\htdocs\app-pmb\vendor\codeigniter4\framework\system\View\View.php(525): CodeIgniter\View\View->render('layouts_admin/s...', NULL, true)
#4 C:\xampp\htdocs\app-pmb\app\Views\layouts_admin\template_admin.php(33): CodeIgniter\View\View->include('layouts_admin/s...')
#5 C:\xampp\htdocs\app-pmb\vendor\codeigniter4\framework\system\View\View.php(246): include('C:\\xampp\\htdocs...')
#6 C:\xampp\htdocs\app-pmb\vendor\codeigniter4\framework\system\View\View.php(257): CodeIgniter\View\View->render('layouts_admin/t...', Array, true)
#7 C:\xampp\htdocs\app-pmb\vendor\codeigniter4\framework\system\Common.php(1119): CodeIgniter\View\View->render('v_dataFakultas/...', Array, true)
#8 C:\xampp\htdocs\app-pmb\app\Controllers\DataFakultas.php(44): view('v_dataFakultas/...', Array)
#9 C:\xampp\htdocs\app-pmb\vendor\codeigniter4\framework\system\CodeIgniter.php(918): App\Controllers\DataFakultas->index()
#10 C:\xampp\htdocs\app-pmb\vendor\codeigniter4\framework\system\CodeIgniter.php(404): CodeIgniter\CodeIgniter->runController(Object(App\Controllers\DataFakultas))
#11 C:\xampp\htdocs\app-pmb\vendor\codeigniter4\framework\system\CodeIgniter.php(312): CodeIgniter\CodeIgniter->handleRequest(NULL, Object(Config\Cache), false)
#12 C:\xampp\htdocs\app-pmb\public\index.php(45): CodeIgniter\CodeIgniter->run()
#13 C:\xampp\htdocs\app-pmb\vendor\codeigniter4\framework\system\Commands\Server\rewrite.php(34): require_once('C:\\xampp\\htdocs...')
#14 {main}
CRITICAL - 2020-08-26 05:21:30 --> Uncaught ErrorException: print_r(): Property access is not allowed yet in C:\xampp\htdocs\app-pmb\app\Views\errors\html\error_exception.php:100
Stack trace:
#0 [internal function]: CodeIgniter\Debug\Exceptions->errorHandler(2, 'print_r(): Prop...', 'C:\\xampp\\htdocs...', 100, Array)
#1 C:\xampp\htdocs\app-pmb\app\Views\errors\html\error_exception.php(100): print_r(Object(App\Controllers\DataFakultas), true)
#2 C:\xampp\htdocs\app-pmb\vendor\codeigniter4\framework\system\Debug\Exceptions.php(308): include('C:\\xampp\\htdocs...')
#3 C:\xampp\htdocs\app-pmb\vendor\codeigniter4\framework\system\Debug\Exceptions.php(174): CodeIgniter\Debug\Exceptions->render(Object(CodeIgniter\Database\Exceptions\DatabaseException), 500)
#4 [internal function]: CodeIgniter\Debug\Exceptions->exceptionHandler(Object(CodeIgniter\Database\Exceptions\DatabaseException))
#5 {main}
  thrown
#0 [internal function]: CodeIgniter\Debug\Exceptions->shutdownHandler()
#1 {main}
CRITICAL - 2020-08-26 06:00:46 --> Class 'App\Controllers\CI_Controller' not found
#0 C:\xampp\htdocs\app-pmb\vendor\codeigniter4\framework\system\Router\Router.php(583): include_once()
#1 C:\xampp\htdocs\app-pmb\vendor\codeigniter4\framework\system\Router\Router.php(195): CodeIgniter\Router\Router->autoRoute('dataprodi')
#2 C:\xampp\htdocs\app-pmb\vendor\codeigniter4\framework\system\CodeIgniter.php(793): CodeIgniter\Router\Router->handle('dataprodi')
#3 C:\xampp\htdocs\app-pmb\vendor\codeigniter4\framework\system\CodeIgniter.php(364): CodeIgniter\CodeIgniter->tryToRouteIt(Object(CodeIgniter\Router\RouteCollection))
#4 C:\xampp\htdocs\app-pmb\vendor\codeigniter4\framework\system\CodeIgniter.php(312): CodeIgniter\CodeIgniter->handleRequest(NULL, Object(Config\Cache), false)
#5 C:\xampp\htdocs\app-pmb\public\index.php(45): CodeIgniter\CodeIgniter->run()
#6 C:\xampp\htdocs\app-pmb\vendor\codeigniter4\framework\system\Commands\Server\rewrite.php(34): require_once('C:\\xampp\\htdocs...')
#7 {main}
CRITICAL - 2020-08-26 06:13:55 --> Request URI segment is out of range: 2
#0 C:\xampp\htdocs\app-pmb\vendor\codeigniter4\framework\system\HTTP\URI.php(515): CodeIgniter\HTTP\Exceptions\HTTPException::forURISegmentOutOfRange(2)
#1 C:\xampp\htdocs\app-pmb\app\Views\layouts_admin\sidebar.php(74): CodeIgniter\HTTP\URI->getSegment(2)
#2 C:\xampp\htdocs\app-pmb\vendor\codeigniter4\framework\system\View\View.php(246): include('C:\\xampp\\htdocs...')
#3 C:\xampp\htdocs\app-pmb\vendor\codeigniter4\framework\system\View\View.php(525): CodeIgniter\View\View->render('layouts_admin/s...', NULL, true)
#4 C:\xampp\htdocs\app-pmb\app\Views\layouts_admin\template_admin.php(33): CodeIgniter\View\View->include('layouts_admin/s...')
#5 C:\xampp\htdocs\app-pmb\vendor\codeigniter4\framework\system\View\View.php(246): include('C:\\xampp\\htdocs...')
#6 C:\xampp\htdocs\app-pmb\vendor\codeigniter4\framework\system\View\View.php(257): CodeIgniter\View\View->render('layouts_admin/t...', Array, true)
#7 C:\xampp\htdocs\app-pmb\vendor\codeigniter4\framework\system\Common.php(1119): CodeIgniter\View\View->render('v_dataFakultas/...', Array, true)
#8 C:\xampp\htdocs\app-pmb\app\Controllers\DataFakultas.php(40): view('v_dataFakultas/...', Array)
#9 C:\xampp\htdocs\app-pmb\vendor\codeigniter4\framework\system\CodeIgniter.php(918): App\Controllers\DataFakultas->index()
#10 C:\xampp\htdocs\app-pmb\vendor\codeigniter4\framework\system\CodeIgniter.php(404): CodeIgniter\CodeIgniter->runController(Object(App\Controllers\DataFakultas))
#11 C:\xampp\htdocs\app-pmb\vendor\codeigniter4\framework\system\CodeIgniter.php(312): CodeIgniter\CodeIgniter->handleRequest(NULL, Object(Config\Cache), false)
#12 C:\xampp\htdocs\app-pmb\public\index.php(45): CodeIgniter\CodeIgniter->run()
#13 C:\xampp\htdocs\app-pmb\vendor\codeigniter4\framework\system\Commands\Server\rewrite.php(34): require_once('C:\\xampp\\htdocs...')
#14 {main}
CRITICAL - 2020-08-26 06:15:20 --> Request URI segment is out of range: 2
#0 C:\xampp\htdocs\app-pmb\vendor\codeigniter4\framework\system\HTTP\URI.php(515): CodeIgniter\HTTP\Exceptions\HTTPException::forURISegmentOutOfRange(2)
#1 C:\xampp\htdocs\app-pmb\app\Views\layouts_admin\sidebar.php(74): CodeIgniter\HTTP\URI->getSegment(2)
#2 C:\xampp\htdocs\app-pmb\vendor\codeigniter4\framework\system\View\View.php(246): include('C:\\xampp\\htdocs...')
#3 C:\xampp\htdocs\app-pmb\vendor\codeigniter4\framework\system\View\View.php(525): CodeIgniter\View\View->render('layouts_admin/s...', NULL, true)
#4 C:\xampp\htdocs\app-pmb\app\Views\layouts_admin\template_admin.php(33): CodeIgniter\View\View->include('layouts_admin/s...')
#5 C:\xampp\htdocs\app-pmb\vendor\codeigniter4\framework\system\View\View.php(246): include('C:\\xampp\\htdocs...')
#6 C:\xampp\htdocs\app-pmb\vendor\codeigniter4\framework\system\View\View.php(257): CodeIgniter\View\View->render('layouts_admin/t...', Array, true)
#7 C:\xampp\htdocs\app-pmb\vendor\codeigniter4\framework\system\Common.php(1119): CodeIgniter\View\View->render('v_dataFakultas/...', Array, true)
#8 C:\xampp\htdocs\app-pmb\app\Controllers\DataFakultas.php(40): view('v_dataFakultas/...', Array)
#9 C:\xampp\htdocs\app-pmb\vendor\codeigniter4\framework\system\CodeIgniter.php(918): App\Controllers\DataFakultas->index()
#10 C:\xampp\htdocs\app-pmb\vendor\codeigniter4\framework\system\CodeIgniter.php(404): CodeIgniter\CodeIgniter->runController(Object(App\Controllers\DataFakultas))
#11 C:\xampp\htdocs\app-pmb\vendor\codeigniter4\framework\system\CodeIgniter.php(312): CodeIgniter\CodeIgniter->handleRequest(NULL, Object(Config\Cache), false)
#12 C:\xampp\htdocs\app-pmb\public\index.php(45): CodeIgniter\CodeIgniter->run()
#13 C:\xampp\htdocs\app-pmb\vendor\codeigniter4\framework\system\Commands\Server\rewrite.php(34): require_once('C:\\xampp\\htdocs...')
#14 {main}
CRITICAL - 2020-08-26 06:16:48 --> Request URI segment is out of range: 2
#0 C:\xampp\htdocs\app-pmb\vendor\codeigniter4\framework\system\HTTP\URI.php(515): CodeIgniter\HTTP\Exceptions\HTTPException::forURISegmentOutOfRange(2)
#1 C:\xampp\htdocs\app-pmb\app\Views\layouts_admin\sidebar.php(74): CodeIgniter\HTTP\URI->getSegment(2)
#2 C:\xampp\htdocs\app-pmb\vendor\codeigniter4\framework\system\View\View.php(246): include('C:\\xampp\\htdocs...')
#3 C:\xampp\htdocs\app-pmb\vendor\codeigniter4\framework\system\View\View.php(525): CodeIgniter\View\View->render('layouts_admin/s...', NULL, true)
#4 C:\xampp\htdocs\app-pmb\app\Views\layouts_admin\template_admin.php(33): CodeIgniter\View\View->include('layouts_admin/s...')
#5 C:\xampp\htdocs\app-pmb\vendor\codeigniter4\framework\system\View\View.php(246): include('C:\\xampp\\htdocs...')
#6 C:\xampp\htdocs\app-pmb\vendor\codeigniter4\framework\system\View\View.php(257): CodeIgniter\View\View->render('layouts_admin/t...', Array, true)
#7 C:\xampp\htdocs\app-pmb\vendor\codeigniter4\framework\system\Common.php(1119): CodeIgniter\View\View->render('v_informasi/ind...', Array, true)
#8 C:\xampp\htdocs\app-pmb\app\Controllers\Informasi.php(18): view('v_informasi/ind...', Array)
#9 C:\xampp\htdocs\app-pmb\vendor\codeigniter4\framework\system\CodeIgniter.php(918): App\Controllers\Informasi->index()
#10 C:\xampp\htdocs\app-pmb\vendor\codeigniter4\framework\system\CodeIgniter.php(404): CodeIgniter\CodeIgniter->runController(Object(App\Controllers\Informasi))
#11 C:\xampp\htdocs\app-pmb\vendor\codeigniter4\framework\system\CodeIgniter.php(312): CodeIgniter\CodeIgniter->handleRequest(NULL, Object(Config\Cache), false)
#12 C:\xampp\htdocs\app-pmb\public\index.php(45): CodeIgniter\CodeIgniter->run()
#13 C:\xampp\htdocs\app-pmb\vendor\codeigniter4\framework\system\Commands\Server\rewrite.php(34): require_once('C:\\xampp\\htdocs...')
#14 {main}
CRITICAL - 2020-08-26 06:20:36 --> Request URI segment is out of range: 2
#0 C:\xampp\htdocs\app-pmb\vendor\codeigniter4\framework\system\HTTP\URI.php(515): CodeIgniter\HTTP\Exceptions\HTTPException::forURISegmentOutOfRange(2)
#1 C:\xampp\htdocs\app-pmb\app\Views\layouts_admin\sidebar.php(74): CodeIgniter\HTTP\URI->getSegment(2)
#2 C:\xampp\htdocs\app-pmb\vendor\codeigniter4\framework\system\View\View.php(246): include('C:\\xampp\\htdocs...')
#3 C:\xampp\htdocs\app-pmb\vendor\codeigniter4\framework\system\View\View.php(525): CodeIgniter\View\View->render('layouts_admin/s...', NULL, true)
#4 C:\xampp\htdocs\app-pmb\app\Views\layouts_admin\template_admin.php(33): CodeIgniter\View\View->include('layouts_admin/s...')
#5 C:\xampp\htdocs\app-pmb\vendor\codeigniter4\framework\system\View\View.php(246): include('C:\\xampp\\htdocs...')
#6 C:\xampp\htdocs\app-pmb\vendor\codeigniter4\framework\system\View\View.php(257): CodeIgniter\View\View->render('layouts_admin/t...', Array, true)
#7 C:\xampp\htdocs\app-pmb\vendor\codeigniter4\framework\system\Common.php(1119): CodeIgniter\View\View->render('v_dataFakultas/...', Array, true)
#8 C:\xampp\htdocs\app-pmb\app\Controllers\DataFakultas.php(40): view('v_dataFakultas/...', Array)
#9 C:\xampp\htdocs\app-pmb\vendor\codeigniter4\framework\system\CodeIgniter.php(918): App\Controllers\DataFakultas->index()
#10 C:\xampp\htdocs\app-pmb\vendor\codeigniter4\framework\system\CodeIgniter.php(404): CodeIgniter\CodeIgniter->runController(Object(App\Controllers\DataFakultas))
#11 C:\xampp\htdocs\app-pmb\vendor\codeigniter4\framework\system\CodeIgniter.php(312): CodeIgniter\CodeIgniter->handleRequest(NULL, Object(Config\Cache), false)
#12 C:\xampp\htdocs\app-pmb\public\index.php(45): CodeIgniter\CodeIgniter->run()
#13 C:\xampp\htdocs\app-pmb\vendor\codeigniter4\framework\system\Commands\Server\rewrite.php(34): require_once('C:\\xampp\\htdocs...')
#14 {main}
CRITICAL - 2020-08-26 06:20:39 --> Request URI segment is out of range: 2
#0 C:\xampp\htdocs\app-pmb\vendor\codeigniter4\framework\system\HTTP\URI.php(515): CodeIgniter\HTTP\Exceptions\HTTPException::forURISegmentOutOfRange(2)
#1 C:\xampp\htdocs\app-pmb\app\Views\layouts_admin\sidebar.php(74): CodeIgniter\HTTP\URI->getSegment(2)
#2 C:\xampp\htdocs\app-pmb\vendor\codeigniter4\framework\system\View\View.php(246): include('C:\\xampp\\htdocs...')
#3 C:\xampp\htdocs\app-pmb\vendor\codeigniter4\framework\system\View\View.php(525): CodeIgniter\View\View->render('layouts_admin/s...', NULL, true)
#4 C:\xampp\htdocs\app-pmb\app\Views\layouts_admin\template_admin.php(33): CodeIgniter\View\View->include('layouts_admin/s...')
#5 C:\xampp\htdocs\app-pmb\vendor\codeigniter4\framework\system\View\View.php(246): include('C:\\xampp\\htdocs...')
#6 C:\xampp\htdocs\app-pmb\vendor\codeigniter4\framework\system\View\View.php(257): CodeIgniter\View\View->render('layouts_admin/t...', Array, true)
#7 C:\xampp\htdocs\app-pmb\vendor\codeigniter4\framework\system\Common.php(1119): CodeIgniter\View\View->render('v_dataProdi/ind...', Array, true)
#8 C:\xampp\htdocs\app-pmb\app\Controllers\DataProdi.php(18): view('v_dataProdi/ind...', Array)
#9 C:\xampp\htdocs\app-pmb\vendor\codeigniter4\framework\system\CodeIgniter.php(918): App\Controllers\DataProdi->index('9')
#10 C:\xampp\htdocs\app-pmb\vendor\codeigniter4\framework\system\CodeIgniter.php(404): CodeIgniter\CodeIgniter->runController(Object(App\Controllers\DataProdi))
#11 C:\xampp\htdocs\app-pmb\vendor\codeigniter4\framework\system\CodeIgniter.php(312): CodeIgniter\CodeIgniter->handleRequest(NULL, Object(Config\Cache), false)
#12 C:\xampp\htdocs\app-pmb\public\index.php(45): CodeIgniter\CodeIgniter->run()
#13 C:\xampp\htdocs\app-pmb\vendor\codeigniter4\framework\system\Commands\Server\rewrite.php(34): require_once('C:\\xampp\\htdocs...')
#14 {main}
CRITICAL - 2020-08-26 06:20:42 --> Request URI segment is out of range: 2
#0 C:\xampp\htdocs\app-pmb\vendor\codeigniter4\framework\system\HTTP\URI.php(515): CodeIgniter\HTTP\Exceptions\HTTPException::forURISegmentOutOfRange(2)
#1 C:\xampp\htdocs\app-pmb\app\Views\layouts_admin\sidebar.php(74): CodeIgniter\HTTP\URI->getSegment(2)
#2 C:\xampp\htdocs\app-pmb\vendor\codeigniter4\framework\system\View\View.php(246): include('C:\\xampp\\htdocs...')
#3 C:\xampp\htdocs\app-pmb\vendor\codeigniter4\framework\system\View\View.php(525): CodeIgniter\View\View->render('layouts_admin/s...', NULL, true)
#4 C:\xampp\htdocs\app-pmb\app\Views\layouts_admin\template_admin.php(33): CodeIgniter\View\View->include('layouts_admin/s...')
#5 C:\xampp\htdocs\app-pmb\vendor\codeigniter4\framework\system\View\View.php(246): include('C:\\xampp\\htdocs...')
#6 C:\xampp\htdocs\app-pmb\vendor\codeigniter4\framework\system\View\View.php(257): CodeIgniter\View\View->render('layouts_admin/t...', Array, true)
#7 C:\xampp\htdocs\app-pmb\vendor\codeigniter4\framework\system\Common.php(1119): CodeIgniter\View\View->render('v_dataProdi/ind...', Array, true)
#8 C:\xampp\htdocs\app-pmb\app\Controllers\DataProdi.php(18): view('v_dataProdi/ind...', Array)
#9 C:\xampp\htdocs\app-pmb\vendor\codeigniter4\framework\system\CodeIgniter.php(918): App\Controllers\DataProdi->index('1')
#10 C:\xampp\htdocs\app-pmb\vendor\codeigniter4\framework\system\CodeIgniter.php(404): CodeIgniter\CodeIgniter->runController(Object(App\Controllers\DataProdi))
#11 C:\xampp\htdocs\app-pmb\vendor\codeigniter4\framework\system\CodeIgniter.php(312): CodeIgniter\CodeIgniter->handleRequest(NULL, Object(Config\Cache), false)
#12 C:\xampp\htdocs\app-pmb\public\index.php(45): CodeIgniter\CodeIgniter->run()
#13 C:\xampp\htdocs\app-pmb\vendor\codeigniter4\framework\system\Commands\Server\rewrite.php(34): require_once('C:\\xampp\\htdocs...')
#14 {main}
CRITICAL - 2020-08-26 06:21:07 --> Request URI segment is out of range: 2
#0 C:\xampp\htdocs\app-pmb\vendor\codeigniter4\framework\system\HTTP\URI.php(515): CodeIgniter\HTTP\Exceptions\HTTPException::forURISegmentOutOfRange(2)
#1 C:\xampp\htdocs\app-pmb\app\Views\layouts_admin\sidebar.php(74): CodeIgniter\HTTP\URI->getSegment(2)
#2 C:\xampp\htdocs\app-pmb\vendor\codeigniter4\framework\system\View\View.php(246): include('C:\\xampp\\htdocs...')
#3 C:\xampp\htdocs\app-pmb\vendor\codeigniter4\framework\system\View\View.php(525): CodeIgniter\View\View->render('layouts_admin/s...', NULL, true)
#4 C:\xampp\htdocs\app-pmb\app\Views\layouts_admin\template_admin.php(33): CodeIgniter\View\View->include('layouts_admin/s...')
#5 C:\xampp\htdocs\app-pmb\vendor\codeigniter4\framework\system\View\View.php(246): include('C:\\xampp\\htdocs...')
#6 C:\xampp\htdocs\app-pmb\vendor\codeigniter4\framework\system\View\View.php(257): CodeIgniter\View\View->render('layouts_admin/t...', Array, true)
#7 C:\xampp\htdocs\app-pmb\vendor\codeigniter4\framework\system\Common.php(1119): CodeIgniter\View\View->render('v_dataFakultas/...', Array, true)
#8 C:\xampp\htdocs\app-pmb\app\Controllers\DataFakultas.php(40): view('v_dataFakultas/...', Array)
#9 C:\xampp\htdocs\app-pmb\vendor\codeigniter4\framework\system\CodeIgniter.php(918): App\Controllers\DataFakultas->index()
#10 C:\xampp\htdocs\app-pmb\vendor\codeigniter4\framework\system\CodeIgniter.php(404): CodeIgniter\CodeIgniter->runController(Object(App\Controllers\DataFakultas))
#11 C:\xampp\htdocs\app-pmb\vendor\codeigniter4\framework\system\CodeIgniter.php(312): CodeIgniter\CodeIgniter->handleRequest(NULL, Object(Config\Cache), false)
#12 C:\xampp\htdocs\app-pmb\public\index.php(45): CodeIgniter\CodeIgniter->run()
#13 C:\xampp\htdocs\app-pmb\vendor\codeigniter4\framework\system\Commands\Server\rewrite.php(34): require_once('C:\\xampp\\htdocs...')
#14 {main}
CRITICAL - 2020-08-26 06:25:36 --> syntax error, unexpected ';'
#0 C:\xampp\htdocs\app-pmb\vendor\codeigniter4\framework\system\View\View.php(525): CodeIgniter\View\View->render('layouts_admin/s...', NULL, true)
#1 C:\xampp\htdocs\app-pmb\app\Views\layouts_admin\template_admin.php(33): CodeIgniter\View\View->include('layouts_admin/s...')
#2 C:\xampp\htdocs\app-pmb\vendor\codeigniter4\framework\system\View\View.php(246): include('C:\\xampp\\htdocs...')
#3 C:\xampp\htdocs\app-pmb\vendor\codeigniter4\framework\system\View\View.php(257): CodeIgniter\View\View->render('layouts_admin/t...', Array, true)
#4 C:\xampp\htdocs\app-pmb\vendor\codeigniter4\framework\system\Common.php(1119): CodeIgniter\View\View->render('v_dataFakultas/...', Array, true)
#5 C:\xampp\htdocs\app-pmb\app\Controllers\DataFakultas.php(40): view('v_dataFakultas/...', Array)
#6 C:\xampp\htdocs\app-pmb\vendor\codeigniter4\framework\system\CodeIgniter.php(918): App\Controllers\DataFakultas->index()
#7 C:\xampp\htdocs\app-pmb\vendor\codeigniter4\framework\system\CodeIgniter.php(404): CodeIgniter\CodeIgniter->runController(Object(App\Controllers\DataFakultas))
#8 C:\xampp\htdocs\app-pmb\vendor\codeigniter4\framework\system\CodeIgniter.php(312): CodeIgniter\CodeIgniter->handleRequest(NULL, Object(Config\Cache), false)
#9 C:\xampp\htdocs\app-pmb\public\index.php(45): CodeIgniter\CodeIgniter->run()
#10 C:\xampp\htdocs\app-pmb\vendor\codeigniter4\framework\system\Commands\Server\rewrite.php(34): require_once('C:\\xampp\\htdocs...')
#11 {main}
CRITICAL - 2020-08-26 06:26:02 --> Undefined variable: x
#0 C:\xampp\htdocs\app-pmb\app\Views\layouts_admin\sidebar.php(84): CodeIgniter\Debug\Exceptions->errorHandler(8, 'Undefined varia...', 'C:\\xampp\\htdocs...', 84, Array)
#1 C:\xampp\htdocs\app-pmb\vendor\codeigniter4\framework\system\View\View.php(246): include('C:\\xampp\\htdocs...')
#2 C:\xampp\htdocs\app-pmb\vendor\codeigniter4\framework\system\View\View.php(525): CodeIgniter\View\View->render('layouts_admin/s...', NULL, true)
#3 C:\xampp\htdocs\app-pmb\app\Views\layouts_admin\template_admin.php(33): CodeIgniter\View\View->include('layouts_admin/s...')
#4 C:\xampp\htdocs\app-pmb\vendor\codeigniter4\framework\system\View\View.php(246): include('C:\\xampp\\htdocs...')
#5 C:\xampp\htdocs\app-pmb\vendor\codeigniter4\framework\system\View\View.php(257): CodeIgniter\View\View->render('layouts_admin/t...', Array, true)
#6 C:\xampp\htdocs\app-pmb\vendor\codeigniter4\framework\system\Common.php(1119): CodeIgniter\View\View->render('v_dataFakultas/...', Array, true)
#7 C:\xampp\htdocs\app-pmb\app\Controllers\DataFakultas.php(40): view('v_dataFakultas/...', Array)
#8 C:\xampp\htdocs\app-pmb\vendor\codeigniter4\framework\system\CodeIgniter.php(918): App\Controllers\DataFakultas->index()
#9 C:\xampp\htdocs\app-pmb\vendor\codeigniter4\framework\system\CodeIgniter.php(404): CodeIgniter\CodeIgniter->runController(Object(App\Controllers\DataFakultas))
#10 C:\xampp\htdocs\app-pmb\vendor\codeigniter4\framework\system\CodeIgniter.php(312): CodeIgniter\CodeIgniter->handleRequest(NULL, Object(Config\Cache), false)
#11 C:\xampp\htdocs\app-pmb\public\index.php(45): CodeIgniter\CodeIgniter->run()
#12 C:\xampp\htdocs\app-pmb\vendor\codeigniter4\framework\system\Commands\Server\rewrite.php(34): require_once('C:\\xampp\\htdocs...')
#13 {main}
