CRITICAL - 2023-03-06 20:51:00 --> Trying to access array offset on value of type null
#0 D:\Xampp\htdocs\diskominfosan\app\Controllers\DataPendaftaran.php(99): CodeIgniter\Debug\Exceptions->errorHandler()
#1 D:\Xampp\htdocs\diskominfosan\vendor\codeigniter4\framework\system\CodeIgniter.php(918): App\Controllers\DataPendaftaran->view()
#2 D:\Xampp\htdocs\diskominfosan\vendor\codeigniter4\framework\system\CodeIgniter.php(404): CodeIgniter\CodeIgniter->runController()
#3 D:\Xampp\htdocs\diskominfosan\vendor\codeigniter4\framework\system\CodeIgniter.php(312): CodeIgniter\CodeIgniter->handleRequest()
#4 D:\Xampp\htdocs\diskominfosan\public\index.php(45): CodeIgniter\CodeIgniter->run()
#5 D:\Xampp\htdocs\diskominfosan\vendor\codeigniter4\framework\system\Commands\Server\rewrite.php(34): require_once('D:\\Xampp\\htdocs...')
#6 {main}
CRITICAL - 2023-03-06 21:34:33 --> Class 'config\Database' not found
#0 D:\Xampp\htdocs\diskominfosan\app\Views\v_dashboard\index.php(30): hitungData()
#1 D:\Xampp\htdocs\diskominfosan\vendor\codeigniter4\framework\system\View\View.php(246): include('D:\\Xampp\\htdocs...')
#2 D:\Xampp\htdocs\diskominfosan\vendor\codeigniter4\framework\system\Common.php(1119): CodeIgniter\View\View->render()
#3 D:\Xampp\htdocs\diskominfosan\app\Controllers\Dashboard.php(20): view()
#4 D:\Xampp\htdocs\diskominfosan\vendor\codeigniter4\framework\system\CodeIgniter.php(918): App\Controllers\Dashboard->index()
#5 D:\Xampp\htdocs\diskominfosan\vendor\codeigniter4\framework\system\CodeIgniter.php(404): CodeIgniter\CodeIgniter->runController()
#6 D:\Xampp\htdocs\diskominfosan\vendor\codeigniter4\framework\system\CodeIgniter.php(312): CodeIgniter\CodeIgniter->handleRequest()
#7 D:\Xampp\htdocs\diskominfosan\public\index.php(45): CodeIgniter\CodeIgniter->run()
#8 D:\Xampp\htdocs\diskominfosan\vendor\codeigniter4\framework\system\Commands\Server\rewrite.php(34): require_once('D:\\Xampp\\htdocs...')
#9 {main}
CRITICAL - 2023-03-06 22:25:01 --> Invalid file: v_magang/progress.php
#0 D:\Xampp\htdocs\diskominfosan\vendor\codeigniter4\framework\system\View\View.php(228): CodeIgniter\Exceptions\FrameworkException::forInvalidFile()
#1 D:\Xampp\htdocs\diskominfosan\vendor\codeigniter4\framework\system\Common.php(1119): CodeIgniter\View\View->render()
#2 D:\Xampp\htdocs\diskominfosan\app\Controllers\ProgressMagang.php(52): view()
#3 D:\Xampp\htdocs\diskominfosan\vendor\codeigniter4\framework\system\CodeIgniter.php(918): App\Controllers\ProgressMagang->index()
#4 D:\Xampp\htdocs\diskominfosan\vendor\codeigniter4\framework\system\CodeIgniter.php(404): CodeIgniter\CodeIgniter->runController()
#5 D:\Xampp\htdocs\diskominfosan\vendor\codeigniter4\framework\system\CodeIgniter.php(312): CodeIgniter\CodeIgniter->handleRequest()
#6 D:\Xampp\htdocs\diskominfosan\public\index.php(45): CodeIgniter\CodeIgniter->run()
#7 D:\Xampp\htdocs\diskominfosan\vendor\codeigniter4\framework\system\Commands\Server\rewrite.php(34): require_once('D:\\Xampp\\htdocs...')
#8 {main}
CRITICAL - 2023-03-06 22:25:46 --> Invalid file: v_magang/progress.php
#0 D:\Xampp\htdocs\diskominfosan\vendor\codeigniter4\framework\system\View\View.php(228): CodeIgniter\Exceptions\FrameworkException::forInvalidFile()
#1 D:\Xampp\htdocs\diskominfosan\vendor\codeigniter4\framework\system\Common.php(1119): CodeIgniter\View\View->render()
#2 D:\Xampp\htdocs\diskominfosan\app\Controllers\ProgressMagang.php(52): view()
#3 D:\Xampp\htdocs\diskominfosan\vendor\codeigniter4\framework\system\CodeIgniter.php(918): App\Controllers\ProgressMagang->progresMagang()
#4 D:\Xampp\htdocs\diskominfosan\vendor\codeigniter4\framework\system\CodeIgniter.php(404): CodeIgniter\CodeIgniter->runController()
#5 D:\Xampp\htdocs\diskominfosan\vendor\codeigniter4\framework\system\CodeIgniter.php(312): CodeIgniter\CodeIgniter->handleRequest()
#6 D:\Xampp\htdocs\diskominfosan\public\index.php(45): CodeIgniter\CodeIgniter->run()
#7 D:\Xampp\htdocs\diskominfosan\vendor\codeigniter4\framework\system\Commands\Server\rewrite.php(34): require_once('D:\\Xampp\\htdocs...')
#8 {main}
CRITICAL - 2023-03-06 22:27:25 --> Invalid file: v_magang/progress.php
#0 D:\Xampp\htdocs\diskominfosan\vendor\codeigniter4\framework\system\View\View.php(228): CodeIgniter\Exceptions\FrameworkException::forInvalidFile()
#1 D:\Xampp\htdocs\diskominfosan\vendor\codeigniter4\framework\system\Common.php(1119): CodeIgniter\View\View->render()
#2 D:\Xampp\htdocs\diskominfosan\app\Controllers\ProgressMagang.php(52): view()
#3 D:\Xampp\htdocs\diskominfosan\vendor\codeigniter4\framework\system\CodeIgniter.php(918): App\Controllers\ProgressMagang->index()
#4 D:\Xampp\htdocs\diskominfosan\vendor\codeigniter4\framework\system\CodeIgniter.php(404): CodeIgniter\CodeIgniter->runController()
#5 D:\Xampp\htdocs\diskominfosan\vendor\codeigniter4\framework\system\CodeIgniter.php(312): CodeIgniter\CodeIgniter->handleRequest()
#6 D:\Xampp\htdocs\diskominfosan\public\index.php(45): CodeIgniter\CodeIgniter->run()
#7 D:\Xampp\htdocs\diskominfosan\vendor\codeigniter4\framework\system\Commands\Server\rewrite.php(34): require_once('D:\\Xampp\\htdocs...')
#8 {main}
CRITICAL - 2023-03-06 22:28:06 --> Invalid file: v_magang/progress.php
#0 D:\Xampp\htdocs\diskominfosan\vendor\codeigniter4\framework\system\View\View.php(228): CodeIgniter\Exceptions\FrameworkException::forInvalidFile()
#1 D:\Xampp\htdocs\diskominfosan\vendor\codeigniter4\framework\system\Common.php(1119): CodeIgniter\View\View->render()
#2 D:\Xampp\htdocs\diskominfosan\app\Controllers\ProgressMagang.php(52): view()
#3 D:\Xampp\htdocs\diskominfosan\vendor\codeigniter4\framework\system\CodeIgniter.php(918): App\Controllers\ProgressMagang->index()
#4 D:\Xampp\htdocs\diskominfosan\vendor\codeigniter4\framework\system\CodeIgniter.php(404): CodeIgniter\CodeIgniter->runController()
#5 D:\Xampp\htdocs\diskominfosan\vendor\codeigniter4\framework\system\CodeIgniter.php(312): CodeIgniter\CodeIgniter->handleRequest()
#6 D:\Xampp\htdocs\diskominfosan\public\index.php(45): CodeIgniter\CodeIgniter->run()
#7 D:\Xampp\htdocs\diskominfosan\vendor\codeigniter4\framework\system\Commands\Server\rewrite.php(34): require_once('D:\\Xampp\\htdocs...')
#8 {main}
CRITICAL - 2023-03-06 22:28:26 --> Invalid file: v_magang/progress.php
#0 D:\Xampp\htdocs\diskominfosan\vendor\codeigniter4\framework\system\View\View.php(228): CodeIgniter\Exceptions\FrameworkException::forInvalidFile()
#1 D:\Xampp\htdocs\diskominfosan\vendor\codeigniter4\framework\system\Common.php(1119): CodeIgniter\View\View->render()
#2 D:\Xampp\htdocs\diskominfosan\app\Controllers\ProgressMagang.php(52): view()
#3 D:\Xampp\htdocs\diskominfosan\vendor\codeigniter4\framework\system\CodeIgniter.php(918): App\Controllers\ProgressMagang->index()
#4 D:\Xampp\htdocs\diskominfosan\vendor\codeigniter4\framework\system\CodeIgniter.php(404): CodeIgniter\CodeIgniter->runController()
#5 D:\Xampp\htdocs\diskominfosan\vendor\codeigniter4\framework\system\CodeIgniter.php(312): CodeIgniter\CodeIgniter->handleRequest()
#6 D:\Xampp\htdocs\diskominfosan\public\index.php(45): CodeIgniter\CodeIgniter->run()
#7 D:\Xampp\htdocs\diskominfosan\vendor\codeigniter4\framework\system\Commands\Server\rewrite.php(34): require_once('D:\\Xampp\\htdocs...')
#8 {main}
CRITICAL - 2023-03-06 22:28:51 --> Invalid file: v_magang/progress.php
#0 D:\Xampp\htdocs\diskominfosan\vendor\codeigniter4\framework\system\View\View.php(228): CodeIgniter\Exceptions\FrameworkException::forInvalidFile()
#1 D:\Xampp\htdocs\diskominfosan\vendor\codeigniter4\framework\system\Common.php(1119): CodeIgniter\View\View->render()
#2 D:\Xampp\htdocs\diskominfosan\app\Controllers\ProgressMagang.php(52): view()
#3 D:\Xampp\htdocs\diskominfosan\vendor\codeigniter4\framework\system\CodeIgniter.php(918): App\Controllers\ProgressMagang->index()
#4 D:\Xampp\htdocs\diskominfosan\vendor\codeigniter4\framework\system\CodeIgniter.php(404): CodeIgniter\CodeIgniter->runController()
#5 D:\Xampp\htdocs\diskominfosan\vendor\codeigniter4\framework\system\CodeIgniter.php(312): CodeIgniter\CodeIgniter->handleRequest()
#6 D:\Xampp\htdocs\diskominfosan\public\index.php(45): CodeIgniter\CodeIgniter->run()
#7 D:\Xampp\htdocs\diskominfosan\vendor\codeigniter4\framework\system\Commands\Server\rewrite.php(34): require_once('D:\\Xampp\\htdocs...')
#8 {main}
CRITICAL - 2023-03-06 22:29:38 --> Invalid file: layouts_peserta/template_magang.php
#0 D:\Xampp\htdocs\diskominfosan\vendor\codeigniter4\framework\system\View\View.php(228): CodeIgniter\Exceptions\FrameworkException::forInvalidFile()
#1 D:\Xampp\htdocs\diskominfosan\vendor\codeigniter4\framework\system\View\View.php(257): CodeIgniter\View\View->render()
#2 D:\Xampp\htdocs\diskominfosan\vendor\codeigniter4\framework\system\Common.php(1119): CodeIgniter\View\View->render()
#3 D:\Xampp\htdocs\diskominfosan\app\Controllers\ProgressMagang.php(52): view()
#4 D:\Xampp\htdocs\diskominfosan\vendor\codeigniter4\framework\system\CodeIgniter.php(918): App\Controllers\ProgressMagang->index()
#5 D:\Xampp\htdocs\diskominfosan\vendor\codeigniter4\framework\system\CodeIgniter.php(404): CodeIgniter\CodeIgniter->runController()
#6 D:\Xampp\htdocs\diskominfosan\vendor\codeigniter4\framework\system\CodeIgniter.php(312): CodeIgniter\CodeIgniter->handleRequest()
#7 D:\Xampp\htdocs\diskominfosan\public\index.php(45): CodeIgniter\CodeIgniter->run()
#8 D:\Xampp\htdocs\diskominfosan\vendor\codeigniter4\framework\system\Commands\Server\rewrite.php(34): require_once('D:\\Xampp\\htdocs...')
#9 {main}
CRITICAL - 2023-03-06 22:31:06 --> Undefined variable: nama
#0 D:\Xampp\htdocs\diskominfosan\app\Views\layouts_magang\navbar.php(14): CodeIgniter\Debug\Exceptions->errorHandler()
#1 D:\Xampp\htdocs\diskominfosan\vendor\codeigniter4\framework\system\View\View.php(246): include('D:\\Xampp\\htdocs...')
#2 D:\Xampp\htdocs\diskominfosan\vendor\codeigniter4\framework\system\View\View.php(525): CodeIgniter\View\View->render()
#3 D:\Xampp\htdocs\diskominfosan\app\Views\layouts_magang\template_magang.php(36): CodeIgniter\View\View->include()
#4 D:\Xampp\htdocs\diskominfosan\vendor\codeigniter4\framework\system\View\View.php(246): include('D:\\Xampp\\htdocs...')
#5 D:\Xampp\htdocs\diskominfosan\vendor\codeigniter4\framework\system\View\View.php(257): CodeIgniter\View\View->render()
#6 D:\Xampp\htdocs\diskominfosan\vendor\codeigniter4\framework\system\Common.php(1119): CodeIgniter\View\View->render()
#7 D:\Xampp\htdocs\diskominfosan\app\Controllers\ProgressMagang.php(52): view()
#8 D:\Xampp\htdocs\diskominfosan\vendor\codeigniter4\framework\system\CodeIgniter.php(918): App\Controllers\ProgressMagang->index()
#9 D:\Xampp\htdocs\diskominfosan\vendor\codeigniter4\framework\system\CodeIgniter.php(404): CodeIgniter\CodeIgniter->runController()
#10 D:\Xampp\htdocs\diskominfosan\vendor\codeigniter4\framework\system\CodeIgniter.php(312): CodeIgniter\CodeIgniter->handleRequest()
#11 D:\Xampp\htdocs\diskominfosan\public\index.php(45): CodeIgniter\CodeIgniter->run()
#12 D:\Xampp\htdocs\diskominfosan\vendor\codeigniter4\framework\system\Commands\Server\rewrite.php(34): require_once('D:\\Xampp\\htdocs...')
#13 {main}
CRITICAL - 2023-03-06 22:44:26 --> Undefined variable: nama
#0 D:\Xampp\htdocs\diskominfosan\app\Views\layouts_magang\navbar.php(14): CodeIgniter\Debug\Exceptions->errorHandler()
#1 D:\Xampp\htdocs\diskominfosan\vendor\codeigniter4\framework\system\View\View.php(246): include('D:\\Xampp\\htdocs...')
#2 D:\Xampp\htdocs\diskominfosan\vendor\codeigniter4\framework\system\View\View.php(525): CodeIgniter\View\View->render()
#3 D:\Xampp\htdocs\diskominfosan\app\Views\layouts_magang\template_magang.php(36): CodeIgniter\View\View->include()
#4 D:\Xampp\htdocs\diskominfosan\vendor\codeigniter4\framework\system\View\View.php(246): include('D:\\Xampp\\htdocs...')
#5 D:\Xampp\htdocs\diskominfosan\vendor\codeigniter4\framework\system\View\View.php(257): CodeIgniter\View\View->render()
#6 D:\Xampp\htdocs\diskominfosan\vendor\codeigniter4\framework\system\Common.php(1119): CodeIgniter\View\View->render()
#7 D:\Xampp\htdocs\diskominfosan\app\Controllers\UpdateProfile.php(61): view()
#8 D:\Xampp\htdocs\diskominfosan\vendor\codeigniter4\framework\system\CodeIgniter.php(918): App\Controllers\UpdateProfile->index()
#9 D:\Xampp\htdocs\diskominfosan\vendor\codeigniter4\framework\system\CodeIgniter.php(404): CodeIgniter\CodeIgniter->runController()
#10 D:\Xampp\htdocs\diskominfosan\vendor\codeigniter4\framework\system\CodeIgniter.php(312): CodeIgniter\CodeIgniter->handleRequest()
#11 D:\Xampp\htdocs\diskominfosan\public\index.php(45): CodeIgniter\CodeIgniter->run()
#12 D:\Xampp\htdocs\diskominfosan\vendor\codeigniter4\framework\system\Commands\Server\rewrite.php(34): require_once('D:\\Xampp\\htdocs...')
#13 {main}
CRITICAL - 2023-03-06 23:21:49 --> Class 'config\Database' not found
#0 D:\Xampp\htdocs\diskominfosan\app\Views\v_dashboard\index.php(30): hitungData()
#1 D:\Xampp\htdocs\diskominfosan\vendor\codeigniter4\framework\system\View\View.php(246): include('D:\\Xampp\\htdocs...')
#2 D:\Xampp\htdocs\diskominfosan\vendor\codeigniter4\framework\system\Common.php(1119): CodeIgniter\View\View->render()
#3 D:\Xampp\htdocs\diskominfosan\app\Controllers\Dashboard.php(20): view()
#4 D:\Xampp\htdocs\diskominfosan\vendor\codeigniter4\framework\system\CodeIgniter.php(918): App\Controllers\Dashboard->index()
#5 D:\Xampp\htdocs\diskominfosan\vendor\codeigniter4\framework\system\CodeIgniter.php(404): CodeIgniter\CodeIgniter->runController()
#6 D:\Xampp\htdocs\diskominfosan\vendor\codeigniter4\framework\system\CodeIgniter.php(312): CodeIgniter\CodeIgniter->handleRequest()
#7 D:\Xampp\htdocs\diskominfosan\public\index.php(45): CodeIgniter\CodeIgniter->run()
#8 D:\Xampp\htdocs\diskominfosan\vendor\codeigniter4\framework\system\Commands\Server\rewrite.php(34): require_once('D:\\Xampp\\htdocs...')
#9 {main}
CRITICAL - 2023-03-06 23:23:19 --> Class 'config\Database' not found
#0 D:\Xampp\htdocs\diskominfosan\app\Views\v_dashboard\index.php(30): hitungData()
#1 D:\Xampp\htdocs\diskominfosan\vendor\codeigniter4\framework\system\View\View.php(246): include('D:\\Xampp\\htdocs...')
#2 D:\Xampp\htdocs\diskominfosan\vendor\codeigniter4\framework\system\Common.php(1119): CodeIgniter\View\View->render()
#3 D:\Xampp\htdocs\diskominfosan\app\Controllers\Dashboard.php(20): view()
#4 D:\Xampp\htdocs\diskominfosan\vendor\codeigniter4\framework\system\CodeIgniter.php(918): App\Controllers\Dashboard->index()
#5 D:\Xampp\htdocs\diskominfosan\vendor\codeigniter4\framework\system\CodeIgniter.php(404): CodeIgniter\CodeIgniter->runController()
#6 D:\Xampp\htdocs\diskominfosan\vendor\codeigniter4\framework\system\CodeIgniter.php(312): CodeIgniter\CodeIgniter->handleRequest()
#7 D:\Xampp\htdocs\diskominfosan\public\index.php(45): CodeIgniter\CodeIgniter->run()
#8 D:\Xampp\htdocs\diskominfosan\vendor\codeigniter4\framework\system\Commands\Server\rewrite.php(34): require_once('D:\\Xampp\\htdocs...')
#9 {main}
CRITICAL - 2023-03-06 23:23:48 --> Class 'config\Database' not found
#0 D:\Xampp\htdocs\diskominfosan\app\Views\v_dashboard\index.php(30): hitungData()
#1 D:\Xampp\htdocs\diskominfosan\vendor\codeigniter4\framework\system\View\View.php(246): include('D:\\Xampp\\htdocs...')
#2 D:\Xampp\htdocs\diskominfosan\vendor\codeigniter4\framework\system\Common.php(1119): CodeIgniter\View\View->render()
#3 D:\Xampp\htdocs\diskominfosan\app\Controllers\Dashboard.php(20): view()
#4 D:\Xampp\htdocs\diskominfosan\vendor\codeigniter4\framework\system\CodeIgniter.php(918): App\Controllers\Dashboard->index()
#5 D:\Xampp\htdocs\diskominfosan\vendor\codeigniter4\framework\system\CodeIgniter.php(404): CodeIgniter\CodeIgniter->runController()
#6 D:\Xampp\htdocs\diskominfosan\vendor\codeigniter4\framework\system\CodeIgniter.php(312): CodeIgniter\CodeIgniter->handleRequest()
#7 D:\Xampp\htdocs\diskominfosan\public\index.php(45): CodeIgniter\CodeIgniter->run()
#8 D:\Xampp\htdocs\diskominfosan\vendor\codeigniter4\framework\system\Commands\Server\rewrite.php(34): require_once('D:\\Xampp\\htdocs...')
#9 {main}
CRITICAL - 2023-03-06 23:24:10 --> Class 'config\Database' not found
#0 D:\Xampp\htdocs\diskominfosan\app\Views\v_dashboard\index.php(30): hitungData()
#1 D:\Xampp\htdocs\diskominfosan\vendor\codeigniter4\framework\system\View\View.php(246): include('D:\\Xampp\\htdocs...')
#2 D:\Xampp\htdocs\diskominfosan\vendor\codeigniter4\framework\system\Common.php(1119): CodeIgniter\View\View->render()
#3 D:\Xampp\htdocs\diskominfosan\app\Controllers\Dashboard.php(20): view()
#4 D:\Xampp\htdocs\diskominfosan\vendor\codeigniter4\framework\system\CodeIgniter.php(918): App\Controllers\Dashboard->index()
#5 D:\Xampp\htdocs\diskominfosan\vendor\codeigniter4\framework\system\CodeIgniter.php(404): CodeIgniter\CodeIgniter->runController()
#6 D:\Xampp\htdocs\diskominfosan\vendor\codeigniter4\framework\system\CodeIgniter.php(312): CodeIgniter\CodeIgniter->handleRequest()
#7 D:\Xampp\htdocs\diskominfosan\public\index.php(45): CodeIgniter\CodeIgniter->run()
#8 D:\Xampp\htdocs\diskominfosan\vendor\codeigniter4\framework\system\Commands\Server\rewrite.php(34): require_once('D:\\Xampp\\htdocs...')
#9 {main}
CRITICAL - 2023-03-06 23:25:20 --> Unknown column 'nama_mentor' in 'order clause'
#0 D:\Xampp\htdocs\diskominfosan\vendor\codeigniter4\framework\system\Database\MySQLi\Connection.php(331): mysqli->query()
#1 D:\Xampp\htdocs\diskominfosan\vendor\codeigniter4\framework\system\Database\BaseConnection.php(741): CodeIgniter\Database\MySQLi\Connection->execute()
#2 D:\Xampp\htdocs\diskominfosan\vendor\codeigniter4\framework\system\Database\BaseConnection.php(669): CodeIgniter\Database\BaseConnection->simpleQuery()
#3 D:\Xampp\htdocs\diskominfosan\vendor\codeigniter4\framework\system\Database\BaseBuilder.php(1860): CodeIgniter\Database\BaseConnection->query()
#4 D:\Xampp\htdocs\diskominfosan\app\Models\PendaftaranModel.php(56): CodeIgniter\Database\BaseBuilder->get()
#5 D:\Xampp\htdocs\diskominfosan\app\Controllers\DataPendaftaran.php(145): App\Models\PendaftaranModel->get_datatables()
#6 D:\Xampp\htdocs\diskominfosan\vendor\codeigniter4\framework\system\CodeIgniter.php(918): App\Controllers\DataPendaftaran->ajaxDataPendaftaran()
#7 D:\Xampp\htdocs\diskominfosan\vendor\codeigniter4\framework\system\CodeIgniter.php(404): CodeIgniter\CodeIgniter->runController()
#8 D:\Xampp\htdocs\diskominfosan\vendor\codeigniter4\framework\system\CodeIgniter.php(312): CodeIgniter\CodeIgniter->handleRequest()
#9 D:\Xampp\htdocs\diskominfosan\public\index.php(45): CodeIgniter\CodeIgniter->run()
#10 D:\Xampp\htdocs\diskominfosan\vendor\codeigniter4\framework\system\Commands\Server\rewrite.php(34): require_once('D:\\Xampp\\htdocs...')
#11 {main}
CRITICAL - 2023-03-06 23:25:26 --> Unknown column 'nama_mentor' in 'where clause'
#0 D:\Xampp\htdocs\diskominfosan\vendor\codeigniter4\framework\system\Database\MySQLi\Connection.php(331): mysqli->query()
#1 D:\Xampp\htdocs\diskominfosan\vendor\codeigniter4\framework\system\Database\BaseConnection.php(741): CodeIgniter\Database\MySQLi\Connection->execute()
#2 D:\Xampp\htdocs\diskominfosan\vendor\codeigniter4\framework\system\Database\BaseConnection.php(669): CodeIgniter\Database\BaseConnection->simpleQuery()
#3 D:\Xampp\htdocs\diskominfosan\vendor\codeigniter4\framework\system\Database\BaseBuilder.php(1860): CodeIgniter\Database\BaseConnection->query()
#4 D:\Xampp\htdocs\diskominfosan\app\Models\PendaftaranModel.php(56): CodeIgniter\Database\BaseBuilder->get()
#5 D:\Xampp\htdocs\diskominfosan\app\Controllers\DataPendaftaran.php(145): App\Models\PendaftaranModel->get_datatables()
#6 D:\Xampp\htdocs\diskominfosan\vendor\codeigniter4\framework\system\CodeIgniter.php(918): App\Controllers\DataPendaftaran->ajaxDataPendaftaran()
#7 D:\Xampp\htdocs\diskominfosan\vendor\codeigniter4\framework\system\CodeIgniter.php(404): CodeIgniter\CodeIgniter->runController()
#8 D:\Xampp\htdocs\diskominfosan\vendor\codeigniter4\framework\system\CodeIgniter.php(312): CodeIgniter\CodeIgniter->handleRequest()
#9 D:\Xampp\htdocs\diskominfosan\public\index.php(45): CodeIgniter\CodeIgniter->run()
#10 D:\Xampp\htdocs\diskominfosan\vendor\codeigniter4\framework\system\Commands\Server\rewrite.php(34): require_once('D:\\Xampp\\htdocs...')
#11 {main}
CRITICAL - 2023-03-06 23:25:33 --> Unknown column 'nama_mentor' in 'where clause'
#0 D:\Xampp\htdocs\diskominfosan\vendor\codeigniter4\framework\system\Database\MySQLi\Connection.php(331): mysqli->query()
#1 D:\Xampp\htdocs\diskominfosan\vendor\codeigniter4\framework\system\Database\BaseConnection.php(741): CodeIgniter\Database\MySQLi\Connection->execute()
#2 D:\Xampp\htdocs\diskominfosan\vendor\codeigniter4\framework\system\Database\BaseConnection.php(669): CodeIgniter\Database\BaseConnection->simpleQuery()
#3 D:\Xampp\htdocs\diskominfosan\vendor\codeigniter4\framework\system\Database\BaseBuilder.php(1860): CodeIgniter\Database\BaseConnection->query()
#4 D:\Xampp\htdocs\diskominfosan\app\Models\PendaftaranModel.php(56): CodeIgniter\Database\BaseBuilder->get()
#5 D:\Xampp\htdocs\diskominfosan\app\Controllers\DataPendaftaran.php(145): App\Models\PendaftaranModel->get_datatables()
#6 D:\Xampp\htdocs\diskominfosan\vendor\codeigniter4\framework\system\CodeIgniter.php(918): App\Controllers\DataPendaftaran->ajaxDataPendaftaran()
#7 D:\Xampp\htdocs\diskominfosan\vendor\codeigniter4\framework\system\CodeIgniter.php(404): CodeIgniter\CodeIgniter->runController()
#8 D:\Xampp\htdocs\diskominfosan\vendor\codeigniter4\framework\system\CodeIgniter.php(312): CodeIgniter\CodeIgniter->handleRequest()
#9 D:\Xampp\htdocs\diskominfosan\public\index.php(45): CodeIgniter\CodeIgniter->run()
#10 D:\Xampp\htdocs\diskominfosan\vendor\codeigniter4\framework\system\Commands\Server\rewrite.php(34): require_once('D:\\Xampp\\htdocs...')
#11 {main}
