CRITICAL - 2023-04-28 23:29:22 --> Too few arguments to function App\Controllers\JadwalPeserta::index(), 0 passed in D:\Xampp\htdocs\diskominfosan\vendor\codeigniter4\framework\system\CodeIgniter.php on line 918 and exactly 1 expected
#0 D:\Xampp\htdocs\diskominfosan\vendor\codeigniter4\framework\system\CodeIgniter.php(918): App\Controllers\JadwalPeserta->index()
#1 D:\Xampp\htdocs\diskominfosan\vendor\codeigniter4\framework\system\CodeIgniter.php(404): CodeIgniter\CodeIgniter->runController()
#2 D:\Xampp\htdocs\diskominfosan\vendor\codeigniter4\framework\system\CodeIgniter.php(312): CodeIgniter\CodeIgniter->handleRequest()
#3 D:\Xampp\htdocs\diskominfosan\public\index.php(45): CodeIgniter\CodeIgniter->run()
#4 D:\Xampp\htdocs\diskominfosan\vendor\codeigniter4\framework\system\Commands\Server\rewrite.php(34): require_once('D:\\Xampp\\htdocs...')
#5 {main}
CRITICAL - 2023-04-28 23:29:45 --> Undefined variable: user_id
#0 D:\Xampp\htdocs\diskominfosan\app\Controllers\JadwalPeserta.php(14): CodeIgniter\Debug\Exceptions->errorHandler()
#1 D:\Xampp\htdocs\diskominfosan\vendor\codeigniter4\framework\system\CodeIgniter.php(918): App\Controllers\JadwalPeserta->index()
#2 D:\Xampp\htdocs\diskominfosan\vendor\codeigniter4\framework\system\CodeIgniter.php(404): CodeIgniter\CodeIgniter->runController()
#3 D:\Xampp\htdocs\diskominfosan\vendor\codeigniter4\framework\system\CodeIgniter.php(312): CodeIgniter\CodeIgniter->handleRequest()
#4 D:\Xampp\htdocs\diskominfosan\public\index.php(45): CodeIgniter\CodeIgniter->run()
#5 D:\Xampp\htdocs\diskominfosan\vendor\codeigniter4\framework\system\Commands\Server\rewrite.php(34): require_once('D:\\Xampp\\htdocs...')
#6 {main}
CRITICAL - 2023-04-28 23:29:58 --> Too few arguments to function App\Models\PendaftaranModel::getJadwalPeserta(), 0 passed in D:\Xampp\htdocs\diskominfosan\app\Controllers\JadwalPeserta.php on line 14 and exactly 1 expected
#0 D:\Xampp\htdocs\diskominfosan\app\Controllers\JadwalPeserta.php(14): App\Models\PendaftaranModel->getJadwalPeserta()
#1 D:\Xampp\htdocs\diskominfosan\vendor\codeigniter4\framework\system\CodeIgniter.php(918): App\Controllers\JadwalPeserta->index()
#2 D:\Xampp\htdocs\diskominfosan\vendor\codeigniter4\framework\system\CodeIgniter.php(404): CodeIgniter\CodeIgniter->runController()
#3 D:\Xampp\htdocs\diskominfosan\vendor\codeigniter4\framework\system\CodeIgniter.php(312): CodeIgniter\CodeIgniter->handleRequest()
#4 D:\Xampp\htdocs\diskominfosan\public\index.php(45): CodeIgniter\CodeIgniter->run()
#5 D:\Xampp\htdocs\diskominfosan\vendor\codeigniter4\framework\system\Commands\Server\rewrite.php(34): require_once('D:\\Xampp\\htdocs...')
#6 {main}
