CRITICAL - 2023-06-07 13:36:56 --> Argument 1 passed to CodeIgniter\Database\BaseBuilder::orderBy() must be of the type string, null given, called in E:\xampp\htdocs\diskominfosan\app\Models\KategoriModel.php on line 46
#0 E:\xampp\htdocs\diskominfosan\app\Models\KategoriModel.php(46): CodeIgniter\Database\BaseBuilder->orderBy(NULL, 'asc')
#1 E:\xampp\htdocs\diskominfosan\app\Models\KategoriModel.php(55): App\Models\KategoriModel->_get_datatables_query('1')
#2 E:\xampp\htdocs\diskominfosan\app\Controllers\DataKategori.php(186): App\Models\KategoriModel->get_datatables('1')
#3 E:\xampp\htdocs\diskominfosan\vendor\codeigniter4\framework\system\CodeIgniter.php(918): App\Controllers\DataKategori->ajaxDataKategori('1')
#4 E:\xampp\htdocs\diskominfosan\vendor\codeigniter4\framework\system\CodeIgniter.php(404): CodeIgniter\CodeIgniter->runController(Object(App\Controllers\DataKategori))
#5 E:\xampp\htdocs\diskominfosan\vendor\codeigniter4\framework\system\CodeIgniter.php(312): CodeIgniter\CodeIgniter->handleRequest(NULL, Object(Config\Cache), false)
#6 E:\xampp\htdocs\diskominfosan\public\index.php(45): CodeIgniter\CodeIgniter->run()
#7 E:\xampp\htdocs\diskominfosan\vendor\codeigniter4\framework\system\Commands\Server\rewrite.php(34): require_once('E:\\xampp\\htdocs...')
#8 {main}
CRITICAL - 2023-06-07 13:38:30 --> Argument 1 passed to CodeIgniter\Database\BaseBuilder::orderBy() must be of the type string, null given, called in E:\xampp\htdocs\diskominfosan\app\Models\KategoriModel.php on line 46
#0 E:\xampp\htdocs\diskominfosan\app\Models\KategoriModel.php(46): CodeIgniter\Database\BaseBuilder->orderBy(NULL, 'asc')
#1 E:\xampp\htdocs\diskominfosan\app\Models\KategoriModel.php(55): App\Models\KategoriModel->_get_datatables_query('1')
#2 E:\xampp\htdocs\diskominfosan\app\Controllers\DataKategori.php(186): App\Models\KategoriModel->get_datatables('1')
#3 E:\xampp\htdocs\diskominfosan\vendor\codeigniter4\framework\system\CodeIgniter.php(918): App\Controllers\DataKategori->ajaxDataKategori('1')
#4 E:\xampp\htdocs\diskominfosan\vendor\codeigniter4\framework\system\CodeIgniter.php(404): CodeIgniter\CodeIgniter->runController(Object(App\Controllers\DataKategori))
#5 E:\xampp\htdocs\diskominfosan\vendor\codeigniter4\framework\system\CodeIgniter.php(312): CodeIgniter\CodeIgniter->handleRequest(NULL, Object(Config\Cache), false)
#6 E:\xampp\htdocs\diskominfosan\public\index.php(45): CodeIgniter\CodeIgniter->run()
#7 E:\xampp\htdocs\diskominfosan\vendor\codeigniter4\framework\system\Commands\Server\rewrite.php(34): require_once('E:\\xampp\\htdocs...')
#8 {main}
CRITICAL - 2023-06-07 13:38:35 --> Argument 1 passed to CodeIgniter\Database\BaseBuilder::orderBy() must be of the type string, null given, called in E:\xampp\htdocs\diskominfosan\app\Models\KategoriModel.php on line 46
#0 E:\xampp\htdocs\diskominfosan\app\Models\KategoriModel.php(46): CodeIgniter\Database\BaseBuilder->orderBy(NULL, 'desc')
#1 E:\xampp\htdocs\diskominfosan\app\Models\KategoriModel.php(55): App\Models\KategoriModel->_get_datatables_query('1')
#2 E:\xampp\htdocs\diskominfosan\app\Controllers\DataKategori.php(186): App\Models\KategoriModel->get_datatables('1')
#3 E:\xampp\htdocs\diskominfosan\vendor\codeigniter4\framework\system\CodeIgniter.php(918): App\Controllers\DataKategori->ajaxDataKategori('1')
#4 E:\xampp\htdocs\diskominfosan\vendor\codeigniter4\framework\system\CodeIgniter.php(404): CodeIgniter\CodeIgniter->runController(Object(App\Controllers\DataKategori))
#5 E:\xampp\htdocs\diskominfosan\vendor\codeigniter4\framework\system\CodeIgniter.php(312): CodeIgniter\CodeIgniter->handleRequest(NULL, Object(Config\Cache), false)
#6 E:\xampp\htdocs\diskominfosan\public\index.php(45): CodeIgniter\CodeIgniter->run()
#7 E:\xampp\htdocs\diskominfosan\vendor\codeigniter4\framework\system\Commands\Server\rewrite.php(34): require_once('E:\\xampp\\htdocs...')
#8 {main}
CRITICAL - 2023-06-07 13:39:18 --> Argument 1 passed to CodeIgniter\Database\BaseBuilder::orderBy() must be of the type string, null given, called in E:\xampp\htdocs\diskominfosan\app\Models\DataLaporanModel.php on line 48
#0 E:\xampp\htdocs\diskominfosan\app\Models\DataLaporanModel.php(48): CodeIgniter\Database\BaseBuilder->orderBy(NULL, 'asc')
#1 E:\xampp\htdocs\diskominfosan\app\Models\DataLaporanModel.php(64): App\Models\DataLaporanModel->_get_datatables_query()
#2 E:\xampp\htdocs\diskominfosan\app\Controllers\DataLaporan.php(75): App\Models\DataLaporanModel->get_datatables()
#3 E:\xampp\htdocs\diskominfosan\vendor\codeigniter4\framework\system\CodeIgniter.php(918): App\Controllers\DataLaporan->ajaxDataLaporan()
#4 E:\xampp\htdocs\diskominfosan\vendor\codeigniter4\framework\system\CodeIgniter.php(404): CodeIgniter\CodeIgniter->runController(Object(App\Controllers\DataLaporan))
#5 E:\xampp\htdocs\diskominfosan\vendor\codeigniter4\framework\system\CodeIgniter.php(312): CodeIgniter\CodeIgniter->handleRequest(NULL, Object(Config\Cache), false)
#6 E:\xampp\htdocs\diskominfosan\public\index.php(45): CodeIgniter\CodeIgniter->run()
#7 E:\xampp\htdocs\diskominfosan\vendor\codeigniter4\framework\system\Commands\Server\rewrite.php(34): require_once('E:\\xampp\\htdocs...')
#8 {main}
CRITICAL - 2023-06-07 13:39:25 --> Argument 1 passed to CodeIgniter\Database\BaseBuilder::orderBy() must be of the type string, null given, called in E:\xampp\htdocs\diskominfosan\app\Models\DataLaporanModel.php on line 48
#0 E:\xampp\htdocs\diskominfosan\app\Models\DataLaporanModel.php(48): CodeIgniter\Database\BaseBuilder->orderBy(NULL, 'asc')
#1 E:\xampp\htdocs\diskominfosan\app\Models\DataLaporanModel.php(64): App\Models\DataLaporanModel->_get_datatables_query()
#2 E:\xampp\htdocs\diskominfosan\app\Controllers\DataLaporan.php(75): App\Models\DataLaporanModel->get_datatables()
#3 E:\xampp\htdocs\diskominfosan\vendor\codeigniter4\framework\system\CodeIgniter.php(918): App\Controllers\DataLaporan->ajaxDataLaporan()
#4 E:\xampp\htdocs\diskominfosan\vendor\codeigniter4\framework\system\CodeIgniter.php(404): CodeIgniter\CodeIgniter->runController(Object(App\Controllers\DataLaporan))
#5 E:\xampp\htdocs\diskominfosan\vendor\codeigniter4\framework\system\CodeIgniter.php(312): CodeIgniter\CodeIgniter->handleRequest(NULL, Object(Config\Cache), false)
#6 E:\xampp\htdocs\diskominfosan\public\index.php(45): CodeIgniter\CodeIgniter->run()
#7 E:\xampp\htdocs\diskominfosan\vendor\codeigniter4\framework\system\Commands\Server\rewrite.php(34): require_once('E:\\xampp\\htdocs...')
#8 {main}
CRITICAL - 2023-06-07 13:39:30 --> Argument 1 passed to CodeIgniter\Database\BaseBuilder::orderBy() must be of the type string, null given, called in E:\xampp\htdocs\diskominfosan\app\Models\DataLaporanModel.php on line 48
#0 E:\xampp\htdocs\diskominfosan\app\Models\DataLaporanModel.php(48): CodeIgniter\Database\BaseBuilder->orderBy(NULL, 'asc')
#1 E:\xampp\htdocs\diskominfosan\app\Models\DataLaporanModel.php(64): App\Models\DataLaporanModel->_get_datatables_query()
#2 E:\xampp\htdocs\diskominfosan\app\Controllers\DataLaporan.php(75): App\Models\DataLaporanModel->get_datatables()
#3 E:\xampp\htdocs\diskominfosan\vendor\codeigniter4\framework\system\CodeIgniter.php(918): App\Controllers\DataLaporan->ajaxDataLaporan()
#4 E:\xampp\htdocs\diskominfosan\vendor\codeigniter4\framework\system\CodeIgniter.php(404): CodeIgniter\CodeIgniter->runController(Object(App\Controllers\DataLaporan))
#5 E:\xampp\htdocs\diskominfosan\vendor\codeigniter4\framework\system\CodeIgniter.php(312): CodeIgniter\CodeIgniter->handleRequest(NULL, Object(Config\Cache), false)
#6 E:\xampp\htdocs\diskominfosan\public\index.php(45): CodeIgniter\CodeIgniter->run()
#7 E:\xampp\htdocs\diskominfosan\vendor\codeigniter4\framework\system\Commands\Server\rewrite.php(34): require_once('E:\\xampp\\htdocs...')
#8 {main}
CRITICAL - 2023-06-07 13:43:26 --> Argument 1 passed to CodeIgniter\Database\BaseBuilder::orderBy() must be of the type string, null given, called in E:\xampp\htdocs\diskominfosan\app\Models\MentorPendaftarModel.php on line 63
#0 E:\xampp\htdocs\diskominfosan\app\Models\MentorPendaftarModel.php(63): CodeIgniter\Database\BaseBuilder->orderBy(NULL, 'asc')
#1 E:\xampp\htdocs\diskominfosan\app\Models\MentorPendaftarModel.php(74): App\Models\MentorPendaftarModel->_get_datatables_query()
#2 E:\xampp\htdocs\diskominfosan\app\Controllers\MentorPendaftar.php(255): App\Models\MentorPendaftarModel->get_datatables()
#3 E:\xampp\htdocs\diskominfosan\vendor\codeigniter4\framework\system\CodeIgniter.php(918): App\Controllers\MentorPendaftar->ajaxDataPendaftaran()
#4 E:\xampp\htdocs\diskominfosan\vendor\codeigniter4\framework\system\CodeIgniter.php(404): CodeIgniter\CodeIgniter->runController(Object(App\Controllers\MentorPendaftar))
#5 E:\xampp\htdocs\diskominfosan\vendor\codeigniter4\framework\system\CodeIgniter.php(312): CodeIgniter\CodeIgniter->handleRequest(NULL, Object(Config\Cache), false)
#6 E:\xampp\htdocs\diskominfosan\public\index.php(45): CodeIgniter\CodeIgniter->run()
#7 E:\xampp\htdocs\diskominfosan\vendor\codeigniter4\framework\system\Commands\Server\rewrite.php(34): require_once('E:\\xampp\\htdocs...')
#8 {main}
CRITICAL - 2023-06-07 13:56:51 --> Invalid argument supplied for foreach()
#0 E:\xampp\htdocs\diskominfosan\app\Views\v_magang\profile.php(56): CodeIgniter\Debug\Exceptions->errorHandler(2, 'Invalid argumen...', 'E:\\xampp\\htdocs...', 56, Array)
#1 E:\xampp\htdocs\diskominfosan\vendor\codeigniter4\framework\system\View\View.php(246): include('E:\\xampp\\htdocs...')
#2 E:\xampp\htdocs\diskominfosan\vendor\codeigniter4\framework\system\Common.php(1119): CodeIgniter\View\View->render('v_magang/profil...', Array, true)
#3 E:\xampp\htdocs\diskominfosan\app\Controllers\Profile.php(172): view('v_magang/profil...', Array)
#4 E:\xampp\htdocs\diskominfosan\vendor\codeigniter4\framework\system\CodeIgniter.php(918): App\Controllers\Profile->index()
#5 E:\xampp\htdocs\diskominfosan\vendor\codeigniter4\framework\system\CodeIgniter.php(404): CodeIgniter\CodeIgniter->runController(Object(App\Controllers\Profile))
#6 E:\xampp\htdocs\diskominfosan\vendor\codeigniter4\framework\system\CodeIgniter.php(312): CodeIgniter\CodeIgniter->handleRequest(NULL, Object(Config\Cache), false)
#7 E:\xampp\htdocs\diskominfosan\public\index.php(45): CodeIgniter\CodeIgniter->run()
#8 E:\xampp\htdocs\diskominfosan\vendor\codeigniter4\framework\system\Commands\Server\rewrite.php(34): require_once('E:\\xampp\\htdocs...')
#9 {main}
CRITICAL - 2023-06-07 13:57:02 --> Invalid argument supplied for foreach()
#0 E:\xampp\htdocs\diskominfosan\app\Views\v_magang\profile.php(56): CodeIgniter\Debug\Exceptions->errorHandler(2, 'Invalid argumen...', 'E:\\xampp\\htdocs...', 56, Array)
#1 E:\xampp\htdocs\diskominfosan\vendor\codeigniter4\framework\system\View\View.php(246): include('E:\\xampp\\htdocs...')
#2 E:\xampp\htdocs\diskominfosan\vendor\codeigniter4\framework\system\Common.php(1119): CodeIgniter\View\View->render('v_magang/profil...', Array, true)
#3 E:\xampp\htdocs\diskominfosan\app\Controllers\Profile.php(172): view('v_magang/profil...', Array)
#4 E:\xampp\htdocs\diskominfosan\vendor\codeigniter4\framework\system\CodeIgniter.php(918): App\Controllers\Profile->index()
#5 E:\xampp\htdocs\diskominfosan\vendor\codeigniter4\framework\system\CodeIgniter.php(404): CodeIgniter\CodeIgniter->runController(Object(App\Controllers\Profile))
#6 E:\xampp\htdocs\diskominfosan\vendor\codeigniter4\framework\system\CodeIgniter.php(312): CodeIgniter\CodeIgniter->handleRequest(NULL, Object(Config\Cache), false)
#7 E:\xampp\htdocs\diskominfosan\public\index.php(45): CodeIgniter\CodeIgniter->run()
#8 E:\xampp\htdocs\diskominfosan\vendor\codeigniter4\framework\system\Commands\Server\rewrite.php(34): require_once('E:\\xampp\\htdocs...')
#9 {main}
CRITICAL - 2023-06-07 13:57:28 --> Undefined variable: sosial_media
#0 E:\xampp\htdocs\diskominfosan\app\Views\v_magang\profile.php(56): CodeIgniter\Debug\Exceptions->errorHandler(8, 'Undefined varia...', 'E:\\xampp\\htdocs...', 56, Array)
#1 E:\xampp\htdocs\diskominfosan\vendor\codeigniter4\framework\system\View\View.php(246): include('E:\\xampp\\htdocs...')
#2 E:\xampp\htdocs\diskominfosan\vendor\codeigniter4\framework\system\Common.php(1119): CodeIgniter\View\View->render('v_magang/profil...', Array, true)
#3 E:\xampp\htdocs\diskominfosan\app\Controllers\Profile.php(172): view('v_magang/profil...', Array)
#4 E:\xampp\htdocs\diskominfosan\vendor\codeigniter4\framework\system\CodeIgniter.php(918): App\Controllers\Profile->index()
#5 E:\xampp\htdocs\diskominfosan\vendor\codeigniter4\framework\system\CodeIgniter.php(404): CodeIgniter\CodeIgniter->runController(Object(App\Controllers\Profile))
#6 E:\xampp\htdocs\diskominfosan\vendor\codeigniter4\framework\system\CodeIgniter.php(312): CodeIgniter\CodeIgniter->handleRequest(NULL, Object(Config\Cache), false)
#7 E:\xampp\htdocs\diskominfosan\public\index.php(45): CodeIgniter\CodeIgniter->run()
#8 E:\xampp\htdocs\diskominfosan\vendor\codeigniter4\framework\system\Commands\Server\rewrite.php(34): require_once('E:\\xampp\\htdocs...')
#9 {main}
