CRITICAL - 2023-05-22 11:12:39 --> Undefined variable: data
#0 D:\Xampp\htdocs\diskominfosan\app\Views\v_dataNilai\cetak.php(42): CodeIgniter\Debug\Exceptions->errorHandler()
#1 D:\Xampp\htdocs\diskominfosan\vendor\codeigniter4\framework\system\View\View.php(246): include('D:\\Xampp\\htdocs...')
#2 D:\Xampp\htdocs\diskominfosan\vendor\codeigniter4\framework\system\Common.php(1119): CodeIgniter\View\View->render()
#3 D:\Xampp\htdocs\diskominfosan\app\Controllers\Nilai.php(262): view()
#4 D:\Xampp\htdocs\diskominfosan\vendor\codeigniter4\framework\system\CodeIgniter.php(918): App\Controllers\Nilai->cetakPDF()
#5 D:\Xampp\htdocs\diskominfosan\vendor\codeigniter4\framework\system\CodeIgniter.php(404): CodeIgniter\CodeIgniter->runController()
#6 D:\Xampp\htdocs\diskominfosan\vendor\codeigniter4\framework\system\CodeIgniter.php(312): CodeIgniter\CodeIgniter->handleRequest()
#7 D:\Xampp\htdocs\diskominfosan\public\index.php(45): CodeIgniter\CodeIgniter->run()
#8 D:\Xampp\htdocs\diskominfosan\vendor\codeigniter4\framework\system\Commands\Server\rewrite.php(34): require_once('D:\\Xampp\\htdocs...')
#9 {main}
CRITICAL - 2023-05-22 23:14:21 --> Undefined variable: chat_baru
#0 D:\Xampp\htdocs\diskominfosan\app\Views\layouts_magang\sidebar.php(46): CodeIgniter\Debug\Exceptions->errorHandler()
#1 D:\Xampp\htdocs\diskominfosan\vendor\codeigniter4\framework\system\View\View.php(246): include('D:\\Xampp\\htdocs...')
#2 D:\Xampp\htdocs\diskominfosan\vendor\codeigniter4\framework\system\View\View.php(525): CodeIgniter\View\View->render()
#3 D:\Xampp\htdocs\diskominfosan\app\Views\layouts_magang\template_magang.php(96): CodeIgniter\View\View->include()
#4 D:\Xampp\htdocs\diskominfosan\vendor\codeigniter4\framework\system\View\View.php(246): include('D:\\Xampp\\htdocs...')
#5 D:\Xampp\htdocs\diskominfosan\vendor\codeigniter4\framework\system\View\View.php(257): CodeIgniter\View\View->render()
#6 D:\Xampp\htdocs\diskominfosan\vendor\codeigniter4\framework\system\Common.php(1119): CodeIgniter\View\View->render()
#7 D:\Xampp\htdocs\diskominfosan\app\Controllers\UpdateProfile.php(94): view()
#8 D:\Xampp\htdocs\diskominfosan\vendor\codeigniter4\framework\system\CodeIgniter.php(918): App\Controllers\UpdateProfile->index()
#9 D:\Xampp\htdocs\diskominfosan\vendor\codeigniter4\framework\system\CodeIgniter.php(404): CodeIgniter\CodeIgniter->runController()
#10 D:\Xampp\htdocs\diskominfosan\vendor\codeigniter4\framework\system\CodeIgniter.php(312): CodeIgniter\CodeIgniter->handleRequest()
#11 D:\Xampp\htdocs\diskominfosan\public\index.php(45): CodeIgniter\CodeIgniter->run()
#12 D:\Xampp\htdocs\diskominfosan\vendor\codeigniter4\framework\system\Commands\Server\rewrite.php(34): require_once('D:\\Xampp\\htdocs...')
#13 {main}
CRITICAL - 2023-05-22 23:15:04 --> Undefined index: user
#0 D:\Xampp\htdocs\diskominfosan\app\Controllers\UpdateProfile.php(70): CodeIgniter\Debug\Exceptions->errorHandler()
#1 D:\Xampp\htdocs\diskominfosan\vendor\codeigniter4\framework\system\CodeIgniter.php(918): App\Controllers\UpdateProfile->index()
#2 D:\Xampp\htdocs\diskominfosan\vendor\codeigniter4\framework\system\CodeIgniter.php(404): CodeIgniter\CodeIgniter->runController()
#3 D:\Xampp\htdocs\diskominfosan\vendor\codeigniter4\framework\system\CodeIgniter.php(312): CodeIgniter\CodeIgniter->handleRequest()
#4 D:\Xampp\htdocs\diskominfosan\public\index.php(45): CodeIgniter\CodeIgniter->run()
#5 D:\Xampp\htdocs\diskominfosan\vendor\codeigniter4\framework\system\Commands\Server\rewrite.php(34): require_once('D:\\Xampp\\htdocs...')
#6 {main}
CRITICAL - 2023-05-22 23:39:34 --> Undefined variable: chat_baru
#0 D:\Xampp\htdocs\diskominfosan\app\Views\layouts_magang\sidebar.php(49): CodeIgniter\Debug\Exceptions->errorHandler()
#1 D:\Xampp\htdocs\diskominfosan\vendor\codeigniter4\framework\system\View\View.php(246): include('D:\\Xampp\\htdocs...')
#2 D:\Xampp\htdocs\diskominfosan\vendor\codeigniter4\framework\system\View\View.php(525): CodeIgniter\View\View->render()
#3 D:\Xampp\htdocs\diskominfosan\app\Views\layouts_magang\template_magang.php(96): CodeIgniter\View\View->include()
#4 D:\Xampp\htdocs\diskominfosan\vendor\codeigniter4\framework\system\View\View.php(246): include('D:\\Xampp\\htdocs...')
#5 D:\Xampp\htdocs\diskominfosan\vendor\codeigniter4\framework\system\View\View.php(257): CodeIgniter\View\View->render()
#6 D:\Xampp\htdocs\diskominfosan\vendor\codeigniter4\framework\system\Common.php(1119): CodeIgniter\View\View->render()
#7 D:\Xampp\htdocs\diskominfosan\app\Controllers\Kalender.php(93): view()
#8 D:\Xampp\htdocs\diskominfosan\vendor\codeigniter4\framework\system\CodeIgniter.php(918): App\Controllers\Kalender->index()
#9 D:\Xampp\htdocs\diskominfosan\vendor\codeigniter4\framework\system\CodeIgniter.php(404): CodeIgniter\CodeIgniter->runController()
#10 D:\Xampp\htdocs\diskominfosan\vendor\codeigniter4\framework\system\CodeIgniter.php(312): CodeIgniter\CodeIgniter->handleRequest()
#11 D:\Xampp\htdocs\diskominfosan\public\index.php(45): CodeIgniter\CodeIgniter->run()
#12 D:\Xampp\htdocs\diskominfosan\vendor\codeigniter4\framework\system\Commands\Server\rewrite.php(34): require_once('D:\\Xampp\\htdocs...')
#13 {main}
