CRITICAL - 2022-12-10 15:01:14 --> Undefined index: alamat
#0 D:\Xampp\htdocs\diskominfosan\app\Views\v_pendaftaran\nda_login.php(40): CodeIgniter\Debug\Exceptions->errorHandler()
#1 D:\Xampp\htdocs\diskominfosan\vendor\codeigniter4\framework\system\View\View.php(246): include('D:\\Xampp\\htdocs...')
#2 D:\Xampp\htdocs\diskominfosan\vendor\codeigniter4\framework\system\Common.php(1119): CodeIgniter\View\View->render()
#3 D:\Xampp\htdocs\diskominfosan\app\Controllers\Pendaftaran.php(602): view()
#4 D:\Xampp\htdocs\diskominfosan\vendor\codeigniter4\framework\system\CodeIgniter.php(918): App\Controllers\Pendaftaran->nda_login()
#5 D:\Xampp\htdocs\diskominfosan\vendor\codeigniter4\framework\system\CodeIgniter.php(404): CodeIgniter\CodeIgniter->runController()
#6 D:\Xampp\htdocs\diskominfosan\vendor\codeigniter4\framework\system\CodeIgniter.php(312): CodeIgniter\CodeIgniter->handleRequest()
#7 D:\Xampp\htdocs\diskominfosan\public\index.php(45): CodeIgniter\CodeIgniter->run()
#8 D:\Xampp\htdocs\diskominfosan\vendor\codeigniter4\framework\system\Commands\Server\rewrite.php(34): require_once('D:\\Xampp\\htdocs...')
#9 {main}
CRITICAL - 2022-12-10 16:00:18 --> Trying to access array offset on value of type null
#0 D:\Xampp\htdocs\diskominfosan\app\Controllers\Pendaftaran.php(478): CodeIgniter\Debug\Exceptions->errorHandler()
#1 D:\Xampp\htdocs\diskominfosan\vendor\codeigniter4\framework\system\CodeIgniter.php(918): App\Controllers\Pendaftaran->tahapEmpat()
#2 D:\Xampp\htdocs\diskominfosan\vendor\codeigniter4\framework\system\CodeIgniter.php(404): CodeIgniter\CodeIgniter->runController()
#3 D:\Xampp\htdocs\diskominfosan\vendor\codeigniter4\framework\system\CodeIgniter.php(312): CodeIgniter\CodeIgniter->handleRequest()
#4 D:\Xampp\htdocs\diskominfosan\public\index.php(45): CodeIgniter\CodeIgniter->run()
#5 D:\Xampp\htdocs\diskominfosan\vendor\codeigniter4\framework\system\Commands\Server\rewrite.php(34): require_once('D:\\Xampp\\htdocs...')
#6 {main}
CRITICAL - 2022-12-10 16:00:36 --> Trying to access array offset on value of type null
#0 D:\Xampp\htdocs\diskominfosan\app\Controllers\Pendaftaran.php(286): CodeIgniter\Debug\Exceptions->errorHandler()
#1 D:\Xampp\htdocs\diskominfosan\vendor\codeigniter4\framework\system\CodeIgniter.php(918): App\Controllers\Pendaftaran->tahapDua()
#2 D:\Xampp\htdocs\diskominfosan\vendor\codeigniter4\framework\system\CodeIgniter.php(404): CodeIgniter\CodeIgniter->runController()
#3 D:\Xampp\htdocs\diskominfosan\vendor\codeigniter4\framework\system\CodeIgniter.php(312): CodeIgniter\CodeIgniter->handleRequest()
#4 D:\Xampp\htdocs\diskominfosan\public\index.php(45): CodeIgniter\CodeIgniter->run()
#5 D:\Xampp\htdocs\diskominfosan\vendor\codeigniter4\framework\system\Commands\Server\rewrite.php(34): require_once('D:\\Xampp\\htdocs...')
#6 {main}
CRITICAL - 2022-12-10 16:02:27 --> Trying to access array offset on value of type null
#0 D:\Xampp\htdocs\diskominfosan\app\Controllers\Pendaftaran.php(286): CodeIgniter\Debug\Exceptions->errorHandler()
#1 D:\Xampp\htdocs\diskominfosan\vendor\codeigniter4\framework\system\CodeIgniter.php(918): App\Controllers\Pendaftaran->tahapDua()
#2 D:\Xampp\htdocs\diskominfosan\vendor\codeigniter4\framework\system\CodeIgniter.php(404): CodeIgniter\CodeIgniter->runController()
#3 D:\Xampp\htdocs\diskominfosan\vendor\codeigniter4\framework\system\CodeIgniter.php(312): CodeIgniter\CodeIgniter->handleRequest()
#4 D:\Xampp\htdocs\diskominfosan\public\index.php(45): CodeIgniter\CodeIgniter->run()
#5 D:\Xampp\htdocs\diskominfosan\vendor\codeigniter4\framework\system\Commands\Server\rewrite.php(34): require_once('D:\\Xampp\\htdocs...')
#6 {main}
CRITICAL - 2022-12-10 16:03:36 --> Undefined variable: IdMentor
#0 D:\Xampp\htdocs\diskominfosan\app\Views\v_pendaftaran\tahap_2.php(65): CodeIgniter\Debug\Exceptions->errorHandler()
#1 D:\Xampp\htdocs\diskominfosan\vendor\codeigniter4\framework\system\View\View.php(246): include('D:\\Xampp\\htdocs...')
#2 D:\Xampp\htdocs\diskominfosan\vendor\codeigniter4\framework\system\Common.php(1119): CodeIgniter\View\View->render()
#3 D:\Xampp\htdocs\diskominfosan\app\Controllers\Pendaftaran.php(285): view()
#4 D:\Xampp\htdocs\diskominfosan\vendor\codeigniter4\framework\system\CodeIgniter.php(918): App\Controllers\Pendaftaran->tahapDua()
#5 D:\Xampp\htdocs\diskominfosan\vendor\codeigniter4\framework\system\CodeIgniter.php(404): CodeIgniter\CodeIgniter->runController()
#6 D:\Xampp\htdocs\diskominfosan\vendor\codeigniter4\framework\system\CodeIgniter.php(312): CodeIgniter\CodeIgniter->handleRequest()
#7 D:\Xampp\htdocs\diskominfosan\public\index.php(45): CodeIgniter\CodeIgniter->run()
#8 D:\Xampp\htdocs\diskominfosan\vendor\codeigniter4\framework\system\Commands\Server\rewrite.php(34): require_once('D:\\Xampp\\htdocs...')
#9 {main}
CRITICAL - 2022-12-10 16:05:09 --> syntax error, unexpected '}'
#0 D:\Xampp\htdocs\diskominfosan\vendor\codeigniter4\framework\system\Autoloader\Autoloader.php(296): CodeIgniter\Autoloader\Autoloader->requireFile()
#1 D:\Xampp\htdocs\diskominfosan\vendor\codeigniter4\framework\system\Autoloader\Autoloader.php(258): CodeIgniter\Autoloader\Autoloader->loadInNamespace()
#2 [internal function]: CodeIgniter\Autoloader\Autoloader->loadClass()
#3 D:\Xampp\htdocs\diskominfosan\app\Controllers\Pendaftaran.php(32): spl_autoload_call()
#4 D:\Xampp\htdocs\diskominfosan\vendor\codeigniter4\framework\system\CodeIgniter.php(890): App\Controllers\Pendaftaran->__construct()
#5 D:\Xampp\htdocs\diskominfosan\vendor\codeigniter4\framework\system\CodeIgniter.php(399): CodeIgniter\CodeIgniter->createController()
#6 D:\Xampp\htdocs\diskominfosan\vendor\codeigniter4\framework\system\CodeIgniter.php(312): CodeIgniter\CodeIgniter->handleRequest()
#7 D:\Xampp\htdocs\diskominfosan\public\index.php(45): CodeIgniter\CodeIgniter->run()
#8 D:\Xampp\htdocs\diskominfosan\vendor\codeigniter4\framework\system\Commands\Server\rewrite.php(34): require_once('D:\\Xampp\\htdocs...')
#9 {main}
CRITICAL - 2022-12-10 16:05:20 --> Undefined variable: IdMentor
#0 D:\Xampp\htdocs\diskominfosan\app\Views\v_pendaftaran\tahap_2.php(65): CodeIgniter\Debug\Exceptions->errorHandler()
#1 D:\Xampp\htdocs\diskominfosan\vendor\codeigniter4\framework\system\View\View.php(246): include('D:\\Xampp\\htdocs...')
#2 D:\Xampp\htdocs\diskominfosan\vendor\codeigniter4\framework\system\Common.php(1119): CodeIgniter\View\View->render()
#3 D:\Xampp\htdocs\diskominfosan\app\Controllers\Pendaftaran.php(285): view()
#4 D:\Xampp\htdocs\diskominfosan\vendor\codeigniter4\framework\system\CodeIgniter.php(918): App\Controllers\Pendaftaran->tahapDua()
#5 D:\Xampp\htdocs\diskominfosan\vendor\codeigniter4\framework\system\CodeIgniter.php(404): CodeIgniter\CodeIgniter->runController()
#6 D:\Xampp\htdocs\diskominfosan\vendor\codeigniter4\framework\system\CodeIgniter.php(312): CodeIgniter\CodeIgniter->handleRequest()
#7 D:\Xampp\htdocs\diskominfosan\public\index.php(45): CodeIgniter\CodeIgniter->run()
#8 D:\Xampp\htdocs\diskominfosan\vendor\codeigniter4\framework\system\Commands\Server\rewrite.php(34): require_once('D:\\Xampp\\htdocs...')
#9 {main}
CRITICAL - 2022-12-10 16:07:53 --> Undefined variable: IdMentor
#0 D:\Xampp\htdocs\diskominfosan\app\Views\v_pendaftaran\tahap_2.php(65): CodeIgniter\Debug\Exceptions->errorHandler()
#1 D:\Xampp\htdocs\diskominfosan\vendor\codeigniter4\framework\system\View\View.php(246): include('D:\\Xampp\\htdocs...')
#2 D:\Xampp\htdocs\diskominfosan\vendor\codeigniter4\framework\system\Common.php(1119): CodeIgniter\View\View->render()
#3 D:\Xampp\htdocs\diskominfosan\app\Controllers\Pendaftaran.php(285): view()
#4 D:\Xampp\htdocs\diskominfosan\vendor\codeigniter4\framework\system\CodeIgniter.php(918): App\Controllers\Pendaftaran->tahapDua()
#5 D:\Xampp\htdocs\diskominfosan\vendor\codeigniter4\framework\system\CodeIgniter.php(404): CodeIgniter\CodeIgniter->runController()
#6 D:\Xampp\htdocs\diskominfosan\vendor\codeigniter4\framework\system\CodeIgniter.php(312): CodeIgniter\CodeIgniter->handleRequest()
#7 D:\Xampp\htdocs\diskominfosan\public\index.php(45): CodeIgniter\CodeIgniter->run()
#8 D:\Xampp\htdocs\diskominfosan\vendor\codeigniter4\framework\system\Commands\Server\rewrite.php(34): require_once('D:\\Xampp\\htdocs...')
#9 {main}
CRITICAL - 2022-12-10 16:10:38 --> Trying to access array offset on value of type null
#0 D:\Xampp\htdocs\diskominfosan\app\Controllers\Pendaftaran.php(285): CodeIgniter\Debug\Exceptions->errorHandler()
#1 D:\Xampp\htdocs\diskominfosan\vendor\codeigniter4\framework\system\CodeIgniter.php(918): App\Controllers\Pendaftaran->tahapDua()
#2 D:\Xampp\htdocs\diskominfosan\vendor\codeigniter4\framework\system\CodeIgniter.php(404): CodeIgniter\CodeIgniter->runController()
#3 D:\Xampp\htdocs\diskominfosan\vendor\codeigniter4\framework\system\CodeIgniter.php(312): CodeIgniter\CodeIgniter->handleRequest()
#4 D:\Xampp\htdocs\diskominfosan\public\index.php(45): CodeIgniter\CodeIgniter->run()
#5 D:\Xampp\htdocs\diskominfosan\vendor\codeigniter4\framework\system\Commands\Server\rewrite.php(34): require_once('D:\\Xampp\\htdocs...')
#6 {main}
CRITICAL - 2022-12-10 16:11:59 --> Trying to access array offset on value of type null
#0 D:\Xampp\htdocs\diskominfosan\app\Controllers\Pendaftaran.php(285): CodeIgniter\Debug\Exceptions->errorHandler()
#1 D:\Xampp\htdocs\diskominfosan\vendor\codeigniter4\framework\system\CodeIgniter.php(918): App\Controllers\Pendaftaran->tahapDua()
#2 D:\Xampp\htdocs\diskominfosan\vendor\codeigniter4\framework\system\CodeIgniter.php(404): CodeIgniter\CodeIgniter->runController()
#3 D:\Xampp\htdocs\diskominfosan\vendor\codeigniter4\framework\system\CodeIgniter.php(312): CodeIgniter\CodeIgniter->handleRequest()
#4 D:\Xampp\htdocs\diskominfosan\public\index.php(45): CodeIgniter\CodeIgniter->run()
#5 D:\Xampp\htdocs\diskominfosan\vendor\codeigniter4\framework\system\Commands\Server\rewrite.php(34): require_once('D:\\Xampp\\htdocs...')
#6 {main}
CRITICAL - 2022-12-10 16:15:09 --> syntax error, unexpected '}'
#0 D:\Xampp\htdocs\diskominfosan\vendor\codeigniter4\framework\system\Autoloader\Autoloader.php(296): CodeIgniter\Autoloader\Autoloader->requireFile()
#1 D:\Xampp\htdocs\diskominfosan\vendor\codeigniter4\framework\system\Autoloader\Autoloader.php(258): CodeIgniter\Autoloader\Autoloader->loadInNamespace()
#2 [internal function]: CodeIgniter\Autoloader\Autoloader->loadClass()
#3 D:\Xampp\htdocs\diskominfosan\app\Controllers\Pendaftaran.php(32): spl_autoload_call()
#4 D:\Xampp\htdocs\diskominfosan\vendor\codeigniter4\framework\system\CodeIgniter.php(890): App\Controllers\Pendaftaran->__construct()
#5 D:\Xampp\htdocs\diskominfosan\vendor\codeigniter4\framework\system\CodeIgniter.php(399): CodeIgniter\CodeIgniter->createController()
#6 D:\Xampp\htdocs\diskominfosan\vendor\codeigniter4\framework\system\CodeIgniter.php(312): CodeIgniter\CodeIgniter->handleRequest()
#7 D:\Xampp\htdocs\diskominfosan\public\index.php(45): CodeIgniter\CodeIgniter->run()
#8 D:\Xampp\htdocs\diskominfosan\vendor\codeigniter4\framework\system\Commands\Server\rewrite.php(34): require_once('D:\\Xampp\\htdocs...')
#9 {main}
