CRITICAL - 2022-10-27 00:00:18 --> Undefined variable: nama_bagian
#0 E:\xampp\htdocs\app-pmb2\app\Views\v_pendaftaran\tahap_4.php(132): CodeIgniter\Debug\Exceptions->errorHandler(8, 'Undefined varia...', 'E:\\xampp\\htdocs...', 132, Array)
#1 E:\xampp\htdocs\app-pmb2\vendor\codeigniter4\framework\system\View\View.php(246): include('E:\\xampp\\htdocs...')
#2 E:\xampp\htdocs\app-pmb2\vendor\codeigniter4\framework\system\Common.php(1119): CodeIgniter\View\View->render('v_pendaftaran/t...', Array, true)
#3 E:\xampp\htdocs\app-pmb2\app\Controllers\Pendaftaran.php(429): view('v_pendaftaran/t...', Array)
#4 E:\xampp\htdocs\app-pmb2\vendor\codeigniter4\framework\system\CodeIgniter.php(918): App\Controllers\Pendaftaran->tahapEmpat()
#5 E:\xampp\htdocs\app-pmb2\vendor\codeigniter4\framework\system\CodeIgniter.php(404): CodeIgniter\CodeIgniter->runController(Object(App\Controllers\Pendaftaran))
#6 E:\xampp\htdocs\app-pmb2\vendor\codeigniter4\framework\system\CodeIgniter.php(312): CodeIgniter\CodeIgniter->handleRequest(NULL, Object(Config\Cache), false)
#7 E:\xampp\htdocs\app-pmb2\public\index.php(45): CodeIgniter\CodeIgniter->run()
#8 E:\xampp\htdocs\app-pmb2\vendor\codeigniter4\framework\system\Commands\Server\rewrite.php(34): require_once('E:\\xampp\\htdocs...')
#9 {main}
CRITICAL - 2022-10-27 00:03:46 --> Undefined variable: jenis_permohonan
#0 E:\xampp\htdocs\app-pmb2\app\Views\v_pendaftaran\tahap_4.php(142): CodeIgniter\Debug\Exceptions->errorHandler(8, 'Undefined varia...', 'E:\\xampp\\htdocs...', 142, Array)
#1 E:\xampp\htdocs\app-pmb2\vendor\codeigniter4\framework\system\View\View.php(246): include('E:\\xampp\\htdocs...')
#2 E:\xampp\htdocs\app-pmb2\vendor\codeigniter4\framework\system\Common.php(1119): CodeIgniter\View\View->render('v_pendaftaran/t...', Array, true)
#3 E:\xampp\htdocs\app-pmb2\app\Controllers\Pendaftaran.php(429): view('v_pendaftaran/t...', Array)
#4 E:\xampp\htdocs\app-pmb2\vendor\codeigniter4\framework\system\CodeIgniter.php(918): App\Controllers\Pendaftaran->tahapEmpat()
#5 E:\xampp\htdocs\app-pmb2\vendor\codeigniter4\framework\system\CodeIgniter.php(404): CodeIgniter\CodeIgniter->runController(Object(App\Controllers\Pendaftaran))
#6 E:\xampp\htdocs\app-pmb2\vendor\codeigniter4\framework\system\CodeIgniter.php(312): CodeIgniter\CodeIgniter->handleRequest(NULL, Object(Config\Cache), false)
#7 E:\xampp\htdocs\app-pmb2\public\index.php(45): CodeIgniter\CodeIgniter->run()
#8 E:\xampp\htdocs\app-pmb2\vendor\codeigniter4\framework\system\Commands\Server\rewrite.php(34): require_once('E:\\xampp\\htdocs...')
#9 {main}
CRITICAL - 2022-10-27 00:07:10 --> Undefined variable: jenis_permohonan
#0 E:\xampp\htdocs\app-pmb2\app\Views\v_pendaftaran\tahap_4.php(142): CodeIgniter\Debug\Exceptions->errorHandler(8, 'Undefined varia...', 'E:\\xampp\\htdocs...', 142, Array)
#1 E:\xampp\htdocs\app-pmb2\vendor\codeigniter4\framework\system\View\View.php(246): include('E:\\xampp\\htdocs...')
#2 E:\xampp\htdocs\app-pmb2\vendor\codeigniter4\framework\system\Common.php(1119): CodeIgniter\View\View->render('v_pendaftaran/t...', Array, true)
#3 E:\xampp\htdocs\app-pmb2\app\Controllers\Pendaftaran.php(429): view('v_pendaftaran/t...', Array)
#4 E:\xampp\htdocs\app-pmb2\vendor\codeigniter4\framework\system\CodeIgniter.php(918): App\Controllers\Pendaftaran->tahapEmpat()
#5 E:\xampp\htdocs\app-pmb2\vendor\codeigniter4\framework\system\CodeIgniter.php(404): CodeIgniter\CodeIgniter->runController(Object(App\Controllers\Pendaftaran))
#6 E:\xampp\htdocs\app-pmb2\vendor\codeigniter4\framework\system\CodeIgniter.php(312): CodeIgniter\CodeIgniter->handleRequest(NULL, Object(Config\Cache), false)
#7 E:\xampp\htdocs\app-pmb2\public\index.php(45): CodeIgniter\CodeIgniter->run()
#8 E:\xampp\htdocs\app-pmb2\vendor\codeigniter4\framework\system\Commands\Server\rewrite.php(34): require_once('E:\\xampp\\htdocs...')
#9 {main}
CRITICAL - 2022-10-27 00:07:12 --> Undefined variable: jenis_permohonan
#0 E:\xampp\htdocs\app-pmb2\app\Views\v_pendaftaran\tahap_4.php(142): CodeIgniter\Debug\Exceptions->errorHandler(8, 'Undefined varia...', 'E:\\xampp\\htdocs...', 142, Array)
#1 E:\xampp\htdocs\app-pmb2\vendor\codeigniter4\framework\system\View\View.php(246): include('E:\\xampp\\htdocs...')
#2 E:\xampp\htdocs\app-pmb2\vendor\codeigniter4\framework\system\Common.php(1119): CodeIgniter\View\View->render('v_pendaftaran/t...', Array, true)
#3 E:\xampp\htdocs\app-pmb2\app\Controllers\Pendaftaran.php(429): view('v_pendaftaran/t...', Array)
#4 E:\xampp\htdocs\app-pmb2\vendor\codeigniter4\framework\system\CodeIgniter.php(918): App\Controllers\Pendaftaran->tahapEmpat()
#5 E:\xampp\htdocs\app-pmb2\vendor\codeigniter4\framework\system\CodeIgniter.php(404): CodeIgniter\CodeIgniter->runController(Object(App\Controllers\Pendaftaran))
#6 E:\xampp\htdocs\app-pmb2\vendor\codeigniter4\framework\system\CodeIgniter.php(312): CodeIgniter\CodeIgniter->handleRequest(NULL, Object(Config\Cache), false)
#7 E:\xampp\htdocs\app-pmb2\public\index.php(45): CodeIgniter\CodeIgniter->run()
#8 E:\xampp\htdocs\app-pmb2\vendor\codeigniter4\framework\system\Commands\Server\rewrite.php(34): require_once('E:\\xampp\\htdocs...')
#9 {main}
CRITICAL - 2022-10-27 00:09:54 --> Undefined variable: jenis_permohonan
#0 E:\xampp\htdocs\app-pmb2\app\Views\v_pendaftaran\tahap_4.php(142): CodeIgniter\Debug\Exceptions->errorHandler(8, 'Undefined varia...', 'E:\\xampp\\htdocs...', 142, Array)
#1 E:\xampp\htdocs\app-pmb2\vendor\codeigniter4\framework\system\View\View.php(246): include('E:\\xampp\\htdocs...')
#2 E:\xampp\htdocs\app-pmb2\vendor\codeigniter4\framework\system\Common.php(1119): CodeIgniter\View\View->render('v_pendaftaran/t...', Array, true)
#3 E:\xampp\htdocs\app-pmb2\app\Controllers\Pendaftaran.php(429): view('v_pendaftaran/t...', Array)
#4 E:\xampp\htdocs\app-pmb2\vendor\codeigniter4\framework\system\CodeIgniter.php(918): App\Controllers\Pendaftaran->tahapEmpat()
#5 E:\xampp\htdocs\app-pmb2\vendor\codeigniter4\framework\system\CodeIgniter.php(404): CodeIgniter\CodeIgniter->runController(Object(App\Controllers\Pendaftaran))
#6 E:\xampp\htdocs\app-pmb2\vendor\codeigniter4\framework\system\CodeIgniter.php(312): CodeIgniter\CodeIgniter->handleRequest(NULL, Object(Config\Cache), false)
#7 E:\xampp\htdocs\app-pmb2\public\index.php(45): CodeIgniter\CodeIgniter->run()
#8 E:\xampp\htdocs\app-pmb2\vendor\codeigniter4\framework\system\Commands\Server\rewrite.php(34): require_once('E:\\xampp\\htdocs...')
#9 {main}
CRITICAL - 2022-10-27 00:14:20 --> Undefined variable: jenis_permohonan
#0 E:\xampp\htdocs\app-pmb2\app\Views\v_pendaftaran\tahap_4.php(142): CodeIgniter\Debug\Exceptions->errorHandler(8, 'Undefined varia...', 'E:\\xampp\\htdocs...', 142, Array)
#1 E:\xampp\htdocs\app-pmb2\vendor\codeigniter4\framework\system\View\View.php(246): include('E:\\xampp\\htdocs...')
#2 E:\xampp\htdocs\app-pmb2\vendor\codeigniter4\framework\system\Common.php(1119): CodeIgniter\View\View->render('v_pendaftaran/t...', Array, true)
#3 E:\xampp\htdocs\app-pmb2\app\Controllers\Pendaftaran.php(429): view('v_pendaftaran/t...', Array)
#4 E:\xampp\htdocs\app-pmb2\vendor\codeigniter4\framework\system\CodeIgniter.php(918): App\Controllers\Pendaftaran->tahapEmpat()
#5 E:\xampp\htdocs\app-pmb2\vendor\codeigniter4\framework\system\CodeIgniter.php(404): CodeIgniter\CodeIgniter->runController(Object(App\Controllers\Pendaftaran))
#6 E:\xampp\htdocs\app-pmb2\vendor\codeigniter4\framework\system\CodeIgniter.php(312): CodeIgniter\CodeIgniter->handleRequest(NULL, Object(Config\Cache), false)
#7 E:\xampp\htdocs\app-pmb2\public\index.php(45): CodeIgniter\CodeIgniter->run()
#8 E:\xampp\htdocs\app-pmb2\vendor\codeigniter4\framework\system\Commands\Server\rewrite.php(34): require_once('E:\\xampp\\htdocs...')
#9 {main}
CRITICAL - 2022-10-27 00:16:49 --> Undefined variable: jenis_permohonan
#0 E:\xampp\htdocs\app-pmb2\app\Views\v_pendaftaran\tahap_4.php(142): CodeIgniter\Debug\Exceptions->errorHandler(8, 'Undefined varia...', 'E:\\xampp\\htdocs...', 142, Array)
#1 E:\xampp\htdocs\app-pmb2\vendor\codeigniter4\framework\system\View\View.php(246): include('E:\\xampp\\htdocs...')
#2 E:\xampp\htdocs\app-pmb2\vendor\codeigniter4\framework\system\Common.php(1119): CodeIgniter\View\View->render('v_pendaftaran/t...', Array, true)
#3 E:\xampp\htdocs\app-pmb2\app\Controllers\Pendaftaran.php(429): view('v_pendaftaran/t...', Array)
#4 E:\xampp\htdocs\app-pmb2\vendor\codeigniter4\framework\system\CodeIgniter.php(918): App\Controllers\Pendaftaran->tahapEmpat()
#5 E:\xampp\htdocs\app-pmb2\vendor\codeigniter4\framework\system\CodeIgniter.php(404): CodeIgniter\CodeIgniter->runController(Object(App\Controllers\Pendaftaran))
#6 E:\xampp\htdocs\app-pmb2\vendor\codeigniter4\framework\system\CodeIgniter.php(312): CodeIgniter\CodeIgniter->handleRequest(NULL, Object(Config\Cache), false)
#7 E:\xampp\htdocs\app-pmb2\public\index.php(45): CodeIgniter\CodeIgniter->run()
#8 E:\xampp\htdocs\app-pmb2\vendor\codeigniter4\framework\system\Commands\Server\rewrite.php(34): require_once('E:\\xampp\\htdocs...')
#9 {main}
CRITICAL - 2022-10-27 00:23:48 --> Undefined index: nama_bidang
#0 E:\xampp\htdocs\app-pmb2\app\Views\v_pendaftaran\dashboard.php(125): CodeIgniter\Debug\Exceptions->errorHandler(8, 'Undefined index...', 'E:\\xampp\\htdocs...', 125, Array)
#1 E:\xampp\htdocs\app-pmb2\vendor\codeigniter4\framework\system\View\View.php(246): include('E:\\xampp\\htdocs...')
#2 E:\xampp\htdocs\app-pmb2\vendor\codeigniter4\framework\system\Common.php(1119): CodeIgniter\View\View->render('v_pendaftaran/d...', Array, true)
#3 E:\xampp\htdocs\app-pmb2\app\Controllers\Pendaftaran.php(481): view('v_pendaftaran/d...', Array)
#4 E:\xampp\htdocs\app-pmb2\vendor\codeigniter4\framework\system\CodeIgniter.php(918): App\Controllers\Pendaftaran->dashboard()
#5 E:\xampp\htdocs\app-pmb2\vendor\codeigniter4\framework\system\CodeIgniter.php(404): CodeIgniter\CodeIgniter->runController(Object(App\Controllers\Pendaftaran))
#6 E:\xampp\htdocs\app-pmb2\vendor\codeigniter4\framework\system\CodeIgniter.php(312): CodeIgniter\CodeIgniter->handleRequest(NULL, Object(Config\Cache), false)
#7 E:\xampp\htdocs\app-pmb2\public\index.php(45): CodeIgniter\CodeIgniter->run()
#8 E:\xampp\htdocs\app-pmb2\vendor\codeigniter4\framework\system\Commands\Server\rewrite.php(34): require_once('E:\\xampp\\htdocs...')
#9 {main}
CRITICAL - 2022-10-27 00:30:59 --> Undefined index: nama_bidang
#0 E:\xampp\htdocs\app-pmb2\app\Views\v_pendaftaran\dashboard.php(125): CodeIgniter\Debug\Exceptions->errorHandler(8, 'Undefined index...', 'E:\\xampp\\htdocs...', 125, Array)
#1 E:\xampp\htdocs\app-pmb2\vendor\codeigniter4\framework\system\View\View.php(246): include('E:\\xampp\\htdocs...')
#2 E:\xampp\htdocs\app-pmb2\vendor\codeigniter4\framework\system\Common.php(1119): CodeIgniter\View\View->render('v_pendaftaran/d...', Array, true)
#3 E:\xampp\htdocs\app-pmb2\app\Controllers\Pendaftaran.php(481): view('v_pendaftaran/d...', Array)
#4 E:\xampp\htdocs\app-pmb2\vendor\codeigniter4\framework\system\CodeIgniter.php(918): App\Controllers\Pendaftaran->dashboard()
#5 E:\xampp\htdocs\app-pmb2\vendor\codeigniter4\framework\system\CodeIgniter.php(404): CodeIgniter\CodeIgniter->runController(Object(App\Controllers\Pendaftaran))
#6 E:\xampp\htdocs\app-pmb2\vendor\codeigniter4\framework\system\CodeIgniter.php(312): CodeIgniter\CodeIgniter->handleRequest(NULL, Object(Config\Cache), false)
#7 E:\xampp\htdocs\app-pmb2\public\index.php(45): CodeIgniter\CodeIgniter->run()
#8 E:\xampp\htdocs\app-pmb2\vendor\codeigniter4\framework\system\Commands\Server\rewrite.php(34): require_once('E:\\xampp\\htdocs...')
#9 {main}
CRITICAL - 2022-10-27 00:52:09 --> Undefined variable: jenis_permohonan
#0 E:\xampp\htdocs\app-pmb2\app\Views\v_pendaftaran\tahap_4.php(142): CodeIgniter\Debug\Exceptions->errorHandler(8, 'Undefined varia...', 'E:\\xampp\\htdocs...', 142, Array)
#1 E:\xampp\htdocs\app-pmb2\vendor\codeigniter4\framework\system\View\View.php(246): include('E:\\xampp\\htdocs...')
#2 E:\xampp\htdocs\app-pmb2\vendor\codeigniter4\framework\system\Common.php(1119): CodeIgniter\View\View->render('v_pendaftaran/t...', Array, true)
#3 E:\xampp\htdocs\app-pmb2\app\Controllers\Pendaftaran.php(429): view('v_pendaftaran/t...', Array)
#4 E:\xampp\htdocs\app-pmb2\vendor\codeigniter4\framework\system\CodeIgniter.php(918): App\Controllers\Pendaftaran->tahapEmpat()
#5 E:\xampp\htdocs\app-pmb2\vendor\codeigniter4\framework\system\CodeIgniter.php(404): CodeIgniter\CodeIgniter->runController(Object(App\Controllers\Pendaftaran))
#6 E:\xampp\htdocs\app-pmb2\vendor\codeigniter4\framework\system\CodeIgniter.php(312): CodeIgniter\CodeIgniter->handleRequest(NULL, Object(Config\Cache), false)
#7 E:\xampp\htdocs\app-pmb2\public\index.php(45): CodeIgniter\CodeIgniter->run()
#8 E:\xampp\htdocs\app-pmb2\vendor\codeigniter4\framework\system\Commands\Server\rewrite.php(34): require_once('E:\\xampp\\htdocs...')
#9 {main}
CRITICAL - 2022-10-27 00:59:51 --> Undefined variable: jenis_permohonan
#0 E:\xampp\htdocs\app-pmb2\app\Views\v_pendaftaran\tahap_4.php(142): CodeIgniter\Debug\Exceptions->errorHandler(8, 'Undefined varia...', 'E:\\xampp\\htdocs...', 142, Array)
#1 E:\xampp\htdocs\app-pmb2\vendor\codeigniter4\framework\system\View\View.php(246): include('E:\\xampp\\htdocs...')
#2 E:\xampp\htdocs\app-pmb2\vendor\codeigniter4\framework\system\Common.php(1119): CodeIgniter\View\View->render('v_pendaftaran/t...', Array, true)
#3 E:\xampp\htdocs\app-pmb2\app\Controllers\Pendaftaran.php(429): view('v_pendaftaran/t...', Array)
#4 E:\xampp\htdocs\app-pmb2\vendor\codeigniter4\framework\system\CodeIgniter.php(918): App\Controllers\Pendaftaran->tahapEmpat()
#5 E:\xampp\htdocs\app-pmb2\vendor\codeigniter4\framework\system\CodeIgniter.php(404): CodeIgniter\CodeIgniter->runController(Object(App\Controllers\Pendaftaran))
#6 E:\xampp\htdocs\app-pmb2\vendor\codeigniter4\framework\system\CodeIgniter.php(312): CodeIgniter\CodeIgniter->handleRequest(NULL, Object(Config\Cache), false)
#7 E:\xampp\htdocs\app-pmb2\public\index.php(45): CodeIgniter\CodeIgniter->run()
#8 E:\xampp\htdocs\app-pmb2\vendor\codeigniter4\framework\system\Commands\Server\rewrite.php(34): require_once('E:\\xampp\\htdocs...')
#9 {main}
CRITICAL - 2022-10-27 01:43:42 --> Undefined variable: jenis_permohonan
#0 E:\xampp\htdocs\app-pmb2\app\Views\v_pendaftaran\tahap_4.php(142): CodeIgniter\Debug\Exceptions->errorHandler(8, 'Undefined varia...', 'E:\\xampp\\htdocs...', 142, Array)
#1 E:\xampp\htdocs\app-pmb2\vendor\codeigniter4\framework\system\View\View.php(246): include('E:\\xampp\\htdocs...')
#2 E:\xampp\htdocs\app-pmb2\vendor\codeigniter4\framework\system\Common.php(1119): CodeIgniter\View\View->render('v_pendaftaran/t...', Array, true)
#3 E:\xampp\htdocs\app-pmb2\app\Controllers\Pendaftaran.php(429): view('v_pendaftaran/t...', Array)
#4 E:\xampp\htdocs\app-pmb2\vendor\codeigniter4\framework\system\CodeIgniter.php(918): App\Controllers\Pendaftaran->tahapEmpat()
#5 E:\xampp\htdocs\app-pmb2\vendor\codeigniter4\framework\system\CodeIgniter.php(404): CodeIgniter\CodeIgniter->runController(Object(App\Controllers\Pendaftaran))
#6 E:\xampp\htdocs\app-pmb2\vendor\codeigniter4\framework\system\CodeIgniter.php(312): CodeIgniter\CodeIgniter->handleRequest(NULL, Object(Config\Cache), false)
#7 E:\xampp\htdocs\app-pmb2\public\index.php(45): CodeIgniter\CodeIgniter->run()
#8 E:\xampp\htdocs\app-pmb2\vendor\codeigniter4\framework\system\Commands\Server\rewrite.php(34): require_once('E:\\xampp\\htdocs...')
#9 {main}
CRITICAL - 2022-10-27 01:53:25 --> Undefined variable: jenis_permohonan
#0 E:\xampp\htdocs\app-pmb2\app\Views\v_pendaftaran\tahap_4.php(142): CodeIgniter\Debug\Exceptions->errorHandler(8, 'Undefined varia...', 'E:\\xampp\\htdocs...', 142, Array)
#1 E:\xampp\htdocs\app-pmb2\vendor\codeigniter4\framework\system\View\View.php(246): include('E:\\xampp\\htdocs...')
#2 E:\xampp\htdocs\app-pmb2\vendor\codeigniter4\framework\system\Common.php(1119): CodeIgniter\View\View->render('v_pendaftaran/t...', Array, true)
#3 E:\xampp\htdocs\app-pmb2\app\Controllers\Pendaftaran.php(429): view('v_pendaftaran/t...', Array)
#4 E:\xampp\htdocs\app-pmb2\vendor\codeigniter4\framework\system\CodeIgniter.php(918): App\Controllers\Pendaftaran->tahapEmpat()
#5 E:\xampp\htdocs\app-pmb2\vendor\codeigniter4\framework\system\CodeIgniter.php(404): CodeIgniter\CodeIgniter->runController(Object(App\Controllers\Pendaftaran))
#6 E:\xampp\htdocs\app-pmb2\vendor\codeigniter4\framework\system\CodeIgniter.php(312): CodeIgniter\CodeIgniter->handleRequest(NULL, Object(Config\Cache), false)
#7 E:\xampp\htdocs\app-pmb2\public\index.php(45): CodeIgniter\CodeIgniter->run()
#8 E:\xampp\htdocs\app-pmb2\vendor\codeigniter4\framework\system\Commands\Server\rewrite.php(34): require_once('E:\\xampp\\htdocs...')
#9 {main}
CRITICAL - 2022-10-27 01:54:18 --> Undefined variable: jenis_permohonan
#0 E:\xampp\htdocs\app-pmb2\app\Views\v_pendaftaran\tahap_4.php(142): CodeIgniter\Debug\Exceptions->errorHandler(8, 'Undefined varia...', 'E:\\xampp\\htdocs...', 142, Array)
#1 E:\xampp\htdocs\app-pmb2\vendor\codeigniter4\framework\system\View\View.php(246): include('E:\\xampp\\htdocs...')
#2 E:\xampp\htdocs\app-pmb2\vendor\codeigniter4\framework\system\Common.php(1119): CodeIgniter\View\View->render('v_pendaftaran/t...', Array, true)
#3 E:\xampp\htdocs\app-pmb2\app\Controllers\Pendaftaran.php(429): view('v_pendaftaran/t...', Array)
#4 E:\xampp\htdocs\app-pmb2\vendor\codeigniter4\framework\system\CodeIgniter.php(918): App\Controllers\Pendaftaran->tahapEmpat()
#5 E:\xampp\htdocs\app-pmb2\vendor\codeigniter4\framework\system\CodeIgniter.php(404): CodeIgniter\CodeIgniter->runController(Object(App\Controllers\Pendaftaran))
#6 E:\xampp\htdocs\app-pmb2\vendor\codeigniter4\framework\system\CodeIgniter.php(312): CodeIgniter\CodeIgniter->handleRequest(NULL, Object(Config\Cache), false)
#7 E:\xampp\htdocs\app-pmb2\public\index.php(45): CodeIgniter\CodeIgniter->run()
#8 E:\xampp\htdocs\app-pmb2\vendor\codeigniter4\framework\system\Commands\Server\rewrite.php(34): require_once('E:\\xampp\\htdocs...')
#9 {main}
CRITICAL - 2022-10-27 01:54:34 --> Undefined variable: status_permohonan
#0 E:\xampp\htdocs\app-pmb2\app\Views\v_pendaftaran\tahap_4.php(147): CodeIgniter\Debug\Exceptions->errorHandler(8, 'Undefined varia...', 'E:\\xampp\\htdocs...', 147, Array)
#1 E:\xampp\htdocs\app-pmb2\vendor\codeigniter4\framework\system\View\View.php(246): include('E:\\xampp\\htdocs...')
#2 E:\xampp\htdocs\app-pmb2\vendor\codeigniter4\framework\system\Common.php(1119): CodeIgniter\View\View->render('v_pendaftaran/t...', Array, true)
#3 E:\xampp\htdocs\app-pmb2\app\Controllers\Pendaftaran.php(429): view('v_pendaftaran/t...', Array)
#4 E:\xampp\htdocs\app-pmb2\vendor\codeigniter4\framework\system\CodeIgniter.php(918): App\Controllers\Pendaftaran->tahapEmpat()
#5 E:\xampp\htdocs\app-pmb2\vendor\codeigniter4\framework\system\CodeIgniter.php(404): CodeIgniter\CodeIgniter->runController(Object(App\Controllers\Pendaftaran))
#6 E:\xampp\htdocs\app-pmb2\vendor\codeigniter4\framework\system\CodeIgniter.php(312): CodeIgniter\CodeIgniter->handleRequest(NULL, Object(Config\Cache), false)
#7 E:\xampp\htdocs\app-pmb2\public\index.php(45): CodeIgniter\CodeIgniter->run()
#8 E:\xampp\htdocs\app-pmb2\vendor\codeigniter4\framework\system\Commands\Server\rewrite.php(34): require_once('E:\\xampp\\htdocs...')
#9 {main}
CRITICAL - 2022-10-27 01:54:37 --> Undefined variable: status_permohonan
#0 E:\xampp\htdocs\app-pmb2\app\Views\v_pendaftaran\tahap_4.php(147): CodeIgniter\Debug\Exceptions->errorHandler(8, 'Undefined varia...', 'E:\\xampp\\htdocs...', 147, Array)
#1 E:\xampp\htdocs\app-pmb2\vendor\codeigniter4\framework\system\View\View.php(246): include('E:\\xampp\\htdocs...')
#2 E:\xampp\htdocs\app-pmb2\vendor\codeigniter4\framework\system\Common.php(1119): CodeIgniter\View\View->render('v_pendaftaran/t...', Array, true)
#3 E:\xampp\htdocs\app-pmb2\app\Controllers\Pendaftaran.php(429): view('v_pendaftaran/t...', Array)
#4 E:\xampp\htdocs\app-pmb2\vendor\codeigniter4\framework\system\CodeIgniter.php(918): App\Controllers\Pendaftaran->tahapEmpat()
#5 E:\xampp\htdocs\app-pmb2\vendor\codeigniter4\framework\system\CodeIgniter.php(404): CodeIgniter\CodeIgniter->runController(Object(App\Controllers\Pendaftaran))
#6 E:\xampp\htdocs\app-pmb2\vendor\codeigniter4\framework\system\CodeIgniter.php(312): CodeIgniter\CodeIgniter->handleRequest(NULL, Object(Config\Cache), false)
#7 E:\xampp\htdocs\app-pmb2\public\index.php(45): CodeIgniter\CodeIgniter->run()
#8 E:\xampp\htdocs\app-pmb2\vendor\codeigniter4\framework\system\Commands\Server\rewrite.php(34): require_once('E:\\xampp\\htdocs...')
#9 {main}
CRITICAL - 2022-10-27 01:54:53 --> Undefined variable: jenis_permohonan
#0 E:\xampp\htdocs\app-pmb2\app\Views\v_pendaftaran\tahap_4.php(142): CodeIgniter\Debug\Exceptions->errorHandler(8, 'Undefined varia...', 'E:\\xampp\\htdocs...', 142, Array)
#1 E:\xampp\htdocs\app-pmb2\vendor\codeigniter4\framework\system\View\View.php(246): include('E:\\xampp\\htdocs...')
#2 E:\xampp\htdocs\app-pmb2\vendor\codeigniter4\framework\system\Common.php(1119): CodeIgniter\View\View->render('v_pendaftaran/t...', Array, true)
#3 E:\xampp\htdocs\app-pmb2\app\Controllers\Pendaftaran.php(429): view('v_pendaftaran/t...', Array)
#4 E:\xampp\htdocs\app-pmb2\vendor\codeigniter4\framework\system\CodeIgniter.php(918): App\Controllers\Pendaftaran->tahapEmpat()
#5 E:\xampp\htdocs\app-pmb2\vendor\codeigniter4\framework\system\CodeIgniter.php(404): CodeIgniter\CodeIgniter->runController(Object(App\Controllers\Pendaftaran))
#6 E:\xampp\htdocs\app-pmb2\vendor\codeigniter4\framework\system\CodeIgniter.php(312): CodeIgniter\CodeIgniter->handleRequest(NULL, Object(Config\Cache), false)
#7 E:\xampp\htdocs\app-pmb2\public\index.php(45): CodeIgniter\CodeIgniter->run()
#8 E:\xampp\htdocs\app-pmb2\vendor\codeigniter4\framework\system\Commands\Server\rewrite.php(34): require_once('E:\\xampp\\htdocs...')
#9 {main}
CRITICAL - 2022-10-27 01:58:00 --> Undefined index: nama_bidang
#0 E:\xampp\htdocs\app-pmb2\app\Views\v_pendaftaran\dashboard.php(125): CodeIgniter\Debug\Exceptions->errorHandler(8, 'Undefined index...', 'E:\\xampp\\htdocs...', 125, Array)
#1 E:\xampp\htdocs\app-pmb2\vendor\codeigniter4\framework\system\View\View.php(246): include('E:\\xampp\\htdocs...')
#2 E:\xampp\htdocs\app-pmb2\vendor\codeigniter4\framework\system\Common.php(1119): CodeIgniter\View\View->render('v_pendaftaran/d...', Array, true)
#3 E:\xampp\htdocs\app-pmb2\app\Controllers\Pendaftaran.php(481): view('v_pendaftaran/d...', Array)
#4 E:\xampp\htdocs\app-pmb2\vendor\codeigniter4\framework\system\CodeIgniter.php(918): App\Controllers\Pendaftaran->dashboard()
#5 E:\xampp\htdocs\app-pmb2\vendor\codeigniter4\framework\system\CodeIgniter.php(404): CodeIgniter\CodeIgniter->runController(Object(App\Controllers\Pendaftaran))
#6 E:\xampp\htdocs\app-pmb2\vendor\codeigniter4\framework\system\CodeIgniter.php(312): CodeIgniter\CodeIgniter->handleRequest(NULL, Object(Config\Cache), false)
#7 E:\xampp\htdocs\app-pmb2\public\index.php(45): CodeIgniter\CodeIgniter->run()
#8 E:\xampp\htdocs\app-pmb2\vendor\codeigniter4\framework\system\Commands\Server\rewrite.php(34): require_once('E:\\xampp\\htdocs...')
#9 {main}
CRITICAL - 2022-10-27 02:03:06 --> Undefined index: nama_bidang
#0 E:\xampp\htdocs\app-pmb2\app\Views\v_pendaftaran\dashboard.php(125): CodeIgniter\Debug\Exceptions->errorHandler(8, 'Undefined index...', 'E:\\xampp\\htdocs...', 125, Array)
#1 E:\xampp\htdocs\app-pmb2\vendor\codeigniter4\framework\system\View\View.php(246): include('E:\\xampp\\htdocs...')
#2 E:\xampp\htdocs\app-pmb2\vendor\codeigniter4\framework\system\Common.php(1119): CodeIgniter\View\View->render('v_pendaftaran/d...', Array, true)
#3 E:\xampp\htdocs\app-pmb2\app\Controllers\Pendaftaran.php(481): view('v_pendaftaran/d...', Array)
#4 E:\xampp\htdocs\app-pmb2\vendor\codeigniter4\framework\system\CodeIgniter.php(918): App\Controllers\Pendaftaran->dashboard()
#5 E:\xampp\htdocs\app-pmb2\vendor\codeigniter4\framework\system\CodeIgniter.php(404): CodeIgniter\CodeIgniter->runController(Object(App\Controllers\Pendaftaran))
#6 E:\xampp\htdocs\app-pmb2\vendor\codeigniter4\framework\system\CodeIgniter.php(312): CodeIgniter\CodeIgniter->handleRequest(NULL, Object(Config\Cache), false)
#7 E:\xampp\htdocs\app-pmb2\public\index.php(45): CodeIgniter\CodeIgniter->run()
#8 E:\xampp\htdocs\app-pmb2\vendor\codeigniter4\framework\system\Commands\Server\rewrite.php(34): require_once('E:\\xampp\\htdocs...')
#9 {main}
CRITICAL - 2022-10-27 02:03:38 --> Undefined index: nama_bidang
#0 E:\xampp\htdocs\app-pmb2\app\Views\v_pendaftaran\dashboard.php(125): CodeIgniter\Debug\Exceptions->errorHandler(8, 'Undefined index...', 'E:\\xampp\\htdocs...', 125, Array)
#1 E:\xampp\htdocs\app-pmb2\vendor\codeigniter4\framework\system\View\View.php(246): include('E:\\xampp\\htdocs...')
#2 E:\xampp\htdocs\app-pmb2\vendor\codeigniter4\framework\system\Common.php(1119): CodeIgniter\View\View->render('v_pendaftaran/d...', Array, true)
#3 E:\xampp\htdocs\app-pmb2\app\Controllers\Pendaftaran.php(481): view('v_pendaftaran/d...', Array)
#4 E:\xampp\htdocs\app-pmb2\vendor\codeigniter4\framework\system\CodeIgniter.php(918): App\Controllers\Pendaftaran->dashboard()
#5 E:\xampp\htdocs\app-pmb2\vendor\codeigniter4\framework\system\CodeIgniter.php(404): CodeIgniter\CodeIgniter->runController(Object(App\Controllers\Pendaftaran))
#6 E:\xampp\htdocs\app-pmb2\vendor\codeigniter4\framework\system\CodeIgniter.php(312): CodeIgniter\CodeIgniter->handleRequest(NULL, Object(Config\Cache), false)
#7 E:\xampp\htdocs\app-pmb2\public\index.php(45): CodeIgniter\CodeIgniter->run()
#8 E:\xampp\htdocs\app-pmb2\vendor\codeigniter4\framework\system\Commands\Server\rewrite.php(34): require_once('E:\\xampp\\htdocs...')
#9 {main}
CRITICAL - 2022-10-27 02:04:23 --> Undefined index: nama_bidang
#0 E:\xampp\htdocs\app-pmb2\app\Views\v_pendaftaran\dashboard.php(125): CodeIgniter\Debug\Exceptions->errorHandler(8, 'Undefined index...', 'E:\\xampp\\htdocs...', 125, Array)
#1 E:\xampp\htdocs\app-pmb2\vendor\codeigniter4\framework\system\View\View.php(246): include('E:\\xampp\\htdocs...')
#2 E:\xampp\htdocs\app-pmb2\vendor\codeigniter4\framework\system\Common.php(1119): CodeIgniter\View\View->render('v_pendaftaran/d...', Array, true)
#3 E:\xampp\htdocs\app-pmb2\app\Controllers\Pendaftaran.php(481): view('v_pendaftaran/d...', Array)
#4 E:\xampp\htdocs\app-pmb2\vendor\codeigniter4\framework\system\CodeIgniter.php(918): App\Controllers\Pendaftaran->dashboard()
#5 E:\xampp\htdocs\app-pmb2\vendor\codeigniter4\framework\system\CodeIgniter.php(404): CodeIgniter\CodeIgniter->runController(Object(App\Controllers\Pendaftaran))
#6 E:\xampp\htdocs\app-pmb2\vendor\codeigniter4\framework\system\CodeIgniter.php(312): CodeIgniter\CodeIgniter->handleRequest(NULL, Object(Config\Cache), false)
#7 E:\xampp\htdocs\app-pmb2\public\index.php(45): CodeIgniter\CodeIgniter->run()
#8 E:\xampp\htdocs\app-pmb2\vendor\codeigniter4\framework\system\Commands\Server\rewrite.php(34): require_once('E:\\xampp\\htdocs...')
#9 {main}
CRITICAL - 2022-10-27 02:07:01 --> Undefined index: nama_kategori
#0 E:\xampp\htdocs\app-pmb2\app\Views\v_pendaftaran\dashboard.php(130): CodeIgniter\Debug\Exceptions->errorHandler(8, 'Undefined index...', 'E:\\xampp\\htdocs...', 130, Array)
#1 E:\xampp\htdocs\app-pmb2\vendor\codeigniter4\framework\system\View\View.php(246): include('E:\\xampp\\htdocs...')
#2 E:\xampp\htdocs\app-pmb2\vendor\codeigniter4\framework\system\Common.php(1119): CodeIgniter\View\View->render('v_pendaftaran/d...', Array, true)
#3 E:\xampp\htdocs\app-pmb2\app\Controllers\Pendaftaran.php(481): view('v_pendaftaran/d...', Array)
#4 E:\xampp\htdocs\app-pmb2\vendor\codeigniter4\framework\system\CodeIgniter.php(918): App\Controllers\Pendaftaran->dashboard()
#5 E:\xampp\htdocs\app-pmb2\vendor\codeigniter4\framework\system\CodeIgniter.php(404): CodeIgniter\CodeIgniter->runController(Object(App\Controllers\Pendaftaran))
#6 E:\xampp\htdocs\app-pmb2\vendor\codeigniter4\framework\system\CodeIgniter.php(312): CodeIgniter\CodeIgniter->handleRequest(NULL, Object(Config\Cache), false)
#7 E:\xampp\htdocs\app-pmb2\public\index.php(45): CodeIgniter\CodeIgniter->run()
#8 E:\xampp\htdocs\app-pmb2\vendor\codeigniter4\framework\system\Commands\Server\rewrite.php(34): require_once('E:\\xampp\\htdocs...')
#9 {main}
CRITICAL - 2022-10-27 02:08:17 --> Undefined variable: jenis_permohonan
#0 E:\xampp\htdocs\app-pmb2\app\Views\v_pendaftaran\tahap_4.php(142): CodeIgniter\Debug\Exceptions->errorHandler(8, 'Undefined varia...', 'E:\\xampp\\htdocs...', 142, Array)
#1 E:\xampp\htdocs\app-pmb2\vendor\codeigniter4\framework\system\View\View.php(246): include('E:\\xampp\\htdocs...')
#2 E:\xampp\htdocs\app-pmb2\vendor\codeigniter4\framework\system\Common.php(1119): CodeIgniter\View\View->render('v_pendaftaran/t...', Array, true)
#3 E:\xampp\htdocs\app-pmb2\app\Controllers\Pendaftaran.php(429): view('v_pendaftaran/t...', Array)
#4 E:\xampp\htdocs\app-pmb2\vendor\codeigniter4\framework\system\CodeIgniter.php(918): App\Controllers\Pendaftaran->tahapEmpat()
#5 E:\xampp\htdocs\app-pmb2\vendor\codeigniter4\framework\system\CodeIgniter.php(404): CodeIgniter\CodeIgniter->runController(Object(App\Controllers\Pendaftaran))
#6 E:\xampp\htdocs\app-pmb2\vendor\codeigniter4\framework\system\CodeIgniter.php(312): CodeIgniter\CodeIgniter->handleRequest(NULL, Object(Config\Cache), false)
#7 E:\xampp\htdocs\app-pmb2\public\index.php(45): CodeIgniter\CodeIgniter->run()
#8 E:\xampp\htdocs\app-pmb2\vendor\codeigniter4\framework\system\Commands\Server\rewrite.php(34): require_once('E:\\xampp\\htdocs...')
#9 {main}
CRITICAL - 2022-10-27 02:09:15 --> Undefined variable: pendaftaran
#0 E:\xampp\htdocs\app-pmb2\app\Views\v_pendaftaran\tahap_4.php(142): CodeIgniter\Debug\Exceptions->errorHandler(8, 'Undefined varia...', 'E:\\xampp\\htdocs...', 142, Array)
#1 E:\xampp\htdocs\app-pmb2\vendor\codeigniter4\framework\system\View\View.php(246): include('E:\\xampp\\htdocs...')
#2 E:\xampp\htdocs\app-pmb2\vendor\codeigniter4\framework\system\Common.php(1119): CodeIgniter\View\View->render('v_pendaftaran/t...', Array, true)
#3 E:\xampp\htdocs\app-pmb2\app\Controllers\Pendaftaran.php(429): view('v_pendaftaran/t...', Array)
#4 E:\xampp\htdocs\app-pmb2\vendor\codeigniter4\framework\system\CodeIgniter.php(918): App\Controllers\Pendaftaran->tahapEmpat()
#5 E:\xampp\htdocs\app-pmb2\vendor\codeigniter4\framework\system\CodeIgniter.php(404): CodeIgniter\CodeIgniter->runController(Object(App\Controllers\Pendaftaran))
#6 E:\xampp\htdocs\app-pmb2\vendor\codeigniter4\framework\system\CodeIgniter.php(312): CodeIgniter\CodeIgniter->handleRequest(NULL, Object(Config\Cache), false)
#7 E:\xampp\htdocs\app-pmb2\public\index.php(45): CodeIgniter\CodeIgniter->run()
#8 E:\xampp\htdocs\app-pmb2\vendor\codeigniter4\framework\system\Commands\Server\rewrite.php(34): require_once('E:\\xampp\\htdocs...')
#9 {main}
CRITICAL - 2022-10-27 02:09:16 --> Undefined variable: pendaftaran
#0 E:\xampp\htdocs\app-pmb2\app\Views\v_pendaftaran\tahap_4.php(142): CodeIgniter\Debug\Exceptions->errorHandler(8, 'Undefined varia...', 'E:\\xampp\\htdocs...', 142, Array)
#1 E:\xampp\htdocs\app-pmb2\vendor\codeigniter4\framework\system\View\View.php(246): include('E:\\xampp\\htdocs...')
#2 E:\xampp\htdocs\app-pmb2\vendor\codeigniter4\framework\system\Common.php(1119): CodeIgniter\View\View->render('v_pendaftaran/t...', Array, true)
#3 E:\xampp\htdocs\app-pmb2\app\Controllers\Pendaftaran.php(429): view('v_pendaftaran/t...', Array)
#4 E:\xampp\htdocs\app-pmb2\vendor\codeigniter4\framework\system\CodeIgniter.php(918): App\Controllers\Pendaftaran->tahapEmpat()
#5 E:\xampp\htdocs\app-pmb2\vendor\codeigniter4\framework\system\CodeIgniter.php(404): CodeIgniter\CodeIgniter->runController(Object(App\Controllers\Pendaftaran))
#6 E:\xampp\htdocs\app-pmb2\vendor\codeigniter4\framework\system\CodeIgniter.php(312): CodeIgniter\CodeIgniter->handleRequest(NULL, Object(Config\Cache), false)
#7 E:\xampp\htdocs\app-pmb2\public\index.php(45): CodeIgniter\CodeIgniter->run()
#8 E:\xampp\htdocs\app-pmb2\vendor\codeigniter4\framework\system\Commands\Server\rewrite.php(34): require_once('E:\\xampp\\htdocs...')
#9 {main}
CRITICAL - 2022-10-27 02:11:40 --> Undefined variable: jenis_permohonan
#0 E:\xampp\htdocs\app-pmb2\app\Views\v_pendaftaran\dashboard.php(135): CodeIgniter\Debug\Exceptions->errorHandler(8, 'Undefined varia...', 'E:\\xampp\\htdocs...', 135, Array)
#1 E:\xampp\htdocs\app-pmb2\vendor\codeigniter4\framework\system\View\View.php(246): include('E:\\xampp\\htdocs...')
#2 E:\xampp\htdocs\app-pmb2\vendor\codeigniter4\framework\system\Common.php(1119): CodeIgniter\View\View->render('v_pendaftaran/d...', Array, true)
#3 E:\xampp\htdocs\app-pmb2\app\Controllers\Pendaftaran.php(481): view('v_pendaftaran/d...', Array)
#4 E:\xampp\htdocs\app-pmb2\vendor\codeigniter4\framework\system\CodeIgniter.php(918): App\Controllers\Pendaftaran->dashboard()
#5 E:\xampp\htdocs\app-pmb2\vendor\codeigniter4\framework\system\CodeIgniter.php(404): CodeIgniter\CodeIgniter->runController(Object(App\Controllers\Pendaftaran))
#6 E:\xampp\htdocs\app-pmb2\vendor\codeigniter4\framework\system\CodeIgniter.php(312): CodeIgniter\CodeIgniter->handleRequest(NULL, Object(Config\Cache), false)
#7 E:\xampp\htdocs\app-pmb2\public\index.php(45): CodeIgniter\CodeIgniter->run()
#8 E:\xampp\htdocs\app-pmb2\vendor\codeigniter4\framework\system\Commands\Server\rewrite.php(34): require_once('E:\\xampp\\htdocs...')
#9 {main}
CRITICAL - 2022-10-27 02:15:09 --> Undefined index: $nama_bidang
#0 E:\xampp\htdocs\app-pmb2\app\Views\v_pendaftaran\tahap_4.php(132): CodeIgniter\Debug\Exceptions->errorHandler(8, 'Undefined index...', 'E:\\xampp\\htdocs...', 132, Array)
#1 E:\xampp\htdocs\app-pmb2\vendor\codeigniter4\framework\system\View\View.php(246): include('E:\\xampp\\htdocs...')
#2 E:\xampp\htdocs\app-pmb2\vendor\codeigniter4\framework\system\Common.php(1119): CodeIgniter\View\View->render('v_pendaftaran/t...', Array, true)
#3 E:\xampp\htdocs\app-pmb2\app\Controllers\Pendaftaran.php(429): view('v_pendaftaran/t...', Array)
#4 E:\xampp\htdocs\app-pmb2\vendor\codeigniter4\framework\system\CodeIgniter.php(918): App\Controllers\Pendaftaran->tahapEmpat()
#5 E:\xampp\htdocs\app-pmb2\vendor\codeigniter4\framework\system\CodeIgniter.php(404): CodeIgniter\CodeIgniter->runController(Object(App\Controllers\Pendaftaran))
#6 E:\xampp\htdocs\app-pmb2\vendor\codeigniter4\framework\system\CodeIgniter.php(312): CodeIgniter\CodeIgniter->handleRequest(NULL, Object(Config\Cache), false)
#7 E:\xampp\htdocs\app-pmb2\public\index.php(45): CodeIgniter\CodeIgniter->run()
#8 E:\xampp\htdocs\app-pmb2\vendor\codeigniter4\framework\system\Commands\Server\rewrite.php(34): require_once('E:\\xampp\\htdocs...')
#9 {main}
CRITICAL - 2022-10-27 02:15:40 --> Undefined index: nama_bidang
#0 E:\xampp\htdocs\app-pmb2\app\Views\v_pendaftaran\tahap_4.php(132): CodeIgniter\Debug\Exceptions->errorHandler(8, 'Undefined index...', 'E:\\xampp\\htdocs...', 132, Array)
#1 E:\xampp\htdocs\app-pmb2\vendor\codeigniter4\framework\system\View\View.php(246): include('E:\\xampp\\htdocs...')
#2 E:\xampp\htdocs\app-pmb2\vendor\codeigniter4\framework\system\Common.php(1119): CodeIgniter\View\View->render('v_pendaftaran/t...', Array, true)
#3 E:\xampp\htdocs\app-pmb2\app\Controllers\Pendaftaran.php(429): view('v_pendaftaran/t...', Array)
#4 E:\xampp\htdocs\app-pmb2\vendor\codeigniter4\framework\system\CodeIgniter.php(918): App\Controllers\Pendaftaran->tahapEmpat()
#5 E:\xampp\htdocs\app-pmb2\vendor\codeigniter4\framework\system\CodeIgniter.php(404): CodeIgniter\CodeIgniter->runController(Object(App\Controllers\Pendaftaran))
#6 E:\xampp\htdocs\app-pmb2\vendor\codeigniter4\framework\system\CodeIgniter.php(312): CodeIgniter\CodeIgniter->handleRequest(NULL, Object(Config\Cache), false)
#7 E:\xampp\htdocs\app-pmb2\public\index.php(45): CodeIgniter\CodeIgniter->run()
#8 E:\xampp\htdocs\app-pmb2\vendor\codeigniter4\framework\system\Commands\Server\rewrite.php(34): require_once('E:\\xampp\\htdocs...')
#9 {main}
CRITICAL - 2022-10-27 02:15:58 --> Undefined index: nama_kategori
#0 E:\xampp\htdocs\app-pmb2\app\Views\v_pendaftaran\tahap_4.php(137): CodeIgniter\Debug\Exceptions->errorHandler(8, 'Undefined index...', 'E:\\xampp\\htdocs...', 137, Array)
#1 E:\xampp\htdocs\app-pmb2\vendor\codeigniter4\framework\system\View\View.php(246): include('E:\\xampp\\htdocs...')
#2 E:\xampp\htdocs\app-pmb2\vendor\codeigniter4\framework\system\Common.php(1119): CodeIgniter\View\View->render('v_pendaftaran/t...', Array, true)
#3 E:\xampp\htdocs\app-pmb2\app\Controllers\Pendaftaran.php(429): view('v_pendaftaran/t...', Array)
#4 E:\xampp\htdocs\app-pmb2\vendor\codeigniter4\framework\system\CodeIgniter.php(918): App\Controllers\Pendaftaran->tahapEmpat()
#5 E:\xampp\htdocs\app-pmb2\vendor\codeigniter4\framework\system\CodeIgniter.php(404): CodeIgniter\CodeIgniter->runController(Object(App\Controllers\Pendaftaran))
#6 E:\xampp\htdocs\app-pmb2\vendor\codeigniter4\framework\system\CodeIgniter.php(312): CodeIgniter\CodeIgniter->handleRequest(NULL, Object(Config\Cache), false)
#7 E:\xampp\htdocs\app-pmb2\public\index.php(45): CodeIgniter\CodeIgniter->run()
#8 E:\xampp\htdocs\app-pmb2\vendor\codeigniter4\framework\system\Commands\Server\rewrite.php(34): require_once('E:\\xampp\\htdocs...')
#9 {main}
CRITICAL - 2022-10-27 02:16:41 --> imagecreatefrompng(): gd-png: libpng warning: iCCP: known incorrect sRGB profile
#0 [internal function]: CodeIgniter\Debug\Exceptions->errorHandler(2, 'imagecreatefrom...', 'E:\\xampp\\htdocs...', 5612, Array)
#1 E:\xampp\htdocs\app-pmb2\vendor\dompdf\dompdf\lib\Cpdf.php(5612): imagecreatefrompng('C:\\Users\\ASUS\\A...')
#2 E:\xampp\htdocs\app-pmb2\vendor\dompdf\dompdf\lib\Cpdf.php(5810): Dompdf\Cpdf->addImagePngAlpha('C:\\Users\\ASUS\\A...', 51.525, 705.6242519685, 75, 100, 6)
#3 E:\xampp\htdocs\app-pmb2\vendor\dompdf\dompdf\src\Adapter\CPDF.php(868): Dompdf\Cpdf->addPngFromFile('C:\\Users\\ASUS\\A...', 51.525, 705.6242519685, 75, 100)
#4 E:\xampp\htdocs\app-pmb2\vendor\dompdf\dompdf\src\Renderer\Image.php(114): Dompdf\Adapter\CPDF->image('C:\\Users\\ASUS\\A...', 51.525, 36.265748031496, 75, 100, 'normal')
#5 E:\xampp\htdocs\app-pmb2\vendor\dompdf\dompdf\src\Renderer.php(293): Dompdf\Renderer\Image->render(Object(Dompdf\FrameDecorator\Image))
#6 E:\xampp\htdocs\app-pmb2\vendor\dompdf\dompdf\src\Renderer.php(127): Dompdf\Renderer->_render_frame('image', Object(Dompdf\FrameDecorator\Image))
#7 E:\xampp\htdocs\app-pmb2\vendor\dompdf\dompdf\src\Renderer.php(194): Dompdf\Renderer->render(Object(Dompdf\FrameDecorator\Image))
#8 E:\xampp\htdocs\app-pmb2\vendor\dompdf\dompdf\src\Renderer.php(194): Dompdf\Renderer->render(Object(Dompdf\FrameDecorator\Block))
#9 E:\xampp\htdocs\app-pmb2\vendor\dompdf\dompdf\src\Renderer.php(194): Dompdf\Renderer->render(Object(Dompdf\FrameDecorator\TableCell))
#10 E:\xampp\htdocs\app-pmb2\vendor\dompdf\dompdf\src\Renderer.php(194): Dompdf\Renderer->render(Object(Dompdf\FrameDecorator\TableRow))
#11 E:\xampp\htdocs\app-pmb2\vendor\dompdf\dompdf\src\Renderer.php(194): Dompdf\Renderer->render(Object(Dompdf\FrameDecorator\TableRowGroup))
#12 E:\xampp\htdocs\app-pmb2\vendor\dompdf\dompdf\src\Renderer.php(194): Dompdf\Renderer->render(Object(Dompdf\FrameDecorator\Table))
#13 E:\xampp\htdocs\app-pmb2\vendor\dompdf\dompdf\src\FrameReflower\Page.php(148): Dompdf\Renderer->render(Object(Dompdf\FrameDecorator\Block))
#14 E:\xampp\htdocs\app-pmb2\vendor\dompdf\dompdf\src\FrameDecorator\AbstractFrameDecorator.php(895): Dompdf\FrameReflower\Page->reflow(NULL)
#15 E:\xampp\htdocs\app-pmb2\vendor\dompdf\dompdf\src\Dompdf.php(815): Dompdf\FrameDecorator\AbstractFrameDecorator->reflow()
#16 E:\xampp\htdocs\app-pmb2\app\Controllers\Pendaftaran.php(512): Dompdf\Dompdf->render()
#17 E:\xampp\htdocs\app-pmb2\vendor\codeigniter4\framework\system\CodeIgniter.php(918): App\Controllers\Pendaftaran->buktiPendaftaran()
#18 E:\xampp\htdocs\app-pmb2\vendor\codeigniter4\framework\system\CodeIgniter.php(404): CodeIgniter\CodeIgniter->runController(Object(App\Controllers\Pendaftaran))
#19 E:\xampp\htdocs\app-pmb2\vendor\codeigniter4\framework\system\CodeIgniter.php(312): CodeIgniter\CodeIgniter->handleRequest(NULL, Object(Config\Cache), false)
#20 E:\xampp\htdocs\app-pmb2\public\index.php(45): CodeIgniter\CodeIgniter->run()
#21 E:\xampp\htdocs\app-pmb2\vendor\codeigniter4\framework\system\Commands\Server\rewrite.php(34): require_once('E:\\xampp\\htdocs...')
#22 {main}
CRITICAL - 2022-10-27 02:17:01 --> Allowed memory size of 536870912 bytes exhausted (tried to allocate 260050944 bytes)
#0 [internal function]: CodeIgniter\Debug\Exceptions->shutdownHandler()
#1 {main}
CRITICAL - 2022-10-27 02:19:24 --> Undefined variable: jenis_permohonan
#0 E:\xampp\htdocs\app-pmb2\app\Views\v_pendaftaran\dashboard.php(135): CodeIgniter\Debug\Exceptions->errorHandler(8, 'Undefined varia...', 'E:\\xampp\\htdocs...', 135, Array)
#1 E:\xampp\htdocs\app-pmb2\vendor\codeigniter4\framework\system\View\View.php(246): include('E:\\xampp\\htdocs...')
#2 E:\xampp\htdocs\app-pmb2\vendor\codeigniter4\framework\system\Common.php(1119): CodeIgniter\View\View->render('v_pendaftaran/d...', Array, true)
#3 E:\xampp\htdocs\app-pmb2\app\Controllers\Pendaftaran.php(481): view('v_pendaftaran/d...', Array)
#4 E:\xampp\htdocs\app-pmb2\vendor\codeigniter4\framework\system\CodeIgniter.php(918): App\Controllers\Pendaftaran->dashboard()
#5 E:\xampp\htdocs\app-pmb2\vendor\codeigniter4\framework\system\CodeIgniter.php(404): CodeIgniter\CodeIgniter->runController(Object(App\Controllers\Pendaftaran))
#6 E:\xampp\htdocs\app-pmb2\vendor\codeigniter4\framework\system\CodeIgniter.php(312): CodeIgniter\CodeIgniter->handleRequest(NULL, Object(Config\Cache), false)
#7 E:\xampp\htdocs\app-pmb2\public\index.php(45): CodeIgniter\CodeIgniter->run()
#8 E:\xampp\htdocs\app-pmb2\vendor\codeigniter4\framework\system\Commands\Server\rewrite.php(34): require_once('E:\\xampp\\htdocs...')
#9 {main}
CRITICAL - 2022-10-27 08:07:45 --> imagecreatefrompng(): gd-png: libpng warning: iCCP: known incorrect sRGB profile
#0 [internal function]: CodeIgniter\Debug\Exceptions->errorHandler(2, 'imagecreatefrom...', 'E:\\xampp\\htdocs...', 5612, Array)
#1 E:\xampp\htdocs\app-pmb2\vendor\dompdf\dompdf\lib\Cpdf.php(5612): imagecreatefrompng('C:\\Users\\ASUS\\A...')
#2 E:\xampp\htdocs\app-pmb2\vendor\dompdf\dompdf\lib\Cpdf.php(5810): Dompdf\Cpdf->addImagePngAlpha('C:\\Users\\ASUS\\A...', 51.525, 705.6242519685, 75, 100, 6)
#3 E:\xampp\htdocs\app-pmb2\vendor\dompdf\dompdf\src\Adapter\CPDF.php(868): Dompdf\Cpdf->addPngFromFile('C:\\Users\\ASUS\\A...', 51.525, 705.6242519685, 75, 100)
#4 E:\xampp\htdocs\app-pmb2\vendor\dompdf\dompdf\src\Renderer\Image.php(114): Dompdf\Adapter\CPDF->image('C:\\Users\\ASUS\\A...', 51.525, 36.265748031496, 75, 100, 'normal')
#5 E:\xampp\htdocs\app-pmb2\vendor\dompdf\dompdf\src\Renderer.php(293): Dompdf\Renderer\Image->render(Object(Dompdf\FrameDecorator\Image))
#6 E:\xampp\htdocs\app-pmb2\vendor\dompdf\dompdf\src\Renderer.php(127): Dompdf\Renderer->_render_frame('image', Object(Dompdf\FrameDecorator\Image))
#7 E:\xampp\htdocs\app-pmb2\vendor\dompdf\dompdf\src\Renderer.php(194): Dompdf\Renderer->render(Object(Dompdf\FrameDecorator\Image))
#8 E:\xampp\htdocs\app-pmb2\vendor\dompdf\dompdf\src\Renderer.php(194): Dompdf\Renderer->render(Object(Dompdf\FrameDecorator\Block))
#9 E:\xampp\htdocs\app-pmb2\vendor\dompdf\dompdf\src\Renderer.php(194): Dompdf\Renderer->render(Object(Dompdf\FrameDecorator\TableCell))
#10 E:\xampp\htdocs\app-pmb2\vendor\dompdf\dompdf\src\Renderer.php(194): Dompdf\Renderer->render(Object(Dompdf\FrameDecorator\TableRow))
#11 E:\xampp\htdocs\app-pmb2\vendor\dompdf\dompdf\src\Renderer.php(194): Dompdf\Renderer->render(Object(Dompdf\FrameDecorator\TableRowGroup))
#12 E:\xampp\htdocs\app-pmb2\vendor\dompdf\dompdf\src\Renderer.php(194): Dompdf\Renderer->render(Object(Dompdf\FrameDecorator\Table))
#13 E:\xampp\htdocs\app-pmb2\vendor\dompdf\dompdf\src\FrameReflower\Page.php(148): Dompdf\Renderer->render(Object(Dompdf\FrameDecorator\Block))
#14 E:\xampp\htdocs\app-pmb2\vendor\dompdf\dompdf\src\FrameDecorator\AbstractFrameDecorator.php(895): Dompdf\FrameReflower\Page->reflow(NULL)
#15 E:\xampp\htdocs\app-pmb2\vendor\dompdf\dompdf\src\Dompdf.php(815): Dompdf\FrameDecorator\AbstractFrameDecorator->reflow()
#16 E:\xampp\htdocs\app-pmb2\app\Controllers\Pendaftaran.php(512): Dompdf\Dompdf->render()
#17 E:\xampp\htdocs\app-pmb2\vendor\codeigniter4\framework\system\CodeIgniter.php(918): App\Controllers\Pendaftaran->buktiPendaftaran()
#18 E:\xampp\htdocs\app-pmb2\vendor\codeigniter4\framework\system\CodeIgniter.php(404): CodeIgniter\CodeIgniter->runController(Object(App\Controllers\Pendaftaran))
#19 E:\xampp\htdocs\app-pmb2\vendor\codeigniter4\framework\system\CodeIgniter.php(312): CodeIgniter\CodeIgniter->handleRequest(NULL, Object(Config\Cache), false)
#20 E:\xampp\htdocs\app-pmb2\public\index.php(45): CodeIgniter\CodeIgniter->run()
#21 E:\xampp\htdocs\app-pmb2\vendor\codeigniter4\framework\system\Commands\Server\rewrite.php(34): require_once('E:\\xampp\\htdocs...')
#22 {main}
CRITICAL - 2022-10-27 08:08:07 --> Allowed memory size of 536870912 bytes exhausted (tried to allocate 260050944 bytes)
#0 [internal function]: CodeIgniter\Debug\Exceptions->shutdownHandler()
#1 {main}
CRITICAL - 2022-10-27 08:50:36 --> imagecreatefrompng(): gd-png: libpng warning: iCCP: known incorrect sRGB profile
#0 [internal function]: CodeIgniter\Debug\Exceptions->errorHandler(2, 'imagecreatefrom...', 'E:\\xampp\\htdocs...', 5612, Array)
#1 E:\xampp\htdocs\app-pmb2\vendor\dompdf\dompdf\lib\Cpdf.php(5612): imagecreatefrompng('C:\\Users\\ASUS\\A...')
#2 E:\xampp\htdocs\app-pmb2\vendor\dompdf\dompdf\lib\Cpdf.php(5810): Dompdf\Cpdf->addImagePngAlpha('C:\\Users\\ASUS\\A...', 51.525, 705.6242519685, 75, 100, 6)
#3 E:\xampp\htdocs\app-pmb2\vendor\dompdf\dompdf\src\Adapter\CPDF.php(868): Dompdf\Cpdf->addPngFromFile('C:\\Users\\ASUS\\A...', 51.525, 705.6242519685, 75, 100)
#4 E:\xampp\htdocs\app-pmb2\vendor\dompdf\dompdf\src\Renderer\Image.php(114): Dompdf\Adapter\CPDF->image('C:\\Users\\ASUS\\A...', 51.525, 36.265748031496, 75, 100, 'normal')
#5 E:\xampp\htdocs\app-pmb2\vendor\dompdf\dompdf\src\Renderer.php(293): Dompdf\Renderer\Image->render(Object(Dompdf\FrameDecorator\Image))
#6 E:\xampp\htdocs\app-pmb2\vendor\dompdf\dompdf\src\Renderer.php(127): Dompdf\Renderer->_render_frame('image', Object(Dompdf\FrameDecorator\Image))
#7 E:\xampp\htdocs\app-pmb2\vendor\dompdf\dompdf\src\Renderer.php(194): Dompdf\Renderer->render(Object(Dompdf\FrameDecorator\Image))
#8 E:\xampp\htdocs\app-pmb2\vendor\dompdf\dompdf\src\Renderer.php(194): Dompdf\Renderer->render(Object(Dompdf\FrameDecorator\Block))
#9 E:\xampp\htdocs\app-pmb2\vendor\dompdf\dompdf\src\Renderer.php(194): Dompdf\Renderer->render(Object(Dompdf\FrameDecorator\TableCell))
#10 E:\xampp\htdocs\app-pmb2\vendor\dompdf\dompdf\src\Renderer.php(194): Dompdf\Renderer->render(Object(Dompdf\FrameDecorator\TableRow))
#11 E:\xampp\htdocs\app-pmb2\vendor\dompdf\dompdf\src\Renderer.php(194): Dompdf\Renderer->render(Object(Dompdf\FrameDecorator\TableRowGroup))
#12 E:\xampp\htdocs\app-pmb2\vendor\dompdf\dompdf\src\Renderer.php(194): Dompdf\Renderer->render(Object(Dompdf\FrameDecorator\Table))
#13 E:\xampp\htdocs\app-pmb2\vendor\dompdf\dompdf\src\FrameReflower\Page.php(148): Dompdf\Renderer->render(Object(Dompdf\FrameDecorator\Block))
#14 E:\xampp\htdocs\app-pmb2\vendor\dompdf\dompdf\src\FrameDecorator\AbstractFrameDecorator.php(895): Dompdf\FrameReflower\Page->reflow(NULL)
#15 E:\xampp\htdocs\app-pmb2\vendor\dompdf\dompdf\src\Dompdf.php(815): Dompdf\FrameDecorator\AbstractFrameDecorator->reflow()
#16 E:\xampp\htdocs\app-pmb2\app\Controllers\Pendaftaran.php(512): Dompdf\Dompdf->render()
#17 E:\xampp\htdocs\app-pmb2\vendor\codeigniter4\framework\system\CodeIgniter.php(918): App\Controllers\Pendaftaran->buktiPendaftaran()
#18 E:\xampp\htdocs\app-pmb2\vendor\codeigniter4\framework\system\CodeIgniter.php(404): CodeIgniter\CodeIgniter->runController(Object(App\Controllers\Pendaftaran))
#19 E:\xampp\htdocs\app-pmb2\vendor\codeigniter4\framework\system\CodeIgniter.php(312): CodeIgniter\CodeIgniter->handleRequest(NULL, Object(Config\Cache), false)
#20 E:\xampp\htdocs\app-pmb2\public\index.php(45): CodeIgniter\CodeIgniter->run()
#21 E:\xampp\htdocs\app-pmb2\vendor\codeigniter4\framework\system\Commands\Server\rewrite.php(34): require_once('E:\\xampp\\htdocs...')
#22 {main}
CRITICAL - 2022-10-27 08:50:55 --> Allowed memory size of 536870912 bytes exhausted (tried to allocate 260050944 bytes)
#0 [internal function]: CodeIgniter\Debug\Exceptions->shutdownHandler()
#1 {main}
CRITICAL - 2022-10-27 22:49:40 --> Trying to access array offset on value of type null
#0 D:\Xampp\htdocs\app-pmb2\app\Controllers\Login.php(54): CodeIgniter\Debug\Exceptions->errorHandler()
#1 D:\Xampp\htdocs\app-pmb2\vendor\codeigniter4\framework\system\CodeIgniter.php(918): App\Controllers\Login->cekUser()
#2 D:\Xampp\htdocs\app-pmb2\vendor\codeigniter4\framework\system\CodeIgniter.php(404): CodeIgniter\CodeIgniter->runController()
#3 D:\Xampp\htdocs\app-pmb2\vendor\codeigniter4\framework\system\CodeIgniter.php(312): CodeIgniter\CodeIgniter->handleRequest()
#4 D:\Xampp\htdocs\app-pmb2\public\index.php(45): CodeIgniter\CodeIgniter->run()
#5 D:\Xampp\htdocs\app-pmb2\vendor\codeigniter4\framework\system\Commands\Server\rewrite.php(34): require_once('D:\\Xampp\\htdocs...')
#6 {main}
CRITICAL - 2022-10-27 22:49:40 --> Trying to access array offset on value of type null
#0 D:\Xampp\htdocs\app-pmb2\app\Controllers\Login.php(54): CodeIgniter\Debug\Exceptions->errorHandler()
#1 D:\Xampp\htdocs\app-pmb2\vendor\codeigniter4\framework\system\CodeIgniter.php(918): App\Controllers\Login->cekUser()
#2 D:\Xampp\htdocs\app-pmb2\vendor\codeigniter4\framework\system\CodeIgniter.php(404): CodeIgniter\CodeIgniter->runController()
#3 D:\Xampp\htdocs\app-pmb2\vendor\codeigniter4\framework\system\CodeIgniter.php(312): CodeIgniter\CodeIgniter->handleRequest()
#4 D:\Xampp\htdocs\app-pmb2\public\index.php(45): CodeIgniter\CodeIgniter->run()
#5 D:\Xampp\htdocs\app-pmb2\vendor\codeigniter4\framework\system\Commands\Server\rewrite.php(34): require_once('D:\\Xampp\\htdocs...')
#6 {main}
CRITICAL - 2022-10-27 22:49:41 --> Trying to access array offset on value of type null
#0 D:\Xampp\htdocs\app-pmb2\app\Controllers\Login.php(54): CodeIgniter\Debug\Exceptions->errorHandler()
#1 D:\Xampp\htdocs\app-pmb2\vendor\codeigniter4\framework\system\CodeIgniter.php(918): App\Controllers\Login->cekUser()
#2 D:\Xampp\htdocs\app-pmb2\vendor\codeigniter4\framework\system\CodeIgniter.php(404): CodeIgniter\CodeIgniter->runController()
#3 D:\Xampp\htdocs\app-pmb2\vendor\codeigniter4\framework\system\CodeIgniter.php(312): CodeIgniter\CodeIgniter->handleRequest()
#4 D:\Xampp\htdocs\app-pmb2\public\index.php(45): CodeIgniter\CodeIgniter->run()
#5 D:\Xampp\htdocs\app-pmb2\vendor\codeigniter4\framework\system\Commands\Server\rewrite.php(34): require_once('D:\\Xampp\\htdocs...')
#6 {main}
CRITICAL - 2022-10-27 22:49:46 --> Trying to access array offset on value of type null
#0 D:\Xampp\htdocs\app-pmb2\app\Controllers\Login.php(54): CodeIgniter\Debug\Exceptions->errorHandler()
#1 D:\Xampp\htdocs\app-pmb2\vendor\codeigniter4\framework\system\CodeIgniter.php(918): App\Controllers\Login->cekUser()
#2 D:\Xampp\htdocs\app-pmb2\vendor\codeigniter4\framework\system\CodeIgniter.php(404): CodeIgniter\CodeIgniter->runController()
#3 D:\Xampp\htdocs\app-pmb2\vendor\codeigniter4\framework\system\CodeIgniter.php(312): CodeIgniter\CodeIgniter->handleRequest()
#4 D:\Xampp\htdocs\app-pmb2\public\index.php(45): CodeIgniter\CodeIgniter->run()
#5 D:\Xampp\htdocs\app-pmb2\vendor\codeigniter4\framework\system\Commands\Server\rewrite.php(34): require_once('D:\\Xampp\\htdocs...')
#6 {main}
CRITICAL - 2022-10-27 22:49:46 --> Trying to access array offset on value of type null
#0 D:\Xampp\htdocs\app-pmb2\app\Controllers\Login.php(54): CodeIgniter\Debug\Exceptions->errorHandler()
#1 D:\Xampp\htdocs\app-pmb2\vendor\codeigniter4\framework\system\CodeIgniter.php(918): App\Controllers\Login->cekUser()
#2 D:\Xampp\htdocs\app-pmb2\vendor\codeigniter4\framework\system\CodeIgniter.php(404): CodeIgniter\CodeIgniter->runController()
#3 D:\Xampp\htdocs\app-pmb2\vendor\codeigniter4\framework\system\CodeIgniter.php(312): CodeIgniter\CodeIgniter->handleRequest()
#4 D:\Xampp\htdocs\app-pmb2\public\index.php(45): CodeIgniter\CodeIgniter->run()
#5 D:\Xampp\htdocs\app-pmb2\vendor\codeigniter4\framework\system\Commands\Server\rewrite.php(34): require_once('D:\\Xampp\\htdocs...')
#6 {main}
