CRITICAL - 2022-10-31 03:35:35 --> Invalid file: layout/v_nav.php
#0 D:\Xampp\htdocs\app-pmb2\vendor\codeigniter4\framework\system\View\View.php(228): CodeIgniter\Exceptions\FrameworkException::forInvalidFile()
#1 D:\Xampp\htdocs\app-pmb2\vendor\codeigniter4\framework\system\Common.php(1119): CodeIgniter\View\View->render()
#2 D:\Xampp\htdocs\app-pmb2\app\Views\layout\v_wrapper.php(4): view()
#3 D:\Xampp\htdocs\app-pmb2\vendor\codeigniter4\framework\system\View\View.php(246): include('D:\\Xampp\\htdocs...')
#4 D:\Xampp\htdocs\app-pmb2\vendor\codeigniter4\framework\system\Common.php(1119): CodeIgniter\View\View->render()
#5 D:\Xampp\htdocs\app-pmb2\app\Controllers\Magang.php(10): view()
#6 D:\Xampp\htdocs\app-pmb2\vendor\codeigniter4\framework\system\CodeIgniter.php(918): App\Controllers\Magang->index()
#7 D:\Xampp\htdocs\app-pmb2\vendor\codeigniter4\framework\system\CodeIgniter.php(404): CodeIgniter\CodeIgniter->runController()
#8 D:\Xampp\htdocs\app-pmb2\vendor\codeigniter4\framework\system\CodeIgniter.php(312): CodeIgniter\CodeIgniter->handleRequest()
#9 D:\Xampp\htdocs\app-pmb2\public\index.php(45): CodeIgniter\CodeIgniter->run()
#10 D:\Xampp\htdocs\app-pmb2\vendor\codeigniter4\framework\system\Commands\Server\rewrite.php(34): require_once('D:\\Xampp\\htdocs...')
#11 {main}
CRITICAL - 2022-10-31 03:57:05 --> Undefined variable: nama
#0 D:\Xampp\htdocs\app-pmb2\app\Views\layout\v_header.php(206): CodeIgniter\Debug\Exceptions->errorHandler()
#1 D:\Xampp\htdocs\app-pmb2\vendor\codeigniter4\framework\system\View\View.php(246): include('D:\\Xampp\\htdocs...')
#2 D:\Xampp\htdocs\app-pmb2\vendor\codeigniter4\framework\system\Common.php(1119): CodeIgniter\View\View->render()
#3 D:\Xampp\htdocs\app-pmb2\app\Views\layout\v_wrapper.php(2): view()
#4 D:\Xampp\htdocs\app-pmb2\vendor\codeigniter4\framework\system\View\View.php(246): include('D:\\Xampp\\htdocs...')
#5 D:\Xampp\htdocs\app-pmb2\vendor\codeigniter4\framework\system\Common.php(1119): CodeIgniter\View\View->render()
#6 D:\Xampp\htdocs\app-pmb2\app\Controllers\Magang.php(10): view()
#7 D:\Xampp\htdocs\app-pmb2\vendor\codeigniter4\framework\system\CodeIgniter.php(918): App\Controllers\Magang->index()
#8 D:\Xampp\htdocs\app-pmb2\vendor\codeigniter4\framework\system\CodeIgniter.php(404): CodeIgniter\CodeIgniter->runController()
#9 D:\Xampp\htdocs\app-pmb2\vendor\codeigniter4\framework\system\CodeIgniter.php(312): CodeIgniter\CodeIgniter->handleRequest()
#10 D:\Xampp\htdocs\app-pmb2\public\index.php(45): CodeIgniter\CodeIgniter->run()
#11 D:\Xampp\htdocs\app-pmb2\vendor\codeigniter4\framework\system\Commands\Server\rewrite.php(34): require_once('D:\\Xampp\\htdocs...')
#12 {main}
CRITICAL - 2022-10-31 03:57:39 --> Undefined variable: page
#0 D:\Xampp\htdocs\app-pmb2\app\Views\layout\v_header.php(215): CodeIgniter\Debug\Exceptions->errorHandler()
#1 D:\Xampp\htdocs\app-pmb2\vendor\codeigniter4\framework\system\View\View.php(246): include('D:\\Xampp\\htdocs...')
#2 D:\Xampp\htdocs\app-pmb2\vendor\codeigniter4\framework\system\Common.php(1119): CodeIgniter\View\View->render()
#3 D:\Xampp\htdocs\app-pmb2\app\Views\layout\v_wrapper.php(2): view()
#4 D:\Xampp\htdocs\app-pmb2\vendor\codeigniter4\framework\system\View\View.php(246): include('D:\\Xampp\\htdocs...')
#5 D:\Xampp\htdocs\app-pmb2\vendor\codeigniter4\framework\system\Common.php(1119): CodeIgniter\View\View->render()
#6 D:\Xampp\htdocs\app-pmb2\app\Controllers\Magang.php(10): view()
#7 D:\Xampp\htdocs\app-pmb2\vendor\codeigniter4\framework\system\CodeIgniter.php(918): App\Controllers\Magang->index()
#8 D:\Xampp\htdocs\app-pmb2\vendor\codeigniter4\framework\system\CodeIgniter.php(404): CodeIgniter\CodeIgniter->runController()
#9 D:\Xampp\htdocs\app-pmb2\vendor\codeigniter4\framework\system\CodeIgniter.php(312): CodeIgniter\CodeIgniter->handleRequest()
#10 D:\Xampp\htdocs\app-pmb2\public\index.php(45): CodeIgniter\CodeIgniter->run()
#11 D:\Xampp\htdocs\app-pmb2\vendor\codeigniter4\framework\system\Commands\Server\rewrite.php(34): require_once('D:\\Xampp\\htdocs...')
#12 {main}
CRITICAL - 2022-10-31 04:02:32 --> Invalid file: layout/v_wrapper.php
#0 D:\Xampp\htdocs\app-pmb2\vendor\codeigniter4\framework\system\View\View.php(228): CodeIgniter\Exceptions\FrameworkException::forInvalidFile()
#1 D:\Xampp\htdocs\app-pmb2\vendor\codeigniter4\framework\system\Common.php(1119): CodeIgniter\View\View->render()
#2 D:\Xampp\htdocs\app-pmb2\app\Controllers\Magang.php(10): view()
#3 D:\Xampp\htdocs\app-pmb2\vendor\codeigniter4\framework\system\CodeIgniter.php(918): App\Controllers\Magang->index()
#4 D:\Xampp\htdocs\app-pmb2\vendor\codeigniter4\framework\system\CodeIgniter.php(404): CodeIgniter\CodeIgniter->runController()
#5 D:\Xampp\htdocs\app-pmb2\vendor\codeigniter4\framework\system\CodeIgniter.php(312): CodeIgniter\CodeIgniter->handleRequest()
#6 D:\Xampp\htdocs\app-pmb2\public\index.php(45): CodeIgniter\CodeIgniter->run()
#7 D:\Xampp\htdocs\app-pmb2\vendor\codeigniter4\framework\system\Commands\Server\rewrite.php(34): require_once('D:\\Xampp\\htdocs...')
#8 {main}
CRITICAL - 2022-10-31 04:04:35 --> Undefined variable: nama
#0 D:\Xampp\htdocs\app-pmb2\app\Views\layout\navbar.php(23): CodeIgniter\Debug\Exceptions->errorHandler()
#1 D:\Xampp\htdocs\app-pmb2\vendor\codeigniter4\framework\system\View\View.php(246): include('D:\\Xampp\\htdocs...')
#2 D:\Xampp\htdocs\app-pmb2\vendor\codeigniter4\framework\system\View\View.php(525): CodeIgniter\View\View->render()
#3 D:\Xampp\htdocs\app-pmb2\app\Views\layout\template_magang.php(34): CodeIgniter\View\View->include()
#4 D:\Xampp\htdocs\app-pmb2\vendor\codeigniter4\framework\system\View\View.php(246): include('D:\\Xampp\\htdocs...')
#5 D:\Xampp\htdocs\app-pmb2\vendor\codeigniter4\framework\system\Common.php(1119): CodeIgniter\View\View->render()
#6 D:\Xampp\htdocs\app-pmb2\app\Controllers\Magang.php(9): view()
#7 D:\Xampp\htdocs\app-pmb2\vendor\codeigniter4\framework\system\CodeIgniter.php(918): App\Controllers\Magang->index()
#8 D:\Xampp\htdocs\app-pmb2\vendor\codeigniter4\framework\system\CodeIgniter.php(404): CodeIgniter\CodeIgniter->runController()
#9 D:\Xampp\htdocs\app-pmb2\vendor\codeigniter4\framework\system\CodeIgniter.php(312): CodeIgniter\CodeIgniter->handleRequest()
#10 D:\Xampp\htdocs\app-pmb2\public\index.php(45): CodeIgniter\CodeIgniter->run()
#11 D:\Xampp\htdocs\app-pmb2\vendor\codeigniter4\framework\system\Commands\Server\rewrite.php(34): require_once('D:\\Xampp\\htdocs...')
#12 {main}
CRITICAL - 2022-10-31 04:05:52 --> Undefined variable: nama
#0 D:\Xampp\htdocs\app-pmb2\app\Views\layout\navbar.php(23): CodeIgniter\Debug\Exceptions->errorHandler()
#1 D:\Xampp\htdocs\app-pmb2\vendor\codeigniter4\framework\system\View\View.php(246): include('D:\\Xampp\\htdocs...')
#2 D:\Xampp\htdocs\app-pmb2\vendor\codeigniter4\framework\system\View\View.php(525): CodeIgniter\View\View->render()
#3 D:\Xampp\htdocs\app-pmb2\app\Views\layout\template_magang.php(34): CodeIgniter\View\View->include()
#4 D:\Xampp\htdocs\app-pmb2\vendor\codeigniter4\framework\system\View\View.php(246): include('D:\\Xampp\\htdocs...')
#5 D:\Xampp\htdocs\app-pmb2\vendor\codeigniter4\framework\system\Common.php(1119): CodeIgniter\View\View->render()
#6 D:\Xampp\htdocs\app-pmb2\app\Controllers\Magang.php(9): view()
#7 D:\Xampp\htdocs\app-pmb2\vendor\codeigniter4\framework\system\CodeIgniter.php(918): App\Controllers\Magang->index()
#8 D:\Xampp\htdocs\app-pmb2\vendor\codeigniter4\framework\system\CodeIgniter.php(404): CodeIgniter\CodeIgniter->runController()
#9 D:\Xampp\htdocs\app-pmb2\vendor\codeigniter4\framework\system\CodeIgniter.php(312): CodeIgniter\CodeIgniter->handleRequest()
#10 D:\Xampp\htdocs\app-pmb2\public\index.php(45): CodeIgniter\CodeIgniter->run()
#11 D:\Xampp\htdocs\app-pmb2\vendor\codeigniter4\framework\system\Commands\Server\rewrite.php(34): require_once('D:\\Xampp\\htdocs...')
#12 {main}
CRITICAL - 2022-10-31 04:06:10 --> Undefined variable: nama
#0 D:\Xampp\htdocs\app-pmb2\app\Views\layout\sidebar.php(19): CodeIgniter\Debug\Exceptions->errorHandler()
#1 D:\Xampp\htdocs\app-pmb2\vendor\codeigniter4\framework\system\View\View.php(246): include('D:\\Xampp\\htdocs...')
#2 D:\Xampp\htdocs\app-pmb2\vendor\codeigniter4\framework\system\View\View.php(525): CodeIgniter\View\View->render()
#3 D:\Xampp\htdocs\app-pmb2\app\Views\layout\template_magang.php(38): CodeIgniter\View\View->include()
#4 D:\Xampp\htdocs\app-pmb2\vendor\codeigniter4\framework\system\View\View.php(246): include('D:\\Xampp\\htdocs...')
#5 D:\Xampp\htdocs\app-pmb2\vendor\codeigniter4\framework\system\Common.php(1119): CodeIgniter\View\View->render()
#6 D:\Xampp\htdocs\app-pmb2\app\Controllers\Magang.php(9): view()
#7 D:\Xampp\htdocs\app-pmb2\vendor\codeigniter4\framework\system\CodeIgniter.php(918): App\Controllers\Magang->index()
#8 D:\Xampp\htdocs\app-pmb2\vendor\codeigniter4\framework\system\CodeIgniter.php(404): CodeIgniter\CodeIgniter->runController()
#9 D:\Xampp\htdocs\app-pmb2\vendor\codeigniter4\framework\system\CodeIgniter.php(312): CodeIgniter\CodeIgniter->handleRequest()
#10 D:\Xampp\htdocs\app-pmb2\public\index.php(45): CodeIgniter\CodeIgniter->run()
#11 D:\Xampp\htdocs\app-pmb2\vendor\codeigniter4\framework\system\Commands\Server\rewrite.php(34): require_once('D:\\Xampp\\htdocs...')
#12 {main}
CRITICAL - 2022-10-31 04:06:49 --> Undefined variable: nama
#0 D:\Xampp\htdocs\app-pmb2\app\Views\layout\sidebar.php(19): CodeIgniter\Debug\Exceptions->errorHandler()
#1 D:\Xampp\htdocs\app-pmb2\vendor\codeigniter4\framework\system\View\View.php(246): include('D:\\Xampp\\htdocs...')
#2 D:\Xampp\htdocs\app-pmb2\vendor\codeigniter4\framework\system\View\View.php(525): CodeIgniter\View\View->render()
#3 D:\Xampp\htdocs\app-pmb2\app\Views\layout\template_magang.php(38): CodeIgniter\View\View->include()
#4 D:\Xampp\htdocs\app-pmb2\vendor\codeigniter4\framework\system\View\View.php(246): include('D:\\Xampp\\htdocs...')
#5 D:\Xampp\htdocs\app-pmb2\vendor\codeigniter4\framework\system\Common.php(1119): CodeIgniter\View\View->render()
#6 D:\Xampp\htdocs\app-pmb2\app\Controllers\Magang.php(9): view()
#7 D:\Xampp\htdocs\app-pmb2\vendor\codeigniter4\framework\system\CodeIgniter.php(918): App\Controllers\Magang->index()
#8 D:\Xampp\htdocs\app-pmb2\vendor\codeigniter4\framework\system\CodeIgniter.php(404): CodeIgniter\CodeIgniter->runController()
#9 D:\Xampp\htdocs\app-pmb2\vendor\codeigniter4\framework\system\CodeIgniter.php(312): CodeIgniter\CodeIgniter->handleRequest()
#10 D:\Xampp\htdocs\app-pmb2\public\index.php(45): CodeIgniter\CodeIgniter->run()
#11 D:\Xampp\htdocs\app-pmb2\vendor\codeigniter4\framework\system\Commands\Server\rewrite.php(34): require_once('D:\\Xampp\\htdocs...')
#12 {main}
CRITICAL - 2022-10-31 04:07:28 --> Undefined variable: page
#0 D:\Xampp\htdocs\app-pmb2\app\Views\layout\sidebar.php(28): CodeIgniter\Debug\Exceptions->errorHandler()
#1 D:\Xampp\htdocs\app-pmb2\vendor\codeigniter4\framework\system\View\View.php(246): include('D:\\Xampp\\htdocs...')
#2 D:\Xampp\htdocs\app-pmb2\vendor\codeigniter4\framework\system\View\View.php(525): CodeIgniter\View\View->render()
#3 D:\Xampp\htdocs\app-pmb2\app\Views\layout\template_magang.php(38): CodeIgniter\View\View->include()
#4 D:\Xampp\htdocs\app-pmb2\vendor\codeigniter4\framework\system\View\View.php(246): include('D:\\Xampp\\htdocs...')
#5 D:\Xampp\htdocs\app-pmb2\vendor\codeigniter4\framework\system\Common.php(1119): CodeIgniter\View\View->render()
#6 D:\Xampp\htdocs\app-pmb2\app\Controllers\Magang.php(9): view()
#7 D:\Xampp\htdocs\app-pmb2\vendor\codeigniter4\framework\system\CodeIgniter.php(918): App\Controllers\Magang->index()
#8 D:\Xampp\htdocs\app-pmb2\vendor\codeigniter4\framework\system\CodeIgniter.php(404): CodeIgniter\CodeIgniter->runController()
#9 D:\Xampp\htdocs\app-pmb2\vendor\codeigniter4\framework\system\CodeIgniter.php(312): CodeIgniter\CodeIgniter->handleRequest()
#10 D:\Xampp\htdocs\app-pmb2\public\index.php(45): CodeIgniter\CodeIgniter->run()
#11 D:\Xampp\htdocs\app-pmb2\vendor\codeigniter4\framework\system\Commands\Server\rewrite.php(34): require_once('D:\\Xampp\\htdocs...')
#12 {main}
