CRITICAL - 2020-09-05 11:13:12 --> Class 'App\Controllers\Services' not found
#0 C:\xampp\htdocs\app-pmb\vendor\codeigniter4\framework\system\CodeIgniter.php(890): App\Controllers\Pendaftaran->__construct()
#1 C:\xampp\htdocs\app-pmb\vendor\codeigniter4\framework\system\CodeIgniter.php(399): CodeIgniter\CodeIgniter->createController()
#2 C:\xampp\htdocs\app-pmb\vendor\codeigniter4\framework\system\CodeIgniter.php(312): CodeIgniter\CodeIgniter->handleRequest(NULL, Object(Config\Cache), false)
#3 C:\xampp\htdocs\app-pmb\public\index.php(45): CodeIgniter\CodeIgniter->run()
#4 C:\xampp\htdocs\app-pmb\vendor\codeigniter4\framework\system\Commands\Server\rewrite.php(34): require_once('C:\\xampp\\htdocs...')
#5 {main}
CRITICAL - 2020-09-05 00:13:40 --> syntax error, unexpected '$'
#0 C:\xampp\htdocs\app-pmb\vendor\codeigniter4\framework\system\Router\Router.php(195): CodeIgniter\Router\Router->autoRoute('pendaftaran/tah...')
#1 C:\xampp\htdocs\app-pmb\vendor\codeigniter4\framework\system\CodeIgniter.php(793): CodeIgniter\Router\Router->handle('pendaftaran/tah...')
#2 C:\xampp\htdocs\app-pmb\vendor\codeigniter4\framework\system\CodeIgniter.php(364): CodeIgniter\CodeIgniter->tryToRouteIt(Object(CodeIgniter\Router\RouteCollection))
#3 C:\xampp\htdocs\app-pmb\vendor\codeigniter4\framework\system\CodeIgniter.php(312): CodeIgniter\CodeIgniter->handleRequest(NULL, Object(Config\Cache), false)
#4 C:\xampp\htdocs\app-pmb\public\index.php(45): CodeIgniter\CodeIgniter->run()
#5 C:\xampp\htdocs\app-pmb\vendor\codeigniter4\framework\system\Commands\Server\rewrite.php(34): require_once('C:\\xampp\\htdocs...')
#6 {main}
CRITICAL - 2020-09-05 12:40:32 --> Undefined variable: cekTahapDua
#0 C:\xampp\htdocs\app-pmb\app\Views\v_pendaftaran\tahap_2.php(44): CodeIgniter\Debug\Exceptions->errorHandler(8, 'Undefined varia...', 'C:\\xampp\\htdocs...', 44, Array)
#1 C:\xampp\htdocs\app-pmb\vendor\codeigniter4\framework\system\View\View.php(246): include('C:\\xampp\\htdocs...')
#2 C:\xampp\htdocs\app-pmb\vendor\codeigniter4\framework\system\Common.php(1119): CodeIgniter\View\View->render('v_pendaftaran/t...', Array, true)
#3 C:\xampp\htdocs\app-pmb\app\Controllers\Pendaftaran.php(248): view('v_pendaftaran/t...', Array)
#4 C:\xampp\htdocs\app-pmb\vendor\codeigniter4\framework\system\CodeIgniter.php(918): App\Controllers\Pendaftaran->tahapDua()
#5 C:\xampp\htdocs\app-pmb\vendor\codeigniter4\framework\system\CodeIgniter.php(404): CodeIgniter\CodeIgniter->runController(Object(App\Controllers\Pendaftaran))
#6 C:\xampp\htdocs\app-pmb\vendor\codeigniter4\framework\system\CodeIgniter.php(312): CodeIgniter\CodeIgniter->handleRequest(NULL, Object(Config\Cache), false)
#7 C:\xampp\htdocs\app-pmb\public\index.php(45): CodeIgniter\CodeIgniter->run()
#8 C:\xampp\htdocs\app-pmb\vendor\codeigniter4\framework\system\Commands\Server\rewrite.php(34): require_once('C:\\xampp\\htdocs...')
#9 {main}
CRITICAL - 2020-09-05 18:35:00 --> Undefined property: App\Controllers\Home::$M_fakultas
#0 C:\xampp\htdocs\app-pmb\app\Controllers\Home.php(24): CodeIgniter\Debug\Exceptions->errorHandler(8, 'Undefined prope...', 'C:\\xampp\\htdocs...', 24, Array)
#1 C:\xampp\htdocs\app-pmb\vendor\codeigniter4\framework\system\CodeIgniter.php(918): App\Controllers\Home->index()
#2 C:\xampp\htdocs\app-pmb\vendor\codeigniter4\framework\system\CodeIgniter.php(404): CodeIgniter\CodeIgniter->runController(Object(App\Controllers\Home))
#3 C:\xampp\htdocs\app-pmb\vendor\codeigniter4\framework\system\CodeIgniter.php(312): CodeIgniter\CodeIgniter->handleRequest(NULL, Object(Config\Cache), false)
#4 C:\xampp\htdocs\app-pmb\public\index.php(45): CodeIgniter\CodeIgniter->run()
#5 C:\xampp\htdocs\app-pmb\vendor\codeigniter4\framework\system\Commands\Server\rewrite.php(34): require_once('C:\\xampp\\htdocs...')
#6 {main}
