CRITICAL - 2022-11-06 01:04:13 --> Invalid file: layout_peserta/template_magang.php
#0 D:\Xampp\htdocs\app-pmb2\vendor\codeigniter4\framework\system\View\View.php(228): CodeIgniter\Exceptions\FrameworkException::forInvalidFile()
#1 D:\Xampp\htdocs\app-pmb2\vendor\codeigniter4\framework\system\Common.php(1119): CodeIgniter\View\View->render()
#2 D:\Xampp\htdocs\app-pmb2\app\Controllers\Magang.php(9): view()
#3 D:\Xampp\htdocs\app-pmb2\vendor\codeigniter4\framework\system\CodeIgniter.php(918): App\Controllers\Magang->index()
#4 D:\Xampp\htdocs\app-pmb2\vendor\codeigniter4\framework\system\CodeIgniter.php(404): CodeIgniter\CodeIgniter->runController()
#5 D:\Xampp\htdocs\app-pmb2\vendor\codeigniter4\framework\system\CodeIgniter.php(312): CodeIgniter\CodeIgniter->handleRequest()
#6 D:\Xampp\htdocs\app-pmb2\public\index.php(45): CodeIgniter\CodeIgniter->run()
#7 D:\Xampp\htdocs\app-pmb2\vendor\codeigniter4\framework\system\Commands\Server\rewrite.php(34): require_once('D:\\Xampp\\htdocs...')
#8 {main}
CRITICAL - 2022-11-06 01:05:57 --> Invalid file: layout_peserta/template_magang.php
#0 D:\Xampp\htdocs\app-pmb2\vendor\codeigniter4\framework\system\View\View.php(228): CodeIgniter\Exceptions\FrameworkException::forInvalidFile()
#1 D:\Xampp\htdocs\app-pmb2\vendor\codeigniter4\framework\system\Common.php(1119): CodeIgniter\View\View->render()
#2 D:\Xampp\htdocs\app-pmb2\app\Controllers\Magang.php(19): view()
#3 D:\Xampp\htdocs\app-pmb2\vendor\codeigniter4\framework\system\CodeIgniter.php(918): App\Controllers\Magang->index()
#4 D:\Xampp\htdocs\app-pmb2\vendor\codeigniter4\framework\system\CodeIgniter.php(404): CodeIgniter\CodeIgniter->runController()
#5 D:\Xampp\htdocs\app-pmb2\vendor\codeigniter4\framework\system\CodeIgniter.php(312): CodeIgniter\CodeIgniter->handleRequest()
#6 D:\Xampp\htdocs\app-pmb2\public\index.php(45): CodeIgniter\CodeIgniter->run()
#7 D:\Xampp\htdocs\app-pmb2\vendor\codeigniter4\framework\system\Commands\Server\rewrite.php(34): require_once('D:\\Xampp\\htdocs...')
#8 {main}
CRITICAL - 2022-11-06 01:07:14 --> Invalid file: layout_peserta/template_magang.php
#0 D:\Xampp\htdocs\app-pmb2\vendor\codeigniter4\framework\system\View\View.php(228): CodeIgniter\Exceptions\FrameworkException::forInvalidFile()
#1 D:\Xampp\htdocs\app-pmb2\vendor\codeigniter4\framework\system\Common.php(1119): CodeIgniter\View\View->render()
#2 D:\Xampp\htdocs\app-pmb2\app\Controllers\Magang.php(19): view()
#3 D:\Xampp\htdocs\app-pmb2\vendor\codeigniter4\framework\system\CodeIgniter.php(918): App\Controllers\Magang->index()
#4 D:\Xampp\htdocs\app-pmb2\vendor\codeigniter4\framework\system\CodeIgniter.php(404): CodeIgniter\CodeIgniter->runController()
#5 D:\Xampp\htdocs\app-pmb2\vendor\codeigniter4\framework\system\CodeIgniter.php(312): CodeIgniter\CodeIgniter->handleRequest()
#6 D:\Xampp\htdocs\app-pmb2\public\index.php(45): CodeIgniter\CodeIgniter->run()
#7 D:\Xampp\htdocs\app-pmb2\vendor\codeigniter4\framework\system\Commands\Server\rewrite.php(34): require_once('D:\\Xampp\\htdocs...')
#8 {main}
CRITICAL - 2022-11-06 01:41:56 --> Trying to access array offset on value of type null
#0 D:\Xampp\htdocs\app-pmb2\app\Controllers\Login.php(54): CodeIgniter\Debug\Exceptions->errorHandler()
#1 D:\Xampp\htdocs\app-pmb2\vendor\codeigniter4\framework\system\CodeIgniter.php(918): App\Controllers\Login->cekUser()
#2 D:\Xampp\htdocs\app-pmb2\vendor\codeigniter4\framework\system\CodeIgniter.php(404): CodeIgniter\CodeIgniter->runController()
#3 D:\Xampp\htdocs\app-pmb2\vendor\codeigniter4\framework\system\CodeIgniter.php(312): CodeIgniter\CodeIgniter->handleRequest()
#4 D:\Xampp\htdocs\app-pmb2\public\index.php(45): CodeIgniter\CodeIgniter->run()
#5 D:\Xampp\htdocs\app-pmb2\vendor\codeigniter4\framework\system\Commands\Server\rewrite.php(34): require_once('D:\\Xampp\\htdocs...')
#6 {main}
CRITICAL - 2022-11-06 01:41:59 --> Trying to access array offset on value of type null
#0 D:\Xampp\htdocs\app-pmb2\app\Controllers\Login.php(54): CodeIgniter\Debug\Exceptions->errorHandler()
#1 D:\Xampp\htdocs\app-pmb2\vendor\codeigniter4\framework\system\CodeIgniter.php(918): App\Controllers\Login->cekUser()
#2 D:\Xampp\htdocs\app-pmb2\vendor\codeigniter4\framework\system\CodeIgniter.php(404): CodeIgniter\CodeIgniter->runController()
#3 D:\Xampp\htdocs\app-pmb2\vendor\codeigniter4\framework\system\CodeIgniter.php(312): CodeIgniter\CodeIgniter->handleRequest()
#4 D:\Xampp\htdocs\app-pmb2\public\index.php(45): CodeIgniter\CodeIgniter->run()
#5 D:\Xampp\htdocs\app-pmb2\vendor\codeigniter4\framework\system\Commands\Server\rewrite.php(34): require_once('D:\\Xampp\\htdocs...')
#6 {main}
CRITICAL - 2022-11-06 01:42:20 --> Trying to access array offset on value of type null
#0 D:\Xampp\htdocs\app-pmb2\app\Controllers\Login.php(54): CodeIgniter\Debug\Exceptions->errorHandler()
#1 D:\Xampp\htdocs\app-pmb2\vendor\codeigniter4\framework\system\CodeIgniter.php(918): App\Controllers\Login->cekUser()
#2 D:\Xampp\htdocs\app-pmb2\vendor\codeigniter4\framework\system\CodeIgniter.php(404): CodeIgniter\CodeIgniter->runController()
#3 D:\Xampp\htdocs\app-pmb2\vendor\codeigniter4\framework\system\CodeIgniter.php(312): CodeIgniter\CodeIgniter->handleRequest()
#4 D:\Xampp\htdocs\app-pmb2\public\index.php(45): CodeIgniter\CodeIgniter->run()
#5 D:\Xampp\htdocs\app-pmb2\vendor\codeigniter4\framework\system\Commands\Server\rewrite.php(34): require_once('D:\\Xampp\\htdocs...')
#6 {main}
CRITICAL - 2022-11-06 23:20:04 --> Maximum execution time of 60 seconds exceeded
#0 [internal function]: CodeIgniter\Debug\Exceptions->shutdownHandler()
#1 {main}
CRITICAL - 2022-11-06 23:30:28 --> imagecreatefrompng(): gd-png: libpng warning: iCCP: known incorrect sRGB profile
#0 [internal function]: CodeIgniter\Debug\Exceptions->errorHandler()
#1 D:\Xampp\htdocs\app-pmb2\vendor\dompdf\dompdf\lib\Cpdf.php(5612): imagecreatefrompng()
#2 D:\Xampp\htdocs\app-pmb2\vendor\dompdf\dompdf\lib\Cpdf.php(5810): Dompdf\Cpdf->addImagePngAlpha()
#3 D:\Xampp\htdocs\app-pmb2\vendor\dompdf\dompdf\src\Adapter\CPDF.php(868): Dompdf\Cpdf->addPngFromFile()
#4 D:\Xampp\htdocs\app-pmb2\vendor\dompdf\dompdf\src\Renderer\Image.php(114): Dompdf\Adapter\CPDF->image()
#5 D:\Xampp\htdocs\app-pmb2\vendor\dompdf\dompdf\src\Renderer.php(293): Dompdf\Renderer\Image->render()
#6 D:\Xampp\htdocs\app-pmb2\vendor\dompdf\dompdf\src\Renderer.php(127): Dompdf\Renderer->_render_frame()
#7 D:\Xampp\htdocs\app-pmb2\vendor\dompdf\dompdf\src\Renderer.php(194): Dompdf\Renderer->render()
#8 D:\Xampp\htdocs\app-pmb2\vendor\dompdf\dompdf\src\Renderer.php(194): Dompdf\Renderer->render()
#9 D:\Xampp\htdocs\app-pmb2\vendor\dompdf\dompdf\src\Renderer.php(194): Dompdf\Renderer->render()
#10 D:\Xampp\htdocs\app-pmb2\vendor\dompdf\dompdf\src\Renderer.php(194): Dompdf\Renderer->render()
#11 D:\Xampp\htdocs\app-pmb2\vendor\dompdf\dompdf\src\Renderer.php(194): Dompdf\Renderer->render()
#12 D:\Xampp\htdocs\app-pmb2\vendor\dompdf\dompdf\src\Renderer.php(194): Dompdf\Renderer->render()
#13 D:\Xampp\htdocs\app-pmb2\vendor\dompdf\dompdf\src\FrameReflower\Page.php(148): Dompdf\Renderer->render()
#14 D:\Xampp\htdocs\app-pmb2\vendor\dompdf\dompdf\src\FrameDecorator\AbstractFrameDecorator.php(895): Dompdf\FrameReflower\Page->reflow()
#15 D:\Xampp\htdocs\app-pmb2\vendor\dompdf\dompdf\src\Dompdf.php(815): Dompdf\FrameDecorator\AbstractFrameDecorator->reflow()
#16 D:\Xampp\htdocs\app-pmb2\app\Controllers\Pendaftaran.php(518): Dompdf\Dompdf->render()
#17 D:\Xampp\htdocs\app-pmb2\vendor\codeigniter4\framework\system\CodeIgniter.php(918): App\Controllers\Pendaftaran->buktiPendaftaran()
#18 D:\Xampp\htdocs\app-pmb2\vendor\codeigniter4\framework\system\CodeIgniter.php(404): CodeIgniter\CodeIgniter->runController()
#19 D:\Xampp\htdocs\app-pmb2\vendor\codeigniter4\framework\system\CodeIgniter.php(312): CodeIgniter\CodeIgniter->handleRequest()
#20 D:\Xampp\htdocs\app-pmb2\public\index.php(45): CodeIgniter\CodeIgniter->run()
#21 D:\Xampp\htdocs\app-pmb2\vendor\codeigniter4\framework\system\Commands\Server\rewrite.php(34): require_once('D:\\Xampp\\htdocs...')
#22 {main}
CRITICAL - 2022-11-06 23:31:02 --> imagecreatefrompng(): gd-png: libpng warning: iCCP: known incorrect sRGB profile
#0 [internal function]: CodeIgniter\Debug\Exceptions->errorHandler()
#1 D:\Xampp\htdocs\app-pmb2\vendor\dompdf\dompdf\lib\Cpdf.php(5612): imagecreatefrompng()
#2 D:\Xampp\htdocs\app-pmb2\vendor\dompdf\dompdf\lib\Cpdf.php(5810): Dompdf\Cpdf->addImagePngAlpha()
#3 D:\Xampp\htdocs\app-pmb2\vendor\dompdf\dompdf\src\Adapter\CPDF.php(868): Dompdf\Cpdf->addPngFromFile()
#4 D:\Xampp\htdocs\app-pmb2\vendor\dompdf\dompdf\src\Renderer\Image.php(114): Dompdf\Adapter\CPDF->image()
#5 D:\Xampp\htdocs\app-pmb2\vendor\dompdf\dompdf\src\Renderer.php(293): Dompdf\Renderer\Image->render()
#6 D:\Xampp\htdocs\app-pmb2\vendor\dompdf\dompdf\src\Renderer.php(127): Dompdf\Renderer->_render_frame()
#7 D:\Xampp\htdocs\app-pmb2\vendor\dompdf\dompdf\src\Renderer.php(194): Dompdf\Renderer->render()
#8 D:\Xampp\htdocs\app-pmb2\vendor\dompdf\dompdf\src\Renderer.php(194): Dompdf\Renderer->render()
#9 D:\Xampp\htdocs\app-pmb2\vendor\dompdf\dompdf\src\Renderer.php(194): Dompdf\Renderer->render()
#10 D:\Xampp\htdocs\app-pmb2\vendor\dompdf\dompdf\src\Renderer.php(194): Dompdf\Renderer->render()
#11 D:\Xampp\htdocs\app-pmb2\vendor\dompdf\dompdf\src\Renderer.php(194): Dompdf\Renderer->render()
#12 D:\Xampp\htdocs\app-pmb2\vendor\dompdf\dompdf\src\Renderer.php(194): Dompdf\Renderer->render()
#13 D:\Xampp\htdocs\app-pmb2\vendor\dompdf\dompdf\src\FrameReflower\Page.php(148): Dompdf\Renderer->render()
#14 D:\Xampp\htdocs\app-pmb2\vendor\dompdf\dompdf\src\FrameDecorator\AbstractFrameDecorator.php(895): Dompdf\FrameReflower\Page->reflow()
#15 D:\Xampp\htdocs\app-pmb2\vendor\dompdf\dompdf\src\Dompdf.php(815): Dompdf\FrameDecorator\AbstractFrameDecorator->reflow()
#16 D:\Xampp\htdocs\app-pmb2\app\Controllers\Pendaftaran.php(518): Dompdf\Dompdf->render()
#17 D:\Xampp\htdocs\app-pmb2\vendor\codeigniter4\framework\system\CodeIgniter.php(918): App\Controllers\Pendaftaran->buktiPendaftaran()
#18 D:\Xampp\htdocs\app-pmb2\vendor\codeigniter4\framework\system\CodeIgniter.php(404): CodeIgniter\CodeIgniter->runController()
#19 D:\Xampp\htdocs\app-pmb2\vendor\codeigniter4\framework\system\CodeIgniter.php(312): CodeIgniter\CodeIgniter->handleRequest()
#20 D:\Xampp\htdocs\app-pmb2\public\index.php(45): CodeIgniter\CodeIgniter->run()
#21 D:\Xampp\htdocs\app-pmb2\vendor\codeigniter4\framework\system\Commands\Server\rewrite.php(34): require_once('D:\\Xampp\\htdocs...')
#22 {main}
CRITICAL - 2022-11-06 23:58:54 --> Maximum execution time of 60 seconds exceeded
#0 [internal function]: CodeIgniter\Debug\Exceptions->shutdownHandler()
#1 {main}
CRITICAL - 2022-11-06 13:15:50 --> Undefined variable: pendaftaran
#0 D:\Xampp\htdocs\app-pmb2\app\Views\layout\navbar.php(21): CodeIgniter\Debug\Exceptions->errorHandler()
#1 D:\Xampp\htdocs\app-pmb2\vendor\codeigniter4\framework\system\View\View.php(246): include('D:\\Xampp\\htdocs...')
#2 D:\Xampp\htdocs\app-pmb2\vendor\codeigniter4\framework\system\View\View.php(525): CodeIgniter\View\View->render()
#3 D:\Xampp\htdocs\app-pmb2\app\Views\layout\template_magang.php(34): CodeIgniter\View\View->include()
#4 D:\Xampp\htdocs\app-pmb2\vendor\codeigniter4\framework\system\View\View.php(246): include('D:\\Xampp\\htdocs...')
#5 D:\Xampp\htdocs\app-pmb2\vendor\codeigniter4\framework\system\View\View.php(257): CodeIgniter\View\View->render()
#6 D:\Xampp\htdocs\app-pmb2\vendor\codeigniter4\framework\system\Common.php(1119): CodeIgniter\View\View->render()
#7 D:\Xampp\htdocs\app-pmb2\app\Controllers\Dashboard.php(27): view()
#8 D:\Xampp\htdocs\app-pmb2\vendor\codeigniter4\framework\system\CodeIgniter.php(918): App\Controllers\Dashboard->magang()
#9 D:\Xampp\htdocs\app-pmb2\vendor\codeigniter4\framework\system\CodeIgniter.php(404): CodeIgniter\CodeIgniter->runController()
#10 D:\Xampp\htdocs\app-pmb2\vendor\codeigniter4\framework\system\CodeIgniter.php(312): CodeIgniter\CodeIgniter->handleRequest()
#11 D:\Xampp\htdocs\app-pmb2\public\index.php(45): CodeIgniter\CodeIgniter->run()
#12 D:\Xampp\htdocs\app-pmb2\vendor\codeigniter4\framework\system\Commands\Server\rewrite.php(34): require_once('D:\\Xampp\\htdocs...')
#13 {main}
CRITICAL - 2022-11-06 13:17:39 --> Undefined variable: foto
#0 D:\Xampp\htdocs\app-pmb2\app\Views\layout\navbar.php(21): CodeIgniter\Debug\Exceptions->errorHandler()
#1 D:\Xampp\htdocs\app-pmb2\vendor\codeigniter4\framework\system\View\View.php(246): include('D:\\Xampp\\htdocs...')
#2 D:\Xampp\htdocs\app-pmb2\vendor\codeigniter4\framework\system\View\View.php(525): CodeIgniter\View\View->render()
#3 D:\Xampp\htdocs\app-pmb2\app\Views\layout\template_magang.php(34): CodeIgniter\View\View->include()
#4 D:\Xampp\htdocs\app-pmb2\vendor\codeigniter4\framework\system\View\View.php(246): include('D:\\Xampp\\htdocs...')
#5 D:\Xampp\htdocs\app-pmb2\vendor\codeigniter4\framework\system\View\View.php(257): CodeIgniter\View\View->render()
#6 D:\Xampp\htdocs\app-pmb2\vendor\codeigniter4\framework\system\Common.php(1119): CodeIgniter\View\View->render()
#7 D:\Xampp\htdocs\app-pmb2\app\Controllers\Dashboard.php(27): view()
#8 D:\Xampp\htdocs\app-pmb2\vendor\codeigniter4\framework\system\CodeIgniter.php(918): App\Controllers\Dashboard->magang()
#9 D:\Xampp\htdocs\app-pmb2\vendor\codeigniter4\framework\system\CodeIgniter.php(404): CodeIgniter\CodeIgniter->runController()
#10 D:\Xampp\htdocs\app-pmb2\vendor\codeigniter4\framework\system\CodeIgniter.php(312): CodeIgniter\CodeIgniter->handleRequest()
#11 D:\Xampp\htdocs\app-pmb2\public\index.php(45): CodeIgniter\CodeIgniter->run()
#12 D:\Xampp\htdocs\app-pmb2\vendor\codeigniter4\framework\system\Commands\Server\rewrite.php(34): require_once('D:\\Xampp\\htdocs...')
#13 {main}
CRITICAL - 2022-11-06 13:36:18 --> Call to undefined function script_tag()
#0 D:\Xampp\htdocs\app-pmb2\vendor\codeigniter4\framework\system\View\View.php(246): include()
#1 D:\Xampp\htdocs\app-pmb2\vendor\codeigniter4\framework\system\Common.php(1119): CodeIgniter\View\View->render()
#2 D:\Xampp\htdocs\app-pmb2\app\Controllers\Dashboard.php(27): view()
#3 D:\Xampp\htdocs\app-pmb2\vendor\codeigniter4\framework\system\CodeIgniter.php(918): App\Controllers\Dashboard->magang()
#4 D:\Xampp\htdocs\app-pmb2\vendor\codeigniter4\framework\system\CodeIgniter.php(404): CodeIgniter\CodeIgniter->runController()
#5 D:\Xampp\htdocs\app-pmb2\vendor\codeigniter4\framework\system\CodeIgniter.php(312): CodeIgniter\CodeIgniter->handleRequest()
#6 D:\Xampp\htdocs\app-pmb2\public\index.php(45): CodeIgniter\CodeIgniter->run()
#7 D:\Xampp\htdocs\app-pmb2\vendor\codeigniter4\framework\system\Commands\Server\rewrite.php(34): require_once('D:\\Xampp\\htdocs...')
#8 {main}
CRITICAL - 2022-11-06 13:37:12 --> Call to undefined function script_tag()
#0 D:\Xampp\htdocs\app-pmb2\vendor\codeigniter4\framework\system\View\View.php(246): include()
#1 D:\Xampp\htdocs\app-pmb2\vendor\codeigniter4\framework\system\Common.php(1119): CodeIgniter\View\View->render()
#2 D:\Xampp\htdocs\app-pmb2\app\Controllers\Dashboard.php(27): view()
#3 D:\Xampp\htdocs\app-pmb2\vendor\codeigniter4\framework\system\CodeIgniter.php(918): App\Controllers\Dashboard->magang()
#4 D:\Xampp\htdocs\app-pmb2\vendor\codeigniter4\framework\system\CodeIgniter.php(404): CodeIgniter\CodeIgniter->runController()
#5 D:\Xampp\htdocs\app-pmb2\vendor\codeigniter4\framework\system\CodeIgniter.php(312): CodeIgniter\CodeIgniter->handleRequest()
#6 D:\Xampp\htdocs\app-pmb2\public\index.php(45): CodeIgniter\CodeIgniter->run()
#7 D:\Xampp\htdocs\app-pmb2\vendor\codeigniter4\framework\system\Commands\Server\rewrite.php(34): require_once('D:\\Xampp\\htdocs...')
#8 {main}
